"../../../../../../The game/Game/Content/DatiSalvati/Personaggio.uasset" 0
"../../../../../../The game/Game/Content/Interfacce/FabbricaCloni.uasset" 1
"../../../../../../The game/Game/Content/Interfacce/InventarioClone.uasset" 2
"../../../../../../The game/Game/Content/MappaCastello/Oggetti/Castello/Animazioni/AperturaArmadiettoOrto.uasset" 3
"../../../../../../The game/Game/Content/MappaCastello/Oggetti/Castello/Animazioni/MovimentoLeva.uasset" 4
"../../../Engine/Content/Functions/Engine_MaterialFunctions01/Opacity/CameraDepthFade.uasset" 5
"../../../Engine/Content/EngineMaterials/T_Default_Material_Grid_M.uasset" 6
"../../../Engine/Content/EngineMaterials/T_Default_Material_Grid_N.uasset" 7
"../../../Engine/Content/EngineMaterials/WorldGridMaterial.uasset" 8
"../../../../../../The game/Game/Content/MappaCastello/Oggetti/Castello/Elementi/Entrata/fontana.uasset" 9
"../../../../../../The game/Game/Content/MappaCastello/Oggetti/Castello/Texture/Immagini/nero.uasset" 10
"../../../../../../The game/Game/Content/MappaCastello/Oggetti/Castello/Animazioni/AperturaArmadietto.uasset" 11
"../../../../../../The game/Game/Content/MappaCastello/Oggetti/Castello/Texture/Immagini/Strada.uasset" 12
"../../../../../../The game/Game/Content/MappaCastello/Oggetti/Castello/Texture/Strada.uasset" 13
"../../../Engine/Content/BasicShapes/Cube.uasset" 14
"../../../../../../The game/Game/Content/MappaCastello/Oggetti/Personaggio/Protagonista.uasset" 15
"../../../../../../The game/Game/Content/MappaCastello/Oggetti/Personaggio/ProtagonistaGameMode.uasset" 16
"../../../Engine/Content/ArtTools/RenderToTexture/Meshes/S_1_Unit_Plane.uasset" 17
"../../../Engine/Content/EngineMaterials/DefaultMaterial.uasset" 18
"../../../Engine/Content/BasicShapes/Cone.uasset" 19
"../../../Engine/Content/BasicShapes/Cylinder.uasset" 20
"../../../Engine/Content/BasicShapes/Plane.uasset" 21
"../../../Engine/Content/BasicShapes/Sphere.uasset" 22
"../../../Engine/Content/EditorLandscapeResources/DataLayer.uasset" 23
"../../../Engine/Content/EditorMaterials/GizmoMaterial.uasset" 24
"../../../Engine/Content/EditorMaterials/MAT_Groups_Toggle.uasset" 25
"../../../Engine/Content/EditorMaterials/MAT_Groups_Visibility.uasset" 26
"../../../Engine/Content/EditorMaterials/PreviewShadowIndicator.uasset" 27
"../../../Engine/Content/EditorMaterials/PreviewShadowIndicatorMaterial.uasset" 28
"../../../Engine/Content/EditorMaterials/MatineeGroups/MAT_ColorTrack.uasset" 29
"../../../Engine/Content/EditorMaterials/MatineeGroups/MAT_Groups_Anim.uasset" 30
"../../../Engine/Content/EditorMaterials/MatineeGroups/MAT_Groups_AudioMaster.uasset" 31
"../../../Engine/Content/EditorMaterials/MatineeGroups/MAT_Groups_Director.uasset" 32
"../../../Engine/Content/EditorMaterials/MatineeGroups/MAT_Groups_Event.uasset" 33
"../../../Engine/Content/EditorMaterials/MatineeGroups/MAT_Groups_Fade.uasset" 34
"../../../Engine/Content/EditorMaterials/MatineeGroups/MAT_Groups_Float.uasset" 35
"../../../Engine/Content/EditorMaterials/MatineeGroups/MAT_Groups_Move.uasset" 36
"../../../Engine/Content/EditorMaterials/MatineeGroups/MAT_Groups_Slomo.uasset" 37
"../../../Engine/Content/EditorMaterials/MatineeGroups/MAT_Groups_Sound.uasset" 38
"../../../Engine/Content/EditorMaterials/MatineeGroups/MAT_Groups_Vector.uasset" 39
"../../../Engine/Content/EditorMaterials/ParticleSystems/PSysThumbnail_NoImage.uasset" 40
"../../../Engine/Content/EditorMaterials/ParticleSystems/PSysThumbnail_OOD.uasset" 41
"../../../Engine/Content/EditorMaterials/Camera/CineMat.uasset" 42
"../../../Engine/Content/EditorMaterials/Camera/MI_CineMat_Rig.uasset" 43
"../../../Engine/Content/EditorMeshes/Camera/SM_CraneRig_Arm.uasset" 44
"../../../Engine/Content/EditorMeshes/Camera/SM_CraneRig_Base.uasset" 45
"../../../Engine/Content/EditorMeshes/Camera/SM_CraneRig_Body.uasset" 46
"../../../Engine/Content/EditorMeshes/Camera/SM_CraneRig_Mount.uasset" 47
"../../../Engine/Content/EditorMeshes/Camera/SM_RailRig_Mount.uasset" 48
"../../../Engine/Content/EditorMeshes/Camera/SM_RailRig_Track.uasset" 49
"../../../Engine/Content/EditorResources/BSPVertex.uasset" 50
"../../../Engine/Content/EditorResources/EmptyActor.uasset" 51
"../../../Engine/Content/EditorResources/S_Actor.uasset" 52
"../../../Engine/Content/EditorResources/S_Trigger.uasset" 53
"../../../Engine/Content/EditorResources/LightIcons/S_LightError.uasset" 54
"../../../Engine/Content/EditorResources/SequenceRecorder/Countdown.uasset" 55
"../../../Engine/Content/EditorResources/SequenceRecorder/RecordingIndicator.uasset" 56
"../../../Engine/Content/EditorSounds/Notifications/CompileFailed.uasset" 57
"../../../Engine/Content/EditorSounds/Notifications/CompileFailed_Cue.uasset" 58
"../../../Engine/Content/EditorSounds/Notifications/CompileSuccess.uasset" 59
"../../../Engine/Content/EditorSounds/Notifications/CompileStart_Cue.uasset" 60
"../../../Engine/Content/EditorSounds/Notifications/CompileSuccess_Cue.uasset" 61
"../../../Engine/Content/EngineDamageTypes/DmgTypeBP_Environmental.uasset" 62
"../../../Engine/Content/EngineDebugMaterials/HeatmapGradient.uasset" 63
"../../../Engine/Content/EngineDebugMaterials/BoneWeightMaterial.uasset" 64
"../../../Engine/Content/EngineDebugMaterials/ClothMaterial.uasset" 65
"../../../Engine/Content/EngineDebugMaterials/ClothMaterial_WF.uasset" 66
"../../../Engine/Content/EngineDebugMaterials/DebugEditorMaterial.uasset" 67
"../../../Engine/Content/EngineDebugMaterials/DebugMeshMaterial.uasset" 68
"../../../Engine/Content/EngineDebugMaterials/GeomMaterial.uasset" 69
"../../../Engine/Content/EngineDebugMaterials/M_SimpleTranslucent.uasset" 70
"../../../Engine/Content/EngineFonts/Faces/RobotoBold.uasset" 71
"../../../Engine/Content/EngineFonts/Faces/RobotoBoldItalic.uasset" 72
"../../../Engine/Content/EngineFonts/Faces/RobotoItalic.uasset" 73
"../../../Engine/Content/EngineFonts/Faces/RobotoLight.uasset" 74
"../../../Engine/Content/EngineFonts/Faces/RobotoRegular.uasset" 75
"../../../Engine/Content/EngineFonts/Roboto.uasset" 76
"../../../Engine/Content/EngineFonts/Faces/RobotoTiny.uasset" 77
"../../../Engine/Content/EngineFonts/RobotoTiny.uasset" 78
"../../../Engine/Content/EngineMaterials/BaseFlattenDiffuseMap.uasset" 79
"../../../Engine/Content/EngineMaterials/BaseFlattenEmissiveMap.uasset" 80
"../../../Engine/Content/EngineMaterials/BaseFlattenGrayscaleMap.uasset" 81
"../../../Engine/Content/EngineMaterials/BaseFlattenNormalMap.uasset" 82
"../../../Engine/Content/EngineMaterials/BaseFlattenMaterial.uasset" 83
"../../../Engine/Content/EngineMaterials/DefaultBloomKernel.uasset" 84
"../../../Engine/Content/EngineMaterials/DefaultBokeh.uasset" 85
"../../../Engine/Content/EngineMaterials/DefaultDiffuse.uasset" 86
"../../../Engine/Content/EngineMaterials/DefaultDeferredDecalMaterial.uasset" 87
"../../../Engine/Content/EngineMaterials/DefaultLightFunctionMaterial.uasset" 88
"../../../Engine/Content/EngineMaterials/DefaultPhysicalMaterial.uasset" 89
"../../../Engine/Content/Functions/Engine_MaterialFunctions02/Utility/BreakOutFloat2Components.uasset" 90
"../../../Engine/Content/EngineMaterials/DefaultPostProcessMaterial.uasset" 91
"../../../Engine/Content/EngineFonts/RobotoDistanceField.uasset" 92
"../../../Engine/Content/EngineMaterials/DefaultTextMaterialOpaque.uasset" 93
"../../../Engine/Content/EngineMaterials/DefaultWhiteGrid.uasset" 94
"../../../Engine/Content/EngineMaterials/EditorBrushMaterial.uasset" 95
"../../../Engine/Content/EngineMaterials/Good64x64TilingNoiseHighFreq.uasset" 96
"../../../Engine/Content/EngineMaterials/MiniFont.uasset" 97
"../../../Engine/Content/EngineMaterials/InvalidLightmapSettings.uasset" 98
"../../../Engine/Content/EngineMaterials/M_InvalidLightmapSettings.uasset" 99
"../../../Engine/Content/Functions/Engine_MaterialFunctions02/WorldPositionOffset/CameraOffset.uasset" 100
"../../../Engine/Content/EngineMaterials/PhAT_JointLimitMaterial.uasset" 101
"../../../Engine/Content/EngineMaterials/PreintegratedSkinBRDF.uasset" 102
"../../../Engine/Content/EngineMaterials/RemoveSurfaceMaterial.uasset" 103
"../../../Engine/Content/EngineMaterials/WeightMapPlaceholderTexture.uasset" 104
"../../../Engine/Content/EngineResources/WhiteSquareTexture.uasset" 105
"../../../Engine/Content/EngineMaterials/Widget3DPassThrough.uasset" 106
"../../../Engine/Content/EngineMaterials/Widget3DPassThrough_Masked.uasset" 107
"../../../Engine/Content/EngineMaterials/Widget3DPassThrough_Opaque.uasset" 108
"../../../Engine/Content/EngineMaterials/Widget3DPassThrough_Masked_OneSided.uasset" 109
"../../../Engine/Content/EngineMaterials/Widget3DPassThrough_Opaque_OneSided.uasset" 110
"../../../Engine/Content/EngineMaterials/Widget3DPassThrough_Translucent.uasset" 111
"../../../Engine/Content/EngineMaterials/Widget3DPassThrough_Translucent_OneSided.uasset" 112
"../../../Engine/Content/EngineMeshes/Cube.uasset" 113
"../../../Engine/Content/EngineMeshes/Cylinder.uasset" 114
"../../../Engine/Content/EngineMeshes/Sphere.uasset" 115
"../../../Engine/Content/EngineResources/Black.uasset" 116
"../../../Engine/Content/EngineResources/DefaultTexture.uasset" 117
"../../../Engine/Content/EngineResources/DefaultTextureCube.uasset" 118
"../../../Engine/Content/EngineResources/DefaultVolumeTexture2D.uasset" 119
"../../../Engine/Content/EngineResources/DefaultVolumeTexture.uasset" 120
"../../../Engine/Content/EngineResources/GradientTexture0.uasset" 121
"../../../Engine/Content/EngineSounds/Master.uasset" 122
"../../../Engine/Content/Functions/Engine_MaterialFunctions01/Shading/ConvertFromDiffSpec.uasset" 123
"../../../Engine/Content/Functions/Engine_MaterialFunctions01/Shading/PowerToRoughness.uasset" 124
"../../../Engine/Content/Maps/Templates/Thumbnails/Default.uasset" 125
"../../../Engine/Content/Maps/Templates/Thumbnails/VR-Basic.uasset" 126
"../../../Engine/Content/MobileResources/T_MobileControls_texture.uasset" 127
"../../../Engine/Content/MobileResources/T_MobileMenu2.uasset" 128
"../../../Engine/Content/MobileResources/HUD/AnalogHat.uasset" 129
"../../../Engine/Content/MobileResources/HUD/VirtualJoystick_Background.uasset" 130
"../../../Engine/Content/MobileResources/HUD/VirtualJoystick_Thumb.uasset" 131
"../../../Engine/Content/MobileResources/HUD/DefaultVirtualJoysticks.uasset" 132
"../../../Engine/Content/MobileResources/HUD/LeftVirtualJoystickOnly.uasset" 133
"../../../Engine/Content/MobileResources/HUD/MobileHUDButton1_off.uasset" 134
"../../../Engine/Content/MobileResources/HUD/MobileHUDButton1_on.uasset" 135
"../../../Engine/Content/MobileResources/HUD/MobileHUDButton2_off.uasset" 136
"../../../Engine/Content/MobileResources/HUD/MobileHUDButton2_on.uasset" 137
"../../../Engine/Content/MobileResources/HUD/MobileHUDButton3.uasset" 138
"../../../Engine/Content/MobileResources/HUD/MobileHUDButtonFire.uasset" 139
"../../../Engine/Content/MobileResources/HUD/MobileHUDDirectionPad.uasset" 140
"../../../Engine/Content/MobileResources/HUD/MobileHUDDirectionPad2.uasset" 141
"../../../Engine/Content/MobileResources/HUD/MobileHUDDirectionPad3.uasset" 142
"../../../Engine/Content/MobileResources/HUD/MobileHUDDirectionStick.uasset" 143
"../../../Engine/Content/MobileResources/HUD/T_Castle_ThumbstickInner.uasset" 144
"../../../Engine/Content/MobileResources/HUD/T_Castle_ThumbstickOutter.uasset" 145
"../../../Engine/Content/Tutorial/ContentIntroCurve.uasset" 146
"../../../Engine/Content/Tutorial/Basics/TutorialAssets/icon_tab_Levels_40x.uasset" 147
"../../../Engine/Content/Tutorial/BlueprintTutorials/TutorialAssets/Blueprint_64x.uasset" 148
"../../../Engine/Content/VREditor/LaserPointer/VR_LaserPower_01.uasset" 149
"../../../Engine/Content/VREditor/TransformGizmo/TransformGizmoMaterial.uasset" 150
"../../../Engine/Content/VREditor/TransformGizmo/TranslucentTransformGizmoMaterial.uasset" 151
"../../../Engine/Content/VREditor/TransformGizmo/BoundingBoxCorner.uasset" 152
"../../../Engine/Content/VREditor/TransformGizmo/BoundingBoxEdge.uasset" 153
"../../../Engine/Content/VREditor/TransformGizmo/PlaneTranslationHandle.uasset" 154
"../../../Engine/Content/VREditor/TransformGizmo/Main.uasset" 155
"../../../Engine/Content/VREditor/TransformGizmo/Xray.uasset" 156
"../../../Engine/Content/VREditor/TransformGizmo/SM_Sequencer_Key.uasset" 157
"../../../Engine/Content/VREditor/TransformGizmo/SM_Sequencer_Node.uasset" 158
"../../Plugins/2D/Paper2D/Content/PlaceholderTextures/DummySpriteTexture.uasset" 159
"../../Plugins/2D/Paper2D/Content/DummySprite.uasset" 160
"../../Plugins/2D/Paper2D/Content/DefaultPaperTerrainMaterial.uasset" 161
"../../Plugins/2D/Paper2D/Content/DefaultSpriteMaterial.uasset" 162
"../../Plugins/2D/Paper2D/Content/MaskedUnlitSpriteMaterial.uasset" 163
"../../Plugins/2D/Paper2D/Content/OpaqueUnlitSpriteMaterial.uasset" 164
"../../Plugins/Runtime/Oculus/OculusVR/Content/Materials/PokeAHoleMaterial.uasset" 165
"../../Plugins/Runtime/Oculus/OculusVR/Content/Textures/GearVRController_AO.uasset" 166
"../../Plugins/Runtime/Oculus/OculusVR/Content/Textures/GearVRController_Color.uasset" 167
"../../Plugins/Runtime/Oculus/OculusVR/Content/Textures/GearVRController_Normal.uasset" 168
"../../Plugins/Runtime/Oculus/OculusVR/Content/Materials/GearVRControllerMaterial.uasset" 169
"../../Plugins/Runtime/Oculus/OculusVR/Content/Meshes/GearVrController.uasset" 170
"../../Plugins/Runtime/Oculus/OculusVR/Content/Textures/touchController_albedo.uasset" 171
"../../Plugins/Runtime/Oculus/OculusVR/Content/Textures/touchController_controlmap.uasset" 172
"../../Plugins/Runtime/Oculus/OculusVR/Content/Materials/touchController_mat.uasset" 173
"../../Plugins/Runtime/Oculus/OculusVR/Content/Meshes/LeftTouchController.uasset" 174
"../../Plugins/Runtime/Oculus/OculusVR/Content/Meshes/RiftHMD.uasset" 175
"../../Plugins/Runtime/Oculus/OculusVR/Content/Meshes/RightTouchController.uasset" 176
"../../../Engine/Content/EditorBlueprintResources/StandardMacros.uasset" 177
"../../../Engine/Content/EngineSky/C_Sky_Cloud_Color.uasset" 178
"../../../Engine/Content/EngineSky/C_Sky_Horizon_Color.uasset" 179
"../../../Engine/Content/EngineSky/C_Sky_Zenith_Color.uasset" 180
"../../../Engine/Content/EngineSky/T_Sky_Blue.uasset" 181
"../../../Engine/Content/EngineSky/T_Sky_Clouds_M.uasset" 182
"../../../Engine/Content/EngineSky/T_Sky_Stars.uasset" 183
"../../../Engine/Content/EngineSky/M_Sky_Panning_Clouds2.uasset" 184
"../../../Engine/Content/EngineSky/SM_SkySphere.uasset" 185
"../../../Engine/Content/EngineSky/BP_Sky_Sphere.uasset" 186
"../../../../../../The game/Game/Content/Mappa/Castello_BuiltData.uasset" 187
"../../../../../../The game/Game/Content/MappaCastello/Oggetti/Castello/Texture/Immagini/Terreno.uasset" 188
"../../../../../../The game/Game/Content/MappaCastello/Oggetti/Castello/Texture/Erba.uasset" 189
"../../../../../../The game/Game/Content/MappaCastello/Oggetti/Castello/Texture/Immagini/legno.uasset" 190
"../../../../../../The game/Game/Content/MappaCastello/Oggetti/Castello/Texture/Legno.uasset" 191
"../../../../../../The game/Game/Content/Interfacce/Immagini/acqua.uasset" 192
"../../../../../../The game/Game/Content/Interfacce/Immagini/ferro.uasset" 193
"../../../../../../The game/Game/Content/Interfacce/Immagini/legna.uasset" 194
"../../../../../../The game/Game/Content/Interfacce/Immagini/pane.uasset" 195
"../../../../../../The game/Game/Content/Interfacce/Immagini/Sasso.uasset" 196
"../../../../../../The game/Game/Content/Interfacce/UserInterface.uasset" 197
"../../../Engine/Content/MapTemplates/SM_Template_Map_Floor.uasset" 198
"../../../../../../The game/Game/Content/DatiSalvati/Inventario.uasset" 199
"../../../../../../The game/Game/Content/Interfacce/Immagini/carota.uasset" 200
"../../../../../../The game/Game/Content/Interfacce/Immagini/esciInventario.uasset" 201
"../../../../../../The game/Game/Content/Interfacce/Immagini/FruttoDellaVita.uasset" 202
"../../../../../../The game/Game/Content/Interfacce/Immagini/Lattuga.uasset" 203
"../../../../../../The game/Game/Content/Interfacce/Immagini/Patata.uasset" 204
"../../../../../../The game/Game/Content/Interfacce/Inventario.uasset" 205
"../../../../../../The game/Game/Content/Interfacce/MainManu.uasset" 206
"../../../../../../The game/Game/Content/DataTable/Struttura/Ortaggi.uasset" 207
"../../../../../../The game/Game/Content/DatiSalvati/DatiOrto.uasset" 208
"../../../../../../The game/Game/Content/DataTable/OrtaggiDati.uasset" 209
"../../../../../../The game/Game/Content/MappaCastello/Oggetti/Castello/Texture/Immagini/terra.uasset" 210
"../../../../../../The game/Game/Content/Interfacce/Orto.uasset" 211
"../../../../../../The game/Game/Content/MappaCastello/Oggetti/Castello/Texture/Immagini/Mettallo-texture_Tecnico-Pos-1024x1024.uasset" 212
"../../../../../../The game/Game/Content/MappaCastello/Oggetti/Castello/Texture/Metallo.uasset" 213
"../../../../../../The game/Game/Content/MappaCastello/Oggetti/Castello/Elementi/Classe/Banco.uasset" 214
"../../../../../../The game/Game/Content/MappaCastello/Oggetti/Personaggio/Texture/Nero.uasset" 215
"../../../../../../The game/Game/Content/MappaCastello/Oggetti/Castello/Elementi/Classe/Lavagna/LavagnaDentro.uasset" 216
"../../../../../../The game/Game/Content/MappaCastello/Oggetti/Castello/Elementi/Classe/Lavagna/LavagnaEsterna.uasset" 217
"../../../../../../The game/Game/Content/MappaCastello/Oggetti/Castello/Elementi/Classe/Libreria.uasset" 218
"../../../../../../The game/Game/Content/MappaCastello/Oggetti/Castello/Elementi/Classe/Sedia/SediaLegno.uasset" 219
"../../../../../../The game/Game/Content/MappaCastello/Oggetti/Castello/Elementi/Classe/Sedia/SediaMetallo.uasset" 220
"../../../../../../The game/Game/Content/MappaCastello/Oggetti/Castello/Elementi/Entrata/Armadietto/ARMAdietto_Cube_002.uasset" 221
"../../../../../../The game/Game/Content/MappaCastello/Oggetti/Castello/Elementi/Entrata/Armadietto/ARMAdietto_Cube_007.uasset" 222
"../../../../../../The game/Game/Content/MappaCastello/Oggetti/Castello/Elementi/Entrata/Leva/Leva_Cylinder.uasset" 223
"../../../../../../The game/Game/Content/MappaCastello/Oggetti/Castello/Elementi/Entrata/Leva/Leva_Sphere.uasset" 224
"../../../../../../The game/Game/Content/MappaCastello/Oggetti/Castello/Elementi/Entrata/PortaEntrata/porta.uasset" 225
"../../../../../../The game/Game/Content/MappaCastello/Oggetti/Castello/Texture/Immagini/Castello.uasset" 226
"../../../../../../The game/Game/Content/MappaCastello/Oggetti/Castello/Texture/Castello.uasset" 227
"../../../../../../The game/Game/Content/MappaCastello/Oggetti/Castello/Elementi/Entrata/StanzaGenerica.uasset" 228
"../../../../../../The game/Game/Content/MappaCastello/Oggetti/Castello/Elementi/Entrata/Terreno.uasset" 229
"../../../../../../The game/Game/Content/MappaCastello/Oggetti/Castello/Elementi/Orto/Armadietto/Armadietto_Orto_Cube.uasset" 230
"../../../../../../The game/Game/Content/MappaCastello/Oggetti/Castello/Elementi/Orto/Armadietto/Armadietto_Orto_Cube_006.uasset" 231
"../../../../../../The game/Game/Content/MappaCastello/Oggetti/Castello/Elementi/Orto/Armadietto/Armadietto_Orto_Cube_007.uasset" 232
"../../../../../../The game/Game/Content/MappaCastello/Oggetti/Castello/Elementi/Orto/Mensola.uasset" 233
"../../../../../../The game/Game/Content/MappaCastello/Oggetti/Castello/Texture/Terra.uasset" 234
"../../../../../../The game/Game/Content/MappaCastello/Oggetti/Castello/Elementi/Orto/Orto/Orto_Cube_005.uasset" 235
"../../../../../../The game/Game/Content/MappaCastello/Oggetti/Castello/Elementi/Orto/Orto/Orto_Plane.uasset" 236
"../../../../../../The game/Game/Content/Suoni/Castello/Master.uasset" 237
"../../../../../../The game/Game/Content/Suoni/Castello/MusicaCastello.uasset" 238
"../../../../../../The game/Game/Content/Suoni/Castello/Mix.uasset" 239
"../../../../../../The game/Game/Content/Mappa/Castello.umap" 240
"../../../Engine/Content/Maps/Entry_BuiltData.uasset" 241
"../../../Engine/Content/Maps/Entry.umap" 242
