Log file open, 09/24/18 13:25:19
LogWindows: Failed to load 'aqProf.dll' (GetLastError=126)
LogWindows: File 'aqProf.dll' does not exist
LogWindows: Failed to load 'VSPerf140.dll' (GetLastError=126)
LogWindows: File 'VSPerf140.dll' does not exist
LogWindows: Failed to load 'VtuneApi.dll' (GetLastError=126)
LogWindows: File 'VtuneApi.dll' does not exist
LogWindows: Failed to load 'VtuneApi32e.dll' (GetLastError=126)
LogWindows: File 'VtuneApi32e.dll' does not exist
LogInit: Display: Running engine for game: Game
LogPlatformFile: Not using cached read wrapper
LogTaskGraph: Started task graph with 5 named threads and 14 total threads with 3 sets of task threads.
LogStats: Stats thread started at 8.513001
LogD3D11RHI: Loaded GFSDK_Aftermath_Lib.x64.dll
LogICUInternationalization: Display: ICU TimeZone Detection - Raw Offset: +1:00, Platform Override: ''
LogPluginManager: Mounting plugin Paper2D
LogPluginManager: Mounting plugin AISupport
LogPluginManager: Mounting plugin LightPropagationVolume
LogPluginManager: Mounting plugin CLionSourceCodeAccess
LogPluginManager: Mounting plugin CodeLiteSourceCodeAccess
LogPluginManager: Mounting plugin GitSourceControl
LogPluginManager: Mounting plugin KDevelopSourceCodeAccess
LogPluginManager: Mounting plugin NullSourceCodeAccess
LogPluginManager: Mounting plugin PerforceSourceControl
LogPluginManager: Mounting plugin SubversionSourceControl
LogPluginManager: Mounting plugin UObjectPlugin
LogPluginManager: Mounting plugin VisualStudioCodeSourceCodeAccess
LogPluginManager: Mounting plugin VisualStudioSourceCodeAccess
LogPluginManager: Mounting plugin XCodeSourceCodeAccess
LogPluginManager: Mounting plugin AssetManagerEditor
LogPluginManager: Mounting plugin CryptoKeys
LogPluginManager: Mounting plugin DataValidation
LogPluginManager: Mounting plugin FacialAnimation
LogPluginManager: Mounting plugin GameplayTagsEditor
LogPluginManager: Mounting plugin MacGraphicsSwitching
LogPluginManager: Mounting plugin MeshEditor
LogPluginManager: Mounting plugin MobileLauncherProfileWizard
LogPluginManager: Mounting plugin PluginBrowser
LogPluginManager: Mounting plugin SpeedTreeImporter
LogPluginManager: Mounting plugin DatasmithContent
LogPluginManager: Mounting plugin AlembicImporter
LogPluginManager: Mounting plugin AppleImageUtils
LogPluginManager: Mounting plugin AppleVision
LogPluginManager: Mounting plugin BackChannel
LogPluginManager: Mounting plugin CharacterAI
LogPluginManager: Mounting plugin GeometryCache
LogPluginManager: Mounting plugin HTML5Networking
LogPluginManager: Mounting plugin ProxyLODPlugin
LogPluginManager: Mounting plugin MagicLeap
LogPluginManager: Mounting plugin MagicLeapEmulator
LogPluginManager: Mounting plugin MagicLeapMedia
LogPluginManager: Mounting plugin AndroidMedia
LogPluginManager: Mounting plugin AvfMedia
LogPluginManager: Mounting plugin ImgMedia
LogPluginManager: Mounting plugin LinearTimecode
LogPluginManager: Mounting plugin MediaCompositing
LogPluginManager: Mounting plugin MediaPlayerEditor
LogPluginManager: Mounting plugin WmfMedia
LogPluginManager: Mounting plugin TcpMessaging
LogPluginManager: Mounting plugin UdpMessaging
LogPluginManager: Mounting plugin ActorSequence
LogPluginManager: Mounting plugin LevelSequenceEditor
LogPluginManager: Mounting plugin MatineeToLevelSequence
LogPluginManager: Mounting plugin NetcodeUnitTest
LogPluginManager: Mounting plugin NUTUnrealEngine4
LogPluginManager: Mounting plugin OnlineSubsystemGooglePlay
LogPluginManager: Mounting plugin OnlineSubsystemIOS
LogPluginManager: Mounting plugin OnlineSubsystem
LogPluginManager: Mounting plugin OnlineSubsystemNull
LogPluginManager: Mounting plugin OnlineSubsystemUtils
LogPluginManager: Mounting plugin LauncherChunkInstaller
LogPluginManager: Mounting plugin AndroidDeviceProfileSelector
LogPluginManager: Mounting plugin AndroidMoviePlayer
LogPluginManager: Mounting plugin AndroidPermission
LogPluginManager: Mounting plugin AppleMoviePlayer
LogPluginManager: Mounting plugin ArchVisCharacter
LogPluginManager: Mounting plugin AudioCapture
LogPluginManager: Mounting plugin CableComponent
LogPluginManager: Mounting plugin CustomMeshComponent
LogPluginManager: Mounting plugin EditableMesh
LogPluginManager: Mounting plugin ExampleDeviceProfileSelector
LogPluginManager: Mounting plugin GoogleCloudMessaging
LogPluginManager: Mounting plugin ImmediatePhysics
LogPluginManager: Mounting plugin IOSDeviceProfileSelector
LogPluginManager: Mounting plugin LinuxDeviceProfileSelector
LogPluginManager: Mounting plugin LocationServicesBPLibrary
LogPluginManager: Mounting plugin MobilePatchingUtils
LogPluginManager: Mounting plugin OculusVR
LogPluginManager: Plugin shader directory ../../../Engine/Plugins/Runtime/Oculus/OculusVR/Shaders found
LogPluginManager: Mapping shader source directory ../../../Engine/Plugins/Runtime/Oculus/OculusVR/Shaders to virtual directory /Plugin/OculusVR
LogPluginManager: Mounting plugin PhysXVehicles
LogPluginManager: Mounting plugin ProceduralMeshComponent
LogPluginManager: Mounting plugin RuntimePhysXCooking
LogPluginManager: Mounting plugin SteamVR
LogPluginManager: Mounting plugin WindowsMoviePlayer
LogStreaming: Display: Took  0.625s to configure plugins.
LogInit: Using libcurl 7.55.1-DEV
LogInit:  - built for x86_64-pc-win32
LogInit:  - supports SSL with OpenSSL/1.0.2h
LogInit:  - supports HTTP deflate (compression) using libz 1.2.8
LogInit:  - other features:
LogInit:      CURL_VERSION_SSL
LogInit:      CURL_VERSION_LIBZ
LogInit:      CURL_VERSION_IPV6
LogInit:      CURL_VERSION_ASYNCHDNS
LogInit:      CURL_VERSION_LARGEFILE
LogInit:      CURL_VERSION_IDN
LogInit:  CurlRequestOptions (configurable via config and command line):
LogInit:  - bVerifyPeer = false  - Libcurl will NOT verify peer certificate
LogInit:  - bUseHttpProxy = false  - Libcurl will NOT use HTTP proxy
LogInit:  - bDontReuseConnections = false  - Libcurl will reuse connections
LogInit:  - CertBundlePath = nullptr  - Libcurl will use whatever was configured at build time.
LogInit:  - MaxHostConnections = 16  - Libcurl will limit the number of connections to a host
LogInit:  - LocalHostAddr = Default
LogInit:  - BufferSize = 65536
LogInit: WinSock: version 1.1 (2.2), MaxSocks=32767, MaxUdp=65467
LogInit: Build: ++UE4+Release-4.20-CL-4302132
LogInit: Engine Version: 4.20.2-4302132+++UE4+Release-4.20
LogInit: Compatible Engine Version: 4.20.0-4212847+++UE4+Release-4.20
LogInit: Net CL: 4212847
LogInit: OS: Windows 7 (Service Pack 1), CPU:         Intel(R) Core(TM) i5-3550 CPU @ 3.30GHz, GPU: NVIDIA GeForce GTX 1050 Ti
LogInit: Compiled (64-bit): Aug 21 2018 02:06:06
LogInit: Compiled with Visual C++: 19.13.26129.00
LogInit: Build Configuration: Development
LogInit: Branch Name: ++UE4+Release-4.20
LogInit: Command Line:  -game
LogInit: Base Directory: I:/Epic Games Launcher/Unreal Engine/UE_4.20/Engine/Binaries/Win64/
LogInit: Installed Engine Build: 1
LogDevObjectVersion: Number of dev versions registered: 20
LogDevObjectVersion:   Dev-Blueprints (B0D832E4-1F89-4F0D-ACCF-7EB736FD4AA2): 10
LogDevObjectVersion:   Dev-Build (E1C64328-A22C-4D53-A36C-8E866417BD8C): 0
LogDevObjectVersion:   Dev-Core (375EC13C-06E4-48FB-B500-84F0262A717E): 2
LogDevObjectVersion:   Dev-Editor (E4B068ED-F494-42E9-A231-DA0B2E46BB41): 24
LogDevObjectVersion:   Dev-Framework (CFFC743F-43B0-4480-9391-14DF171D2073): 34
LogDevObjectVersion:   Dev-Mobile (B02B49B5-BB20-44E9-A304-32B752E40360): 2
LogDevObjectVersion:   Dev-Networking (A4E4105C-59A1-49B5-A7C5-40C4547EDFEE): 0
LogDevObjectVersion:   Dev-Online (39C831C9-5AE6-47DC-9A44-9C173E1C8E7C): 0
LogDevObjectVersion:   Dev-Physics (78F01B33-EBEA-4F98-B9B4-84EACCB95AA2): 0
LogDevObjectVersion:   Dev-Platform (6631380F-2D4D-43E0-8009-CF276956A95A): 0
LogDevObjectVersion:   Dev-Rendering (12F88B9F-8875-4AFC-A67C-D90C383ABD29): 26
LogDevObjectVersion:   Dev-Sequencer (7B5AE74C-D270-4C10-A958-57980B212A5A): 9
LogDevObjectVersion:   Dev-VR (D7296918-1DD6-4BDD-9DE2-64A83CC13884): 2
LogDevObjectVersion:   Dev-LoadTimes (C2A15278-BFE7-4AFE-6C17-90FF531DF755): 1
LogDevObjectVersion:   Private-Geometry (6EACA3D4-40EC-4CC1-B786-8BED09428FC5): 3
LogDevObjectVersion:   Dev-AnimPhys (29E575DD-E0A3-4627-9D10-D276232CDCEA): 17
LogDevObjectVersion:   Dev-ReflectionCapture (6B266CEC-1EC7-4B8F-A30B-E4D90942FC07): 1
LogDevObjectVersion:   Dev-Automation (0DF73D61-A23F-47EA-B727-89E90C41499A): 1
LogDevObjectVersion:   FortniteMain (601D1886-AC64-4F84-AA16-D3DE0DEAC7D6): 12
LogDevObjectVersion:   Dev-Enterprise (9DFFBCD6-494F-0158-E221-12823C92A888): 1
LogStreaming: Display: Took  0.042s to delete old logs.
LogInit: Presizing for max 8388607 objects, including 0 objects not considered by GC, pre-allocating 0 bytes for permanent pool.
LogInit: Object subsystem initialized
[2018.09.24-11.25.24:329][  0]LogInit: Selected Device Profile: [Windows]
[2018.09.24-11.25.24:329][  0]LogInit: Applying CVar settings loaded from the selected device profile: [Windows]
[2018.09.24-11.25.24:399][  0]LogHAL: Display: Platform has ~ 8 GB [8556232704 / 8589934592 / 8], which maps to Default [LargestMinGB=32, LargerMinGB=12, DefaultMinGB=8, SmallerMinGB=6, SmallestMinGB=0)
[2018.09.24-11.25.24:409][  0]LogInit: Setting Device Profile CVar: [[r.Vulkan.UseRealUBs:1]]
[2018.09.24-11.25.24:419][  0]LogInit: Going up to parent DeviceProfile []
[2018.09.24-11.25.24:459][  0]LogInit: Computer: VERUSKA-PC
[2018.09.24-11.25.24:459][  0]LogInit: User: Veruska
[2018.09.24-11.25.24:459][  0]LogInit: CPU Page size=4096, Cores=4
[2018.09.24-11.25.24:459][  0]LogInit: High frequency timer resolution =3.215410 MHz
[2018.09.24-11.25.24:459][  0]LogMemory: Memory total: Physical=8.0GB (8GB approx)
[2018.09.24-11.25.24:459][  0]LogMemory: Platform Memory Stats for Windows
[2018.09.24-11.25.24:459][  0]LogMemory: Process Physical Memory: 101.14 MB used, 101.14 MB peak
[2018.09.24-11.25.24:459][  0]LogMemory: Process Virtual Memory: 86.65 MB used, 86.65 MB peak
[2018.09.24-11.25.24:459][  0]LogMemory: Physical Memory: 3442.59 MB used,  4717.27 MB free, 8159.86 MB total
[2018.09.24-11.25.24:459][  0]LogMemory: Virtual Memory: 476.64 MB used,  4717.27 MB free, 8388608.00 MB total
[2018.09.24-11.25.25:968][  0]LogInit: Using OS detected language (it-IT).
[2018.09.24-11.25.25:968][  0]LogInit: Using OS detected locale (it-IT).
[2018.09.24-11.25.25:990][  0]LogTextLocalizationManager: No specific localization for 'it-IT' exists, so the 'it' localization will be used.
[2018.09.24-11.25.26:250][  0]LogStreaming: Display: Took  0.282s to InitEngineTextLocalization.
[2018.09.24-11.25.27:615][  0]LogSlate: New Slate User Created.  User Index 0, Is Virtual User: 0
[2018.09.24-11.25.27:615][  0]LogSlate: Slate User Registered.  User Index 0, Is Virtual User: 0
[2018.09.24-11.25.27:825][  0]LogHMD: Failed to initialize OpenVR with code 110
[2018.09.24-11.25.27:825][  0]LogD3D11RHI: D3D11 adapters:
[2018.09.24-11.25.27:891][  0]LogD3D11RHI:    0. 'NVIDIA GeForce GTX 1050 Ti' (Feature Level 11_0)
[2018.09.24-11.25.27:891][  0]LogD3D11RHI:       3998/0/3823 MB DedicatedVideo/DedicatedSystem/SharedSystem, Outputs:2, VendorId:0x10de
[2018.09.24-11.25.27:891][  0]LogD3D11RHI: Chosen D3D11 Adapter: 0
[2018.09.24-11.25.27:933][  0]LogD3D11RHI: Creating new Direct3DDevice
[2018.09.24-11.25.27:933][  0]LogD3D11RHI:     GPU DeviceId: 0x1c82 (for the marketing name, search the web for "GPU Device Id")
[2018.09.24-11.25.27:933][  0]LogWindows: EnumDisplayDevices:
[2018.09.24-11.25.27:934][  0]LogWindows:    0. 'NVIDIA GeForce GTX 1050 Ti' (P:1 D:1)
[2018.09.24-11.25.27:934][  0]LogWindows:    1. 'NVIDIA GeForce GTX 1050 Ti' (P:0 D:1)
[2018.09.24-11.25.27:934][  0]LogWindows:    2. 'NVIDIA GeForce GTX 1050 Ti' (P:0 D:0)
[2018.09.24-11.25.27:935][  0]LogWindows:    3. 'NVIDIA GeForce GTX 1050 Ti' (P:0 D:0)
[2018.09.24-11.25.27:935][  0]LogWindows:    4. 'RDPDD Chained DD' (P:0 D:0)
[2018.09.24-11.25.27:936][  0]LogWindows:    5. 'RDP Encoder Mirror Driver' (P:0 D:0)
[2018.09.24-11.25.27:937][  0]LogWindows:    6. 'RDP Reflector Display Driver' (P:0 D:0)
[2018.09.24-11.25.27:937][  0]LogWindows: DebugString: GetVideoDriverDetailsInvalid PrimaryIsNotTheChoosenAdapter GetVideoDriverDetailsInvalid PrimaryIsNotTheChoosenAdapter GetVideoDriverDetailsInvalid PrimaryIsNotTheChoosenAdapter FoundDriverCount:4 
[2018.09.24-11.25.27:937][  0]LogD3D11RHI:     Adapter Name: NVIDIA GeForce GTX 1050 Ti
[2018.09.24-11.25.27:938][  0]LogD3D11RHI:   Driver Version: 398.98 (internal:24.21.13.9898, unified:398.98)
[2018.09.24-11.25.27:938][  0]LogD3D11RHI:      Driver Date: 8-9-2018
[2018.09.24-11.25.27:938][  0]LogRHI: Texture pool is 2798 MB (70% of 3998 MB)
[2018.09.24-11.25.28:010][  0]LogD3D11RHI: Async texture creation enabled
[2018.09.24-11.25.28:387][  0]LogD3D11RHI: GPU Timing Frequency: 1000.000000 (Debug: 2 2)
[2018.09.24-11.25.28:550][  0]LogShaderCompilers: Guid format shader working directory is 17 characters bigger than the processId version (../../../../../../The game/Game/Intermediate/Shaders/WorkingDirectory/8804/).
[2018.09.24-11.25.28:551][  0]LogShaderCompilers: Cleaned the shader compiler working directory 'C:/Users/Veruska/AppData/Local/Temp/UnrealShaderWorkingDir/B49D6D8A4284D3426236F5B57D766CAA/'.
[2018.09.24-11.25.29:806][  0]LogTemp: Display: Loaded TP WindowsClientTargetPlatform
[2018.09.24-11.25.29:901][  0]LogTemp: Display: Loaded TP WindowsNoEditorTargetPlatform
[2018.09.24-11.25.29:948][  0]LogTemp: Display: Loaded TP WindowsServerTargetPlatform
[2018.09.24-11.25.29:974][  0]LogTemp: Display: Loaded TP WindowsTargetPlatform
[2018.09.24-11.25.29:974][  0]LogTargetPlatformManager: Display: Building Assets For Windows
[2018.09.24-11.25.31:066][  0]LogXGEController: Cleaning working directory: C:/Users/Veruska/AppData/Local/Temp/UnrealXGEWorkingDir/
[2018.09.24-11.25.31:066][  0]LogXGEController: Cannot use XGE Controller as Incredibuild is not installed on this machine.
[2018.09.24-11.25.31:066][  0]LogShaderCompilers: Cannot use XGE Shader Compiler as Incredibuild is not installed on this machine.
[2018.09.24-11.25.31:066][  0]LogShaderCompilers: Display: Using Local Shader Compiler.
[2018.09.24-11.25.35:277][  0]LogDerivedDataCache: Display: Max Cache Size: 512 MB
[2018.09.24-11.25.35:588][  0]LogDerivedDataCache: Loaded boot cache 0.31s 71MB C:/Users/Veruska/AppData/Local/UnrealEngine/4.20/DerivedDataCache/Boot.ddc.
[2018.09.24-11.25.35:588][  0]LogDerivedDataCache: Display: Loaded Boot cache: C:/Users/Veruska/AppData/Local/UnrealEngine/4.20/DerivedDataCache/Boot.ddc
[2018.09.24-11.25.35:588][  0]LogDerivedDataCache: FDerivedDataBackendGraph:  Pak pak cache file ../../../../../../The game/Game/DerivedDataCache/DDC.ddp not found, will not use a pak cache.
[2018.09.24-11.25.35:588][  0]LogDerivedDataCache: Unable to find inner node Pak for hierarchical cache Hierarchy.
[2018.09.24-11.25.35:588][  0]LogDerivedDataCache: FDerivedDataBackendGraph:  CompressedPak pak cache file ../../../../../../The game/Game/DerivedDataCache/Compressed.ddp not found, will not use a pak cache.
[2018.09.24-11.25.35:588][  0]LogDerivedDataCache: Unable to find inner node CompressedPak for hierarchical cache Hierarchy.
[2018.09.24-11.25.35:781][  0]LogDerivedDataCache: Display: Pak cache opened for reading ../../../Engine/DerivedDataCache/Compressed.ddp.
[2018.09.24-11.25.35:795][  0]LogDerivedDataCache: Using Local data cache path C:/Users/Veruska/AppData/Local/UnrealEngine/Common/DerivedDataCache: Writable
[2018.09.24-11.25.35:795][  0]LogDerivedDataCache: Shared data cache path not found in *engine.ini, will not use an Shared cache.
[2018.09.24-11.25.35:795][  0]LogDerivedDataCache: Unable to find inner node Shared for hierarchical cache Hierarchy.
[2018.09.24-11.25.35:882][  0]LogMaterial: Verifying Global Shaders for PCD3D_SM5
[2018.09.24-11.25.35:983][  0]LogSlate: Using FreeType 2.6.0
[2018.09.24-11.25.36:156][  0]LogSlate: SlateFontServices - WITH_FREETYPE: 1, WITH_HARFBUZZ: 1
[2018.09.24-11.25.38:065][  0]LogInit: Using OS detected language (it-IT).
[2018.09.24-11.25.38:065][  0]LogInit: Using OS detected locale (it-IT).
[2018.09.24-11.25.38:065][  0]LogTextLocalizationManager: No localization for 'it-IT' exists, so 'en' will be used for the language.
[2018.09.24-11.25.38:065][  0]LogTextLocalizationManager: No localization for 'it-IT' exists, so 'en' will be used for the locale.
[2018.09.24-11.25.39:441][  0]LogStreaming: Display: Took  1.376s to InitGameTextLocalization.
[2018.09.24-11.25.39:498][  0]LogAssetRegistry: FAssetRegistry took 0.0243 seconds to start up
[2018.09.24-11.25.41:769][  0]LogPackageLocalizationCache: Processed 11 localized package path(s) for 1 prioritized culture(s) in 0.155039 seconds
[2018.09.24-11.25.42:245][  0]LogInit: Selected Device Profile: [Windows]
[2018.09.24-11.25.44:932][  0]LogSimplygon: Simplygon DLL not present - disabling.
[2018.09.24-11.25.45:126][  0]LogMeshReduction: Using SimplygonSwarm for distributed automatic mesh merging
[2018.09.24-11.25.45:128][  0]LogMeshReduction: Using ProxyLODMeshReduction for automatic mesh merging
[2018.09.24-11.25.45:140][  0]LogMeshReduction: Using QuadricMeshReduction for automatic static mesh reduction
[2018.09.24-11.25.45:140][  0]LogMeshReduction: No automatic skeletal mesh reduction module available
[2018.09.24-11.25.45:774][  0]LogNetVersion: Game 1.0.0, NetCL: 4212847, EngineNetVer: 5, GameNetVer: 0 (Checksum: 4261265131)
[2018.09.24-11.25.55:944][  0]LogMoviePlayer: Initializing movie player
[2018.09.24-11.25.58:358][  0]SourceControl: Source control is disabled
[2018.09.24-11.25.58:358][  0]SourceControl: Source control is disabled
[2018.09.24-11.25.58:405][  0]SourceControl: Source control is disabled
[2018.09.24-11.25.59:609][  0]LogAndroidPermission: UAndroidPermissionCallbackProxy::GetInstance
[2018.09.24-11.26.00:037][  0]LogOcInput: OculusInput pre-init called
[2018.09.24-11.26.00:105][  0]LogUObjectArray: 42182 objects as part of root set at end of initial load.
[2018.09.24-11.26.00:105][  0]LogUObjectAllocator: 7436432 out of 0 bytes used by permanent object pool.
[2018.09.24-11.26.00:106][  0]LogUObjectArray: CloseDisregardForGC: 0/0 objects in disregard for GC pool
[2018.09.24-11.26.01:071][  0]LogEngine: Initializing Engine...
[2018.09.24-11.26.01:103][  0]LogHMD: Failed to initialize OpenVR with code 110
[2018.09.24-11.26.01:175][  0]LogStats: UGameplayTagsManager::ConstructGameplayTagTree: ImportINI prefixes -  0.002 s
[2018.09.24-11.26.01:175][  0]LogStats: UGameplayTagsManager::ConstructGameplayTagTree: Construct from data asset -  0.000 s
[2018.09.24-11.26.01:175][  0]LogStats: UGameplayTagsManager::ConstructGameplayTagTree: ImportINI -  0.000 s
[2018.09.24-11.26.01:176][  0]LogStats: UGameplayTagsManager::ConstructGameplayTagTree: GameplayTagTreeChangedEvent.Broadcast -  0.001 s
[2018.09.24-11.26.02:148][  0]LogInit: Initializing FReadOnlyCVARCache
[2018.09.24-11.26.02:229][  0]LogInit: XAudio2 using 'Altoparlanti (Dispositivo High Definition Audio)' : 2 channels at 44.1 kHz using 16 bits per sample (channel mask 0x3)
[2018.09.24-11.26.02:320][  0]LogInit: FAudioDevice initialized.
[2018.09.24-11.26.02:331][  0]LogNetVersion: Set ProjectVersion to 1.0.0.0. Version Checksum will be recalculated on next use.
[2018.09.24-11.26.02:420][  0]LogDerivedDataCache: Saved boot cache 0.09s 71MB C:/Users/Veruska/AppData/Local/UnrealEngine/4.20/DerivedDataCache/Boot.ddc.
[2018.09.24-11.26.02:426][  0]LogInit: Texture streaming: Enabled
[2018.09.24-11.26.04:561][  0]LogSlate: Updating window title bar state: overlay mode, drag disabled, window buttons hidden, title bar hidden
[2018.09.24-11.26.04:593][  0]LogInit: Display: Game Engine Initialized.
[2018.09.24-11.26.04:604][  0]LogGameplayTags: Display: UGameplayTagsManager::DoneAddingNativeTags. DelegateIsBound: 0
[2018.09.24-11.26.04:604][  0]LogStats: UGameplayTagsManager::ConstructGameplayTagTree: ImportINI prefixes -  0.000 s
[2018.09.24-11.26.04:605][  0]LogStats: UGameplayTagsManager::ConstructGameplayTagTree: Construct from data asset -  0.000 s
[2018.09.24-11.26.04:605][  0]LogStats: UGameplayTagsManager::ConstructGameplayTagTree: ImportINI -  0.000 s
[2018.09.24-11.26.04:605][  0]LogStats: UGameplayTagsManager::ConstructGameplayTagTree: GameplayTagTreeChangedEvent.Broadcast -  0.000 s
[2018.09.24-11.26.04:762][  0]LogInit: Display: Starting Game.
[2018.09.24-11.26.04:762][  0]LogNet: Browse: /Game/Mappa/Castello?Name=Player
[2018.09.24-11.26.04:762][  0]LogLoad: LoadMap: /Game/Mappa/Castello?Name=Player
[2018.09.24-11.26.09:755][  0]LogAIModule: Creating AISystem for world Castello
[2018.09.24-11.26.09:904][  0]LogLoad: Game class is 'ProtagonistaGameMode_C'
[2018.09.24-11.26.10:491][  0]LogWorld: Bringing World /Game/Mappa/Castello.Castello up for play (max tick rate 0) at 2018.09.24-13.26.10
[2018.09.24-11.26.10:602][  0]LogWorld: Bringing up level for play took: 0.672547
[2018.09.24-11.26.10:774][  0]LogGameMode: Display: Match State Changed from EnteringMap to WaitingToStart
[2018.09.24-11.26.10:774][  0]LogGameState: Match State Changed from EnteringMap to WaitingToStart
[2018.09.24-11.26.10:774][  0]LogGameMode: Display: Match State Changed from WaitingToStart to InProgress
[2018.09.24-11.26.11:149][  0]LogGameState: Match State Changed from WaitingToStart to InProgress
[2018.09.24-11.26.11:161][  0]LogLoad: Took 6.398373 seconds to LoadMap(/Game/Mappa/Castello)
[2018.09.24-11.26.12:485][  0]LogRenderer: Reallocating scene render targets to support 1920x1080 Format 10 NumSamples 1 (Frame:1).
[2018.09.24-11.26.12:485][  0]LogLoad: (Engine Initialization) Total time: 78.03 seconds
[2018.09.24-11.26.12:485][  0]LogLoad: (Engine Initialization) Total Blueprint compile time: 0.00 seconds
[2018.09.24-11.26.12:634][  0]LogContentStreaming: Texture pool size now 1000 MB
[2018.09.24-11.26.15:246][136]LogSlate: Window 'Game (64-bit Development PCD3D_SM5) ' being destroyed
[2018.09.24-11.26.15:248][136]LogWindowsTextInputMethodSystem: Display: IME system now deactivated.
[2018.09.24-11.26.15:275][136]LogSlate: Updating window title bar state: overlay mode, drag disabled, window buttons hidden, title bar hidden
[2018.09.24-11.26.15:275][136]LogEngine: All Windows Closed
[2018.09.24-11.26.15:275][136]LogWindows: FPlatformMisc::RequestExit(0)
[2018.09.24-11.26.16:199][137]LogExit: Preparing to exit.
[2018.09.24-11.26.16:199][137]LogMoviePlayer: Shutting down movie player
[2018.09.24-11.26.16:423][137]LogSlate: Updating window title bar state: overlay mode, drag disabled, window buttons hidden, title bar hidden
[2018.09.24-11.26.16:512][137]LogExit: Game engine shut down
[2018.09.24-11.26.17:806][137]LogExit: Object subsystem successfully closed.
[2018.09.24-11.26.17:875][137]LogShaderCompilers: Display: Shaders left to compile 0
[2018.09.24-11.26.17:905][137]LogD3D11RHI: Shutdown
[2018.09.24-11.26.17:905][137]LogD3D11RHI: CleanupD3DDevice
[2018.09.24-11.26.17:939][137]LogD3D11RHI: ~FD3D11DynamicRHI
[2018.09.24-11.26.18:439][137]LogModuleManager: Shutting down and abandoning module SequenceRecorderSections (378)
[2018.09.24-11.26.18:439][137]LogModuleManager: Shutting down and abandoning module SequenceRecorder (376)
[2018.09.24-11.26.18:439][137]LogModuleManager: Shutting down and abandoning module AutomationController (374)
[2018.09.24-11.26.18:439][137]LogModuleManager: Shutting down and abandoning module AutomationWorker (372)
[2018.09.24-11.26.18:440][137]LogModuleManager: Shutting down and abandoning module Voice (370)
[2018.09.24-11.26.18:440][137]LogModuleManager: Shutting down and abandoning module AIModule (368)
[2018.09.24-11.26.18:440][137]LogModuleManager: Shutting down and abandoning module GameplayDebugger (367)
[2018.09.24-11.26.18:456][137]LogModuleManager: Shutting down and abandoning module AITestSuite (365)
[2018.09.24-11.26.18:456][137]LogModuleManager: Shutting down and abandoning module NavigationSystem (363)
[2018.09.24-11.26.18:456][137]LogModuleManager: Shutting down and abandoning module WmfMediaFactory (360)
[2018.09.24-11.26.18:456][137]LogModuleManager: Shutting down and abandoning module OpenExrWrapper (358)
[2018.09.24-11.26.18:456][137]LogModuleManager: Shutting down and abandoning module ImgMediaFactory (356)
[2018.09.24-11.26.18:456][137]LogModuleManager: Shutting down and abandoning module AvfMediaFactory (354)
[2018.09.24-11.26.18:456][137]LogModuleManager: Shutting down and abandoning module MagicLeapCameraPreviewFactory (352)
[2018.09.24-11.26.18:456][137]LogModuleManager: Shutting down and abandoning module MagicLeapMediaFactory (350)
[2018.09.24-11.26.18:456][137]LogModuleManager: Shutting down and abandoning module CharacterAI (348)
[2018.09.24-11.26.18:456][137]LogModuleManager: Shutting down and abandoning module SessionServices (346)
[2018.09.24-11.26.18:456][137]LogModuleManager: Shutting down and abandoning module MovieSceneCapture (344)
[2018.09.24-11.26.18:456][137]LogModuleManager: Shutting down and abandoning module MovieSceneTracks (342)
[2018.09.24-11.26.18:475][137]LogModuleManager: Shutting down and abandoning module MovieScene (340)
[2018.09.24-11.26.18:475][137]LogModuleManager: Shutting down and abandoning module StreamingPauseRendering (338)
[2018.09.24-11.26.18:475][137]LogModuleManager: Shutting down and abandoning module PortalServices (336)
[2018.09.24-11.26.18:475][137]LogModuleManager: Shutting down and abandoning module PortalRpc (334)
[2018.09.24-11.26.18:475][137]LogModuleManager: Shutting down and abandoning module MessagingRpc (332)
[2018.09.24-11.26.18:475][137]LogModuleManager: Shutting down and abandoning module ProfilerService (330)
[2018.09.24-11.26.18:539][137]LogModuleManager: Shutting down and abandoning module TaskGraph (328)
[2018.09.24-11.26.18:539][137]LogModuleManager: Shutting down and abandoning module SteamVRController (326)
[2018.09.24-11.26.18:539][137]LogModuleManager: Shutting down and abandoning module ProceduralMeshComponent (324)
[2018.09.24-11.26.18:539][137]LogModuleManager: Shutting down and abandoning module OculusInput (322)
[2018.09.24-11.26.18:539][137]LogModuleManager: Shutting down and abandoning module MobilePatchingUtils (320)
[2018.09.24-11.26.18:539][137]LogModuleManager: Shutting down and abandoning module EditableMesh (318)
[2018.09.24-11.26.18:555][137]LogModuleManager: Shutting down and abandoning module CustomMeshComponent (316)
[2018.09.24-11.26.18:555][137]LogModuleManager: Shutting down and abandoning module CableComponent (314)
[2018.09.24-11.26.18:555][137]LogModuleManager: Shutting down and abandoning module AudioCapture (312)
[2018.09.24-11.26.18:555][137]LogModuleManager: Shutting down and abandoning module ArchVisCharacter (310)
[2018.09.24-11.26.18:555][137]LogModuleManager: Shutting down and abandoning module AndroidPermission (308)
[2018.09.24-11.26.18:555][137]LogModuleManager: Shutting down and abandoning module NUTUnrealEngine4 (306)
[2018.09.24-11.26.18:555][137]LogModuleManager: Shutting down and abandoning module NetcodeUnitTest (304)
[2018.09.24-11.26.18:582][137]LogModuleManager: Shutting down and abandoning module MediaCompositing (302)
[2018.09.24-11.26.18:582][137]LogModuleManager: Shutting down and abandoning module LinearTimecode (300)
[2018.09.24-11.26.18:582][137]LogModuleManager: Shutting down and abandoning module ImgMedia (298)
[2018.09.24-11.26.18:598][137]LogModuleManager: Shutting down and abandoning module HTML5Networking (296)
[2018.09.24-11.26.18:598][137]LogModuleManager: Shutting down and abandoning module GeometryCacheTracks (294)
[2018.09.24-11.26.18:598][137]LogModuleManager: Shutting down and abandoning module GeometryCacheSequencer (293)
[2018.09.24-11.26.18:619][137]LogModuleManager: Shutting down and abandoning module GeometryCache (290)
[2018.09.24-11.26.18:619][137]LogModuleManager: Shutting down and abandoning module GeometryCacheEd (289)
[2018.09.24-11.26.18:619][137]LogModuleManager: Shutting down and abandoning module BackChannel (286)
[2018.09.24-11.26.18:619][137]LogModuleManager: Shutting down and abandoning module AppleVision (284)
[2018.09.24-11.26.18:619][137]LogModuleManager: Shutting down and abandoning module AppleImageUtils (282)
[2018.09.24-11.26.18:619][137]LogModuleManager: Shutting down and abandoning module DatasmithContent (280)
[2018.09.24-11.26.18:619][137]LogModuleManager: Shutting down and abandoning module CryptoKeysOpenSSL (278)
[2018.09.24-11.26.18:620][137]LogModuleManager: Shutting down and abandoning module CryptoKeys (276)
[2018.09.24-11.26.18:620][137]LogModuleManager: Shutting down and abandoning module VisualStudioSourceCodeAccess (274)
[2018.09.24-11.26.18:620][137]LogModuleManager: Shutting down and abandoning module HotReload (273)
[2018.09.24-11.26.18:627][137]LogModuleManager: Shutting down and abandoning module DirectoryWatcher (272)
[2018.09.24-11.26.18:627][137]LogModuleManager: Shutting down and abandoning module VisualStudioCodeSourceCodeAccess (268)
[2018.09.24-11.26.18:627][137]LogModuleManager: Shutting down and abandoning module UObjectPlugin (266)
[2018.09.24-11.26.18:627][137]LogModuleManager: Shutting down and abandoning module SubversionSourceControl (264)
[2018.09.24-11.26.18:627][137]LogModuleManager: Shutting down and abandoning module PerforceSourceControl (262)
[2018.09.24-11.26.18:642][137]LogModuleManager: Shutting down and abandoning module SourceControl (261)
[2018.09.24-11.26.18:642][137]LogModuleManager: Shutting down and abandoning module CLionSourceCodeAccess (258)
[2018.09.24-11.26.18:642][137]LogModuleManager: Shutting down and abandoning module Game (256)
[2018.09.24-11.26.18:642][137]LogModuleManager: Shutting down and abandoning module RuntimePhysXCooking (254)
[2018.09.24-11.26.18:642][137]LogModuleManager: Shutting down and abandoning module PhysXVehiclesEditor (252)
[2018.09.24-11.26.18:643][137]LogModuleManager: Shutting down and abandoning module PhysXVehicles (250)
[2018.09.24-11.26.18:643][137]LogModuleManager: Shutting down and abandoning module LocationServicesBPLibrary (248)
[2018.09.24-11.26.18:643][137]LogModuleManager: Shutting down and abandoning module ImmediatePhysicsEditor (246)
[2018.09.24-11.26.18:643][137]LogModuleManager: Shutting down and abandoning module ImmediatePhysics (244)
[2018.09.24-11.26.18:643][137]LogModuleManager: Shutting down and abandoning module ActorSequence (242)
[2018.09.24-11.26.18:643][137]LogModuleManager: Shutting down and abandoning module UdpMessaging (240)
[2018.09.24-11.26.18:643][137]LogModuleManager: Shutting down and abandoning module TcpMessaging (238)
[2018.09.24-11.26.18:643][137]LogModuleManager: Shutting down and abandoning module MagicLeapAudio (236)
[2018.09.24-11.26.18:643][137]LogModuleManager: Shutting down and abandoning module GameplayTagsEditor (234)
[2018.09.24-11.26.18:653][137]LogModuleManager: Shutting down and abandoning module FacialAnimation (232)
[2018.09.24-11.26.18:653][137]LogModuleManager: Shutting down and abandoning module DataValidation (230)
[2018.09.24-11.26.18:653][137]LogModuleManager: Shutting down and abandoning module AssetManagerEditor (228)
[2018.09.24-11.26.18:684][137]LogModuleManager: Shutting down and abandoning module TreeMap (227)
[2018.09.24-11.26.18:684][137]LogModuleManager: Shutting down and abandoning module LightPropagationVolumeRuntime (224)
[2018.09.24-11.26.18:684][137]LogModuleManager: Shutting down and abandoning module AISupportModule (222)
[2018.09.24-11.26.18:684][137]LogModuleManager: Shutting down and abandoning module Paper2D (220)
[2018.09.24-11.26.18:684][137]LogModuleManager: Shutting down and abandoning module PIEPreviewDeviceProfileSelector (218)
[2018.09.24-11.26.18:684][137]LogModuleManager: Shutting down and abandoning module WindowsMoviePlayer (216)
[2018.09.24-11.26.18:684][137]LogModuleManager: Shutting down and abandoning module WmfMedia (214)
[2018.09.24-11.26.18:697][137]LogModuleManager: Shutting down and abandoning module Media (213)
[2018.09.24-11.26.18:702][137]LogModuleManager: Shutting down and abandoning module PacketHandler (210)
[2018.09.24-11.26.18:702][137]LogModuleManager: Shutting down and abandoning module ClothingSystemEditor (208)
[2018.09.24-11.26.18:702][137]LogModuleManager: Shutting down and abandoning module ClothingSystemRuntime (206)
[2018.09.24-11.26.18:732][137]LogModuleManager: Shutting down and abandoning module MediaAssets (204)
[2018.09.24-11.26.18:732][137]LogModuleManager: Shutting down and abandoning module Overlay (202)
[2018.09.24-11.26.18:732][137]LogModuleManager: Shutting down and abandoning module OverlayEditor (201)
[2018.09.24-11.26.18:732][137]LogModuleManager: Shutting down and abandoning module VREditor (198)
[2018.09.24-11.26.18:742][137]LogModuleManager: Shutting down and abandoning module StringTableEditor (196)
[2018.09.24-11.26.18:754][137]LogModuleManager: Shutting down and abandoning module GameplayTasksEditor (194)
[2018.09.24-11.26.18:754][137]LogModuleManager: Shutting down and abandoning module BehaviorTreeEditor (192)
[2018.09.24-11.26.18:759][137]LogModuleManager: Shutting down and abandoning module FunctionalTesting (190)
[2018.09.24-11.26.18:760][137]LogModuleManager: Shutting down and abandoning module CollisionAnalyzer (188)
[2018.09.24-11.26.18:760][137]LogModuleManager: Shutting down and abandoning module WorkspaceMenuStructure (187)
[2018.09.24-11.26.18:769][137]LogModuleManager: Shutting down and abandoning module UMG (184)
[2018.09.24-11.26.18:769][137]LogModuleManager: Shutting down and abandoning module UMGEditor (183)
[2018.09.24-11.26.18:782][137]LogModuleManager: Shutting down and abandoning module Sequencer (182)
[2018.09.24-11.26.18:812][137]LogModuleManager: Shutting down and abandoning module MessageLog (179)
[2018.09.24-11.26.18:813][137]LogModuleManager: Shutting down and abandoning module SlateReflector (174)
[2018.09.24-11.26.18:871][137]LogModuleManager: Shutting down and abandoning module Slate (172)
[2018.09.24-11.26.18:871][137]LogModuleManager: Shutting down and abandoning module EditorStyle (170)
[2018.09.24-11.26.18:884][137]LogModuleManager: Shutting down and abandoning module MRMesh (168)
[2018.09.24-11.26.18:884][137]LogModuleManager: Shutting down and abandoning module Messaging (166)
[2018.09.24-11.26.18:884][137]LogModuleManager: Shutting down and abandoning module SourceCodeAccess (164)
[2018.09.24-11.26.18:884][137]LogModuleManager: Shutting down and abandoning module HeadMountedDisplay (162)
[2018.09.24-11.26.18:884][137]LogModuleManager: Shutting down and abandoning module XAudio2 (160)
[2018.09.24-11.26.18:884][137]LogModuleManager: Shutting down and abandoning module Networking (158)
[2018.09.24-11.26.18:884][137]LogModuleManager: Shutting down and abandoning module Core (156)
[2018.09.24-11.26.18:884][137]LogModuleManager: Shutting down and abandoning module LevelSequence (154)
[2018.09.24-11.26.18:884][137]LogModuleManager: Shutting down and abandoning module KismetCompiler (152)
[2018.09.24-11.26.18:884][137]LogModuleManager: Shutting down and abandoning module MeshUtilities (150)
[2018.09.24-11.26.18:918][137]LogModuleManager: Shutting down and abandoning module MeshMergeUtilities (149)
[2018.09.24-11.26.18:918][137]LogModuleManager: Shutting down and abandoning module MeshReductionInterface (148)
[2018.09.24-11.26.18:918][137]LogModuleManager: Shutting down and abandoning module SimplygonSwarm (147)
[2018.09.24-11.26.18:931][137]LogModuleManager: Shutting down and abandoning module ProxyLODMeshReduction (145)
[2018.09.24-11.26.18:963][137]LogModuleManager: Shutting down and abandoning module SimplygonMeshReduction (143)
[2018.09.24-11.26.18:963][137]LogModuleManager: Shutting down and abandoning module QuadricMeshReduction (141)
[2018.09.24-11.26.18:981][137]LogModuleManager: Shutting down and abandoning module MaterialBaking (137)
[2018.09.24-11.26.18:991][137]LogModuleManager: Shutting down and abandoning module DerivedDataCache (132)
[2018.09.24-11.26.19:293][137]LogDerivedDataCache: Shutdown
[2018.09.24-11.26.19:293][137]LogModuleManager: Shutting down and abandoning module XGEController (130)
[2018.09.24-11.26.19:293][137]LogXGEController: Cleaning working directory: C:/Users/Veruska/AppData/Local/Temp/UnrealXGEWorkingDir/
[2018.09.24-11.26.19:293][137]LogModuleManager: Shutting down and abandoning module TargetPlatform (128)
[2018.09.24-11.26.19:293][137]LogModuleManager: Shutting down and abandoning module VulkanShaderFormat (127)
[2018.09.24-11.26.19:293][137]LogModuleManager: Shutting down and abandoning module ShaderFormatVectorVM (125)
[2018.09.24-11.26.19:293][137]LogModuleManager: Shutting down and abandoning module ShaderFormatOpenGL (123)
[2018.09.24-11.26.19:303][137]LogModuleManager: Shutting down and abandoning module ShaderFormatD3D (121)
[2018.09.24-11.26.19:303][137]LogModuleManager: Shutting down and abandoning module MetalShaderFormat (119)
[2018.09.24-11.26.19:311][137]LogModuleManager: Shutting down and abandoning module TextureFormatUncompressed (117)
[2018.09.24-11.26.19:311][137]LogModuleManager: Shutting down and abandoning module TextureFormatPVR (115)
[2018.09.24-11.26.19:311][137]LogModuleManager: Shutting down and abandoning module TextureFormatDXT (113)
[2018.09.24-11.26.19:311][137]LogModuleManager: Shutting down and abandoning module TextureFormatIntelISPCTexComp (111)
[2018.09.24-11.26.19:311][137]LogModuleManager: Shutting down and abandoning module TextureFormatASTC (109)
[2018.09.24-11.26.19:311][137]LogModuleManager: Shutting down and abandoning module ImageWrapper (108)
[2018.09.24-11.26.19:311][137]LogModuleManager: Shutting down and abandoning module TextureFormatAndroid (105)
[2018.09.24-11.26.19:311][137]LogModuleManager: Shutting down and abandoning module AudioFormatOpus (103)
[2018.09.24-11.26.19:311][137]LogModuleManager: Shutting down and abandoning module AudioFormatOgg (101)
[2018.09.24-11.26.19:311][137]LogModuleManager: Shutting down and abandoning module AudioFormatADPCM (99)
[2018.09.24-11.26.19:311][137]LogModuleManager: Shutting down and abandoning module WindowsTargetPlatform (97)
[2018.09.24-11.26.19:311][137]LogModuleManager: Shutting down and abandoning module WindowsServerTargetPlatform (95)
[2018.09.24-11.26.19:311][137]LogModuleManager: Shutting down and abandoning module WindowsNoEditorTargetPlatform (93)
[2018.09.24-11.26.19:311][137]LogModuleManager: Shutting down and abandoning module WindowsClientTargetPlatform (91)
[2018.09.24-11.26.19:311][137]LogModuleManager: Shutting down and abandoning module InputCore (88)
[2018.09.24-11.26.19:311][137]LogModuleManager: Shutting down and abandoning module Settings (86)
[2018.09.24-11.26.19:311][137]LogModuleManager: Shutting down and abandoning module PhysXCooking (84)
[2018.09.24-11.26.19:311][137]LogModuleManager: Shutting down and abandoning module SteamVR (82)
[2018.09.24-11.26.19:311][137]LogModuleManager: Shutting down and abandoning module OculusHMD (80)
[2018.09.24-11.26.19:312][137]LogModuleManager: Shutting down and abandoning module ExampleDeviceProfileSelector (78)
[2018.09.24-11.26.19:312][137]LogModuleManager: Shutting down and abandoning module LauncherChunkInstaller (76)
[2018.09.24-11.26.19:312][137]LogModuleManager: Shutting down and abandoning module OnlineBlueprintSupport (74)
[2018.09.24-11.26.19:312][137]LogModuleManager: Shutting down and abandoning module OnlineSubsystem (70)
[2018.09.24-11.26.19:338][137]LogModuleManager: Shutting down and abandoning module XMPP (65)
[2018.09.24-11.26.19:376][137]LogModuleManager: Shutting down and abandoning module WebSockets (64)
[2018.09.24-11.26.19:437][137]LogModuleManager: Shutting down and abandoning module HTTP (61)
[2018.09.24-11.26.19:476][137]LogModuleManager: Shutting down and abandoning module SSL (60)
[2018.09.24-11.26.19:477][137]LogModuleManager: Shutting down and abandoning module MagicLeapEmulator (56)
[2018.09.24-11.26.19:477][137]LogModuleManager: Shutting down and abandoning module MagicLeapPrivileges (54)
[2018.09.24-11.26.19:477][137]LogModuleManager: Shutting down and abandoning module MagicLeapIdentity (52)
[2018.09.24-11.26.19:477][137]LogModuleManager: Shutting down and abandoning module MagicLeapHelperVulkan (50)
[2018.09.24-11.26.19:477][137]LogModuleManager: Shutting down and abandoning module MagicLeapHelperOpenGL (48)
[2018.09.24-11.26.19:478][137]LogModuleManager: Shutting down and abandoning module MagicLeapSecureStorage (46)
[2018.09.24-11.26.19:478][137]LogModuleManager: Shutting down and abandoning module MagicLeapGestures (44)
[2018.09.24-11.26.19:478][137]LogModuleManager: Shutting down and abandoning module MagicLeapEyeTracker (42)
[2018.09.24-11.26.19:478][137]LogModuleManager: Shutting down and abandoning module MagicLeapController (40)
[2018.09.24-11.26.19:478][137]LogSlate: Slate User Destroyed.  User Index 0, Is Virtual User: 0
[2018.09.24-11.26.19:478][137]LogModuleManager: Shutting down and abandoning module MagicLeap (38)
[2018.09.24-11.26.19:478][137]LogModuleManager: Shutting down and abandoning module AnimationModifiers (36)
[2018.09.24-11.26.19:497][137]LogModuleManager: Shutting down and abandoning module PropertyEditor (35)
[2018.09.24-11.26.19:546][137]LogModuleManager: Shutting down and abandoning module AudioEditor (32)
[2018.09.24-11.26.19:565][137]LogModuleManager: Shutting down and abandoning module TextureCompressor (30)
[2018.09.24-11.26.19:565][137]LogModuleManager: Shutting down and abandoning module ShaderCore (28)
[2018.09.24-11.26.19:565][137]LogModuleManager: Shutting down and abandoning module Landscape (26)
[2018.09.24-11.26.19:565][137]LogModuleManager: Shutting down and abandoning module SlateRHIRenderer (24)
[2018.09.24-11.26.19:575][137]LogModuleManager: Shutting down and abandoning module OpenGLDrv (22)
[2018.09.24-11.26.19:594][137]LogModuleManager: Shutting down and abandoning module D3D11RHI (20)
[2018.09.24-11.26.19:594][137]LogModuleManager: Shutting down and abandoning module AnimGraphRuntime (18)
[2018.09.24-11.26.19:594][137]LogModuleManager: Shutting down and abandoning module Renderer (16)
[2018.09.24-11.26.19:594][137]LogModuleManager: Shutting down and abandoning module Engine (14)
[2018.09.24-11.26.19:594][137]LogModuleManager: Shutting down and abandoning module CoreUObject (12)
[2018.09.24-11.26.19:594][137]LogModuleManager: Shutting down and abandoning module NetworkFile (10)
[2018.09.24-11.26.19:594][137]LogModuleManager: Shutting down and abandoning module CookedIterativeFile (8)
[2018.09.24-11.26.19:594][137]LogModuleManager: Shutting down and abandoning module StreamingFile (6)
[2018.09.24-11.26.19:594][137]LogModuleManager: Shutting down and abandoning module SandboxFile (4)
[2018.09.24-11.26.19:594][137]LogModuleManager: Shutting down and abandoning module PakFile (2)
[2018.09.24-11.26.19:598][137]LogExit: Exiting.
[2018.09.24-11.26.19:609][137]Log file closed, 09/24/18 13:26:19
