Log file open, 09/17/18 08:49:34
LogWindows: Failed to load 'aqProf.dll' (GetLastError=126)
LogWindows: File 'aqProf.dll' does not exist
LogWindows: Failed to load 'VSPerf140.dll' (GetLastError=126)
LogWindows: File 'VSPerf140.dll' does not exist
LogWindows: Failed to load 'VtuneApi.dll' (GetLastError=126)
LogWindows: File 'VtuneApi.dll' does not exist
LogWindows: Failed to load 'VtuneApi32e.dll' (GetLastError=126)
LogWindows: File 'VtuneApi32e.dll' does not exist
LogInit: Display: Running engine for game: Game
LogPlatformFile: Not using cached read wrapper
LogTaskGraph: Started task graph with 5 named threads and 11 total threads with 3 sets of task threads.
LogStats: Stats thread started at 9.759956
LogD3D11RHI: Loaded GFSDK_Aftermath_Lib.x64.dll
LogICUInternationalization: Display: ICU TimeZone Detection - Raw Offset: +1:00, Platform Override: ''
LogPluginManager: Mounting plugin Paper2D
LogPluginManager: Mounting plugin AISupport
LogPluginManager: Mounting plugin LightPropagationVolume
LogPluginManager: Mounting plugin CLionSourceCodeAccess
LogPluginManager: Mounting plugin CodeLiteSourceCodeAccess
LogPluginManager: Mounting plugin GitSourceControl
LogPluginManager: Mounting plugin KDevelopSourceCodeAccess
LogPluginManager: Mounting plugin NullSourceCodeAccess
LogPluginManager: Mounting plugin PerforceSourceControl
LogPluginManager: Mounting plugin SubversionSourceControl
LogPluginManager: Mounting plugin UObjectPlugin
LogPluginManager: Mounting plugin VisualStudioCodeSourceCodeAccess
LogPluginManager: Mounting plugin VisualStudioSourceCodeAccess
LogPluginManager: Mounting plugin XCodeSourceCodeAccess
LogPluginManager: Mounting plugin AssetManagerEditor
LogPluginManager: Mounting plugin CryptoKeys
LogPluginManager: Mounting plugin DataValidation
LogPluginManager: Mounting plugin FacialAnimation
LogPluginManager: Mounting plugin GameplayTagsEditor
LogPluginManager: Mounting plugin MacGraphicsSwitching
LogPluginManager: Mounting plugin MeshEditor
LogPluginManager: Mounting plugin MobileLauncherProfileWizard
LogPluginManager: Mounting plugin PluginBrowser
LogPluginManager: Mounting plugin SpeedTreeImporter
LogPluginManager: Mounting plugin DatasmithContent
LogPluginManager: Mounting plugin AlembicImporter
LogPluginManager: Mounting plugin AppleImageUtils
LogPluginManager: Mounting plugin AppleVision
LogPluginManager: Mounting plugin BackChannel
LogPluginManager: Mounting plugin CharacterAI
LogPluginManager: Mounting plugin GeometryCache
LogPluginManager: Mounting plugin HTML5Networking
LogPluginManager: Mounting plugin ProxyLODPlugin
LogPluginManager: Mounting plugin MagicLeap
LogPluginManager: Mounting plugin MagicLeapEmulator
LogPluginManager: Mounting plugin MagicLeapMedia
LogPluginManager: Mounting plugin AndroidMedia
LogPluginManager: Mounting plugin AvfMedia
LogPluginManager: Mounting plugin ImgMedia
LogPluginManager: Mounting plugin LinearTimecode
LogPluginManager: Mounting plugin MediaCompositing
LogPluginManager: Mounting plugin MediaPlayerEditor
LogPluginManager: Mounting plugin WmfMedia
LogPluginManager: Mounting plugin TcpMessaging
LogPluginManager: Mounting plugin UdpMessaging
LogPluginManager: Mounting plugin ActorSequence
LogPluginManager: Mounting plugin LevelSequenceEditor
LogPluginManager: Mounting plugin MatineeToLevelSequence
LogPluginManager: Mounting plugin NetcodeUnitTest
LogPluginManager: Mounting plugin NUTUnrealEngine4
LogPluginManager: Mounting plugin OnlineSubsystemGooglePlay
LogPluginManager: Mounting plugin OnlineSubsystemIOS
LogPluginManager: Mounting plugin OnlineSubsystem
LogPluginManager: Mounting plugin OnlineSubsystemNull
LogPluginManager: Mounting plugin OnlineSubsystemUtils
LogPluginManager: Mounting plugin LauncherChunkInstaller
LogPluginManager: Mounting plugin AndroidDeviceProfileSelector
LogPluginManager: Mounting plugin AndroidMoviePlayer
LogPluginManager: Mounting plugin AndroidPermission
LogPluginManager: Mounting plugin AppleMoviePlayer
LogPluginManager: Mounting plugin ArchVisCharacter
LogPluginManager: Mounting plugin AudioCapture
LogPluginManager: Mounting plugin CableComponent
LogPluginManager: Mounting plugin CustomMeshComponent
LogPluginManager: Mounting plugin EditableMesh
LogPluginManager: Mounting plugin ExampleDeviceProfileSelector
LogPluginManager: Mounting plugin GoogleCloudMessaging
LogPluginManager: Mounting plugin ImmediatePhysics
LogPluginManager: Mounting plugin IOSDeviceProfileSelector
LogPluginManager: Mounting plugin LinuxDeviceProfileSelector
LogPluginManager: Mounting plugin LocationServicesBPLibrary
LogPluginManager: Mounting plugin MobilePatchingUtils
LogPluginManager: Mounting plugin OculusVR
LogPluginManager: Plugin shader directory ../../../Engine/Plugins/Runtime/Oculus/OculusVR/Shaders found
LogPluginManager: Mapping shader source directory ../../../Engine/Plugins/Runtime/Oculus/OculusVR/Shaders to virtual directory /Plugin/OculusVR
LogPluginManager: Mounting plugin PhysXVehicles
LogPluginManager: Mounting plugin ProceduralMeshComponent
LogPluginManager: Mounting plugin RuntimePhysXCooking
LogPluginManager: Mounting plugin SteamVR
LogPluginManager: Mounting plugin WindowsMoviePlayer
LogStreaming: Display: Took  0.392s to configure plugins.
LogInit: Using libcurl 7.55.1-DEV
LogInit:  - built for x86_64-pc-win32
LogInit:  - supports SSL with OpenSSL/1.0.2h
LogInit:  - supports HTTP deflate (compression) using libz 1.2.8
LogInit:  - other features:
LogInit:      CURL_VERSION_SSL
LogInit:      CURL_VERSION_LIBZ
LogInit:      CURL_VERSION_IPV6
LogInit:      CURL_VERSION_ASYNCHDNS
LogInit:      CURL_VERSION_LARGEFILE
LogInit:      CURL_VERSION_IDN
LogInit:  CurlRequestOptions (configurable via config and command line):
LogInit:  - bVerifyPeer = false  - Libcurl will NOT verify peer certificate
LogInit:  - bUseHttpProxy = false  - Libcurl will NOT use HTTP proxy
LogInit:  - bDontReuseConnections = false  - Libcurl will reuse connections
LogInit:  - CertBundlePath = nullptr  - Libcurl will use whatever was configured at build time.
LogInit:  - MaxHostConnections = 16  - Libcurl will limit the number of connections to a host
LogInit:  - LocalHostAddr = Default
LogInit:  - BufferSize = 65536
LogInit: WinSock: version 1.1 (2.2), MaxSocks=32767, MaxUdp=65467
LogInit: Build: ++UE4+Release-4.20-CL-4302132
LogInit: Engine Version: 4.20.2-4302132+++UE4+Release-4.20
LogInit: Compatible Engine Version: 4.20.0-4212847+++UE4+Release-4.20
LogInit: Net CL: 4212847
LogInit: OS: Windows 10 (), CPU: Intel(R) Core(TM) i5-7200U CPU @ 2.50GHz, GPU: Intel(R) HD Graphics 620
LogInit: Compiled (64-bit): Aug 21 2018 02:06:06
LogInit: Compiled with Visual C++: 19.13.26129.00
LogInit: Build Configuration: Development
LogInit: Branch Name: ++UE4+Release-4.20
LogInit: Command Line: 
LogInit: Base Directory: E:/Epic Games Launcher/Unreal Engine/UE_4.20/Engine/Binaries/Win64/
LogInit: Installed Engine Build: 1
LogDevObjectVersion: Number of dev versions registered: 20
LogDevObjectVersion:   Dev-Blueprints (B0D832E4-1F89-4F0D-ACCF-7EB736FD4AA2): 10
LogDevObjectVersion:   Dev-Build (E1C64328-A22C-4D53-A36C-8E866417BD8C): 0
LogDevObjectVersion:   Dev-Core (375EC13C-06E4-48FB-B500-84F0262A717E): 2
LogDevObjectVersion:   Dev-Editor (E4B068ED-F494-42E9-A231-DA0B2E46BB41): 24
LogDevObjectVersion:   Dev-Framework (CFFC743F-43B0-4480-9391-14DF171D2073): 34
LogDevObjectVersion:   Dev-Mobile (B02B49B5-BB20-44E9-A304-32B752E40360): 2
LogDevObjectVersion:   Dev-Networking (A4E4105C-59A1-49B5-A7C5-40C4547EDFEE): 0
LogDevObjectVersion:   Dev-Online (39C831C9-5AE6-47DC-9A44-9C173E1C8E7C): 0
LogDevObjectVersion:   Dev-Physics (78F01B33-EBEA-4F98-B9B4-84EACCB95AA2): 0
LogDevObjectVersion:   Dev-Platform (6631380F-2D4D-43E0-8009-CF276956A95A): 0
LogDevObjectVersion:   Dev-Rendering (12F88B9F-8875-4AFC-A67C-D90C383ABD29): 26
LogDevObjectVersion:   Dev-Sequencer (7B5AE74C-D270-4C10-A958-57980B212A5A): 9
LogDevObjectVersion:   Dev-VR (D7296918-1DD6-4BDD-9DE2-64A83CC13884): 2
LogDevObjectVersion:   Dev-LoadTimes (C2A15278-BFE7-4AFE-6C17-90FF531DF755): 1
LogDevObjectVersion:   Private-Geometry (6EACA3D4-40EC-4CC1-B786-8BED09428FC5): 3
LogDevObjectVersion:   Dev-AnimPhys (29E575DD-E0A3-4627-9D10-D276232CDCEA): 17
LogDevObjectVersion:   Dev-ReflectionCapture (6B266CEC-1EC7-4B8F-A30B-E4D90942FC07): 1
LogDevObjectVersion:   Dev-Automation (0DF73D61-A23F-47EA-B727-89E90C41499A): 1
LogDevObjectVersion:   FortniteMain (601D1886-AC64-4F84-AA16-D3DE0DEAC7D6): 12
LogDevObjectVersion:   Dev-Enterprise (9DFFBCD6-494F-0158-E221-12823C92A888): 1
LogStreaming: Display: Took  0.031s to delete old logs.
LogInit: Presizing for max 8388607 objects, including 0 objects not considered by GC, pre-allocating 0 bytes for permanent pool.
LogInit: Object subsystem initialized
[2018.09.17-06.49.38:237][  0]LogInit: Selected Device Profile: [Windows]
[2018.09.17-06.49.38:237][  0]LogInit: Applying CVar settings loaded from the selected device profile: [Windows]
[2018.09.17-06.49.38:266][  0]LogHAL: Display: Platform has ~ 12 GB [12783316992 / 17179869184 / 12], which maps to Larger [LargestMinGB=32, LargerMinGB=12, DefaultMinGB=8, SmallerMinGB=6, SmallestMinGB=0)
[2018.09.17-06.49.38:270][  0]LogInit: Setting Device Profile CVar: [[r.Vulkan.UseRealUBs:1]]
[2018.09.17-06.49.38:280][  0]LogInit: Going up to parent DeviceProfile []
[2018.09.17-06.49.38:327][  0]LogInit: Computer: ERGON-946
[2018.09.17-06.49.38:327][  0]LogInit: User: ERGON946
[2018.09.17-06.49.38:327][  0]LogInit: CPU Page size=4096, Cores=2
[2018.09.17-06.49.38:327][  0]LogInit: High frequency timer resolution =2.648441 MHz
[2018.09.17-06.49.38:328][  0]LogMemory: Memory total: Physical=11.9GB (12GB approx)
[2018.09.17-06.49.38:328][  0]LogMemory: Platform Memory Stats for Windows
[2018.09.17-06.49.38:328][  0]LogMemory: Process Physical Memory: 100.64 MB used, 100.64 MB peak
[2018.09.17-06.49.38:328][  0]LogMemory: Process Virtual Memory: 91.98 MB used, 91.98 MB peak
[2018.09.17-06.49.38:328][  0]LogMemory: Physical Memory: 5589.67 MB used,  6601.45 MB free, 12191.12 MB total
[2018.09.17-06.49.38:328][  0]LogMemory: Virtual Memory: 4624.27 MB used,  6601.45 MB free, 134217728.00 MB total
[2018.09.17-06.49.39:451][  0]LogInit: Using OS detected language (it-IT).
[2018.09.17-06.49.39:451][  0]LogInit: Using OS detected locale (it-IT).
[2018.09.17-06.49.39:564][  0]LogTextLocalizationManager: No specific localization for 'it-IT' exists, so the 'it' localization will be used.
[2018.09.17-06.49.39:733][  0]LogStreaming: Display: Took  0.263s to InitEngineTextLocalization.
[2018.09.17-06.49.39:748][  0]LogInit: Setting process to per monitor DPI aware
[2018.09.17-06.49.40:788][  0]LogSlate: New Slate User Created.  User Index 0, Is Virtual User: 0
[2018.09.17-06.49.40:788][  0]LogSlate: Slate User Registered.  User Index 0, Is Virtual User: 0
[2018.09.17-06.49.42:225][  0]LogHMD: Failed to initialize OpenVR with code 110
[2018.09.17-06.49.42:225][  0]LogD3D11RHI: D3D11 adapters:
[2018.09.17-06.49.42:245][  0]LogD3D11RHI:    0. 'Intel(R) HD Graphics 620' (Feature Level 11_0)
[2018.09.17-06.49.42:246][  0]LogD3D11RHI:       128/0/6095 MB DedicatedVideo/DedicatedSystem/SharedSystem, Outputs:1, VendorId:0x8086
[2018.09.17-06.49.42:249][  0]LogD3D11RHI:    1. 'Microsoft Basic Render Driver' (Feature Level 11_0)
[2018.09.17-06.49.42:249][  0]LogD3D11RHI:       0/0/6095 MB DedicatedVideo/DedicatedSystem/SharedSystem, Outputs:0, VendorId:0x1414
[2018.09.17-06.49.42:249][  0]LogD3D11RHI: Chosen D3D11 Adapter: 0
[2018.09.17-06.49.42:258][  0]LogD3D11RHI: Creating new Direct3DDevice
[2018.09.17-06.49.42:259][  0]LogD3D11RHI:     GPU DeviceId: 0x5916 (for the marketing name, search the web for "GPU Device Id")
[2018.09.17-06.49.42:293][  0]LogWindows: EnumDisplayDevices:
[2018.09.17-06.49.42:293][  0]LogWindows:    0. 'Intel(R) HD Graphics 620' (P:1 D:1)
[2018.09.17-06.49.42:294][  0]LogWindows:    1. 'Intel(R) HD Graphics 620' (P:0 D:0)
[2018.09.17-06.49.42:294][  0]LogWindows:    2. 'Intel(R) HD Graphics 620' (P:0 D:0)
[2018.09.17-06.49.42:294][  0]LogWindows: DebugString: FoundDriverCount:3 
[2018.09.17-06.49.42:294][  0]LogD3D11RHI:     Adapter Name: Intel(R) HD Graphics 620
[2018.09.17-06.49.42:294][  0]LogD3D11RHI:   Driver Version: 23.20.16.4973 (internal:23.20.16.4973, unified:23.20.16.4973)
[2018.09.17-06.49.42:294][  0]LogD3D11RHI:      Driver Date: 2-28-2018
[2018.09.17-06.49.42:294][  0]LogRHI: Texture pool is 1523 MB (70% of 2176 MB)
[2018.09.17-06.49.42:311][  0]LogD3D11RHI: Async texture creation enabled
[2018.09.17-06.49.42:639][  0]LogD3D11RHI: GPU Timing Frequency: 12.000048 (Debug: 2 0)
[2018.09.17-06.49.42:742][  0]LogShaderCompilers: Guid format shader working directory is 18 characters bigger than the processId version (../../../../../../The game/Game/Intermediate/Shaders/WorkingDirectory/14976/).
[2018.09.17-06.49.42:742][  0]LogShaderCompilers: Cleaned the shader compiler working directory 'C:/Users/ERGON.946/AppData/Local/Temp/UnrealShaderWorkingDir/EAED2DFA4FAFB166EB45228EDEA38DF6/'.
[2018.09.17-06.49.44:595][  0]LogTemp: Display: Loaded TP AllDesktopTargetPlatform
[2018.09.17-06.49.44:637][  0]LogTemp: Display: Loaded TP MacClientTargetPlatform
[2018.09.17-06.49.44:666][  0]LogTemp: Display: Loaded TP MacNoEditorTargetPlatform
[2018.09.17-06.49.44:689][  0]LogTemp: Display: Loaded TP MacServerTargetPlatform
[2018.09.17-06.49.44:728][  0]LogTemp: Display: Loaded TP MacTargetPlatform
[2018.09.17-06.49.44:772][  0]LogTemp: Display: Loaded TP WindowsClientTargetPlatform
[2018.09.17-06.49.44:849][  0]LogTemp: Display: Loaded TP WindowsNoEditorTargetPlatform
[2018.09.17-06.49.44:879][  0]LogTemp: Display: Loaded TP WindowsServerTargetPlatform
[2018.09.17-06.49.44:890][  0]LogTemp: Display: Loaded TP WindowsTargetPlatform
[2018.09.17-06.49.45:072][  0]LogTemp: Display: Loaded TP AndroidTargetPlatform
[2018.09.17-06.49.45:072][  0]LogTemp: Display: Loaded TP AndroidTargetPlatform
[2018.09.17-06.49.45:072][  0]LogTemp: Display: Loaded TP AndroidTargetPlatform
[2018.09.17-06.49.45:072][  0]LogTemp: Display: Loaded TP AndroidTargetPlatform
[2018.09.17-06.49.45:072][  0]LogTemp: Display: Loaded TP AndroidTargetPlatform
[2018.09.17-06.49.45:072][  0]LogTemp: Display: Loaded TP AndroidTargetPlatform
[2018.09.17-06.49.45:072][  0]LogTemp: Display: Loaded TP AndroidTargetPlatform
[2018.09.17-06.49.45:072][  0]LogTemp: Display: Loaded TP AndroidTargetPlatform
[2018.09.17-06.49.45:072][  0]LogTemp: Display: Loaded TP AndroidTargetPlatform
[2018.09.17-06.49.45:072][  0]LogTemp: Display: Loaded TP AndroidTargetPlatform
[2018.09.17-06.49.45:072][  0]LogTemp: Display: Loaded TP AndroidTargetPlatform
[2018.09.17-06.49.45:072][  0]LogTemp: Display: Loaded TP AndroidTargetPlatform
[2018.09.17-06.49.45:072][  0]LogTemp: Display: Loaded TP AndroidTargetPlatform
[2018.09.17-06.49.45:073][  0]LogTemp: Display: Loaded TP AndroidTargetPlatform
[2018.09.17-06.49.45:073][  0]LogTemp: Display: Loaded TP AndroidTargetPlatform
[2018.09.17-06.49.45:073][  0]LogTemp: Display: Loaded TP AndroidTargetPlatform
[2018.09.17-06.49.45:073][  0]LogTemp: Display: Loaded TP AndroidTargetPlatform
[2018.09.17-06.49.45:073][  0]LogTemp: Display: Loaded TP AndroidTargetPlatform
[2018.09.17-06.49.45:104][  0]LogTemp: Display: Loaded TP HTML5TargetPlatform
[2018.09.17-06.49.45:299][  0]LogTemp: Display: Loaded TP IOSTargetPlatform
[2018.09.17-06.49.45:299][  0]LogTemp: Display: Loaded TP IOSTargetPlatform
[2018.09.17-06.49.45:342][  0]LogTemp: Display: Loaded TP TVOSTargetPlatform
[2018.09.17-06.49.45:342][  0]LogTemp: Display: Loaded TP TVOSTargetPlatform
[2018.09.17-06.49.45:381][  0]LogTemp: Display: Loaded TP LinuxClientTargetPlatform
[2018.09.17-06.49.45:406][  0]LogTemp: Display: Loaded TP LinuxNoEditorTargetPlatform
[2018.09.17-06.49.45:456][  0]LogTemp: Display: Loaded TP LinuxServerTargetPlatform
[2018.09.17-06.49.45:485][  0]LogTemp: Display: Loaded TP LinuxTargetPlatform
[2018.09.17-06.49.45:503][  0]LogTemp: Display: Loaded TP LuminTargetPlatform
[2018.09.17-06.49.45:503][  0]LogTargetPlatformManager: Display: Building Assets For Windows
[2018.09.17-06.49.46:407][  0]LogXGEController: Cleaning working directory: C:/Users/ERGON.946/AppData/Local/Temp/UnrealXGEWorkingDir/
[2018.09.17-06.49.46:408][  0]LogXGEController: Cannot use XGE Controller as Incredibuild is not installed on this machine.
[2018.09.17-06.49.46:408][  0]LogShaderCompilers: Cannot use XGE Shader Compiler as Incredibuild is not installed on this machine.
[2018.09.17-06.49.46:408][  0]LogShaderCompilers: Display: Using Local Shader Compiler.
[2018.09.17-06.49.50:580][  0]LogDerivedDataCache: Display: Max Cache Size: 512 MB
[2018.09.17-06.49.50:952][  0]LogDerivedDataCache: Loaded boot cache 0.37s 87MB C:/Users/ERGON.946/AppData/Local/UnrealEngine/4.20/DerivedDataCache/Boot.ddc.
[2018.09.17-06.49.50:953][  0]LogDerivedDataCache: Display: Loaded Boot cache: C:/Users/ERGON.946/AppData/Local/UnrealEngine/4.20/DerivedDataCache/Boot.ddc
[2018.09.17-06.49.50:953][  0]LogDerivedDataCache: FDerivedDataBackendGraph:  Pak pak cache file ../../../../../../The game/Game/DerivedDataCache/DDC.ddp not found, will not use a pak cache.
[2018.09.17-06.49.50:953][  0]LogDerivedDataCache: Unable to find inner node Pak for hierarchical cache Hierarchy.
[2018.09.17-06.49.50:953][  0]LogDerivedDataCache: FDerivedDataBackendGraph:  CompressedPak pak cache file ../../../../../../The game/Game/DerivedDataCache/Compressed.ddp not found, will not use a pak cache.
[2018.09.17-06.49.50:953][  0]LogDerivedDataCache: Unable to find inner node CompressedPak for hierarchical cache Hierarchy.
[2018.09.17-06.49.51:058][  0]LogDerivedDataCache: Display: Pak cache opened for reading ../../../Engine/DerivedDataCache/Compressed.ddp.
[2018.09.17-06.49.51:072][  0]LogDerivedDataCache: Using Local data cache path C:/Users/ERGON.946/AppData/Local/UnrealEngine/Common/DerivedDataCache: Writable
[2018.09.17-06.49.51:072][  0]LogDerivedDataCache: Shared data cache path not found in *engine.ini, will not use an Shared cache.
[2018.09.17-06.49.51:072][  0]LogDerivedDataCache: Unable to find inner node Shared for hierarchical cache Hierarchy.
[2018.09.17-06.49.51:145][  0]LogMaterial: Verifying Global Shaders for PCD3D_SM5
[2018.09.17-06.49.51:233][  0]LogSlate: Using FreeType 2.6.0
[2018.09.17-06.49.51:397][  0]LogSlate: SlateFontServices - WITH_FREETYPE: 1, WITH_HARFBUZZ: 1
[2018.09.17-06.49.53:379][  0]LogAssetRegistry: FAssetRegistry took 0.0502 seconds to start up
[2018.09.17-06.49.58:141][  0]LogInit: Selected Device Profile: [Windows]
[2018.09.17-06.50.02:763][  0]LogSimplygon: Simplygon DLL not present - disabling.
[2018.09.17-06.50.03:092][  0]LogMeshReduction: Using SimplygonSwarm for distributed automatic mesh merging
[2018.09.17-06.50.03:094][  0]LogMeshReduction: Using ProxyLODMeshReduction for automatic mesh merging
[2018.09.17-06.50.03:135][  0]LogMeshReduction: Using QuadricMeshReduction for automatic static mesh reduction
[2018.09.17-06.50.03:135][  0]LogMeshReduction: No automatic skeletal mesh reduction module available
[2018.09.17-06.50.03:685][  0]LogNetVersion: Game 1.0.0, NetCL: 4212847, EngineNetVer: 5, GameNetVer: 0 (Checksum: 4261265131)
[2018.09.17-06.50.11:100][  0]LogPackageLocalizationCache: Processed 11 localized package path(s) for 2 prioritized culture(s) in 0.283045 seconds
[2018.09.17-06.50.11:157][  0]LogUObjectArray: 38425 objects as part of root set at end of initial load.
[2018.09.17-06.50.11:157][  0]LogUObjectAllocator: 6690872 out of 0 bytes used by permanent object pool.
[2018.09.17-06.50.11:157][  0]LogUObjectArray: CloseDisregardForGC: 0/0 objects in disregard for GC pool
[2018.09.17-06.51.07:354][  0]LogTcpMessaging: Initializing TcpMessaging bridge
[2018.09.17-06.51.07:408][  0]LogUdpMessaging: Initializing bridge on interface 0.0.0.0:0 to multicast group 230.0.0.1:6666.
[2018.09.17-06.51.10:904][  0]SourceControl: Source control is disabled
[2018.09.17-06.51.10:933][  0]SourceControl: Source control is disabled
[2018.09.17-06.51.11:115][  0]SourceControl: Source control is disabled
[2018.09.17-06.51.11:199][  0]SourceControl: Source control is disabled
[2018.09.17-06.51.15:345][  0]LogAndroidPermission: UAndroidPermissionCallbackProxy::GetInstance
[2018.09.17-06.51.15:808][  0]LogOcInput: OculusInput pre-init called
[2018.09.17-06.51.17:553][  0]LogEngine: Initializing Engine...
[2018.09.17-06.51.17:617][  0]LogHMD: Failed to initialize OpenVR with code 110
[2018.09.17-06.51.17:688][  0]LogStats: UGameplayTagsManager::ConstructGameplayTagTree: ImportINI prefixes -  0.001 s
[2018.09.17-06.51.17:688][  0]LogStats: UGameplayTagsManager::ConstructGameplayTagTree: Construct from data asset -  0.000 s
[2018.09.17-06.51.17:689][  0]LogStats: UGameplayTagsManager::ConstructGameplayTagTree: ImportINI -  0.000 s
[2018.09.17-06.51.17:689][  0]LogStats: UGameplayTagsManager::ConstructGameplayTagTree: GameplayTagTreeChangedEvent.Broadcast -  0.000 s
[2018.09.17-06.51.19:932][  0]LogInit: Initializing FReadOnlyCVARCache
[2018.09.17-06.51.21:433][  0]LogAIModule: Creating AISystem for world Untitled
[2018.09.17-06.51.21:940][  0]LogInit: XAudio2 using 'Altoparlanti (Conexant SmartAudio HD)' : 2 channels at 48 kHz using 32 bits per sample (channel mask 0x3)
[2018.09.17-06.51.22:117][  0]LogInit: FAudioDevice initialized.
[2018.09.17-06.51.22:117][  0]LogNetVersion: Set ProjectVersion to 1.0.0.0. Version Checksum will be recalculated on next use.
[2018.09.17-06.51.22:201][  0]LogDerivedDataCache: Saved boot cache 0.08s 87MB C:/Users/ERGON.946/AppData/Local/UnrealEngine/4.20/DerivedDataCache/Boot.ddc.
[2018.09.17-06.51.22:203][  0]LogInit: Texture streaming: Enabled
[2018.09.17-06.51.23:393][  0]LogEngineSessionManager: EngineSessionManager initialized
[2018.09.17-06.51.24:033][  0]LogInit: Transaction tracking system initialized
[2018.09.17-06.51.26:510][  0]BlueprintLog: New page: Editor Load
[2018.09.17-06.51.28:035][  0]LocalizationService: Localization service is disabled
[2018.09.17-06.51.34:099][  0]LogFileCache: Scanning file cache for directory 'E:/The game/Game/Content/' took 0.03s
[2018.09.17-06.51.34:099][  0]LogCook: Display: Max memory allowance for cook 16384mb min free memory 0mb
[2018.09.17-06.51.34:131][  0]LogCook: Display: Mobile HDR setting 1
[2018.09.17-06.51.34:187][  0]LogGameplayTags: Display: UGameplayTagsManager::DoneAddingNativeTags. DelegateIsBound: 0
[2018.09.17-06.51.34:188][  0]LogStats: UGameplayTagsManager::ConstructGameplayTagTree: ImportINI prefixes -  0.000 s
[2018.09.17-06.51.34:188][  0]LogStats: UGameplayTagsManager::ConstructGameplayTagTree: Construct from data asset -  0.000 s
[2018.09.17-06.51.34:189][  0]LogStats: UGameplayTagsManager::ConstructGameplayTagTree: ImportINI -  0.000 s
[2018.09.17-06.51.34:189][  0]LogStats: UGameplayTagsManager::ConstructGameplayTagTree: GameplayTagTreeChangedEvent.Broadcast -  0.000 s
[2018.09.17-06.51.42:818][  0]SourceControl: Source control is disabled
[2018.09.17-06.51.42:853][  0]Cmd: MAP LOAD FILE="../../../../../../The game/Game/Content/Mappa/Castello.umap" TEMPLATE=0 SHOWPROGRESS=1 FEATURELEVEL=3
[2018.09.17-06.51.42:909][  0]LightingResults: New page: Lighting Build
[2018.09.17-06.51.43:342][  0]MapCheck: New page: Map Check
[2018.09.17-06.51.43:342][  0]LightingResults: New page: Lighting Build
[2018.09.17-06.51.51:119][  0]LogTexture: Display: Building textures: legna (AutoDXT, 48X48)
[2018.09.17-06.51.51:119][  0]LogTexture: Display: Building textures: legno (AutoDXT, 700X588)
[2018.09.17-06.51.51:119][  0]LogTexture: Display: Building textures: ferro (AutoDXT, 48X48)
[2018.09.17-06.51.51:119][  0]LogTexture: Display: Building textures: acqua (AutoDXT, 48X48)
[2018.09.17-06.51.51:119][  0]LogTexture: Display: Building textures: Castello (AutoDXT, 128X128)
[2018.09.17-06.51.51:119][  0]LogTexture: Display: Building textures: FruttoDellaVita (AutoDXT, 48X48)
[2018.09.17-06.51.51:119][  0]LogTexture: Display: Building textures: esciInventario (AutoDXT, 80X80)
[2018.09.17-06.51.51:120][  0]LogTexture: Display: Building textures: Sasso (AutoDXT, 48X48)
[2018.09.17-06.51.51:120][  0]LogTexture: Display: Building textures: pane (AutoDXT, 48X48)
[2018.09.17-06.51.51:120][  0]LogTexture: Display: Building textures: HQ_Lightmap1_1 (AutoDXT, 512X512)
[2018.09.17-06.51.51:120][  0]LogTexture: Display: Building textures: Terreno (AutoDXT, 900X900)
[2018.09.17-06.51.51:218][  0]LogTexture: Display: Building textures: HQ_Lightmap1_2 (AutoDXT, 64X64)
[2018.09.17-06.51.51:218][  0]LogTexture: Display: Building textures: LQ_Lightmap_1_1 (DXT1, 512X512)
[2018.09.17-06.51.51:496][  0]LogTexture: Display: Building textures: LQ_Lightmap_1_2 (DXT1, 64X64)
[2018.09.17-06.51.51:497][  0]LogTexture: Display: Building textures: ShadowMapTexture2D_2 (G8, 1024X128)
[2018.09.17-06.51.51:497][  0]LogTexture: Display: Building textures: ShadowMapTexture2D_3 (G8, 32X32)
[2018.09.17-06.51.51:497][  0]LogStaticMesh: Building static mesh ARMAdietto_Cube_007...
[2018.09.17-06.51.51:628][  0]LogTexture: Display: Building textures: Mettallo-texture_Tecnico-Pos-1024x1024 (AutoDXT, 1024X1024)
[2018.09.17-06.51.51:628][  0]LogStaticMesh: Built static mesh [0.13s] /Game/MappaCastello/Oggetti/Castello/Elementi/Entrata/Armadietto/ARMAdietto_Cube_007.ARMAdietto_Cube_007
[2018.09.17-06.51.51:794][  0]LogStaticMesh: Building static mesh ARMAdietto_Cube_002...
[2018.09.17-06.51.51:816][  0]LogStaticMesh: Built static mesh [0.02s] /Game/MappaCastello/Oggetti/Castello/Elementi/Entrata/Armadietto/ARMAdietto_Cube_002.ARMAdietto_Cube_002
[2018.09.17-06.51.51:825][  0]LogStaticMesh: Building static mesh Armadietto_Orto_Cube_006...
[2018.09.17-06.51.51:859][  0]LogStaticMesh: Built static mesh [0.03s] /Game/MappaCastello/Oggetti/Castello/Elementi/Orto/Armadietto/Armadietto_Orto_Cube_006.Armadietto_Orto_Cube_006
[2018.09.17-06.51.51:872][  0]LogStaticMesh: Building static mesh Armadietto_Orto_Cube_007...
[2018.09.17-06.51.51:903][  0]LogStaticMesh: Built static mesh [0.03s] /Game/MappaCastello/Oggetti/Castello/Elementi/Orto/Armadietto/Armadietto_Orto_Cube_007.Armadietto_Orto_Cube_007
[2018.09.17-06.51.51:909][  0]LogStaticMesh: Building static mesh Armadietto_Orto_Cube...
[2018.09.17-06.51.51:930][  0]LogStaticMesh: Built static mesh [0.02s] /Game/MappaCastello/Oggetti/Castello/Elementi/Orto/Armadietto/Armadietto_Orto_Cube.Armadietto_Orto_Cube
[2018.09.17-06.51.51:997][  0]LogStaticMesh: Building static mesh Leva_Cylinder...
[2018.09.17-06.51.52:023][  0]LogStaticMesh: Built static mesh [0.03s] /Game/MappaCastello/Oggetti/Castello/Elementi/Entrata/Leva/Leva_Cylinder.Leva_Cylinder
[2018.09.17-06.51.52:033][  0]LogStaticMesh: Building static mesh Leva_Sphere...
[2018.09.17-06.51.52:070][  0]LogStaticMesh: Built static mesh [0.04s] /Game/MappaCastello/Oggetti/Castello/Elementi/Entrata/Leva/Leva_Sphere.Leva_Sphere
[2018.09.17-06.51.52:075][  0]LogStaticMesh: Building static mesh Mensola...
[2018.09.17-06.51.52:084][  0]LogStaticMesh: Built static mesh [0.01s] /Game/MappaCastello/Oggetti/Castello/Elementi/Orto/Mensola.Mensola
[2018.09.17-06.51.52:098][  0]LogStaticMesh: Building static mesh Orto_Cube_005...
[2018.09.17-06.51.52:182][  0]LogStaticMesh: Built static mesh [0.08s] /Game/MappaCastello/Oggetti/Castello/Elementi/Orto/Orto/Orto_Cube_005.Orto_Cube_005
[2018.09.17-06.51.52:187][  0]LogStaticMesh: Building static mesh Orto_Plane...
[2018.09.17-06.51.52:203][  0]LogStaticMesh: Built static mesh [0.02s] /Game/MappaCastello/Oggetti/Castello/Elementi/Orto/Orto/Orto_Plane.Orto_Plane
[2018.09.17-06.51.52:209][  0]LogStaticMesh: Building static mesh porta...
[2018.09.17-06.51.52:269][  0]LogStaticMesh: Built static mesh [0.06s] /Game/MappaCastello/Oggetti/Castello/Elementi/Entrata/PortaEntrata/porta.porta
[2018.09.17-06.51.52:273][  0]LogStaticMesh: Building static mesh StanzaGenerica...
[2018.09.17-06.51.52:293][  0]LogStaticMesh: Built static mesh [0.02s] /Game/MappaCastello/Oggetti/Castello/Elementi/Entrata/StanzaGenerica.StanzaGenerica
[2018.09.17-06.51.52:295][  0]LogStaticMesh: Building static mesh Terreno...
[2018.09.17-06.51.52:301][  0]LogStaticMesh: Built static mesh [0.01s] /Game/MappaCastello/Oggetti/Castello/Elementi/Entrata/Terreno.Terreno
[2018.09.17-06.51.52:307][  0]LogMaterial: Display: Missing cached shader map for material Castello, compiling. 
[2018.09.17-06.51.52:768][  0]LogShaderCompilers: Display: Shaders left to compile 31
[2018.09.17-06.51.52:768][  0]LogShaderCompilers: Display: Shaders left to compile 21
[2018.09.17-06.51.52:768][  0]LogShaderCompilers: Display: Shaders left to compile 11
[2018.09.17-06.51.52:768][  0]LogMaterial: Display: Missing cached shader map for material Legno, compiling. 
[2018.09.17-06.51.52:794][  0]LogTexture: Display: Building textures: Strada (AutoDXT, 600X400)
[2018.09.17-06.51.52:794][  0]LogMaterial: Display: Missing cached shader map for material Erba, compiling. 
[2018.09.17-06.51.53:582][  0]LogMaterial: Display: Missing cached shader map for material Strada, compiling. 
[2018.09.17-06.52.11:293][  0]LogTexture: Display: Building textures: terra (AutoDXT, 3200X2000)
[2018.09.17-06.52.11:293][  0]LogShaderCompilers: Display: Shaders left to compile 94
[2018.09.17-06.52.11:293][  0]LogShaderCompilers: Display: Shaders left to compile 84
[2018.09.17-06.52.11:293][  0]LogMaterial: Display: Missing cached shader map for material Terra, compiling. 
[2018.09.17-06.52.11:328][  0]LogMaterial: Display: Missing cached shader map for material Metallo, compiling. 
[2018.09.17-06.52.11:500][  0]LogAIModule: Creating AISystem for world Castello
[2018.09.17-06.52.12:707][  0]LogShaderCompilers: Display: Shaders left to compile 136
[2018.09.17-06.52.12:707][  0]LogShaderCompilers: Display: Shaders left to compile 126
[2018.09.17-06.52.13:106][  0]LogEditorServer: Finished looking for orphan Actors (0.000 secs)
[2018.09.17-06.52.16:809][  0]LogShaderCompilers: Display: Shaders left to compile 116
[2018.09.17-06.52.17:569][  0]Cmd: MAP CHECKDEP NOCLEARLOG
[2018.09.17-06.52.17:823][  0]LogShaderCompilers: Display: Shaders left to compile 106
[2018.09.17-06.52.17:823][  0]MapCheck: Map check complete: 0 Error(s), 0 Warning(s), took 254,237ms to complete.
[2018.09.17-06.52.17:869][  0]LogFileHelpers: Loading map 'Castello' took 35.042
[2018.09.17-06.52.20:399][  0]LogShaderCompilers: Display: Shaders left to compile 96
[2018.09.17-06.52.22:493][  0]LogSlate: Updating window title bar state: overlay mode, drag disabled, window buttons hidden, title bar hidden
[2018.09.17-06.52.22:555][  0]LogSlate: Updating window title bar state: overlay mode, drag disabled, window buttons hidden, title bar hidden
[2018.09.17-06.52.22:571][  0]LogSlate: Updating window title bar state: overlay mode, drag disabled, window buttons hidden, title bar hidden
[2018.09.17-06.52.22:587][  0]LogSlate: Updating window title bar state: overlay mode, drag disabled, window buttons hidden, title bar hidden
[2018.09.17-06.52.22:861][  0]LogShaderCompilers: Display: Shaders left to compile 86
[2018.09.17-06.52.22:861][  0]LogCollectionManager: Loaded 0 collections in 0.001560 seconds
[2018.09.17-06.52.23:364][  0]LogFileCache: Scanning file cache for directory 'E:/The game/Game/Saved/Collections/' took 0.01s
[2018.09.17-06.52.23:364][  0]LogShaderCompilers: Display: Shaders left to compile 76
[2018.09.17-06.52.23:364][  0]LogFileCache: Scanning file cache for directory 'E:/The game/Game/Content/Developers/ERGON946/Collections/' took 0.01s
[2018.09.17-06.52.23:364][  0]LogFileCache: Scanning file cache for directory 'E:/The game/Game/Content/Collections/' took 0.01s
[2018.09.17-06.52.23:364][  0]LogCollectionManager: Rebuilt the GUID cache for 0 collections in 0.000000 seconds
[2018.09.17-06.52.23:477][  0]LogContentBrowser: Native class hierarchy populated in 0.0798 seconds. Added 2574 classes and 605 folders.
[2018.09.17-06.52.23:702][  0]LogContentBrowser: Native class hierarchy updated for 'WidgetCarousel' in 0.0005 seconds. Added 0 classes and 0 folders.
[2018.09.17-06.52.25:102][  0]LogShaderCompilers: Display: Shaders left to compile 66
[2018.09.17-06.52.25:102][  0]LogContentBrowser: Native class hierarchy updated for 'AddContentDialog' in 0.0007 seconds. Added 0 classes and 0 folders.
[2018.09.17-06.52.25:154][  0]LogContentBrowser: Native class hierarchy updated for 'SceneOutliner' in 0.0006 seconds. Added 1 classes and 2 folders.
[2018.09.17-06.52.27:179][  0]LogSlate: Took 0.080906 seconds to synchronously load lazily loaded font '../../../Engine/Content/Slate/Fonts/Roboto-Regular.ttf' (155K)
[2018.09.17-06.52.27:343][  0]LogSlate: Took 0.039700 seconds to synchronously load lazily loaded font '../../../Engine/Content/Slate/Fonts/Roboto-Bold.ttf' (160K)
[2018.09.17-06.52.27:499][  0]LogSlate: Took 0.033585 seconds to synchronously load lazily loaded font '../../../Engine/Content/Editor/Slate/Fonts/FontAwesome.ttf' (139K)
[2018.09.17-06.52.28:922][  0]LogShaderCompilers: Display: Shaders left to compile 56
[2018.09.17-06.52.28:922][  0]LogRenderer: Reallocating scene render targets to support 856x372 Format 10 NumSamples 1 (Frame:1).
[2018.09.17-06.52.44:668][  0]LogShaderCompilers: Display: Shaders left to compile 46
[2018.09.17-06.52.44:668][  0]LogShaderCompilers: Display: Shaders left to compile 36
[2018.09.17-06.52.44:668][  0]LogShaderCompilers: Display: Shaders left to compile 26
[2018.09.17-06.52.44:668][  0]LogShaderCompilers: Display: Shaders left to compile 16
[2018.09.17-06.52.44:668][  0]LogShaderCompilers: Display: Shaders left to compile 6
[2018.09.17-06.52.44:668][  0]LogSlate: FSceneViewport::OnFocusLost() reason 2
[2018.09.17-06.52.45:279][  0]LogSlate: Window 'Tutorials' being destroyed
[2018.09.17-06.52.45:454][  0]LogContentBrowser: Native class hierarchy updated for 'HierarchicalLODOutliner' in 0.0006 seconds. Added 0 classes and 0 folders.
[2018.09.17-06.52.45:454][  0]LogLoad: (Engine Initialization) Total time: 215.33 seconds
[2018.09.17-06.52.45:455][  0]LogLoad: (Engine Initialization) Total Blueprint compile time: 0.00 seconds
[2018.09.17-06.52.47:179][  0]LogContentStreaming: Texture pool size now 1000 MB
[2018.09.17-06.52.50:534][  1]LogSlate: Took 0.074926 seconds to synchronously load lazily loaded font '../../../Engine/Content/Slate/Fonts/Roboto-Light.ttf' (167K)
[2018.09.17-06.52.51:489][  2]LogSlate: Took 0.000289 seconds to synchronously load lazily loaded font '../../../Engine/Content/Slate/Fonts/Roboto-Light.ttf' (167K)
[2018.09.17-06.52.52:537][  5]LogAssetRegistry: Asset discovery search completed in 179.2146 seconds
[2018.09.17-06.52.52:581][  5]LogCollectionManager: Rebuilt the object cache for 0 collections in 0.000001 seconds (found 0 objects)
[2018.09.17-06.52.52:581][  5]LogCollectionManager: Fixed up redirectors for 0 collections in 0.014328 seconds (updated 0 objects)
[2018.09.17-06.52.54:531][ 63]LogSlate: FSceneViewport::OnFocusLost() reason 0
[2018.09.17-06.52.54:773][ 63]LogAssetEditorManager: Opening Asset editor for WidgetBlueprint /Game/Interfacce/Orto.Orto
[2018.09.17-06.52.58:243][ 63]LogContentBrowser: Native class hierarchy updated for 'BlueprintGraph' in 0.0031 seconds. Added 116 classes and 0 folders.
[2018.09.17-06.53.10:521][ 63]LogSlate: Took 0.008868 seconds to synchronously load lazily loaded font '../../../Engine/Content/Slate/Fonts/Roboto-BoldCondensed.ttf' (158K)
[2018.09.17-06.53.23:849][396]LogTemp: Repeating last play command: Selected Viewport
[2018.09.17-06.53.24:136][396]LogBlueprintUserMessages: Early PlayInEditor Detection: Level '/Game/Mappa/Castello.Castello:PersistentLevel' has LevelScriptBlueprint '/Game/Mappa/Castello.Castello:PersistentLevel.Castello' with GeneratedClass '/Game/Mappa/Castello.Castello_C' with ClassGeneratedBy '/Game/Mappa/Castello.Castello:PersistentLevel.Castello'
[2018.09.17-06.53.24:217][396]LogPlayLevel: PlayLevel: No blueprints needed recompiling
[2018.09.17-06.53.24:844][396]PIE: New page: PIE session: Castello (17/set/2018 10:53:24)
[2018.09.17-06.53.24:856][396]LogPlayLevel: Creating play world package: /Game/Mappa/UEDPIE_0_Castello
[2018.09.17-06.53.25:214][396]LogPlayLevel: PIE: StaticDuplicateObject took: (0.357769s)
[2018.09.17-06.53.25:216][396]LogAIModule: Creating AISystem for world Castello
[2018.09.17-06.53.25:259][396]LogPlayLevel: PIE: World Init took: (0.044555s)
[2018.09.17-06.53.25:276][396]LogPlayLevel: PIE: Created PIE world by copying editor world from /Game/Mappa/Castello.Castello to /Game/Mappa/UEDPIE_0_Castello.Castello (0.420660s)
[2018.09.17-06.53.25:650][396]LogInit: XAudio2 using 'Altoparlanti (Conexant SmartAudio HD)' : 2 channels at 48 kHz using 32 bits per sample (channel mask 0x3)
[2018.09.17-06.53.25:664][396]LogInit: FAudioDevice initialized.
[2018.09.17-06.53.25:903][396]LogSlate: Updating window title bar state: overlay mode, drag disabled, window buttons hidden, title bar hidden
[2018.09.17-06.53.26:547][396]LogLoad: Game class is 'ProtagonistaGameMode_C'
[2018.09.17-06.53.26:561][396]LogWorld: Bringing World /Game/Mappa/UEDPIE_0_Castello.Castello up for play (max tick rate 60) at 2018.09.17-08.53.26
[2018.09.17-06.53.27:054][396]LogWorld: Bringing up level for play took: 0.504290
[2018.09.17-06.53.27:809][396]LogContentBrowser: Native class hierarchy updated for 'MovieSceneCapture' in 0.0029 seconds. Added 10 classes and 0 folders.
[2018.09.17-06.53.27:846][396]LogGameMode: Display: Match State Changed from EnteringMap to WaitingToStart
[2018.09.17-06.53.27:870][396]LogGameState: Match State Changed from EnteringMap to WaitingToStart
[2018.09.17-06.53.27:870][396]LogGameMode: Display: Match State Changed from WaitingToStart to InProgress
[2018.09.17-06.53.29:052][396]LogGameState: Match State Changed from WaitingToStart to InProgress
[2018.09.17-06.53.29:167][396]PIE: Play in editor start time for /Game/Mappa/UEDPIE_0_Castello 5,246
[2018.09.17-06.53.29:209][396]LogBlueprintUserMessages: Late PlayInEditor Detection: Level '/Game/Mappa/Castello.Castello:PersistentLevel' has LevelScriptBlueprint '/Game/Mappa/Castello.Castello:PersistentLevel.Castello' with GeneratedClass '/Game/Mappa/Castello.Castello_C' with ClassGeneratedBy '/Game/Mappa/Castello.Castello:PersistentLevel.Castello'
[2018.09.17-06.53.29:847][396]LogRenderer: Reallocating scene render targets to support 1292x756 Format 10 NumSamples 1 (Frame:1).
[2018.09.17-06.53.33:656][463]LogSlate: Updating window title bar state: overlay mode, drag disabled, window buttons hidden, title bar hidden
[2018.09.17-06.53.34:327][465]LogSlate: Updating window title bar state: overlay mode, drag disabled, window buttons hidden, title bar hidden
[2018.09.17-06.53.43:183][686]LogSlate: FSceneViewport::OnFocusLost() reason 0
[2018.09.17-06.53.44:506][718]LogSlate: Window 'Game Game Preview Standalone (64-bit/PCD3D_SM5)' being destroyed
[2018.09.17-06.53.44:799][718]LogBlueprintUserMessages: Early EndPlayMap Detection: Level '/Game/Mappa/Castello.Castello:PersistentLevel' has LevelScriptBlueprint '/Game/Mappa/Castello.Castello:PersistentLevel.Castello' with GeneratedClass '/Game/Mappa/Castello.Castello_C' with ClassGeneratedBy '/Game/Mappa/Castello.Castello:PersistentLevel.Castello'
[2018.09.17-06.53.45:630][718]LogPlayLevel: Display: Shutting down PIE online subsystems
[2018.09.17-06.53.45:631][718]LogBlueprintUserMessages: Late EndPlayMap Detection: Level '/Game/Mappa/Castello.Castello:PersistentLevel' has LevelScriptBlueprint '/Game/Mappa/Castello.Castello:PersistentLevel.Castello' with GeneratedClass '/Game/Mappa/Castello.Castello_C' with ClassGeneratedBy '/Game/Mappa/Castello.Castello:PersistentLevel.Castello'
[2018.09.17-06.53.46:876][719]LogPlayLevel: Display: Destroying online subsystem :Context_3
[2018.09.17-06.53.50:071][884]LogTemp: Repeating last play command: Selected Viewport
[2018.09.17-06.53.50:114][884]LogBlueprintUserMessages: Early PlayInEditor Detection: Level '/Game/Mappa/Castello.Castello:PersistentLevel' has LevelScriptBlueprint '/Game/Mappa/Castello.Castello:PersistentLevel.Castello' with GeneratedClass '/Game/Mappa/Castello.Castello_C' with ClassGeneratedBy '/Game/Mappa/Castello.Castello:PersistentLevel.Castello'
[2018.09.17-06.53.50:114][884]LogPlayLevel: PlayLevel: No blueprints needed recompiling
[2018.09.17-06.53.50:115][884]PIE: New page: PIE session: Castello (17/set/2018 10:53:50)
[2018.09.17-06.53.50:115][884]LogPlayLevel: Creating play world package: /Game/Mappa/UEDPIE_0_Castello
[2018.09.17-06.53.50:124][884]LogPlayLevel: PIE: StaticDuplicateObject took: (0.009648s)
[2018.09.17-06.53.50:125][884]LogAIModule: Creating AISystem for world Castello
[2018.09.17-06.53.50:125][884]LogPlayLevel: PIE: World Init took: (0.000869s)
[2018.09.17-06.53.50:125][884]LogPlayLevel: PIE: Created PIE world by copying editor world from /Game/Mappa/Castello.Castello to /Game/Mappa/UEDPIE_0_Castello.Castello (0.010693s)
[2018.09.17-06.53.50:158][884]LogInit: XAudio2 using 'Altoparlanti (Conexant SmartAudio HD)' : 2 channels at 48 kHz using 32 bits per sample (channel mask 0x3)
[2018.09.17-06.53.50:178][884]LogInit: FAudioDevice initialized.
[2018.09.17-06.53.50:188][884]LogSlate: Updating window title bar state: overlay mode, drag disabled, window buttons hidden, title bar hidden
[2018.09.17-06.53.50:226][884]LogLoad: Game class is 'ProtagonistaGameMode_C'
[2018.09.17-06.53.50:229][884]LogWorld: Bringing World /Game/Mappa/UEDPIE_0_Castello.Castello up for play (max tick rate 60) at 2018.09.17-08.53.50
[2018.09.17-06.53.50:230][884]LogWorld: Bringing up level for play took: 0.002922
[2018.09.17-06.53.50:243][884]LogGameMode: Display: Match State Changed from EnteringMap to WaitingToStart
[2018.09.17-06.53.50:243][884]LogGameState: Match State Changed from EnteringMap to WaitingToStart
[2018.09.17-06.53.50:243][884]LogGameMode: Display: Match State Changed from WaitingToStart to InProgress
[2018.09.17-06.53.50:255][884]LogGameState: Match State Changed from WaitingToStart to InProgress
[2018.09.17-06.53.50:257][884]PIE: Play in editor start time for /Game/Mappa/UEDPIE_0_Castello 0,341
[2018.09.17-06.53.50:271][884]LogBlueprintUserMessages: Late PlayInEditor Detection: Level '/Game/Mappa/Castello.Castello:PersistentLevel' has LevelScriptBlueprint '/Game/Mappa/Castello.Castello:PersistentLevel.Castello' with GeneratedClass '/Game/Mappa/Castello.Castello_C' with ClassGeneratedBy '/Game/Mappa/Castello.Castello:PersistentLevel.Castello'
[2018.09.17-06.53.50:935][896]LogHttp: Warning: 0000026319234180: request failed, libcurl error: 56 (Failure when receiving data from the peer)
[2018.09.17-06.53.50:935][896]LogHttp: Warning: 0000026319234180: libcurl info message cache 0 (  Trying 34.231.138.22...)
[2018.09.17-06.53.50:935][896]LogHttp: Warning: 0000026319234180: libcurl info message cache 1 (TCP_NODELAY set)
[2018.09.17-06.53.50:935][896]LogHttp: Warning: 0000026319234180: libcurl info message cache 2 (Connected to datarouter.ol.epicgames.com (34.231.138.22) port 443 (#0))
[2018.09.17-06.53.50:935][896]LogHttp: Warning: 0000026319234180: libcurl info message cache 3 (ALPN, offering http/1.1)
[2018.09.17-06.53.50:935][896]LogHttp: Warning: 0000026319234180: libcurl info message cache 4 (Cipher selection: ALL:!EXPORT:!EXPORT40:!EXPORT56:!aNULL:!LOW:!RC4:@STRENGTH)
[2018.09.17-06.53.50:935][896]LogHttp: Warning: 0000026319234180: libcurl info message cache 5 (TLSv1.2 (OUT), TLS header, Certificate Status (22):)
[2018.09.17-06.53.50:935][896]LogHttp: Warning: 0000026319234180: libcurl info message cache 6 (TLSv1.2 (OUT), TLS handshake, Client hello (1):)
[2018.09.17-06.53.50:935][896]LogHttp: Warning: 0000026319234180: libcurl info message cache 7 (TLSv1.2 (IN), TLS handshake, Server hello (2):)
[2018.09.17-06.53.50:936][896]LogHttp: Warning: 0000026319234180: libcurl info message cache 8 (TLSv1.2 (IN), TLS handshake, Certificate (11):)
[2018.09.17-06.53.50:936][896]LogHttp: Warning: 0000026319234180: libcurl info message cache 9 (TLSv1.2 (IN), TLS handshake, Server key exchange (12):)
[2018.09.17-06.53.50:936][896]LogHttp: Warning: 0000026319234180: libcurl info message cache 10 (TLSv1.2 (IN), TLS handshake, Server finished (14):)
[2018.09.17-06.53.50:936][896]LogHttp: Warning: 0000026319234180: libcurl info message cache 11 (TLSv1.2 (OUT), TLS handshake, Client key exchange (16):)
[2018.09.17-06.53.50:936][896]LogHttp: Warning: 0000026319234180: libcurl info message cache 12 (TLSv1.2 (OUT), TLS change cipher, Client hello (1):)
[2018.09.17-06.53.50:936][896]LogHttp: Warning: 0000026319234180: libcurl info message cache 13 (TLSv1.2 (OUT), TLS handshake, Finished (20):)
[2018.09.17-06.53.50:936][896]LogHttp: Warning: 0000026319234180: libcurl info message cache 14 (TLSv1.2 (IN), TLS change cipher, Client hello (1):)
[2018.09.17-06.53.50:936][896]LogHttp: Warning: 0000026319234180: libcurl info message cache 15 (TLSv1.2 (IN), TLS handshake, Finished (20):)
[2018.09.17-06.53.50:936][896]LogHttp: Warning: 0000026319234180: libcurl info message cache 16 (SSL connection using TLSv1.2 / ECDHE-RSA-AES128-GCM-SHA256)
[2018.09.17-06.53.50:936][896]LogHttp: Warning: 0000026319234180: libcurl info message cache 17 (ALPN, server did not agree to a protocol)
[2018.09.17-06.53.50:936][896]LogHttp: Warning: 0000026319234180: libcurl info message cache 18 (Server certificate:)
[2018.09.17-06.53.50:936][896]LogHttp: Warning: 0000026319234180: libcurl info message cache 19 ( subject: CN=*.ol.epicgames.com)
[2018.09.17-06.53.50:936][896]LogHttp: Warning: 0000026319234180: libcurl info message cache 20 ( start date: Mar 12 00:00:00 2018 GMT)
[2018.09.17-06.53.50:936][896]LogHttp: Warning: 0000026319234180: libcurl info message cache 21 ( expire date: Apr 12 12:00:00 2019 GMT)
[2018.09.17-06.53.50:936][896]LogHttp: Warning: 0000026319234180: libcurl info message cache 22 ( subjectAltName: host "datarouter.ol.epicgames.com" matched cert's "*.ol.epicgames.com")
[2018.09.17-06.53.50:936][896]LogHttp: Warning: 0000026319234180: libcurl info message cache 23 ( issuer: C=US; O=Amazon; OU=Server CA 1B; CN=Amazon)
[2018.09.17-06.53.50:936][896]LogHttp: Warning: 0000026319234180: libcurl info message cache 24 ( SSL certificate verify ok.)
[2018.09.17-06.53.50:936][896]LogHttp: Warning: 0000026319234180: libcurl info message cache 25 (upload completely sent off: 3813 out of 3813 bytes)
[2018.09.17-06.53.50:936][896]LogHttp: Warning: 0000026319234180: libcurl info message cache 26 (OpenSSL SSL_read: SSL_ERROR_SYSCALL, errno 10054)
[2018.09.17-06.53.50:937][896]LogHttp: Warning: 0000026319234180: libcurl info message cache 27 (Closing connection 0)
[2018.09.17-06.53.52:294][930]LogSlate: Updating window title bar state: overlay mode, drag disabled, window buttons hidden, title bar hidden
[2018.09.17-06.54.02:419][178]LogSlate: FSceneViewport::OnFocusLost() reason 0
[2018.09.17-06.54.03:844][211]LogSlate: Window 'Game Game Preview Standalone (64-bit/PCD3D_SM5)' being destroyed
[2018.09.17-06.54.03:877][211]LogBlueprintUserMessages: Early EndPlayMap Detection: Level '/Game/Mappa/Castello.Castello:PersistentLevel' has LevelScriptBlueprint '/Game/Mappa/Castello.Castello:PersistentLevel.Castello' with GeneratedClass '/Game/Mappa/Castello.Castello_C' with ClassGeneratedBy '/Game/Mappa/Castello.Castello:PersistentLevel.Castello'
[2018.09.17-06.54.03:918][211]LogPlayLevel: Display: Shutting down PIE online subsystems
[2018.09.17-06.54.03:919][211]LogBlueprintUserMessages: Late EndPlayMap Detection: Level '/Game/Mappa/Castello.Castello:PersistentLevel' has LevelScriptBlueprint '/Game/Mappa/Castello.Castello:PersistentLevel.Castello' with GeneratedClass '/Game/Mappa/Castello.Castello_C' with ClassGeneratedBy '/Game/Mappa/Castello.Castello:PersistentLevel.Castello'
[2018.09.17-06.54.04:012][212]LogPlayLevel: Display: Destroying online subsystem :Context_4
[2018.09.17-06.54.15:366][338]LogSlate: Took 0.011907 seconds to synchronously load lazily loaded font '../../../Engine/Content/Slate/Fonts/Roboto-Italic.ttf' (157K)
[2018.09.17-06.55.04:080][986]BlueprintLog: New page: Compile Orto
[2018.09.17-06.55.04:984][ 10]LogTemp: Repeating last play command: Selected Viewport
[2018.09.17-06.55.05:008][ 10]LogBlueprintUserMessages: Early PlayInEditor Detection: Level '/Game/Mappa/Castello.Castello:PersistentLevel' has LevelScriptBlueprint '/Game/Mappa/Castello.Castello:PersistentLevel.Castello' with GeneratedClass '/Game/Mappa/Castello.Castello_C' with ClassGeneratedBy '/Game/Mappa/Castello.Castello:PersistentLevel.Castello'
[2018.09.17-06.55.05:009][ 10]LogPlayLevel: PlayLevel: No blueprints needed recompiling
[2018.09.17-06.55.05:009][ 10]PIE: New page: PIE session: Castello (17/set/2018 10:55:05)
[2018.09.17-06.55.05:009][ 10]LogPlayLevel: Creating play world package: /Game/Mappa/UEDPIE_0_Castello
[2018.09.17-06.55.05:016][ 10]LogPlayLevel: PIE: StaticDuplicateObject took: (0.007247s)
[2018.09.17-06.55.05:017][ 10]LogAIModule: Creating AISystem for world Castello
[2018.09.17-06.55.05:017][ 10]LogPlayLevel: PIE: World Init took: (0.000738s)
[2018.09.17-06.55.05:017][ 10]LogPlayLevel: PIE: Created PIE world by copying editor world from /Game/Mappa/Castello.Castello to /Game/Mappa/UEDPIE_0_Castello.Castello (0.008121s)
[2018.09.17-06.55.05:078][ 10]LogInit: XAudio2 using 'Altoparlanti (Conexant SmartAudio HD)' : 2 channels at 48 kHz using 32 bits per sample (channel mask 0x3)
[2018.09.17-06.55.05:093][ 10]LogInit: FAudioDevice initialized.
[2018.09.17-06.55.05:102][ 10]LogSlate: Updating window title bar state: overlay mode, drag disabled, window buttons hidden, title bar hidden
[2018.09.17-06.55.05:143][ 10]LogLoad: Game class is 'ProtagonistaGameMode_C'
[2018.09.17-06.55.05:145][ 10]LogWorld: Bringing World /Game/Mappa/UEDPIE_0_Castello.Castello up for play (max tick rate 60) at 2018.09.17-08.55.05
[2018.09.17-06.55.05:146][ 10]LogWorld: Bringing up level for play took: 0.002546
[2018.09.17-06.55.05:159][ 10]LogGameMode: Display: Match State Changed from EnteringMap to WaitingToStart
[2018.09.17-06.55.05:159][ 10]LogGameState: Match State Changed from EnteringMap to WaitingToStart
[2018.09.17-06.55.05:159][ 10]LogGameMode: Display: Match State Changed from WaitingToStart to InProgress
[2018.09.17-06.55.05:168][ 10]LogGameState: Match State Changed from WaitingToStart to InProgress
[2018.09.17-06.55.05:174][ 10]PIE: Play in editor start time for /Game/Mappa/UEDPIE_0_Castello -0,734
[2018.09.17-06.55.05:174][ 10]LogBlueprintUserMessages: Late PlayInEditor Detection: Level '/Game/Mappa/Castello.Castello:PersistentLevel' has LevelScriptBlueprint '/Game/Mappa/Castello.Castello:PersistentLevel.Castello' with GeneratedClass '/Game/Mappa/Castello.Castello_C' with ClassGeneratedBy '/Game/Mappa/Castello.Castello:PersistentLevel.Castello'
[2018.09.17-06.55.07:248][ 55]LogSlate: Updating window title bar state: overlay mode, drag disabled, window buttons hidden, title bar hidden
[2018.09.17-06.55.09:352][105]LogBlueprintUserMessages: [Orto_C_0] Hello
[2018.09.17-06.55.10:281][129]LogBlueprintUserMessages: [Orto_C_0] Hello
[2018.09.17-06.55.11:174][151]LogBlueprintUserMessages: [Orto_C_0] Hello
[2018.09.17-06.55.11:946][170]LogBlueprintUserMessages: [Orto_C_0] Hello
[2018.09.17-06.55.12:148][175]LogBlueprintUserMessages: [Orto_C_0] Hello
[2018.09.17-06.55.12:479][183]LogBlueprintUserMessages: [Orto_C_0] Hello
[2018.09.17-06.55.12:715][189]LogBlueprintUserMessages: [Orto_C_0] Hello
[2018.09.17-06.55.13:005][196]LogBlueprintUserMessages: [Orto_C_0] Hello
[2018.09.17-06.55.13:169][200]LogBlueprintUserMessages: [Orto_C_0] Hello
[2018.09.17-06.55.13:417][206]LogBlueprintUserMessages: [Orto_C_0] Hello
[2018.09.17-06.55.13:502][208]LogBlueprintUserMessages: [Orto_C_0] Hello
[2018.09.17-06.55.13:708][213]LogBlueprintUserMessages: [Orto_C_0] Hello
[2018.09.17-06.55.13:913][218]LogBlueprintUserMessages: [Orto_C_0] Hello
[2018.09.17-06.55.14:034][221]LogBlueprintUserMessages: [Orto_C_0] Hello
[2018.09.17-06.55.14:201][225]LogBlueprintUserMessages: [Orto_C_0] Hello
[2018.09.17-06.55.14:364][229]LogBlueprintUserMessages: [Orto_C_0] Hello
[2018.09.17-06.55.14:483][232]LogBlueprintUserMessages: [Orto_C_0] Hello
[2018.09.17-06.55.14:654][236]LogBlueprintUserMessages: [Orto_C_0] Hello
[2018.09.17-06.55.14:769][239]LogBlueprintUserMessages: [Orto_C_0] Hello
[2018.09.17-06.55.14:918][242]LogBlueprintUserMessages: [Orto_C_0] Hello
[2018.09.17-06.55.15:054][246]LogBlueprintUserMessages: [Orto_C_0] Hello
[2018.09.17-06.55.15:217][250]LogBlueprintUserMessages: [Orto_C_0] Hello
[2018.09.17-06.55.15:342][253]LogBlueprintUserMessages: [Orto_C_0] Hello
[2018.09.17-06.55.15:470][256]LogBlueprintUserMessages: [Orto_C_0] Hello
[2018.09.17-06.55.15:632][260]LogBlueprintUserMessages: [Orto_C_0] Hello
[2018.09.17-06.55.15:751][263]LogBlueprintUserMessages: [Orto_C_0] Hello
[2018.09.17-06.55.15:872][266]LogBlueprintUserMessages: [Orto_C_0] Hello
[2018.09.17-06.55.16:520][282]LogSlate: FSceneViewport::OnFocusLost() reason 0
[2018.09.17-06.55.17:582][308]LogSlate: Window 'Game Game Preview Standalone (64-bit/PCD3D_SM5)' being destroyed
[2018.09.17-06.55.17:643][308]LogBlueprintUserMessages: Early EndPlayMap Detection: Level '/Game/Mappa/Castello.Castello:PersistentLevel' has LevelScriptBlueprint '/Game/Mappa/Castello.Castello:PersistentLevel.Castello' with GeneratedClass '/Game/Mappa/Castello.Castello_C' with ClassGeneratedBy '/Game/Mappa/Castello.Castello:PersistentLevel.Castello'
[2018.09.17-06.55.17:702][308]LogPlayLevel: Display: Shutting down PIE online subsystems
[2018.09.17-06.55.17:702][308]LogBlueprintUserMessages: Late EndPlayMap Detection: Level '/Game/Mappa/Castello.Castello:PersistentLevel' has LevelScriptBlueprint '/Game/Mappa/Castello.Castello:PersistentLevel.Castello' with GeneratedClass '/Game/Mappa/Castello.Castello_C' with ClassGeneratedBy '/Game/Mappa/Castello.Castello:PersistentLevel.Castello'
[2018.09.17-06.55.17:773][309]LogPlayLevel: Display: Destroying online subsystem :Context_5
[2018.09.17-06.55.41:953][711]LogSlate: Took 0.098241 seconds to synchronously load lazily loaded font '../../../Engine/Content/Slate/Fonts/DroidSansFallback.ttf' (3848K)
[2018.09.17-06.55.52:455][324]LogHttp: Warning: 00000263522AAFC0: request failed, libcurl error: 56 (Failure when receiving data from the peer)
[2018.09.17-06.55.52:455][324]LogHttp: Warning: 00000263522AAFC0: libcurl info message cache 0 (Hostname in DNS cache was stale, zapped)
[2018.09.17-06.55.52:456][324]LogHttp: Warning: 00000263522AAFC0: libcurl info message cache 1 (  Trying 52.22.97.182...)
[2018.09.17-06.55.52:456][324]LogHttp: Warning: 00000263522AAFC0: libcurl info message cache 2 (TCP_NODELAY set)
[2018.09.17-06.55.52:456][324]LogHttp: Warning: 00000263522AAFC0: libcurl info message cache 3 (Connected to datarouter.ol.epicgames.com (52.22.97.182) port 443 (#1))
[2018.09.17-06.55.52:456][324]LogHttp: Warning: 00000263522AAFC0: libcurl info message cache 4 (ALPN, offering http/1.1)
[2018.09.17-06.55.52:456][324]LogHttp: Warning: 00000263522AAFC0: libcurl info message cache 5 (Cipher selection: ALL:!EXPORT:!EXPORT40:!EXPORT56:!aNULL:!LOW:!RC4:@STRENGTH)
[2018.09.17-06.55.52:456][324]LogHttp: Warning: 00000263522AAFC0: libcurl info message cache 6 (SSL re-using session ID)
[2018.09.17-06.55.52:456][324]LogHttp: Warning: 00000263522AAFC0: libcurl info message cache 7 (TLSv1.2 (OUT), TLS handshake, Client hello (1):)
[2018.09.17-06.55.52:456][324]LogHttp: Warning: 00000263522AAFC0: libcurl info message cache 8 (TLSv1.2 (IN), TLS handshake, Server hello (2):)
[2018.09.17-06.55.52:456][324]LogHttp: Warning: 00000263522AAFC0: libcurl info message cache 9 (TLSv1.2 (IN), TLS handshake, Certificate (11):)
[2018.09.17-06.55.52:456][324]LogHttp: Warning: 00000263522AAFC0: libcurl info message cache 10 (TLSv1.2 (IN), TLS handshake, Server key exchange (12):)
[2018.09.17-06.55.52:456][324]LogHttp: Warning: 00000263522AAFC0: libcurl info message cache 11 (TLSv1.2 (IN), TLS handshake, Server finished (14):)
[2018.09.17-06.55.52:456][324]LogHttp: Warning: 00000263522AAFC0: libcurl info message cache 12 (TLSv1.2 (OUT), TLS handshake, Client key exchange (16):)
[2018.09.17-06.55.52:456][324]LogHttp: Warning: 00000263522AAFC0: libcurl info message cache 13 (TLSv1.2 (OUT), TLS change cipher, Client hello (1):)
[2018.09.17-06.55.52:456][324]LogHttp: Warning: 00000263522AAFC0: libcurl info message cache 14 (TLSv1.2 (OUT), TLS handshake, Finished (20):)
[2018.09.17-06.55.52:456][324]LogHttp: Warning: 00000263522AAFC0: libcurl info message cache 15 (TLSv1.2 (IN), TLS change cipher, Client hello (1):)
[2018.09.17-06.55.52:456][324]LogHttp: Warning: 00000263522AAFC0: libcurl info message cache 16 (TLSv1.2 (IN), TLS handshake, Finished (20):)
[2018.09.17-06.55.52:456][324]LogHttp: Warning: 00000263522AAFC0: libcurl info message cache 17 (SSL connection using TLSv1.2 / ECDHE-RSA-AES128-GCM-SHA256)
[2018.09.17-06.55.52:456][324]LogHttp: Warning: 00000263522AAFC0: libcurl info message cache 18 (ALPN, server did not agree to a protocol)
[2018.09.17-06.55.52:456][324]LogHttp: Warning: 00000263522AAFC0: libcurl info message cache 19 (old SSL session ID is stale, removing)
[2018.09.17-06.55.52:456][324]LogHttp: Warning: 00000263522AAFC0: libcurl info message cache 20 (Server certificate:)
[2018.09.17-06.55.52:456][324]LogHttp: Warning: 00000263522AAFC0: libcurl info message cache 21 ( subject: CN=*.ol.epicgames.com)
[2018.09.17-06.55.52:456][324]LogHttp: Warning: 00000263522AAFC0: libcurl info message cache 22 ( start date: Mar 12 00:00:00 2018 GMT)
[2018.09.17-06.55.52:456][324]LogHttp: Warning: 00000263522AAFC0: libcurl info message cache 23 ( expire date: Apr 12 12:00:00 2019 GMT)
[2018.09.17-06.55.52:456][324]LogHttp: Warning: 00000263522AAFC0: libcurl info message cache 24 ( subjectAltName: host "datarouter.ol.epicgames.com" matched cert's "*.ol.epicgames.com")
[2018.09.17-06.55.52:456][324]LogHttp: Warning: 00000263522AAFC0: libcurl info message cache 25 ( issuer: C=US; O=Amazon; OU=Server CA 1B; CN=Amazon)
[2018.09.17-06.55.52:456][324]LogHttp: Warning: 00000263522AAFC0: libcurl info message cache 26 ( SSL certificate verify ok.)
[2018.09.17-06.55.52:456][324]LogHttp: Warning: 00000263522AAFC0: libcurl info message cache 27 (upload completely sent off: 1858 out of 1858 bytes)
[2018.09.17-06.55.52:456][324]LogHttp: Warning: 00000263522AAFC0: libcurl info message cache 28 (OpenSSL SSL_read: SSL_ERROR_SYSCALL, errno 10054)
[2018.09.17-06.55.52:456][324]LogHttp: Warning: 00000263522AAFC0: libcurl info message cache 29 (Closing connection 1)
[2018.09.17-06.56.20:839][995]BlueprintLog: New page: Compile Orto
[2018.09.17-06.56.24:430][ 97]LogSlate: Window 'Save Content' being destroyed
[2018.09.17-06.56.24:571][ 97]Cmd: OBJ SAVEPACKAGE PACKAGE="/Game/Interfacce/Orto" FILE="../../../../../../The game/Game/Content/Interfacce/Orto.uasset" SILENT=true
[2018.09.17-06.56.25:176][ 97]LogSavePackage: Moving '../../../../../../The game/Game/Saved/Orto2847AB5B4665576B725464AA4BF7E51C.tmp' to '../../../../../../The game/Game/Content/Interfacce/Orto.uasset'
[2018.09.17-06.56.25:817][ 97]LogSlate: Window 'Game - Unreal Editor' being destroyed
[2018.09.17-06.56.25:820][ 97]LogWindowsTextInputMethodSystem: Display: IME system now deactivated.
[2018.09.17-06.56.26:419][ 98]Cmd: QUIT_EDITOR
[2018.09.17-06.56.27:227][ 98]LogExit: Preparing to exit.
[2018.09.17-06.56.28:395][ 98]LogExit: Editor shut down
[2018.09.17-06.56.28:396][ 98]LogExit: Transaction tracking system shut down
[2018.09.17-06.56.31:001][ 98]LogExit: Object subsystem successfully closed.
[2018.09.17-06.56.31:216][ 98]LogShaderCompilers: Display: Shaders left to compile 0
[2018.09.17-06.56.31:240][ 98]LogD3D11RHI: Shutdown
[2018.09.17-06.56.31:240][ 98]LogD3D11RHI: CleanupD3DDevice
[2018.09.17-06.56.31:312][ 98]LogD3D11RHI: ~FD3D11DynamicRHI
[2018.09.17-06.56.32:867][ 98]LogModuleManager: Shutting down and abandoning module MovieSceneCapture (622)
[2018.09.17-06.56.32:867][ 98]LogModuleManager: Shutting down and abandoning module Voice (620)
[2018.09.17-06.56.32:884][ 98]LogModuleManager: Shutting down and abandoning module SequencerWidgets (618)
[2018.09.17-06.56.32:884][ 98]LogModuleManager: Shutting down and abandoning module BlueprintGraph (616)
[2018.09.17-06.56.32:884][ 98]LogModuleManager: Shutting down and abandoning module HierarchicalLODOutliner (614)
[2018.09.17-06.56.32:884][ 98]LogModuleManager: Shutting down and abandoning module SceneOutliner (612)
[2018.09.17-06.56.32:884][ 98]LogModuleManager: Shutting down and abandoning module AddContentDialog (610)
[2018.09.17-06.56.32:915][ 98]LogModuleManager: Shutting down and abandoning module WidgetCarousel (609)
[2018.09.17-06.56.32:915][ 98]LogModuleManager: Shutting down and abandoning module EditorWidgets (606)
[2018.09.17-06.56.32:915][ 98]LogModuleManager: Shutting down and abandoning module CollectionManager (604)
[2018.09.17-06.56.32:950][ 98]LogModuleManager: Shutting down and abandoning module MeshBuilder (602)
[2018.09.17-06.56.32:950][ 98]LogModuleManager: Shutting down and abandoning module StatsViewer (600)
[2018.09.17-06.56.32:961][ 98]LogModuleManager: Shutting down and abandoning module FoliageEdit (598)
[2018.09.17-06.56.32:974][ 98]LogModuleManager: Shutting down and abandoning module LandscapeEditor (596)
[2018.09.17-06.56.33:037][ 98]LogModuleManager: Shutting down and abandoning module MeshPaintMode (594)
[2018.09.17-06.56.33:046][ 98]LogModuleManager: Shutting down and abandoning module SceneDepthPickerMode (592)
[2018.09.17-06.56.33:046][ 98]LogModuleManager: Shutting down and abandoning module ActorPickerMode (590)
[2018.09.17-06.56.33:046][ 98]LogModuleManager: Shutting down and abandoning module GeometryMode (588)
[2018.09.17-06.56.33:046][ 98]LogModuleManager: Shutting down and abandoning module TextureAlignMode (586)
[2018.09.17-06.56.33:046][ 98]LogModuleManager: Shutting down and abandoning module BspMode (584)
[2018.09.17-06.56.33:046][ 98]LogModuleManager: Shutting down and abandoning module PIEPreviewDeviceProfileSelector (582)
[2018.09.17-06.56.33:050][ 98]LogModuleManager: Shutting down and abandoning module SequenceRecorderSections (580)
[2018.09.17-06.56.33:059][ 98]LogModuleManager: Shutting down and abandoning module AutomationWorker (578)
[2018.09.17-06.56.33:059][ 98]LogModuleManager: Shutting down and abandoning module AudioCaptureEditor (576)
[2018.09.17-06.56.33:059][ 98]LogModuleManager: Shutting down and abandoning module SequenceRecorder (575)
[2018.09.17-06.56.33:063][ 98]LogModuleManager: Shutting down and abandoning module MatineeToLevelSequence (572)
[2018.09.17-06.56.33:090][ 98]LogModuleManager: Shutting down and abandoning module LevelSequenceEditor (570)
[2018.09.17-06.56.33:112][ 98]LogModuleManager: Shutting down and abandoning module PlacementMode (569)
[2018.09.17-06.56.33:112][ 98]LogModuleManager: Shutting down and abandoning module MaterialEditor (568)
[2018.09.17-06.56.33:161][ 98]LogModuleManager: Shutting down and abandoning module WmfMediaFactory (564)
[2018.09.17-06.56.33:161][ 98]LogModuleManager: Shutting down and abandoning module WmfMediaEditor (562)
[2018.09.17-06.56.33:161][ 98]LogModuleManager: Shutting down and abandoning module MediaPlayerEditor (560)
[2018.09.17-06.56.33:192][ 98]LogModuleManager: Shutting down and abandoning module OpenExrWrapper (558)
[2018.09.17-06.56.33:192][ 98]LogModuleManager: Shutting down and abandoning module ImgMediaFactory (556)
[2018.09.17-06.56.33:192][ 98]LogModuleManager: Shutting down and abandoning module ImgMediaEditor (554)
[2018.09.17-06.56.33:193][ 98]LogModuleManager: Shutting down and abandoning module AvfMediaFactory (552)
[2018.09.17-06.56.33:193][ 98]LogModuleManager: Shutting down and abandoning module AvfMediaEditor (550)
[2018.09.17-06.56.33:193][ 98]LogModuleManager: Shutting down and abandoning module AndroidMediaFactory (548)
[2018.09.17-06.56.33:193][ 98]LogModuleManager: Shutting down and abandoning module AndroidMediaEditor (546)
[2018.09.17-06.56.33:193][ 98]LogModuleManager: Shutting down and abandoning module MagicLeapCameraPreviewFactory (544)
[2018.09.17-06.56.33:193][ 98]LogModuleManager: Shutting down and abandoning module MagicLeapMediaFactory (542)
[2018.09.17-06.56.33:193][ 98]LogModuleManager: Shutting down and abandoning module MagicLeapMediaEditor (540)
[2018.09.17-06.56.33:193][ 98]LogModuleManager: Shutting down and abandoning module CharacterAI (538)
[2018.09.17-06.56.33:193][ 98]LogModuleManager: Shutting down and abandoning module SmartSnapping (536)
[2018.09.17-06.56.33:193][ 98]LogModuleManager: Shutting down and abandoning module SessionServices (534)
[2018.09.17-06.56.33:193][ 98]LogModuleManager: Shutting down and abandoning module ViewportSnapping (532)
[2018.09.17-06.56.33:193][ 98]LogModuleManager: Shutting down and abandoning module ViewportInteraction (530)
[2018.09.17-06.56.33:193][ 98]LogModuleManager: Shutting down and abandoning module ClothPainter (528)
[2018.09.17-06.56.33:242][ 98]LogModuleManager: Shutting down and abandoning module SkeletalMeshEditor (527)
[2018.09.17-06.56.33:293][ 98]LogModuleManager: Shutting down and abandoning module LogVisualizer (524)
[2018.09.17-06.56.33:325][ 98]LogModuleManager: Shutting down and abandoning module IntroTutorials (522)
[2018.09.17-06.56.33:347][ 98]LogModuleManager: Shutting down and abandoning module GameProjectGeneration (521)
[2018.09.17-06.56.33:360][ 98]LogModuleManager: Shutting down and abandoning module LuminPlatformEditor (518)
[2018.09.17-06.56.33:360][ 98]LogModuleManager: Shutting down and abandoning module IOSPlatformEditor (516)
[2018.09.17-06.56.33:375][ 98]LogModuleManager: Shutting down and abandoning module HTML5PlatformEditor (514)
[2018.09.17-06.56.33:375][ 98]LogModuleManager: Shutting down and abandoning module AndroidPlatformEditor (512)
[2018.09.17-06.56.33:375][ 98]LogModuleManager: Shutting down and abandoning module AndroidDeviceDetection (511)
[2018.09.17-06.56.34:458][ 98]LogModuleManager: Shutting down and abandoning module WindowsPlatformEditor (508)
[2018.09.17-06.56.34:458][ 98]LogModuleManager: Shutting down and abandoning module LuminRuntimeSettings (506)
[2018.09.17-06.56.34:458][ 98]LogModuleManager: Shutting down and abandoning module IOSRuntimeSettings (504)
[2018.09.17-06.56.34:459][ 98]LogModuleManager: Shutting down and abandoning module AndroidRuntimeSettings (502)
[2018.09.17-06.56.34:459][ 98]LogModuleManager: Shutting down and abandoning module InputBindingEditor (500)
[2018.09.17-06.56.34:523][ 98]LogModuleManager: Shutting down and abandoning module MergeActors (498)
[2018.09.17-06.56.34:544][ 98]LogModuleManager: Shutting down and abandoning module LocalizationDashboard (496)
[2018.09.17-06.56.34:560][ 98]LogModuleManager: Shutting down and abandoning module LocalizationService (495)
[2018.09.17-06.56.34:565][ 98]LogModuleManager: Shutting down and abandoning module HardwareTargeting (492)
[2018.09.17-06.56.34:565][ 98]LogModuleManager: Shutting down and abandoning module DeviceProfileEditor (490)
[2018.09.17-06.56.34:566][ 98]LogModuleManager: Shutting down and abandoning module UndoHistory (488)
[2018.09.17-06.56.34:578][ 98]LogModuleManager: Shutting down and abandoning module XmlParser (486)
[2018.09.17-06.56.34:578][ 98]LogModuleManager: Shutting down and abandoning module Blutility (484)
[2018.09.17-06.56.34:592][ 98]LogModuleManager: Shutting down and abandoning module ProjectSettingsViewer (482)
[2018.09.17-06.56.34:592][ 98]LogModuleManager: Shutting down and abandoning module ProjectTargetPlatformEditor (481)
[2018.09.17-06.56.34:592][ 98]LogModuleManager: Shutting down and abandoning module EditorSettingsViewer (478)
[2018.09.17-06.56.34:592][ 98]LogModuleManager: Shutting down and abandoning module SettingsEditor (476)
[2018.09.17-06.56.34:622][ 98]LogModuleManager: Shutting down and abandoning module ProjectLauncher (474)
[2018.09.17-06.56.34:636][ 98]LogModuleManager: Shutting down and abandoning module SessionFrontend (472)
[2018.09.17-06.56.34:647][ 98]LogModuleManager: Shutting down and abandoning module ProfilerClient (470)
[2018.09.17-06.56.34:651][ 98]LogModuleManager: Shutting down and abandoning module DeviceManager (468)
[2018.09.17-06.56.34:669][ 98]LogModuleManager: Shutting down and abandoning module TargetDeviceServices (467)
[2018.09.17-06.56.34:723][ 98]LogModuleManager: Shutting down and abandoning module AutomationController (464)
[2018.09.17-06.56.34:765][ 98]LogModuleManager: Shutting down and abandoning module AutomationWindow (462)
[2018.09.17-06.56.34:784][ 98]LogModuleManager: Shutting down and abandoning module Layers (460)
[2018.09.17-06.56.34:857][ 98]LogModuleManager: Shutting down and abandoning module ComponentVisualizers (458)
[2018.09.17-06.56.34:857][ 98]LogModuleManager: Shutting down and abandoning module DetailCustomizations (456)
[2018.09.17-06.56.34:883][ 98]LogModuleManager: Shutting down and abandoning module PackagesDialog (454)
[2018.09.17-06.56.34:884][ 98]LogModuleManager: Shutting down and abandoning module Persona (452)
[2018.09.17-06.56.34:938][ 98]LogModuleManager: Shutting down and abandoning module AdvancedPreviewScene (451)
[2018.09.17-06.56.34:939][ 98]LogModuleManager: Shutting down and abandoning module AnimGraph (449)
[2018.09.17-06.56.34:951][ 98]LogModuleManager: Shutting down and abandoning module Kismet (446)
[2018.09.17-06.56.35:002][ 98]LogModuleManager: Shutting down and abandoning module GraphEditor (444)
[2018.09.17-06.56.35:003][ 98]LogModuleManager: Shutting down and abandoning module ClassViewer (442)
[2018.09.17-06.56.35:003][ 98]LogModuleManager: Shutting down and abandoning module Toolbox (440)
[2018.09.17-06.56.35:003][ 98]LogModuleManager: Shutting down and abandoning module DesktopPlatform (439)
[2018.09.17-06.56.35:049][ 98]LogModuleManager: Shutting down and abandoning module ModuleUI (436)
[2018.09.17-06.56.35:066][ 98]LogModuleManager: Shutting down and abandoning module MovieSceneTools (434)
[2018.09.17-06.56.35:071][ 98]LogModuleManager: Shutting down and abandoning module OutputLog (432)
[2018.09.17-06.56.35:071][ 98]LogModuleManager: Shutting down and abandoning module GammaUI (430)
[2018.09.17-06.56.35:082][ 98]LogModuleManager: Shutting down and abandoning module Documentation (428)
[2018.09.17-06.56.35:082][ 98]LogModuleManager: Shutting down and abandoning module MovieSceneTracks (426)
[2018.09.17-06.56.35:082][ 98]LogModuleManager: Shutting down and abandoning module MovieScene (424)
[2018.09.17-06.56.35:086][ 98]LogModuleManager: Shutting down and abandoning module StreamingPauseRendering (422)
[2018.09.17-06.56.35:095][ 98]LogModuleManager: Shutting down and abandoning module LauncherPlatform (420)
[2018.09.17-06.56.35:095][ 98]LogModuleManager: Shutting down and abandoning module AnalyticsET (418)
[2018.09.17-06.56.35:095][ 98]LogModuleManager: Shutting down and abandoning module PortalServices (416)
[2018.09.17-06.56.35:095][ 98]LogModuleManager: Shutting down and abandoning module PortalRpc (414)
[2018.09.17-06.56.35:095][ 98]LogModuleManager: Shutting down and abandoning module MessagingRpc (412)
[2018.09.17-06.56.35:095][ 98]LogModuleManager: Shutting down and abandoning module AIModule (410)
[2018.09.17-06.56.35:109][ 98]LogModuleManager: Shutting down and abandoning module GameplayDebugger (409)
[2018.09.17-06.56.35:127][ 98]LogModuleManager: Shutting down and abandoning module AITestSuite (407)
[2018.09.17-06.56.35:140][ 98]LogModuleManager: Shutting down and abandoning module NavigationSystem (405)
[2018.09.17-06.56.35:140][ 98]LogModuleManager: Shutting down and abandoning module ProfilerService (402)
[2018.09.17-06.56.35:252][ 98]LogModuleManager: Shutting down and abandoning module TaskGraph (400)
[2018.09.17-06.56.35:288][ 98]LogModuleManager: Shutting down and abandoning module SteamVRController (398)
[2018.09.17-06.56.35:288][ 98]LogModuleManager: Shutting down and abandoning module ProceduralMeshComponentEditor (396)
[2018.09.17-06.56.35:288][ 98]LogModuleManager: Shutting down and abandoning module ProceduralMeshComponent (394)
[2018.09.17-06.56.35:304][ 98]LogModuleManager: Shutting down and abandoning module OculusInput (392)
[2018.09.17-06.56.35:304][ 98]LogModuleManager: Shutting down and abandoning module MobilePatchingUtils (390)
[2018.09.17-06.56.35:304][ 98]LogModuleManager: Shutting down and abandoning module EditableMesh (388)
[2018.09.17-06.56.35:317][ 98]LogModuleManager: Shutting down and abandoning module CustomMeshComponent (386)
[2018.09.17-06.56.35:317][ 98]LogModuleManager: Shutting down and abandoning module CableComponent (384)
[2018.09.17-06.56.35:317][ 98]LogModuleManager: Shutting down and abandoning module AudioCapture (382)
[2018.09.17-06.56.35:317][ 98]LogModuleManager: Shutting down and abandoning module ArchVisCharacter (380)
[2018.09.17-06.56.35:317][ 98]LogModuleManager: Shutting down and abandoning module AndroidPermission (378)
[2018.09.17-06.56.35:317][ 98]LogModuleManager: Shutting down and abandoning module NUTUnrealEngine4 (376)
[2018.09.17-06.56.35:317][ 98]LogModuleManager: Shutting down and abandoning module NetcodeUnitTest (374)
[2018.09.17-06.56.35:383][ 98]LogModuleManager: Shutting down and abandoning module MediaCompositingEditor (372)
[2018.09.17-06.56.35:383][ 98]LogModuleManager: Shutting down and abandoning module MediaCompositing (370)
[2018.09.17-06.56.35:383][ 98]LogModuleManager: Shutting down and abandoning module LinearTimecode (368)
[2018.09.17-06.56.35:383][ 98]LogModuleManager: Shutting down and abandoning module ImgMedia (366)
[2018.09.17-06.56.35:395][ 98]LogModuleManager: Shutting down and abandoning module HTML5Networking (364)
[2018.09.17-06.56.35:396][ 98]LogModuleManager: Shutting down and abandoning module GeometryCacheTracks (362)
[2018.09.17-06.56.35:396][ 98]LogModuleManager: Shutting down and abandoning module GeometryCacheSequencer (360)
[2018.09.17-06.56.35:396][ 98]LogModuleManager: Shutting down and abandoning module BackChannel (358)
[2018.09.17-06.56.35:429][ 98]LogModuleManager: Shutting down and abandoning module AppleVision (356)
[2018.09.17-06.56.35:429][ 98]LogModuleManager: Shutting down and abandoning module AppleImageUtils (354)
[2018.09.17-06.56.35:429][ 98]LogModuleManager: Shutting down and abandoning module AlembicImporter (352)
[2018.09.17-06.56.35:429][ 98]LogModuleManager: Shutting down and abandoning module AlembicLibrary (351)
[2018.09.17-06.56.35:429][ 98]LogModuleManager: Shutting down and abandoning module GeometryCache (350)
[2018.09.17-06.56.35:430][ 98]LogModuleManager: Shutting down and abandoning module GeometryCacheEd (349)
[2018.09.17-06.56.35:430][ 98]LogModuleManager: Shutting down and abandoning module DatasmithContentEditor (344)
[2018.09.17-06.56.35:436][ 98]LogModuleManager: Shutting down and abandoning module DatasmithContent (342)
[2018.09.17-06.56.35:438][ 98]LogModuleManager: Shutting down and abandoning module SpeedTreeImporter (340)
[2018.09.17-06.56.35:438][ 98]LogModuleManager: Shutting down and abandoning module PluginBrowser (338)
[2018.09.17-06.56.35:526][ 98]LogModuleManager: Shutting down and abandoning module MobileLauncherProfileWizard (336)
[2018.09.17-06.56.35:530][ 98]LogModuleManager: Shutting down and abandoning module PolygonModeling (334)
[2018.09.17-06.56.35:531][ 98]LogModuleManager: Shutting down and abandoning module MeshEditor (332)
[2018.09.17-06.56.35:535][ 98]LogModuleManager: Shutting down and abandoning module CryptoKeysOpenSSL (330)
[2018.09.17-06.56.35:538][ 98]LogModuleManager: Shutting down and abandoning module CryptoKeys (328)
[2018.09.17-06.56.35:538][ 98]LogModuleManager: Shutting down and abandoning module VisualStudioSourceCodeAccess (326)
[2018.09.17-06.56.35:538][ 98]LogModuleManager: Shutting down and abandoning module VisualStudioCodeSourceCodeAccess (324)
[2018.09.17-06.56.35:538][ 98]LogModuleManager: Shutting down and abandoning module UObjectPlugin (322)
[2018.09.17-06.56.35:538][ 98]LogModuleManager: Shutting down and abandoning module SubversionSourceControl (320)
[2018.09.17-06.56.35:555][ 98]LogModuleManager: Shutting down and abandoning module PerforceSourceControl (318)
[2018.09.17-06.56.35:603][ 98]LogModuleManager: Shutting down and abandoning module GitSourceControl (316)
[2018.09.17-06.56.35:634][ 98]LogModuleManager: Shutting down and abandoning module SourceControl (315)
[2018.09.17-06.56.35:656][ 98]LogModuleManager: Shutting down and abandoning module CLionSourceCodeAccess (312)
[2018.09.17-06.56.35:656][ 98]LogModuleManager: Shutting down and abandoning module LightPropagationVolumeEditor (310)
[2018.09.17-06.56.35:656][ 98]LogModuleManager: Shutting down and abandoning module PaperTiledImporter (308)
[2018.09.17-06.56.35:656][ 98]LogModuleManager: Shutting down and abandoning module PaperSpriteSheetImporter (306)
[2018.09.17-06.56.35:656][ 98]LogModuleManager: Shutting down and abandoning module Paper2DEditor (304)
[2018.09.17-06.56.35:700][ 98]LogModuleManager: Shutting down and abandoning module MeshPaint (303)
[2018.09.17-06.56.35:718][ 98]LogModuleManager: Shutting down and abandoning module Game (300)
[2018.09.17-06.56.35:718][ 98]LogModuleManager: Shutting down and abandoning module RuntimePhysXCooking (298)
[2018.09.17-06.56.35:718][ 98]LogModuleManager: Shutting down and abandoning module PhysXVehiclesEditor (296)
[2018.09.17-06.56.35:718][ 98]LogModuleManager: Shutting down and abandoning module PhysXVehicles (294)
[2018.09.17-06.56.35:718][ 98]LogModuleManager: Shutting down and abandoning module OculusEditor (292)
[2018.09.17-06.56.35:727][ 98]LogModuleManager: Shutting down and abandoning module LocationServicesBPLibrary (290)
[2018.09.17-06.56.35:727][ 98]LogModuleManager: Shutting down and abandoning module ImmediatePhysicsEditor (288)
[2018.09.17-06.56.35:727][ 98]LogModuleManager: Shutting down and abandoning module ImmediatePhysics (286)
[2018.09.17-06.56.35:747][ 98]LogModuleManager: Shutting down and abandoning module ActorSequence (284)
[2018.09.17-06.56.35:747][ 98]LogModuleManager: Shutting down and abandoning module UdpMessaging (282)
[2018.09.17-06.56.35:848][ 98]LogModuleManager: Shutting down and abandoning module TcpMessaging (280)
[2018.09.17-06.56.35:967][ 98]LogModuleManager: Shutting down and abandoning module MagicLeapAudio (278)
[2018.09.17-06.56.35:967][ 98]LogModuleManager: Shutting down and abandoning module GameplayTagsEditor (276)
[2018.09.17-06.56.35:982][ 98]LogModuleManager: Shutting down and abandoning module FacialAnimationEditor (274)
[2018.09.17-06.56.35:982][ 98]LogModuleManager: Shutting down and abandoning module FacialAnimation (272)
[2018.09.17-06.56.35:982][ 98]LogModuleManager: Shutting down and abandoning module DataValidation (270)
[2018.09.17-06.56.35:982][ 98]LogModuleManager: Shutting down and abandoning module AssetManagerEditor (268)
[2018.09.17-06.56.35:989][ 98]LogModuleManager: Shutting down and abandoning module LevelEditor (267)
[2018.09.17-06.56.36:033][ 98]LogModuleManager: Shutting down and abandoning module PixelInspectorModule (266)
[2018.09.17-06.56.36:046][ 98]LogModuleManager: Shutting down and abandoning module CommonMenuExtensions (264)
[2018.09.17-06.56.36:046][ 98]LogModuleManager: Shutting down and abandoning module MainFrame (262)
[2018.09.17-06.56.36:057][ 98]LogModuleManager: Shutting down and abandoning module HotReload (261)
[2018.09.17-06.56.36:086][ 98]LogModuleManager: Shutting down and abandoning module ContentBrowser (257)
[2018.09.17-06.56.36:086][ 98]LogModuleManager: Shutting down and abandoning module TreeMap (255)
[2018.09.17-06.56.36:103][ 98]LogModuleManager: Shutting down and abandoning module LightPropagationVolumeRuntime (252)
[2018.09.17-06.56.36:103][ 98]LogModuleManager: Shutting down and abandoning module AISupportModule (250)
[2018.09.17-06.56.36:103][ 98]LogModuleManager: Shutting down and abandoning module Paper2D (248)
[2018.09.17-06.56.36:109][ 98]LogModuleManager: Shutting down and abandoning module WindowsMoviePlayer (246)
[2018.09.17-06.56.36:121][ 98]LogModuleManager: Shutting down and abandoning module WmfMedia (244)
[2018.09.17-06.56.36:146][ 98]LogModuleManager: Shutting down and abandoning module Media (243)
[2018.09.17-06.56.36:152][ 98]LogModuleManager: Shutting down and abandoning module PacketHandler (240)
[2018.09.17-06.56.36:152][ 98]LogModuleManager: Shutting down and abandoning module ClothingSystemEditor (238)
[2018.09.17-06.56.36:152][ 98]LogModuleManager: Shutting down and abandoning module ClothingSystemRuntime (236)
[2018.09.17-06.56.36:180][ 98]LogModuleManager: Shutting down and abandoning module MediaAssets (234)
[2018.09.17-06.56.36:180][ 98]LogModuleManager: Shutting down and abandoning module Overlay (232)
[2018.09.17-06.56.36:180][ 98]LogModuleManager: Shutting down and abandoning module OverlayEditor (231)
[2018.09.17-06.56.36:180][ 98]LogModuleManager: Shutting down and abandoning module VREditor (228)
[2018.09.17-06.56.36:191][ 98]LogModuleManager: Shutting down and abandoning module StringTableEditor (226)
[2018.09.17-06.56.36:213][ 98]LogModuleManager: Shutting down and abandoning module GameplayTasksEditor (224)
[2018.09.17-06.56.36:214][ 98]LogModuleManager: Shutting down and abandoning module BehaviorTreeEditor (222)
[2018.09.17-06.56.36:242][ 98]LogModuleManager: Shutting down and abandoning module FunctionalTesting (220)
[2018.09.17-06.56.36:262][ 98]LogModuleManager: Shutting down and abandoning module CollisionAnalyzer (218)
[2018.09.17-06.56.36:284][ 98]LogModuleManager: Shutting down and abandoning module WorkspaceMenuStructure (217)
[2018.09.17-06.56.36:284][ 98]LogModuleManager: Shutting down and abandoning module UMG (214)
[2018.09.17-06.56.36:284][ 98]LogModuleManager: Shutting down and abandoning module UMGEditor (213)
[2018.09.17-06.56.36:284][ 98]LogModuleManager: Shutting down and abandoning module Sequencer (212)
[2018.09.17-06.56.36:300][ 98]LogModuleManager: Shutting down and abandoning module MessageLog (209)
[2018.09.17-06.56.36:300][ 98]LogModuleManager: Shutting down and abandoning module SlateReflector (204)
[2018.09.17-06.56.36:374][ 98]LogModuleManager: Shutting down and abandoning module Slate (202)
[2018.09.17-06.56.36:374][ 98]LogModuleManager: Shutting down and abandoning module EditorStyle (200)
[2018.09.17-06.56.36:378][ 98]LogModuleManager: Shutting down and abandoning module MRMesh (198)
[2018.09.17-06.56.36:410][ 98]LogModuleManager: Shutting down and abandoning module SourceCodeAccess (196)
[2018.09.17-06.56.36:410][ 98]LogModuleManager: Shutting down and abandoning module HeadMountedDisplay (194)
[2018.09.17-06.56.36:410][ 98]LogModuleManager: Shutting down and abandoning module XAudio2 (192)
[2018.09.17-06.56.36:410][ 98]LogModuleManager: Shutting down and abandoning module Networking (190)
[2018.09.17-06.56.36:410][ 98]LogModuleManager: Shutting down and abandoning module Core (188)
[2018.09.17-06.56.36:410][ 98]LogModuleManager: Shutting down and abandoning module LevelSequence (186)
[2018.09.17-06.56.36:410][ 98]LogModuleManager: Shutting down and abandoning module KismetCompiler (184)
[2018.09.17-06.56.36:410][ 98]LogModuleManager: Shutting down and abandoning module MeshUtilities (182)
[2018.09.17-06.56.36:425][ 98]LogModuleManager: Shutting down and abandoning module MeshMergeUtilities (181)
[2018.09.17-06.56.36:440][ 98]LogModuleManager: Shutting down and abandoning module MeshReductionInterface (180)
[2018.09.17-06.56.36:440][ 98]LogModuleManager: Shutting down and abandoning module SimplygonSwarm (179)
[2018.09.17-06.56.36:447][ 98]LogModuleManager: Shutting down and abandoning module ProxyLODMeshReduction (177)
[2018.09.17-06.56.36:475][ 98]LogModuleManager: Shutting down and abandoning module SimplygonMeshReduction (175)
[2018.09.17-06.56.36:475][ 98]LogModuleManager: Shutting down and abandoning module QuadricMeshReduction (173)
[2018.09.17-06.56.36:507][ 98]LogModuleManager: Shutting down and abandoning module MaterialBaking (169)
[2018.09.17-06.56.36:517][ 98]LogModuleManager: Shutting down and abandoning module DirectoryWatcher (165)
[2018.09.17-06.56.36:518][ 98]LogModuleManager: Shutting down and abandoning module DerivedDataCache (162)
[2018.09.17-06.56.36:584][ 98]LogDerivedDataCache: Shutdown
[2018.09.17-06.56.36:585][ 98]LogModuleManager: Shutting down and abandoning module XGEController (160)
[2018.09.17-06.56.36:585][ 98]LogXGEController: Cleaning working directory: C:/Users/ERGON.946/AppData/Local/Temp/UnrealXGEWorkingDir/
[2018.09.17-06.56.36:601][ 98]LogModuleManager: Shutting down and abandoning module TargetPlatform (158)
[2018.09.17-06.56.36:601][ 98]LogModuleManager: Shutting down and abandoning module VulkanShaderFormat (157)
[2018.09.17-06.56.36:616][ 98]LogModuleManager: Shutting down and abandoning module ShaderFormatVectorVM (155)
[2018.09.17-06.56.36:636][ 98]LogModuleManager: Shutting down and abandoning module ShaderFormatOpenGL (153)
[2018.09.17-06.56.36:640][ 98]LogModuleManager: Shutting down and abandoning module ShaderFormatD3D (151)
[2018.09.17-06.56.36:641][ 98]LogModuleManager: Shutting down and abandoning module MetalShaderFormat (149)
[2018.09.17-06.56.36:660][ 98]LogModuleManager: Shutting down and abandoning module TextureFormatUncompressed (147)
[2018.09.17-06.56.36:660][ 98]LogModuleManager: Shutting down and abandoning module TextureFormatPVR (145)
[2018.09.17-06.56.36:660][ 98]LogModuleManager: Shutting down and abandoning module TextureFormatDXT (143)
[2018.09.17-06.56.36:661][ 98]LogModuleManager: Shutting down and abandoning module TextureFormatIntelISPCTexComp (141)
[2018.09.17-06.56.36:670][ 98]LogModuleManager: Shutting down and abandoning module TextureFormatASTC (139)
[2018.09.17-06.56.36:670][ 98]LogModuleManager: Shutting down and abandoning module ImageWrapper (138)
[2018.09.17-06.56.36:670][ 98]LogModuleManager: Shutting down and abandoning module TextureFormatAndroid (135)
[2018.09.17-06.56.36:671][ 98]LogModuleManager: Shutting down and abandoning module AudioFormatOpus (133)
[2018.09.17-06.56.36:671][ 98]LogModuleManager: Shutting down and abandoning module AudioFormatOgg (131)
[2018.09.17-06.56.36:671][ 98]LogModuleManager: Shutting down and abandoning module AudioFormatADPCM (129)
[2018.09.17-06.56.36:671][ 98]LogModuleManager: Shutting down and abandoning module LuminTargetPlatform (127)
[2018.09.17-06.56.36:672][ 98]LogModuleManager: Shutting down and abandoning module LinuxTargetPlatform (125)
[2018.09.17-06.56.36:672][ 98]LogModuleManager: Shutting down and abandoning module LinuxServerTargetPlatform (123)
[2018.09.17-06.56.36:672][ 98]LogModuleManager: Shutting down and abandoning module LinuxNoEditorTargetPlatform (121)
[2018.09.17-06.56.36:680][ 98]LogModuleManager: Shutting down and abandoning module LinuxClientTargetPlatform (119)
[2018.09.17-06.56.36:687][ 98]LogModuleManager: Shutting down and abandoning module TVOSTargetPlatform (117)
[2018.09.17-06.56.36:688][ 98]LogModuleManager: Shutting down and abandoning module Messaging (115)
[2018.09.17-06.56.36:688][ 98]LogModuleManager: Shutting down and abandoning module IOSTargetPlatform (113)
[2018.09.17-06.56.36:690][ 98]LogModuleManager: Shutting down and abandoning module HTML5TargetPlatform (111)
[2018.09.17-06.56.36:690][ 98]LogModuleManager: Shutting down and abandoning module AndroidTargetPlatform (109)
[2018.09.17-06.56.36:725][ 98]LogModuleManager: Shutting down and abandoning module WindowsTargetPlatform (107)
[2018.09.17-06.56.36:725][ 98]LogModuleManager: Shutting down and abandoning module WindowsServerTargetPlatform (105)
[2018.09.17-06.56.36:725][ 98]LogModuleManager: Shutting down and abandoning module WindowsNoEditorTargetPlatform (103)
[2018.09.17-06.56.36:725][ 98]LogModuleManager: Shutting down and abandoning module WindowsClientTargetPlatform (101)
[2018.09.17-06.56.36:725][ 98]LogModuleManager: Shutting down and abandoning module MacTargetPlatform (99)
[2018.09.17-06.56.36:725][ 98]LogModuleManager: Shutting down and abandoning module MacServerTargetPlatform (97)
[2018.09.17-06.56.36:725][ 98]LogModuleManager: Shutting down and abandoning module MacNoEditorTargetPlatform (95)
[2018.09.17-06.56.36:725][ 98]LogModuleManager: Shutting down and abandoning module MacClientTargetPlatform (93)
[2018.09.17-06.56.36:725][ 98]LogModuleManager: Shutting down and abandoning module AllDesktopTargetPlatform (91)
[2018.09.17-06.56.36:725][ 98]LogModuleManager: Shutting down and abandoning module InputCore (88)
[2018.09.17-06.56.36:725][ 98]LogModuleManager: Shutting down and abandoning module Settings (86)
[2018.09.17-06.56.36:725][ 98]LogModuleManager: Shutting down and abandoning module PhysXCooking (84)
[2018.09.17-06.56.36:725][ 98]LogModuleManager: Shutting down and abandoning module SteamVR (82)
[2018.09.17-06.56.36:725][ 98]LogModuleManager: Shutting down and abandoning module OculusHMD (80)
[2018.09.17-06.56.36:745][ 98]LogModuleManager: Shutting down and abandoning module ExampleDeviceProfileSelector (78)
[2018.09.17-06.56.36:745][ 98]LogModuleManager: Shutting down and abandoning module LauncherChunkInstaller (76)
[2018.09.17-06.56.36:745][ 98]LogModuleManager: Shutting down and abandoning module OnlineBlueprintSupport (74)
[2018.09.17-06.56.36:745][ 98]LogModuleManager: Shutting down and abandoning module OnlineSubsystem (70)
[2018.09.17-06.56.36:756][ 98]LogModuleManager: Shutting down and abandoning module XMPP (65)
[2018.09.17-06.56.36:836][ 98]LogModuleManager: Shutting down and abandoning module WebSockets (64)
[2018.09.17-06.56.36:955][ 98]LogModuleManager: Shutting down and abandoning module HTTP (61)
[2018.09.17-06.56.36:964][ 98]LogHttp: Display: Http module shutting down, but needs to wait on 1 outstanding Http requests:
[2018.09.17-06.56.36:964][ 98]LogHttp: Display: 	verb=[POST] url=[https://datarouter.ol.epicgames.com/datarouter/api/v1/public/data?SessionID=%7BAE6415BD-4763-3043-4BFE-0AAEE2B10F77%7D&AppID=UEEditor.Rocket.Release&AppVersion=4.20.2-4302132%2B%2B%2BUE4%2BRelease-4.20&UserID=c2494ba0457788e2daf511a74417e325%7C%7C1315650e-8636-4510-9e45-b76a2c502304&AppEnvironment=datacollector-binary&UploadType=eteventstream] status=Processing
[2018.09.17-06.56.36:965][ 98]LogHttp: Warning: 0000026351E3B600: request failed, libcurl error: 56 (Failure when receiving data from the peer)
[2018.09.17-06.56.36:965][ 98]LogHttp: Warning: 0000026351E3B600: libcurl info message cache 0 (Hostname datarouter.ol.epicgames.com was found in DNS cache)
[2018.09.17-06.56.36:965][ 98]LogHttp: Warning: 0000026351E3B600: libcurl info message cache 1 (  Trying 52.22.97.182...)
[2018.09.17-06.56.36:965][ 98]LogHttp: Warning: 0000026351E3B600: libcurl info message cache 2 (TCP_NODELAY set)
[2018.09.17-06.56.36:965][ 98]LogHttp: Warning: 0000026351E3B600: libcurl info message cache 3 (Connected to datarouter.ol.epicgames.com (52.22.97.182) port 443 (#2))
[2018.09.17-06.56.36:965][ 98]LogHttp: Warning: 0000026351E3B600: libcurl info message cache 4 (ALPN, offering http/1.1)
[2018.09.17-06.56.36:965][ 98]LogHttp: Warning: 0000026351E3B600: libcurl info message cache 5 (Cipher selection: ALL:!EXPORT:!EXPORT40:!EXPORT56:!aNULL:!LOW:!RC4:@STRENGTH)
[2018.09.17-06.56.36:965][ 98]LogHttp: Warning: 0000026351E3B600: libcurl info message cache 6 (SSL re-using session ID)
[2018.09.17-06.56.36:965][ 98]LogHttp: Warning: 0000026351E3B600: libcurl info message cache 7 (TLSv1.2 (OUT), TLS handshake, Client hello (1):)
[2018.09.17-06.56.36:965][ 98]LogHttp: Warning: 0000026351E3B600: libcurl info message cache 8 (TLSv1.2 (IN), TLS handshake, Server hello (2):)
[2018.09.17-06.56.36:966][ 98]LogHttp: Warning: 0000026351E3B600: libcurl info message cache 9 (TLSv1.2 (IN), TLS change cipher, Client hello (1):)
[2018.09.17-06.56.36:966][ 98]LogHttp: Warning: 0000026351E3B600: libcurl info message cache 10 (TLSv1.2 (IN), TLS handshake, Finished (20):)
[2018.09.17-06.56.36:966][ 98]LogHttp: Warning: 0000026351E3B600: libcurl info message cache 11 (TLSv1.2 (OUT), TLS change cipher, Client hello (1):)
[2018.09.17-06.56.36:966][ 98]LogHttp: Warning: 0000026351E3B600: libcurl info message cache 12 (TLSv1.2 (OUT), TLS handshake, Finished (20):)
[2018.09.17-06.56.36:966][ 98]LogHttp: Warning: 0000026351E3B600: libcurl info message cache 13 (SSL connection using TLSv1.2 / ECDHE-RSA-AES128-GCM-SHA256)
[2018.09.17-06.56.36:966][ 98]LogHttp: Warning: 0000026351E3B600: libcurl info message cache 14 (ALPN, server did not agree to a protocol)
[2018.09.17-06.56.36:966][ 98]LogHttp: Warning: 0000026351E3B600: libcurl info message cache 15 (Server certificate:)
[2018.09.17-06.56.36:966][ 98]LogHttp: Warning: 0000026351E3B600: libcurl info message cache 16 ( subject: CN=*.ol.epicgames.com)
[2018.09.17-06.56.36:966][ 98]LogHttp: Warning: 0000026351E3B600: libcurl info message cache 17 ( start date: Mar 12 00:00:00 2018 GMT)
[2018.09.17-06.56.36:966][ 98]LogHttp: Warning: 0000026351E3B600: libcurl info message cache 18 ( expire date: Apr 12 12:00:00 2019 GMT)
[2018.09.17-06.56.36:966][ 98]LogHttp: Warning: 0000026351E3B600: libcurl info message cache 19 ( subjectAltName: host "datarouter.ol.epicgames.com" matched cert's "*.ol.epicgames.com")
[2018.09.17-06.56.36:966][ 98]LogHttp: Warning: 0000026351E3B600: libcurl info message cache 20 ( issuer: C=US; O=Amazon; OU=Server CA 1B; CN=Amazon)
[2018.09.17-06.56.36:966][ 98]LogHttp: Warning: 0000026351E3B600: libcurl info message cache 21 ( SSL certificate verify ok.)
[2018.09.17-06.56.36:966][ 98]LogHttp: Warning: 0000026351E3B600: libcurl info message cache 22 (upload completely sent off: 1782 out of 1782 bytes)
[2018.09.17-06.56.36:966][ 98]LogHttp: Warning: 0000026351E3B600: libcurl info message cache 23 (OpenSSL SSL_read: SSL_ERROR_SYSCALL, errno 10054)
[2018.09.17-06.56.36:966][ 98]LogHttp: Warning: 0000026351E3B600: libcurl info message cache 24 (Closing connection 2)
[2018.09.17-06.56.36:978][ 98]LogModuleManager: Shutting down and abandoning module SSL (60)
[2018.09.17-06.56.37:027][ 98]LogModuleManager: Shutting down and abandoning module MagicLeapEmulator (56)
[2018.09.17-06.56.37:027][ 98]LogModuleManager: Shutting down and abandoning module MagicLeapPrivileges (54)
[2018.09.17-06.56.37:027][ 98]LogModuleManager: Shutting down and abandoning module MagicLeapIdentity (52)
[2018.09.17-06.56.37:027][ 98]LogModuleManager: Shutting down and abandoning module MagicLeapHelperVulkan (50)
[2018.09.17-06.56.37:027][ 98]LogModuleManager: Shutting down and abandoning module MagicLeapHelperOpenGL (48)
[2018.09.17-06.56.37:027][ 98]LogModuleManager: Shutting down and abandoning module MagicLeapSecureStorage (46)
[2018.09.17-06.56.37:027][ 98]LogModuleManager: Shutting down and abandoning module MagicLeapGestures (44)
[2018.09.17-06.56.37:027][ 98]LogModuleManager: Shutting down and abandoning module MagicLeapEyeTracker (42)
[2018.09.17-06.56.37:027][ 98]LogModuleManager: Shutting down and abandoning module MagicLeapController (40)
[2018.09.17-06.56.37:028][ 98]LogSlate: Slate User Destroyed.  User Index 0, Is Virtual User: 0
[2018.09.17-06.56.37:028][ 98]LogModuleManager: Shutting down and abandoning module MagicLeap (38)
[2018.09.17-06.56.37:028][ 98]LogModuleManager: Shutting down and abandoning module AnimationModifiers (36)
[2018.09.17-06.56.37:068][ 98]LogModuleManager: Shutting down and abandoning module PropertyEditor (35)
[2018.09.17-06.56.37:080][ 98]LogModuleManager: Shutting down and abandoning module AudioEditor (32)
[2018.09.17-06.56.37:102][ 98]LogModuleManager: Shutting down and abandoning module TextureCompressor (30)
[2018.09.17-06.56.37:102][ 98]LogModuleManager: Shutting down and abandoning module ShaderCore (28)
[2018.09.17-06.56.37:102][ 98]LogModuleManager: Shutting down and abandoning module Landscape (26)
[2018.09.17-06.56.37:102][ 98]LogModuleManager: Shutting down and abandoning module SlateRHIRenderer (24)
[2018.09.17-06.56.37:124][ 98]LogModuleManager: Shutting down and abandoning module OpenGLDrv (22)
[2018.09.17-06.56.37:142][ 98]LogModuleManager: Shutting down and abandoning module D3D11RHI (20)
[2018.09.17-06.56.37:142][ 98]LogModuleManager: Shutting down and abandoning module AnimGraphRuntime (18)
[2018.09.17-06.56.37:164][ 98]LogModuleManager: Shutting down and abandoning module Renderer (16)
[2018.09.17-06.56.37:164][ 98]LogModuleManager: Shutting down and abandoning module Engine (14)
[2018.09.17-06.56.37:164][ 98]LogModuleManager: Shutting down and abandoning module CoreUObject (12)
[2018.09.17-06.56.37:164][ 98]LogModuleManager: Shutting down and abandoning module NetworkFile (10)
[2018.09.17-06.56.37:184][ 98]LogModuleManager: Shutting down and abandoning module CookedIterativeFile (8)
[2018.09.17-06.56.37:184][ 98]LogModuleManager: Shutting down and abandoning module StreamingFile (6)
[2018.09.17-06.56.37:196][ 98]LogModuleManager: Shutting down and abandoning module SandboxFile (4)
[2018.09.17-06.56.37:196][ 98]LogModuleManager: Shutting down and abandoning module PakFile (2)
[2018.09.17-06.56.37:238][ 98]LogExit: Exiting.
[2018.09.17-06.56.37:261][ 98]Log file closed, 09/17/18 08:56:37
