Log file open, 10/20/18 10:23:38
LogWindows: Failed to load 'aqProf.dll' (GetLastError=126)
LogWindows: File 'aqProf.dll' does not exist
LogWindows: Failed to load 'VSPerf140.dll' (GetLastError=126)
LogWindows: File 'VSPerf140.dll' does not exist
LogWindows: Failed to load 'VtuneApi.dll' (GetLastError=126)
LogWindows: File 'VtuneApi.dll' does not exist
LogWindows: Failed to load 'VtuneApi32e.dll' (GetLastError=126)
LogWindows: File 'VtuneApi32e.dll' does not exist
LogInit: Display: Running engine for game: Game
LogPlatformFile: Not using cached read wrapper
LogTaskGraph: Started task graph with 5 named threads and 11 total threads with 3 sets of task threads.
LogStats: Stats thread started at 4.513035
LogD3D11RHI: Loaded GFSDK_Aftermath_Lib.x64.dll
LogICUInternationalization: Display: ICU TimeZone Detection - Raw Offset: +1:00, Platform Override: ''
LogPluginManager: Mounting plugin Paper2D
LogPluginManager: Mounting plugin AISupport
LogPluginManager: Mounting plugin LightPropagationVolume
LogPluginManager: Mounting plugin CLionSourceCodeAccess
LogPluginManager: Mounting plugin CodeLiteSourceCodeAccess
LogPluginManager: Mounting plugin GitSourceControl
LogPluginManager: Mounting plugin KDevelopSourceCodeAccess
LogPluginManager: Mounting plugin NullSourceCodeAccess
LogPluginManager: Mounting plugin PerforceSourceControl
LogPluginManager: Mounting plugin SubversionSourceControl
LogPluginManager: Mounting plugin UObjectPlugin
LogPluginManager: Mounting plugin VisualStudioCodeSourceCodeAccess
LogPluginManager: Mounting plugin VisualStudioSourceCodeAccess
LogPluginManager: Mounting plugin XCodeSourceCodeAccess
LogPluginManager: Mounting plugin AssetManagerEditor
LogPluginManager: Mounting plugin CryptoKeys
LogPluginManager: Mounting plugin DataValidation
LogPluginManager: Mounting plugin FacialAnimation
LogPluginManager: Mounting plugin GameplayTagsEditor
LogPluginManager: Mounting plugin MacGraphicsSwitching
LogPluginManager: Mounting plugin MeshEditor
LogPluginManager: Mounting plugin MobileLauncherProfileWizard
LogPluginManager: Mounting plugin PluginBrowser
LogPluginManager: Mounting plugin SpeedTreeImporter
LogPluginManager: Mounting plugin DatasmithContent
LogPluginManager: Mounting plugin AlembicImporter
LogPluginManager: Mounting plugin AppleImageUtils
LogPluginManager: Mounting plugin AppleVision
LogPluginManager: Mounting plugin BackChannel
LogPluginManager: Mounting plugin CharacterAI
LogPluginManager: Mounting plugin GeometryCache
LogPluginManager: Mounting plugin HTML5Networking
LogPluginManager: Mounting plugin ProxyLODPlugin
LogPluginManager: Mounting plugin MagicLeap
LogPluginManager: Mounting plugin MagicLeapEmulator
LogPluginManager: Mounting plugin MagicLeapMedia
LogPluginManager: Mounting plugin AndroidMedia
LogPluginManager: Mounting plugin AvfMedia
LogPluginManager: Mounting plugin ImgMedia
LogPluginManager: Mounting plugin LinearTimecode
LogPluginManager: Mounting plugin MediaCompositing
LogPluginManager: Mounting plugin MediaPlayerEditor
LogPluginManager: Mounting plugin WmfMedia
LogPluginManager: Mounting plugin TcpMessaging
LogPluginManager: Mounting plugin UdpMessaging
LogPluginManager: Mounting plugin ActorSequence
LogPluginManager: Mounting plugin LevelSequenceEditor
LogPluginManager: Mounting plugin MatineeToLevelSequence
LogPluginManager: Mounting plugin NetcodeUnitTest
LogPluginManager: Mounting plugin NUTUnrealEngine4
LogPluginManager: Mounting plugin OnlineSubsystemGooglePlay
LogPluginManager: Mounting plugin OnlineSubsystemIOS
LogPluginManager: Mounting plugin OnlineSubsystem
LogPluginManager: Mounting plugin OnlineSubsystemNull
LogPluginManager: Mounting plugin OnlineSubsystemUtils
LogPluginManager: Mounting plugin LauncherChunkInstaller
LogPluginManager: Mounting plugin AndroidDeviceProfileSelector
LogPluginManager: Mounting plugin AndroidMoviePlayer
LogPluginManager: Mounting plugin AndroidPermission
LogPluginManager: Mounting plugin AppleMoviePlayer
LogPluginManager: Mounting plugin ArchVisCharacter
LogPluginManager: Mounting plugin AudioCapture
LogPluginManager: Mounting plugin CableComponent
LogPluginManager: Mounting plugin CustomMeshComponent
LogPluginManager: Mounting plugin EditableMesh
LogPluginManager: Mounting plugin ExampleDeviceProfileSelector
LogPluginManager: Mounting plugin GoogleCloudMessaging
LogPluginManager: Mounting plugin ImmediatePhysics
LogPluginManager: Mounting plugin IOSDeviceProfileSelector
LogPluginManager: Mounting plugin LinuxDeviceProfileSelector
LogPluginManager: Mounting plugin LocationServicesBPLibrary
LogPluginManager: Mounting plugin MobilePatchingUtils
LogPluginManager: Mounting plugin OculusVR
LogPluginManager: Plugin shader directory ../../../Engine/Plugins/Runtime/Oculus/OculusVR/Shaders found
LogPluginManager: Mapping shader source directory ../../../Engine/Plugins/Runtime/Oculus/OculusVR/Shaders to virtual directory /Plugin/OculusVR
LogPluginManager: Mounting plugin PhysXVehicles
LogPluginManager: Mounting plugin ProceduralMeshComponent
LogPluginManager: Mounting plugin RuntimePhysXCooking
LogPluginManager: Mounting plugin SteamVR
LogPluginManager: Mounting plugin WindowsMoviePlayer
LogStreaming: Display: Took  0.525s to configure plugins.
LogInit: Using libcurl 7.55.1-DEV
LogInit:  - built for x86_64-pc-win32
LogInit:  - supports SSL with OpenSSL/1.0.2h
LogInit:  - supports HTTP deflate (compression) using libz 1.2.8
LogInit:  - other features:
LogInit:      CURL_VERSION_SSL
LogInit:      CURL_VERSION_LIBZ
LogInit:      CURL_VERSION_IPV6
LogInit:      CURL_VERSION_ASYNCHDNS
LogInit:      CURL_VERSION_LARGEFILE
LogInit:      CURL_VERSION_IDN
LogInit:  CurlRequestOptions (configurable via config and command line):
LogInit:  - bVerifyPeer = false  - Libcurl will NOT verify peer certificate
LogInit:  - bUseHttpProxy = false  - Libcurl will NOT use HTTP proxy
LogInit:  - bDontReuseConnections = false  - Libcurl will reuse connections
LogInit:  - CertBundlePath = nullptr  - Libcurl will use whatever was configured at build time.
LogInit:  - MaxHostConnections = 16  - Libcurl will limit the number of connections to a host
LogInit:  - LocalHostAddr = Default
LogInit:  - BufferSize = 65536
LogInit: WinSock: version 1.1 (2.2), MaxSocks=32767, MaxUdp=65467
LogInit: Build: ++UE4+Release-4.20-CL-4302132
LogInit: Engine Version: 4.20.2-4302132+++UE4+Release-4.20
LogInit: Compatible Engine Version: 4.20.0-4212847+++UE4+Release-4.20
LogInit: Net CL: 4212847
LogInit: OS: Windows 7 (Service Pack 1), CPU:        Intel(R) Core(TM) i3-3110M CPU @ 2.40GHz, GPU: Intel(R) HD Graphics 4000
LogInit: Compiled (64-bit): Aug 21 2018 02:06:06
LogInit: Compiled with Visual C++: 19.13.26129.00
LogInit: Build Configuration: Development
LogInit: Branch Name: ++UE4+Release-4.20
LogInit: Command Line: 
LogInit: Base Directory: G:/Programmi/Epic Games Launcher/Unreal Engine/UE_4.20/Engine/Binaries/Win64/
LogInit: Installed Engine Build: 1
LogDevObjectVersion: Number of dev versions registered: 20
LogDevObjectVersion:   Dev-Blueprints (B0D832E4-1F89-4F0D-ACCF-7EB736FD4AA2): 10
LogDevObjectVersion:   Dev-Build (E1C64328-A22C-4D53-A36C-8E866417BD8C): 0
LogDevObjectVersion:   Dev-Core (375EC13C-06E4-48FB-B500-84F0262A717E): 2
LogDevObjectVersion:   Dev-Editor (E4B068ED-F494-42E9-A231-DA0B2E46BB41): 24
LogDevObjectVersion:   Dev-Framework (CFFC743F-43B0-4480-9391-14DF171D2073): 34
LogDevObjectVersion:   Dev-Mobile (B02B49B5-BB20-44E9-A304-32B752E40360): 2
LogDevObjectVersion:   Dev-Networking (A4E4105C-59A1-49B5-A7C5-40C4547EDFEE): 0
LogDevObjectVersion:   Dev-Online (39C831C9-5AE6-47DC-9A44-9C173E1C8E7C): 0
LogDevObjectVersion:   Dev-Physics (78F01B33-EBEA-4F98-B9B4-84EACCB95AA2): 0
LogDevObjectVersion:   Dev-Platform (6631380F-2D4D-43E0-8009-CF276956A95A): 0
LogDevObjectVersion:   Dev-Rendering (12F88B9F-8875-4AFC-A67C-D90C383ABD29): 26
LogDevObjectVersion:   Dev-Sequencer (7B5AE74C-D270-4C10-A958-57980B212A5A): 9
LogDevObjectVersion:   Dev-VR (D7296918-1DD6-4BDD-9DE2-64A83CC13884): 2
LogDevObjectVersion:   Dev-LoadTimes (C2A15278-BFE7-4AFE-6C17-90FF531DF755): 1
LogDevObjectVersion:   Private-Geometry (6EACA3D4-40EC-4CC1-B786-8BED09428FC5): 3
LogDevObjectVersion:   Dev-AnimPhys (29E575DD-E0A3-4627-9D10-D276232CDCEA): 17
LogDevObjectVersion:   Dev-ReflectionCapture (6B266CEC-1EC7-4B8F-A30B-E4D90942FC07): 1
LogDevObjectVersion:   Dev-Automation (0DF73D61-A23F-47EA-B727-89E90C41499A): 1
LogDevObjectVersion:   FortniteMain (601D1886-AC64-4F84-AA16-D3DE0DEAC7D6): 12
LogDevObjectVersion:   Dev-Enterprise (9DFFBCD6-494F-0158-E221-12823C92A888): 1
LogStreaming: Display: Took  0.001s to delete old logs.
LogInit: Presizing for max 8388607 objects, including 0 objects not considered by GC, pre-allocating 0 bytes for permanent pool.
LogInit: Object subsystem initialized
[2018.10.20-08.23.42:033][  0]LogInit: Selected Device Profile: [Windows]
[2018.10.20-08.23.42:033][  0]LogInit: Applying CVar settings loaded from the selected device profile: [Windows]
[2018.10.20-08.23.42:163][  0]LogHAL: Display: Platform has ~ 8 GB [8463634432 / 8589934592 / 8], which maps to Default [LargestMinGB=32, LargerMinGB=12, DefaultMinGB=8, SmallerMinGB=6, SmallestMinGB=0)
[2018.10.20-08.23.42:173][  0]LogInit: Setting Device Profile CVar: [[r.Vulkan.UseRealUBs:1]]
[2018.10.20-08.23.42:183][  0]LogInit: Going up to parent DeviceProfile []
[2018.10.20-08.23.42:223][  0]LogInit: Computer: USER-HP
[2018.10.20-08.23.42:223][  0]LogInit: User: User
[2018.10.20-08.23.42:223][  0]LogInit: CPU Page size=4096, Cores=2
[2018.10.20-08.23.42:223][  0]LogInit: High frequency timer resolution =2.338466 MHz
[2018.10.20-08.23.42:223][  0]LogMemory: Memory total: Physical=7.9GB (8GB approx)
[2018.10.20-08.23.42:223][  0]LogMemory: Platform Memory Stats for Windows
[2018.10.20-08.23.42:223][  0]LogMemory: Process Physical Memory: 101.11 MB used, 101.11 MB peak
[2018.10.20-08.23.42:223][  0]LogMemory: Process Virtual Memory: 86.52 MB used, 86.52 MB peak
[2018.10.20-08.23.42:223][  0]LogMemory: Physical Memory: 2514.23 MB used,  5557.32 MB free, 8071.55 MB total
[2018.10.20-08.23.42:223][  0]LogMemory: Virtual Memory: 473.86 MB used,  5557.32 MB free, 8388608.00 MB total
[2018.10.20-08.23.43:241][  0]LogInit: Using OS detected language (it-IT).
[2018.10.20-08.23.43:241][  0]LogInit: Using OS detected locale (it-IT).
[2018.10.20-08.23.43:251][  0]LogTextLocalizationManager: No specific localization for 'it-IT' exists, so the 'it' localization will be used.
[2018.10.20-08.23.43:378][  0]LogStreaming: Display: Took  0.130s to InitEngineTextLocalization.
[2018.10.20-08.23.43:387][  0]LogWindows: Failed to load 'shcore.dll' (GetLastError=126)
[2018.10.20-08.23.43:387][  0]LogWindows: File 'shcore.dll' does not exist
[2018.10.20-08.23.43:387][  0]LogInit: Setting process to DPI aware
[2018.10.20-08.23.44:578][  0]LogSlate: New Slate User Created.  User Index 0, Is Virtual User: 0
[2018.10.20-08.23.44:578][  0]LogSlate: Slate User Registered.  User Index 0, Is Virtual User: 0
[2018.10.20-08.23.48:645][  0]LogHMD: Failed to initialize OpenVR with code 110
[2018.10.20-08.23.48:645][  0]LogD3D11RHI: D3D11 adapters:
[2018.10.20-08.23.48:685][  0]LogD3D11RHI:    0. 'Intel(R) HD Graphics 4000' (Feature Level 11_0)
[2018.10.20-08.23.48:685][  0]LogD3D11RHI:       64/0/1632 MB DedicatedVideo/DedicatedSystem/SharedSystem, Outputs:1, VendorId:0x8086
[2018.10.20-08.23.48:685][  0]LogD3D11RHI: Chosen D3D11 Adapter: 0
[2018.10.20-08.23.48:694][  0]LogD3D11RHI: Creating new Direct3DDevice
[2018.10.20-08.23.48:694][  0]LogD3D11RHI:     GPU DeviceId: 0x166 (for the marketing name, search the web for "GPU Device Id")
[2018.10.20-08.23.48:694][  0]LogWindows: EnumDisplayDevices:
[2018.10.20-08.23.48:694][  0]LogWindows:    0. 'Intel(R) HD Graphics 4000' (P:1 D:1)
[2018.10.20-08.23.48:695][  0]LogWindows:    1. 'Intel(R) HD Graphics 4000' (P:0 D:0)
[2018.10.20-08.23.48:695][  0]LogWindows:    2. 'Intel(R) HD Graphics 4000' (P:0 D:0)
[2018.10.20-08.23.48:695][  0]LogWindows:    3. 'RDPDD Chained DD' (P:0 D:0)
[2018.10.20-08.23.48:695][  0]LogWindows:    4. 'RDP Encoder Mirror Driver' (P:0 D:0)
[2018.10.20-08.23.48:696][  0]LogWindows:    5. 'RDP Reflector Display Driver' (P:0 D:0)
[2018.10.20-08.23.48:696][  0]LogWindows: DebugString: GetVideoDriverDetailsInvalid PrimaryIsNotTheChoosenAdapter GetVideoDriverDetailsInvalid PrimaryIsNotTheChoosenAdapter GetVideoDriverDetailsInvalid PrimaryIsNotTheChoosenAdapter FoundDriverCount:3 
[2018.10.20-08.23.48:696][  0]LogD3D11RHI:     Adapter Name: Intel(R) HD Graphics 4000
[2018.10.20-08.23.48:696][  0]LogD3D11RHI:   Driver Version: 8.15.10.2712 (internal:8.15.10.2712, unified:8.15.10.2712)
[2018.10.20-08.23.48:696][  0]LogD3D11RHI:      Driver Date: 3-26-2012
[2018.10.20-08.23.48:696][  0]LogRHI: Texture pool is 616 MB (70% of 880 MB)
[2018.10.20-08.23.48:712][  0]LogD3D11RHI: Async texture creation enabled
[2018.10.20-08.23.49:032][  0]LogD3D11RHI: GPU Timing Frequency: 12.500000 (Debug: 2 2)
[2018.10.20-08.23.49:102][  0]LogShaderCompilers: Guid format shader working directory is 13 characters bigger than the processId version (../../../../../../../TheGame/Game/Intermediate/Shaders/WorkingDirectory/416/).
[2018.10.20-08.23.49:103][  0]LogShaderCompilers: Cleaned the shader compiler working directory 'C:/Users/User/AppData/Local/Temp/UnrealShaderWorkingDir/8F86056C4133258A1CD569B1A4CA4072/'.
[2018.10.20-08.23.50:480][  0]LogTemp: Display: Loaded TP AllDesktopTargetPlatform
[2018.10.20-08.23.50:546][  0]LogTemp: Display: Loaded TP MacClientTargetPlatform
[2018.10.20-08.23.50:589][  0]LogTemp: Display: Loaded TP MacNoEditorTargetPlatform
[2018.10.20-08.23.50:631][  0]LogTemp: Display: Loaded TP MacServerTargetPlatform
[2018.10.20-08.23.50:684][  0]LogTemp: Display: Loaded TP MacTargetPlatform
[2018.10.20-08.23.50:745][  0]LogTemp: Display: Loaded TP WindowsClientTargetPlatform
[2018.10.20-08.23.50:814][  0]LogTemp: Display: Loaded TP WindowsNoEditorTargetPlatform
[2018.10.20-08.23.50:862][  0]LogTemp: Display: Loaded TP WindowsServerTargetPlatform
[2018.10.20-08.23.50:893][  0]LogTemp: Display: Loaded TP WindowsTargetPlatform
[2018.10.20-08.23.51:074][  0]LogTemp: Display: Loaded TP AndroidTargetPlatform
[2018.10.20-08.23.51:074][  0]LogTemp: Display: Loaded TP AndroidTargetPlatform
[2018.10.20-08.23.51:074][  0]LogTemp: Display: Loaded TP AndroidTargetPlatform
[2018.10.20-08.23.51:074][  0]LogTemp: Display: Loaded TP AndroidTargetPlatform
[2018.10.20-08.23.51:074][  0]LogTemp: Display: Loaded TP AndroidTargetPlatform
[2018.10.20-08.23.51:074][  0]LogTemp: Display: Loaded TP AndroidTargetPlatform
[2018.10.20-08.23.51:074][  0]LogTemp: Display: Loaded TP AndroidTargetPlatform
[2018.10.20-08.23.51:074][  0]LogTemp: Display: Loaded TP AndroidTargetPlatform
[2018.10.20-08.23.51:074][  0]LogTemp: Display: Loaded TP AndroidTargetPlatform
[2018.10.20-08.23.51:074][  0]LogTemp: Display: Loaded TP AndroidTargetPlatform
[2018.10.20-08.23.51:074][  0]LogTemp: Display: Loaded TP AndroidTargetPlatform
[2018.10.20-08.23.51:074][  0]LogTemp: Display: Loaded TP AndroidTargetPlatform
[2018.10.20-08.23.51:074][  0]LogTemp: Display: Loaded TP AndroidTargetPlatform
[2018.10.20-08.23.51:074][  0]LogTemp: Display: Loaded TP AndroidTargetPlatform
[2018.10.20-08.23.51:074][  0]LogTemp: Display: Loaded TP AndroidTargetPlatform
[2018.10.20-08.23.51:074][  0]LogTemp: Display: Loaded TP AndroidTargetPlatform
[2018.10.20-08.23.51:074][  0]LogTemp: Display: Loaded TP AndroidTargetPlatform
[2018.10.20-08.23.51:074][  0]LogTemp: Display: Loaded TP AndroidTargetPlatform
[2018.10.20-08.23.51:098][  0]LogTemp: Display: Loaded TP HTML5TargetPlatform
[2018.10.20-08.23.51:279][  0]LogTemp: Display: Loaded TP IOSTargetPlatform
[2018.10.20-08.23.51:279][  0]LogTemp: Display: Loaded TP IOSTargetPlatform
[2018.10.20-08.23.51:338][  0]LogTemp: Display: Loaded TP TVOSTargetPlatform
[2018.10.20-08.23.51:338][  0]LogTemp: Display: Loaded TP TVOSTargetPlatform
[2018.10.20-08.23.51:382][  0]LogTemp: Display: Loaded TP LinuxClientTargetPlatform
[2018.10.20-08.23.51:426][  0]LogTemp: Display: Loaded TP LinuxNoEditorTargetPlatform
[2018.10.20-08.23.51:469][  0]LogTemp: Display: Loaded TP LinuxServerTargetPlatform
[2018.10.20-08.23.51:526][  0]LogTemp: Display: Loaded TP LinuxTargetPlatform
[2018.10.20-08.23.51:574][  0]LogTemp: Display: Loaded TP LuminTargetPlatform
[2018.10.20-08.23.51:574][  0]LogTargetPlatformManager: Display: Building Assets For Windows
[2018.10.20-08.23.52:602][  0]LogXGEController: Cleaning working directory: C:/Users/User/AppData/Local/Temp/UnrealXGEWorkingDir/
[2018.10.20-08.23.52:602][  0]LogXGEController: Cannot use XGE Controller as Incredibuild is not installed on this machine.
[2018.10.20-08.23.52:602][  0]LogShaderCompilers: Cannot use XGE Shader Compiler as Incredibuild is not installed on this machine.
[2018.10.20-08.23.52:602][  0]LogShaderCompilers: Display: Using Local Shader Compiler.
[2018.10.20-08.23.57:375][  0]LogDerivedDataCache: Display: Max Cache Size: 512 MB
[2018.10.20-08.23.57:637][  0]LogDerivedDataCache: Loaded boot cache 0.26s 71MB C:/Users/User/AppData/Local/UnrealEngine/4.20/DerivedDataCache/Boot.ddc.
[2018.10.20-08.23.57:638][  0]LogDerivedDataCache: Display: Loaded Boot cache: C:/Users/User/AppData/Local/UnrealEngine/4.20/DerivedDataCache/Boot.ddc
[2018.10.20-08.23.57:638][  0]LogDerivedDataCache: FDerivedDataBackendGraph:  Pak pak cache file ../../../../../../../TheGame/Game/DerivedDataCache/DDC.ddp not found, will not use a pak cache.
[2018.10.20-08.23.57:638][  0]LogDerivedDataCache: Unable to find inner node Pak for hierarchical cache Hierarchy.
[2018.10.20-08.23.57:638][  0]LogDerivedDataCache: FDerivedDataBackendGraph:  CompressedPak pak cache file ../../../../../../../TheGame/Game/DerivedDataCache/Compressed.ddp not found, will not use a pak cache.
[2018.10.20-08.23.57:638][  0]LogDerivedDataCache: Unable to find inner node CompressedPak for hierarchical cache Hierarchy.
[2018.10.20-08.23.57:701][  0]LogDerivedDataCache: Display: Pak cache opened for reading ../../../Engine/DerivedDataCache/Compressed.ddp.
[2018.10.20-08.23.57:717][  0]LogDerivedDataCache: Using Local data cache path C:/Users/User/AppData/Local/UnrealEngine/Common/DerivedDataCache: Writable
[2018.10.20-08.23.57:717][  0]LogDerivedDataCache: Shared data cache path not found in *engine.ini, will not use an Shared cache.
[2018.10.20-08.23.57:717][  0]LogDerivedDataCache: Unable to find inner node Shared for hierarchical cache Hierarchy.
[2018.10.20-08.23.57:786][  0]LogMaterial: Verifying Global Shaders for PCD3D_SM5
[2018.10.20-08.23.57:879][  0]LogSlate: Using FreeType 2.6.0
[2018.10.20-08.23.57:974][  0]LogSlate: SlateFontServices - WITH_FREETYPE: 1, WITH_HARFBUZZ: 1
[2018.10.20-08.23.58:613][  0]LogAssetRegistry: FAssetRegistry took 0.0398 seconds to start up
[2018.10.20-08.24.01:963][  0]LogInit: Selected Device Profile: [Windows]
[2018.10.20-08.24.05:166][  0]LogSimplygon: Simplygon DLL not present - disabling.
[2018.10.20-08.24.05:532][  0]LogMeshReduction: Using SimplygonSwarm for distributed automatic mesh merging
[2018.10.20-08.24.05:539][  0]LogMeshReduction: Using ProxyLODMeshReduction for automatic mesh merging
[2018.10.20-08.24.05:556][  0]LogMeshReduction: Using QuadricMeshReduction for automatic static mesh reduction
[2018.10.20-08.24.05:556][  0]LogMeshReduction: No automatic skeletal mesh reduction module available
[2018.10.20-08.24.06:334][  0]LogNetVersion: Game 1.0.0, NetCL: 4212847, EngineNetVer: 5, GameNetVer: 0 (Checksum: 4261265131)
[2018.10.20-08.24.15:016][  0]LogPackageLocalizationCache: Processed 11 localized package path(s) for 2 prioritized culture(s) in 0.521526 seconds
[2018.10.20-08.24.15:069][  0]LogUObjectArray: 38425 objects as part of root set at end of initial load.
[2018.10.20-08.24.15:069][  0]LogUObjectAllocator: 6690872 out of 0 bytes used by permanent object pool.
[2018.10.20-08.24.15:069][  0]LogUObjectArray: CloseDisregardForGC: 0/0 objects in disregard for GC pool
[2018.10.20-08.24.38:480][  0]LogTcpMessaging: Initializing TcpMessaging bridge
[2018.10.20-08.24.38:611][  0]LogUdpMessaging: Initializing bridge on interface 0.0.0.0:0 to multicast group 230.0.0.1:6666.
[2018.10.20-08.24.41:257][  0]SourceControl: Source control is disabled
[2018.10.20-08.24.41:268][  0]SourceControl: Source control is disabled
[2018.10.20-08.24.41:610][  0]SourceControl: Source control is disabled
[2018.10.20-08.24.41:679][  0]SourceControl: Source control is disabled
[2018.10.20-08.24.45:296][  0]LogAndroidPermission: UAndroidPermissionCallbackProxy::GetInstance
[2018.10.20-08.24.45:695][  0]LogOcInput: OculusInput pre-init called
[2018.10.20-08.24.46:647][  0]LogEngine: Initializing Engine...
[2018.10.20-08.24.46:686][  0]LogHMD: Failed to initialize OpenVR with code 110
[2018.10.20-08.24.46:733][  0]LogStats: UGameplayTagsManager::ConstructGameplayTagTree: ImportINI prefixes -  0.020 s
[2018.10.20-08.24.46:733][  0]LogStats: UGameplayTagsManager::ConstructGameplayTagTree: Construct from data asset -  0.000 s
[2018.10.20-08.24.46:734][  0]LogStats: UGameplayTagsManager::ConstructGameplayTagTree: ImportINI -  0.001 s
[2018.10.20-08.24.46:734][  0]LogStats: UGameplayTagsManager::ConstructGameplayTagTree: GameplayTagTreeChangedEvent.Broadcast -  0.000 s
[2018.10.20-08.24.47:385][  0]LogInit: Initializing FReadOnlyCVARCache
[2018.10.20-08.24.48:114][  0]LogAIModule: Creating AISystem for world Untitled
[2018.10.20-08.24.48:493][  0]LogInit: XAudio2 using 'Speakers / HP (IDT High Definition Audio CODEC)' : 2 channels at 48 kHz using 16 bits per sample (channel mask 0x3)
[2018.10.20-08.24.48:584][  0]LogInit: FAudioDevice initialized.
[2018.10.20-08.24.48:584][  0]LogNetVersion: Set ProjectVersion to 1.0.0.0. Version Checksum will be recalculated on next use.
[2018.10.20-08.24.48:690][  0]LogDerivedDataCache: Saved boot cache 0.11s 71MB C:/Users/User/AppData/Local/UnrealEngine/4.20/DerivedDataCache/Boot.ddc.
[2018.10.20-08.24.48:695][  0]LogInit: Texture streaming: Enabled
[2018.10.20-08.24.48:964][  0]LogEngineSessionManager: EngineSessionManager initialized
[2018.10.20-08.24.49:123][  0]LogInit: Transaction tracking system initialized
[2018.10.20-08.24.49:800][  0]BlueprintLog: New page: Editor Load
[2018.10.20-08.24.52:893][  0]LocalizationService: Localization service is disabled
[2018.10.20-08.24.56:261][  0]LogFileCache: Scanning file cache for directory 'G:/TheGame/Game/Content/' took 0.02s
[2018.10.20-08.24.56:261][  0]LogCook: Display: Max memory allowance for cook 16384mb min free memory 0mb
[2018.10.20-08.24.56:270][  0]LogCook: Display: Mobile HDR setting 1
[2018.10.20-08.24.56:276][  0]LogGameplayTags: Display: UGameplayTagsManager::DoneAddingNativeTags. DelegateIsBound: 0
[2018.10.20-08.24.56:276][  0]LogStats: UGameplayTagsManager::ConstructGameplayTagTree: ImportINI prefixes -  0.000 s
[2018.10.20-08.24.56:276][  0]LogStats: UGameplayTagsManager::ConstructGameplayTagTree: Construct from data asset -  0.000 s
[2018.10.20-08.24.56:276][  0]LogStats: UGameplayTagsManager::ConstructGameplayTagTree: ImportINI -  0.000 s
[2018.10.20-08.24.56:276][  0]LogStats: UGameplayTagsManager::ConstructGameplayTagTree: GameplayTagTreeChangedEvent.Broadcast -  0.000 s
[2018.10.20-08.25.00:564][  0]SourceControl: Source control is disabled
[2018.10.20-08.25.00:597][  0]Cmd: MAP LOAD FILE="../../../../../../../TheGame/Game/Content/Mappa/Castello.umap" TEMPLATE=0 SHOWPROGRESS=1 FEATURELEVEL=3
[2018.10.20-08.25.00:611][  0]LightingResults: New page: Lighting Build
[2018.10.20-08.25.00:776][  0]MapCheck: New page: Map Check
[2018.10.20-08.25.00:776][  0]LightingResults: New page: Lighting Build
[2018.10.20-08.25.04:591][  0]LogAIModule: Creating AISystem for world Castello
[2018.10.20-08.25.05:259][  0]LogEditorServer: Finished looking for orphan Actors (0.000 secs)
[2018.10.20-08.25.05:460][  0]Cmd: MAP CHECKDEP NOCLEARLOG
[2018.10.20-08.25.05:568][  0]MapCheck: Map check complete: 0 Error(s), 0 Warning(s), took 107,81ms to complete.
[2018.10.20-08.25.05:568][  0]LogFileHelpers: Loading map 'Castello' took 4.996
[2018.10.20-08.25.06:935][  0]LogSlate: Updating window title bar state: overlay mode, drag disabled, window buttons hidden, title bar hidden
[2018.10.20-08.25.06:960][  0]LogSlate: Updating window title bar state: overlay mode, drag disabled, window buttons hidden, title bar hidden
[2018.10.20-08.25.06:983][  0]LogSlate: Updating window title bar state: overlay mode, drag disabled, window buttons hidden, title bar hidden
[2018.10.20-08.25.06:998][  0]LogSlate: Updating window title bar state: overlay mode, drag disabled, window buttons hidden, title bar hidden
[2018.10.20-08.25.07:047][  0]LogCollectionManager: Loaded 0 collections in 0.001454 seconds
[2018.10.20-08.25.07:185][  0]LogFileCache: Scanning file cache for directory 'G:/TheGame/Game/Saved/Collections/' took 0.01s
[2018.10.20-08.25.07:185][  0]LogFileCache: Scanning file cache for directory 'G:/TheGame/Game/Content/Developers/User/Collections/' took 0.01s
[2018.10.20-08.25.07:185][  0]LogFileCache: Scanning file cache for directory 'G:/TheGame/Game/Content/Collections/' took 0.01s
[2018.10.20-08.25.07:185][  0]LogCollectionManager: Rebuilt the GUID cache for 0 collections in 0.000001 seconds
[2018.10.20-08.25.07:233][  0]LogContentBrowser: Native class hierarchy populated in 0.0470 seconds. Added 2574 classes and 605 folders.
[2018.10.20-08.25.07:297][  0]LogContentBrowser: Native class hierarchy updated for 'WidgetCarousel' in 0.0008 seconds. Added 0 classes and 0 folders.
[2018.10.20-08.25.10:054][  0]LogContentBrowser: Native class hierarchy updated for 'AddContentDialog' in 0.0008 seconds. Added 0 classes and 0 folders.
[2018.10.20-08.25.10:111][  0]LogContentBrowser: Native class hierarchy updated for 'SceneOutliner' in 0.0006 seconds. Added 1 classes and 2 folders.
[2018.10.20-08.25.10:710][  0]LogSlate: Took 0.028993 seconds to synchronously load lazily loaded font '../../../Engine/Content/Slate/Fonts/Roboto-Regular.ttf' (155K)
[2018.10.20-08.25.10:733][  0]LogSlate: Took 0.020081 seconds to synchronously load lazily loaded font '../../../Engine/Content/Slate/Fonts/Roboto-Bold.ttf' (160K)
[2018.10.20-08.25.10:821][  0]LogSlate: Took 0.018563 seconds to synchronously load lazily loaded font '../../../Engine/Content/Editor/Slate/Fonts/FontAwesome.ttf' (139K)
[2018.10.20-08.25.11:217][  0]LogRenderer: Reallocating scene render targets to support 856x372 Format 10 NumSamples 1 (Frame:1).
[2018.10.20-08.25.13:837][  0]LogContentBrowser: Native class hierarchy updated for 'HierarchicalLODOutliner' in 0.0006 seconds. Added 0 classes and 0 folders.
[2018.10.20-08.25.13:838][  0]LogLoad: (Engine Initialization) Total time: 114.08 seconds
[2018.10.20-08.25.13:838][  0]LogLoad: (Engine Initialization) Total Blueprint compile time: 0.00 seconds
[2018.10.20-08.25.14:035][  0]LogContentStreaming: Texture pool size now 1000 MB
[2018.10.20-08.25.14:165][  0]LogSlate: Took 0.020113 seconds to synchronously load lazily loaded font '../../../Engine/Content/Slate/Fonts/Roboto-Light.ttf' (167K)
[2018.10.20-08.25.15:314][  3]LogAssetRegistry: Asset discovery search completed in 76.7230 seconds
[2018.10.20-08.25.15:317][  3]LogCollectionManager: Rebuilt the object cache for 0 collections in 0.000001 seconds (found 0 objects)
[2018.10.20-08.25.15:318][  3]LogCollectionManager: Fixed up redirectors for 0 collections in 0.000137 seconds (updated 0 objects)
[2018.10.20-08.25.15:652][  4]LogSlate: Took 0.000451 seconds to synchronously load lazily loaded font '../../../Engine/Content/Slate/Fonts/Roboto-Light.ttf' (167K)
[2018.10.20-08.28.54:052][720]LogSlate: FSceneViewport::OnFocusLost() reason 0
[2018.10.20-08.28.54:105][726]LogTemp: Repeating last play command: Selected Viewport
[2018.10.20-08.28.54:148][726]LogBlueprintUserMessages: Early PlayInEditor Detection: Level '/Game/Mappa/Castello.Castello:PersistentLevel' has LevelScriptBlueprint '/Game/Mappa/Castello.Castello:PersistentLevel.Castello' with GeneratedClass '/Game/Mappa/Castello.Castello_C' with ClassGeneratedBy '/Game/Mappa/Castello.Castello:PersistentLevel.Castello'
[2018.10.20-08.28.54:148][726]LogPlayLevel: PlayLevel: No blueprints needed recompiling
[2018.10.20-08.28.54:215][726]PIE: New page: PIE session: Castello (20/ott/2018 12:28:54)
[2018.10.20-08.28.54:215][726]LogPlayLevel: Creating play world package: /Game/Mappa/UEDPIE_0_Castello
[2018.10.20-08.28.54:268][726]LogPlayLevel: PIE: StaticDuplicateObject took: (0.052759s)
[2018.10.20-08.28.54:278][726]LogAIModule: Creating AISystem for world Castello
[2018.10.20-08.28.54:279][726]LogPlayLevel: PIE: World Init took: (0.001694s)
[2018.10.20-08.28.54:279][726]LogPlayLevel: PIE: Created PIE world by copying editor world from /Game/Mappa/Castello.Castello to /Game/Mappa/UEDPIE_0_Castello.Castello (0.063682s)
[2018.10.20-08.28.54:336][726]LogInit: XAudio2 using 'Speakers / HP (IDT High Definition Audio CODEC)' : 2 channels at 48 kHz using 16 bits per sample (channel mask 0x3)
[2018.10.20-08.28.54:357][726]LogInit: FAudioDevice initialized.
[2018.10.20-08.28.54:573][726]LogLoad: Game class is 'ProtagonistaGameMode_C'
[2018.10.20-08.28.54:591][726]LogWorld: Bringing World /Game/Mappa/UEDPIE_0_Castello.Castello up for play (max tick rate 0) at 2018.10.20-10.28.54
[2018.10.20-08.28.54:619][726]LogWorld: Bringing up level for play took: 0.031247
[2018.10.20-08.28.54:733][726]LogContentBrowser: Native class hierarchy updated for 'MovieSceneCapture' in 0.0012 seconds. Added 10 classes and 0 folders.
[2018.10.20-08.28.54:733][726]LogGameMode: Display: Match State Changed from EnteringMap to WaitingToStart
[2018.10.20-08.28.54:734][726]LogGameState: Match State Changed from EnteringMap to WaitingToStart
[2018.10.20-08.28.54:734][726]LogGameMode: Display: Match State Changed from WaitingToStart to InProgress
[2018.10.20-08.28.54:872][726]LogGameState: Match State Changed from WaitingToStart to InProgress
[2018.10.20-08.28.54:883][726]PIE: Play in editor start time for /Game/Mappa/UEDPIE_0_Castello 0,513
[2018.10.20-08.28.54:883][726]LogBlueprintUserMessages: Late PlayInEditor Detection: Level '/Game/Mappa/Castello.Castello:PersistentLevel' has LevelScriptBlueprint '/Game/Mappa/Castello.Castello:PersistentLevel.Castello' with GeneratedClass '/Game/Mappa/Castello.Castello_C' with ClassGeneratedBy '/Game/Mappa/Castello.Castello:PersistentLevel.Castello'
[2018.10.20-08.29.04:114][ 13]LogSlate: Updating window title bar state: overlay mode, drag disabled, window buttons hidden, title bar hidden
[2018.10.20-08.29.05:249][ 51]LogSlate: Updating window title bar state: overlay mode, drag disabled, window buttons hidden, title bar hidden
[2018.10.20-08.29.06:174][ 82]LogBlueprintUserMessages: Early EndPlayMap Detection: Level '/Game/Mappa/Castello.Castello:PersistentLevel' has LevelScriptBlueprint '/Game/Mappa/Castello.Castello:PersistentLevel.Castello' with GeneratedClass '/Game/Mappa/Castello.Castello_C' with ClassGeneratedBy '/Game/Mappa/Castello.Castello:PersistentLevel.Castello'
[2018.10.20-08.29.06:175][ 82]LogSlate: Updating window title bar state: overlay mode, drag disabled, window buttons hidden, title bar hidden
[2018.10.20-08.29.06:262][ 82]LogPlayLevel: Display: Shutting down PIE online subsystems
[2018.10.20-08.29.06:262][ 82]LogBlueprintUserMessages: Late EndPlayMap Detection: Level '/Game/Mappa/Castello.Castello:PersistentLevel' has LevelScriptBlueprint '/Game/Mappa/Castello.Castello:PersistentLevel.Castello' with GeneratedClass '/Game/Mappa/Castello.Castello_C' with ClassGeneratedBy '/Game/Mappa/Castello.Castello:PersistentLevel.Castello'
[2018.10.20-08.29.06:308][ 82]LogSlate: Updating window title bar state: overlay mode, drag disabled, window buttons hidden, title bar hidden
[2018.10.20-08.29.06:362][ 83]LogPlayLevel: Display: Destroying online subsystem :Context_1
[2018.10.20-08.29.13:792][300]LogSlate: FSceneViewport::OnFocusLost() reason 0
[2018.10.20-08.29.13:936][302]LogAssetEditorManager: Opening Asset editor for Blueprint /Engine/EditorBlueprintResources/StandardMacros.StandardMacros
[2018.10.20-08.29.15:339][302]LogContentBrowser: Native class hierarchy updated for 'BlueprintGraph' in 0.0021 seconds. Added 116 classes and 0 folders.
[2018.10.20-08.29.17:741][302]LogAssetEditorManager: Opening Asset editor for WidgetBlueprint /Game/Interfacce/Inventario.Inventario
[2018.10.20-08.29.19:171][302]LogSlate: Took 0.013524 seconds to synchronously load lazily loaded font '../../../Engine/Content/Slate/Fonts/Roboto-BoldCondensed.ttf' (158K)
[2018.10.20-08.29.24:162][640]LogSlate: Window 'StandardMacros' being destroyed
[2018.10.20-08.29.24:168][640]LogSlate: Window 'StandardMacros' being destroyed
[2018.10.20-08.30.06:119][700]LogHttp: Warning: 00000000462CEC00: request failed, libcurl error: 6 (Couldn't resolve host name)
[2018.10.20-08.30.06:119][700]LogHttp: Warning: 00000000462CEC00: libcurl info message cache 0 (Found bundle for host datarouter.ol.epicgames.com: 0x57abfa0 [serially])
[2018.10.20-08.30.06:119][700]LogHttp: Warning: 00000000462CEC00: libcurl info message cache 1 (Hostname in DNS cache was stale, zapped)
[2018.10.20-08.30.06:119][700]LogHttp: Warning: 00000000462CEC00: libcurl info message cache 2 (Could not resolve host: datarouter.ol.epicgames.com)
[2018.10.20-08.30.06:119][700]LogHttp: Warning: 00000000462CEC00: libcurl info message cache 3 (Closing connection 2)
[2018.10.20-08.30.15:389][612]LogHttp: Warning: 00000000068A6980: request failed, libcurl error: 35 (SSL connect error)
[2018.10.20-08.30.15:389][612]LogHttp: Warning: 00000000068A6980: libcurl info message cache 0 (Connection 0 seems to be dead!)
[2018.10.20-08.30.15:389][612]LogHttp: Warning: 00000000068A6980: libcurl info message cache 1 (Closing connection 0)
[2018.10.20-08.30.15:389][612]LogHttp: Warning: 00000000068A6980: libcurl info message cache 2 (TLSv1.2 (OUT), TLS alert, Client hello (1):)
[2018.10.20-08.30.15:389][612]LogHttp: Warning: 00000000068A6980: libcurl info message cache 3 (  Trying 18.210.62.211...)
[2018.10.20-08.30.15:389][612]LogHttp: Warning: 00000000068A6980: libcurl info message cache 4 (TCP_NODELAY set)
[2018.10.20-08.30.15:389][612]LogHttp: Warning: 00000000068A6980: libcurl info message cache 5 (Connected to datarouter.ol.epicgames.com (18.210.62.211) port 443 (#1))
[2018.10.20-08.30.15:389][612]LogHttp: Warning: 00000000068A6980: libcurl info message cache 6 (ALPN, offering http/1.1)
[2018.10.20-08.30.15:389][612]LogHttp: Warning: 00000000068A6980: libcurl info message cache 7 (Cipher selection: ALL:!EXPORT:!EXPORT40:!EXPORT56:!aNULL:!LOW:!RC4:@STRENGTH)
[2018.10.20-08.30.15:389][612]LogHttp: Warning: 00000000068A6980: libcurl info message cache 8 (SSL re-using session ID)
[2018.10.20-08.30.15:389][612]LogHttp: Warning: 00000000068A6980: libcurl info message cache 9 (TLSv1.2 (OUT), TLS handshake, Client hello (1):)
[2018.10.20-08.30.15:389][612]LogHttp: Warning: 00000000068A6980: libcurl info message cache 10 (TLSv1.2 (IN), TLS handshake, Server hello (2):)
[2018.10.20-08.30.15:389][612]LogHttp: Warning: 00000000068A6980: libcurl info message cache 11 (TLSv1.2 (IN), TLS handshake, Certificate (11):)
[2018.10.20-08.30.15:389][612]LogHttp: Warning: 00000000068A6980: libcurl info message cache 12 (TLSv1.2 (IN), TLS handshake, Server key exchange (12):)
[2018.10.20-08.30.15:389][612]LogHttp: Warning: 00000000068A6980: libcurl info message cache 13 (TLSv1.2 (IN), TLS handshake, Server finished (14):)
[2018.10.20-08.30.15:389][612]LogHttp: Warning: 00000000068A6980: libcurl info message cache 14 (TLSv1.2 (OUT), TLS handshake, Client key exchange (16):)
[2018.10.20-08.30.15:389][612]LogHttp: Warning: 00000000068A6980: libcurl info message cache 15 (TLSv1.2 (OUT), TLS change cipher, Client hello (1):)
[2018.10.20-08.30.15:389][612]LogHttp: Warning: 00000000068A6980: libcurl info message cache 16 (TLSv1.2 (OUT), TLS handshake, Finished (20):)
[2018.10.20-08.30.15:389][612]LogHttp: Warning: 00000000068A6980: libcurl info message cache 17 (OpenSSL SSL_connect: SSL_ERROR_SYSCALL in connection to datarouter.ol.epicgames.com:443 )
[2018.10.20-08.30.15:389][612]LogHttp: Warning: 00000000068A6980: libcurl info message cache 18 (Closing connection 1)
[2018.10.20-08.31.26:266][867]LogAssetEditorManager: Opening Asset editor for WidgetBlueprint /Game/Interfacce/Classe.Classe
[2018.10.20-08.32.27:437][ 68]LogHttp: Warning: 00000000465E2C00: request failed, libcurl error: 6 (Couldn't resolve host name)
[2018.10.20-08.32.27:437][ 68]LogHttp: Warning: 00000000465E2C00: libcurl info message cache 0 (Could not resolve host: datarouter.ol.epicgames.com)
[2018.10.20-08.32.27:437][ 68]LogHttp: Warning: 00000000465E2C00: libcurl info message cache 1 (Closing connection 3)
[2018.10.20-08.32.39:297][ 74]LogSlate: Took 0.103108 seconds to synchronously load lazily loaded font '../../../Engine/Content/Slate/Fonts/DroidSansFallback.ttf' (3848K)
[2018.10.20-08.36.02:754][ 40]LogUObjectHash: Warning: Ambiguous search, could be CanvasPanel /Game/Interfacce/UserInterface.UserInterface:WidgetTree.CanvasPanel_0 or CanvasPanel /Game/Interfacce/UserInterface.SKEL_UserInterface_C:WidgetTree.CanvasPanel_0
[2018.10.20-08.36.02:754][ 40]LogUObjectHash: Warning: Ambiguous search, could be CanvasPanel /Game/Interfacce/UserInterface.UserInterface:WidgetTree.CanvasPanel_0 or CanvasPanel /Game/Interfacce/UserInterface.UserInterface_C:WidgetTree.CanvasPanel_0
[2018.10.20-08.36.02:754][ 40]LogUObjectHash: Warning: Ambiguous search, could be CanvasPanel /Game/Interfacce/UserInterface.UserInterface:WidgetTree.CanvasPanel_0 or CanvasPanel /Game/Interfacce/Classe.Classe:WidgetTree.CanvasPanel_0
[2018.10.20-08.36.02:754][ 40]LogUObjectHash: Warning: Ambiguous search, could be CanvasPanel /Game/Interfacce/UserInterface.UserInterface:WidgetTree.CanvasPanel_0 or CanvasPanel /Engine/Transient.WidgetTree:CanvasPanel_0
[2018.10.20-08.36.02:754][ 40]LogUObjectHash: Warning: Ambiguous search, could be CanvasPanel /Game/Interfacce/UserInterface.UserInterface:WidgetTree.CanvasPanel_0 or CanvasPanel /Game/Interfacce/Classe.Classe_C:WidgetTree.CanvasPanel_0
[2018.10.20-08.36.02:754][ 40]LogUObjectHash: Warning: Ambiguous search, could be CanvasPanel /Game/Interfacce/UserInterface.UserInterface:WidgetTree.CanvasPanel_0 or CanvasPanel /Game/Interfacce/MainManu.MainManu:WidgetTree.CanvasPanel_0
[2018.10.20-08.36.02:754][ 40]LogUObjectHash: Warning: Ambiguous search, could be CanvasPanel /Game/Interfacce/UserInterface.UserInterface:WidgetTree.CanvasPanel_0 or CanvasPanel /Game/Interfacce/MainManu.SKEL_MainManu_C:WidgetTree.CanvasPanel_0
[2018.10.20-08.36.02:754][ 40]LogUObjectHash: Warning: Ambiguous search, could be CanvasPanel /Game/Interfacce/UserInterface.UserInterface:WidgetTree.CanvasPanel_0 or CanvasPanel /Game/Interfacce/MainManu.MainManu_C:WidgetTree.CanvasPanel_0
[2018.10.20-08.36.02:754][ 40]LogUObjectHash: Warning: Ambiguous search, could be CanvasPanel /Game/Interfacce/UserInterface.UserInterface:WidgetTree.CanvasPanel_0 or CanvasPanel /Game/Interfacce/MainManu.WidgetArchetype:WidgetTree_0.CanvasPanel_0
[2018.10.20-08.36.02:754][ 40]LogUObjectHash: Warning: Ambiguous search, could be CanvasPanel /Game/Interfacce/UserInterface.UserInterface:WidgetTree.CanvasPanel_0 or CanvasPanel /Game/Interfacce/Orto.Orto:WidgetTree.CanvasPanel_0
[2018.10.20-08.36.02:754][ 40]LogUObjectHash: Warning: Ambiguous search, could be CanvasPanel /Game/Interfacce/UserInterface.UserInterface:WidgetTree.CanvasPanel_0 or CanvasPanel /Game/Interfacce/Orto.SKEL_Orto_C:WidgetTree.CanvasPanel_0
[2018.10.20-08.36.02:754][ 40]LogUObjectHash: Warning: Ambiguous search, could be CanvasPanel /Game/Interfacce/UserInterface.UserInterface:WidgetTree.CanvasPanel_0 or CanvasPanel /Game/Interfacce/Orto.Orto_C:WidgetTree.CanvasPanel_0
[2018.10.20-08.36.02:754][ 40]LogUObjectHash: Warning: Ambiguous search, could be CanvasPanel /Game/Interfacce/UserInterface.UserInterface:WidgetTree.CanvasPanel_0 or CanvasPanel /Engine/Transient.World_4:Classe_C_0.WidgetTree_0.CanvasPanel_0
[2018.10.20-08.36.02:754][ 40]LogUObjectHash: Warning: Ambiguous search, could be CanvasPanel /Game/Interfacce/UserInterface.UserInterface:WidgetTree.CanvasPanel_0 or CanvasPanel /Engine/Transient.World_4:Classe_C_1.WidgetTree_0.CanvasPanel_0
[2018.10.20-08.36.02:754][ 40]LogUObjectHash: Warning: Ambiguous search, could be CanvasPanel /Game/Interfacce/UserInterface.UserInterface:WidgetTree.CanvasPanel_0 or CanvasPanel /Engine/Transient.REINST_SKEL_Classe_C_5:WidgetTree.CanvasPanel_0
[2018.10.20-08.36.02:754][ 40]LogUObjectHash: Warning: Ambiguous search, could be CanvasPanel /Game/Interfacce/UserInterface.UserInterface:WidgetTree.CanvasPanel_0 or CanvasPanel /Engine/Transient.World_4:Classe_C_2.WidgetTree_0.CanvasPanel_0
[2018.10.20-08.36.02:754][ 40]LogUObjectHash: Warning: Ambiguous search, could be CanvasPanel /Game/Interfacce/UserInterface.UserInterface:WidgetTree.CanvasPanel_0 or CanvasPanel /Engine/Transient.World_4:Classe_C_3.WidgetTree_0.CanvasPanel_0
[2018.10.20-08.36.02:754][ 40]LogUObjectHash: Warning: Ambiguous search, could be CanvasPanel /Game/Interfacce/UserInterface.UserInterface:WidgetTree.CanvasPanel_0 or CanvasPanel /Engine/Transient.World_4:Classe_C_4.WidgetTree_0.CanvasPanel_0
[2018.10.20-08.36.02:754][ 40]LogUObjectHash: Warning: Ambiguous search, could be CanvasPanel /Game/Interfacce/UserInterface.UserInterface:WidgetTree.CanvasPanel_0 or CanvasPanel /Engine/Transient.World_4:Classe_C_5.WidgetTree_0.CanvasPanel_0
[2018.10.20-08.36.02:754][ 40]LogUObjectHash: Warning: Ambiguous search, could be CanvasPanel /Game/Interfacce/UserInterface.UserInterface:WidgetTree.CanvasPanel_0 or CanvasPanel /Engine/Transient.World_4:Classe_C_6.WidgetTree_0.CanvasPanel_0
[2018.10.20-08.36.02:754][ 40]LogUObjectHash: Warning: Ambiguous search, could be CanvasPanel /Game/Interfacce/UserInterface.UserInterface:WidgetTree.CanvasPanel_0 or CanvasPanel /Engine/Transient.World_4:Classe_C_7.WidgetTree_0.CanvasPanel_0
[2018.10.20-08.36.02:754][ 40]LogUObjectHash: Warning: Ambiguous search, could be CanvasPanel /Game/Interfacce/UserInterface.UserInterface:WidgetTree.CanvasPanel_0 or CanvasPanel /Engine/Transient.World_4:Classe_C_8.WidgetTree_0.CanvasPanel_0
[2018.10.20-08.36.02:754][ 40]LogUObjectHash: Warning: Ambiguous search, could be CanvasPanel /Game/Interfacce/UserInterface.UserInterface:WidgetTree.CanvasPanel_0 or CanvasPanel /Engine/Transient.World_4:Classe_C_9.WidgetTree_0.CanvasPanel_0
[2018.10.20-08.36.02:755][ 40]LogUObjectHash: Warning: Ambiguous search, could be CanvasPanel /Game/Interfacce/UserInterface.UserInterface:WidgetTree.CanvasPanel_0 or CanvasPanel /Engine/Transient.World_4:Classe_C_10.WidgetTree_0.CanvasPanel_0
[2018.10.20-08.36.02:755][ 40]LogUObjectHash: Warning: Ambiguous search, could be CanvasPanel /Game/Interfacce/UserInterface.UserInterface:WidgetTree.CanvasPanel_0 or CanvasPanel /Engine/Transient.World_4:Classe_C_11.WidgetTree_0.CanvasPanel_0
[2018.10.20-08.36.02:755][ 40]LogUObjectHash: Warning: Ambiguous search, could be CanvasPanel /Game/Interfacce/UserInterface.UserInterface:WidgetTree.CanvasPanel_0 or CanvasPanel /Engine/Transient.World_4:Classe_C_12.WidgetTree_0.CanvasPanel_0
[2018.10.20-08.36.02:755][ 40]LogUObjectHash: Warning: Ambiguous search, could be CanvasPanel /Game/Interfacce/UserInterface.UserInterface:WidgetTree.CanvasPanel_0 or CanvasPanel /Engine/Transient.World_4:Classe_C_13.WidgetTree_0.CanvasPanel_0
[2018.10.20-08.36.02:755][ 40]LogUObjectHash: Warning: Ambiguous search, could be CanvasPanel /Game/Interfacce/UserInterface.UserInterface:WidgetTree.CanvasPanel_0 or CanvasPanel /Engine/Transient.World_4:Classe_C_14.WidgetTree_0.CanvasPanel_0
[2018.10.20-08.36.02:755][ 40]LogUObjectHash: Warning: Ambiguous search, could be CanvasPanel /Game/Interfacce/UserInterface.UserInterface:WidgetTree.CanvasPanel_0 or CanvasPanel /Engine/Transient.World_4:Classe_C_15.WidgetTree_0.CanvasPanel_0
[2018.10.20-08.36.02:755][ 40]LogUObjectHash: Warning: Ambiguous search, could be CanvasPanel /Game/Interfacce/UserInterface.UserInterface:WidgetTree.CanvasPanel_0 or CanvasPanel /Engine/Transient.World_4:Classe_C_16.WidgetTree_0.CanvasPanel_0
[2018.10.20-08.36.02:755][ 40]LogUObjectHash: Warning: Ambiguous search, could be CanvasPanel /Game/Interfacce/UserInterface.UserInterface:WidgetTree.CanvasPanel_0 or CanvasPanel /Engine/Transient.World_4:Classe_C_17.WidgetTree_0.CanvasPanel_0
[2018.10.20-08.36.02:755][ 40]LogUObjectHash: Warning: Ambiguous search, could be CanvasPanel /Game/Interfacce/UserInterface.UserInterface:WidgetTree.CanvasPanel_0 or CanvasPanel /Engine/Transient.World_4:Classe_C_18.WidgetTree_0.CanvasPanel_0
[2018.10.20-08.36.02:755][ 40]LogUObjectHash: Warning: Ambiguous search, could be CanvasPanel /Game/Interfacce/UserInterface.UserInterface:WidgetTree.CanvasPanel_0 or CanvasPanel /Engine/Transient.World_4:Classe_C_19.WidgetTree_0.CanvasPanel_0
[2018.10.20-08.36.02:755][ 40]LogUObjectHash: Warning: Ambiguous search, could be CanvasPanel /Game/Interfacce/UserInterface.UserInterface:WidgetTree.CanvasPanel_0 or CanvasPanel /Engine/Transient.World_4:Classe_C_20.WidgetTree_0.CanvasPanel_0
[2018.10.20-08.36.02:755][ 40]LogUObjectHash: Warning: Ambiguous search, could be CanvasPanel /Game/Interfacce/UserInterface.UserInterface:WidgetTree.CanvasPanel_0 or CanvasPanel /Engine/Transient.World_4:Classe_C_21.WidgetTree_0.CanvasPanel_0
[2018.10.20-08.36.02:755][ 40]LogProperty: Warning: Illegal TEXT reference to a private object in external package (CanvasPanelSlot /Game/Interfacce/UserInterface.UserInterface:WidgetTree.CanvasPanel_0.CanvasPanelSlot_0) from referencer (VerticalBox /Engine/UMG/Editor/Transient.VerticalBox_159).  Import failed...
[2018.10.20-08.36.02:755][ 40]LogProperty: Warning: ObjectProperty /Script/UMG.Widget:Slot: unresolved reference to 'CanvasPanelSlot'"CanvasPanel_0.CanvasPanelSlot_0"''
[2018.10.20-08.36.04:872][205]LogEditorTransaction: Undo Animatable Property Changed
[2018.10.20-08.36.05:756][262]LogEditorTransaction: Undo Animatable Property Changed
[2018.10.20-08.36.06:274][304]LogEditorTransaction: Undo Animatable Property Changed
[2018.10.20-08.37.32:890][347]LogFileHelpers: Editor autosave (incl. sublevels) for '/Game/Mappa/Castello' took 0.067
[2018.10.20-08.37.32:913][347]OBJ SavePackage: Generating thumbnails for [0] asset(s) in package [/Game/Interfacce/Classe] ([1] browsable assets)...
[2018.10.20-08.37.32:913][347]OBJ SavePackage: Finished generating thumbnails for package [/Game/Interfacce/Classe]
[2018.10.20-08.37.32:913][347]Cmd: OBJ SAVEPACKAGE PACKAGE="/Game/Interfacce/Classe" FILE="../../../../../../../TheGame/Game/Saved/Autosaves/Game/Interfacce/Classe_Auto1.uasset" SILENT=false AUTOSAVING=true
[2018.10.20-08.37.33:029][347]LogSavePackage: Moving '../../../../../../../TheGame/Game/Saved/Classe_Auto1CFBC3CA3487540A83A6198BBEF41D55C.tmp' to '../../../../../../../TheGame/Game/Saved/Autosaves/Game/Interfacce/Classe_Auto1.uasset'
[2018.10.20-08.37.33:053][347]LogFileHelpers: Auto-saving content packages took 0.162
[2018.10.20-08.41.26:065][123]Cmd: OBJ SAVEPACKAGE PACKAGE="/Game/Interfacce/Classe" FILE="../../../../../../../TheGame/Game/Content/Interfacce/Classe.uasset" SILENT=true
[2018.10.20-08.41.26:155][123]LogSavePackage: Moving '../../../../../../../TheGame/Game/Saved/ClasseA73F64264640A29527AF5D9E9129F0BD.tmp' to '../../../../../../../TheGame/Game/Content/Interfacce/Classe.uasset'
[2018.10.20-08.41.26:686][167]BlueprintLog: New page: Compile Classe
[2018.10.20-08.41.27:792][211]Cmd: OBJ SAVEPACKAGE PACKAGE="/Game/Interfacce/Classe" FILE="../../../../../../../TheGame/Game/Content/Interfacce/Classe.uasset" SILENT=true
[2018.10.20-08.41.27:833][211]LogSavePackage: Moving '../../../../../../../TheGame/Game/Saved/Classe3D38455F4AC2C20C5797439FB25E9454.tmp' to '../../../../../../../TheGame/Game/Content/Interfacce/Classe.uasset'
[2018.10.20-09.04.25:354][703]Cmd: OBJ SAVEPACKAGE PACKAGE="/Game/Interfacce/Classe" FILE="../../../../../../../TheGame/Game/Content/Interfacce/Classe.uasset" SILENT=true
[2018.10.20-09.04.26:038][703]LogSavePackage: Moving '../../../../../../../TheGame/Game/Saved/Classe84545AE643476F3D570E11A14E464A20.tmp' to '../../../../../../../TheGame/Game/Content/Interfacce/Classe.uasset'
[2018.10.20-09.04.27:962][842]LogSlate: Window 'Game - Unreal Editor' being destroyed
[2018.10.20-09.04.28:228][843]Cmd: QUIT_EDITOR
[2018.10.20-09.04.28:402][843]LogExit: Preparing to exit.
[2018.10.20-09.04.29:022][843]LogExit: Editor shut down
[2018.10.20-09.04.29:023][843]LogExit: Transaction tracking system shut down
[2018.10.20-09.04.30:068][843]LogExit: Object subsystem successfully closed.
[2018.10.20-09.04.30:093][843]LogShaderCompilers: Display: Shaders left to compile 0
[2018.10.20-09.04.30:127][843]LogD3D11RHI: Shutdown
[2018.10.20-09.04.30:127][843]LogD3D11RHI: CleanupD3DDevice
[2018.10.20-09.04.30:151][843]LogD3D11RHI: ~FD3D11DynamicRHI
[2018.10.20-09.04.30:465][843]LogModuleManager: Shutting down and abandoning module SequencerWidgets (620)
[2018.10.20-09.04.30:465][843]LogModuleManager: Shutting down and abandoning module BlueprintGraph (618)
[2018.10.20-09.04.30:465][843]LogModuleManager: Shutting down and abandoning module MovieSceneCapture (616)
[2018.10.20-09.04.30:465][843]LogModuleManager: Shutting down and abandoning module Voice (614)
[2018.10.20-09.04.30:465][843]LogModuleManager: Shutting down and abandoning module HierarchicalLODOutliner (612)
[2018.10.20-09.04.30:465][843]LogModuleManager: Shutting down and abandoning module SceneOutliner (610)
[2018.10.20-09.04.30:465][843]LogModuleManager: Shutting down and abandoning module AddContentDialog (608)
[2018.10.20-09.04.30:466][843]LogModuleManager: Shutting down and abandoning module WidgetCarousel (607)
[2018.10.20-09.04.30:466][843]LogModuleManager: Shutting down and abandoning module EditorWidgets (604)
[2018.10.20-09.04.30:466][843]LogModuleManager: Shutting down and abandoning module CollectionManager (602)
[2018.10.20-09.04.30:467][843]LogModuleManager: Shutting down and abandoning module StatsViewer (600)
[2018.10.20-09.04.30:467][843]LogModuleManager: Shutting down and abandoning module FoliageEdit (598)
[2018.10.20-09.04.30:467][843]LogModuleManager: Shutting down and abandoning module LandscapeEditor (596)
[2018.10.20-09.04.30:507][843]LogModuleManager: Shutting down and abandoning module MeshPaintMode (594)
[2018.10.20-09.04.30:507][843]LogModuleManager: Shutting down and abandoning module SceneDepthPickerMode (592)
[2018.10.20-09.04.30:507][843]LogModuleManager: Shutting down and abandoning module ActorPickerMode (590)
[2018.10.20-09.04.30:507][843]LogModuleManager: Shutting down and abandoning module GeometryMode (588)
[2018.10.20-09.04.30:507][843]LogModuleManager: Shutting down and abandoning module TextureAlignMode (586)
[2018.10.20-09.04.30:507][843]LogModuleManager: Shutting down and abandoning module BspMode (584)
[2018.10.20-09.04.30:507][843]LogModuleManager: Shutting down and abandoning module PIEPreviewDeviceProfileSelector (582)
[2018.10.20-09.04.30:507][843]LogModuleManager: Shutting down and abandoning module SequenceRecorderSections (580)
[2018.10.20-09.04.30:507][843]LogModuleManager: Shutting down and abandoning module AutomationWorker (578)
[2018.10.20-09.04.30:507][843]LogModuleManager: Shutting down and abandoning module AudioCaptureEditor (576)
[2018.10.20-09.04.30:507][843]LogModuleManager: Shutting down and abandoning module SequenceRecorder (575)
[2018.10.20-09.04.30:507][843]LogModuleManager: Shutting down and abandoning module MatineeToLevelSequence (572)
[2018.10.20-09.04.30:508][843]LogModuleManager: Shutting down and abandoning module LevelSequenceEditor (570)
[2018.10.20-09.04.30:511][843]LogModuleManager: Shutting down and abandoning module PlacementMode (569)
[2018.10.20-09.04.30:511][843]LogModuleManager: Shutting down and abandoning module MaterialEditor (568)
[2018.10.20-09.04.30:540][843]LogModuleManager: Shutting down and abandoning module WmfMediaFactory (564)
[2018.10.20-09.04.30:540][843]LogModuleManager: Shutting down and abandoning module WmfMediaEditor (562)
[2018.10.20-09.04.30:540][843]LogModuleManager: Shutting down and abandoning module MediaPlayerEditor (560)
[2018.10.20-09.04.30:540][843]LogModuleManager: Shutting down and abandoning module OpenExrWrapper (558)
[2018.10.20-09.04.30:540][843]LogModuleManager: Shutting down and abandoning module ImgMediaFactory (556)
[2018.10.20-09.04.30:540][843]LogModuleManager: Shutting down and abandoning module ImgMediaEditor (554)
[2018.10.20-09.04.30:541][843]LogModuleManager: Shutting down and abandoning module AvfMediaFactory (552)
[2018.10.20-09.04.30:541][843]LogModuleManager: Shutting down and abandoning module AvfMediaEditor (550)
[2018.10.20-09.04.30:541][843]LogModuleManager: Shutting down and abandoning module AndroidMediaFactory (548)
[2018.10.20-09.04.30:541][843]LogModuleManager: Shutting down and abandoning module AndroidMediaEditor (546)
[2018.10.20-09.04.30:541][843]LogModuleManager: Shutting down and abandoning module MagicLeapCameraPreviewFactory (544)
[2018.10.20-09.04.30:541][843]LogModuleManager: Shutting down and abandoning module MagicLeapMediaFactory (542)
[2018.10.20-09.04.30:541][843]LogModuleManager: Shutting down and abandoning module MagicLeapMediaEditor (540)
[2018.10.20-09.04.30:541][843]LogModuleManager: Shutting down and abandoning module CharacterAI (538)
[2018.10.20-09.04.30:541][843]LogModuleManager: Shutting down and abandoning module SmartSnapping (536)
[2018.10.20-09.04.30:541][843]LogModuleManager: Shutting down and abandoning module SessionServices (534)
[2018.10.20-09.04.30:541][843]LogModuleManager: Shutting down and abandoning module ViewportSnapping (532)
[2018.10.20-09.04.30:541][843]LogModuleManager: Shutting down and abandoning module ViewportInteraction (530)
[2018.10.20-09.04.30:547][843]LogModuleManager: Shutting down and abandoning module ClothPainter (528)
[2018.10.20-09.04.30:547][843]LogModuleManager: Shutting down and abandoning module SkeletalMeshEditor (527)
[2018.10.20-09.04.30:600][843]LogModuleManager: Shutting down and abandoning module LogVisualizer (524)
[2018.10.20-09.04.30:614][843]LogModuleManager: Shutting down and abandoning module IntroTutorials (522)
[2018.10.20-09.04.30:614][843]LogModuleManager: Shutting down and abandoning module GameProjectGeneration (521)
[2018.10.20-09.04.30:614][843]LogModuleManager: Shutting down and abandoning module LuminPlatformEditor (518)
[2018.10.20-09.04.30:614][843]LogModuleManager: Shutting down and abandoning module IOSPlatformEditor (516)
[2018.10.20-09.04.30:614][843]LogModuleManager: Shutting down and abandoning module HTML5PlatformEditor (514)
[2018.10.20-09.04.30:614][843]LogModuleManager: Shutting down and abandoning module AndroidPlatformEditor (512)
[2018.10.20-09.04.30:614][843]LogModuleManager: Shutting down and abandoning module AndroidDeviceDetection (511)
[2018.10.20-09.04.30:865][843]LogModuleManager: Shutting down and abandoning module WindowsPlatformEditor (508)
[2018.10.20-09.04.30:865][843]LogModuleManager: Shutting down and abandoning module LuminRuntimeSettings (506)
[2018.10.20-09.04.30:865][843]LogModuleManager: Shutting down and abandoning module IOSRuntimeSettings (504)
[2018.10.20-09.04.30:865][843]LogModuleManager: Shutting down and abandoning module AndroidRuntimeSettings (502)
[2018.10.20-09.04.30:865][843]LogModuleManager: Shutting down and abandoning module InputBindingEditor (500)
[2018.10.20-09.04.30:877][843]LogModuleManager: Shutting down and abandoning module MergeActors (498)
[2018.10.20-09.04.30:877][843]LogModuleManager: Shutting down and abandoning module LocalizationDashboard (496)
[2018.10.20-09.04.30:877][843]LogModuleManager: Shutting down and abandoning module LocalizationService (495)
[2018.10.20-09.04.30:877][843]LogModuleManager: Shutting down and abandoning module HardwareTargeting (492)
[2018.10.20-09.04.30:877][843]LogModuleManager: Shutting down and abandoning module DeviceProfileEditor (490)
[2018.10.20-09.04.30:877][843]LogModuleManager: Shutting down and abandoning module UndoHistory (488)
[2018.10.20-09.04.30:877][843]LogModuleManager: Shutting down and abandoning module XmlParser (486)
[2018.10.20-09.04.30:877][843]LogModuleManager: Shutting down and abandoning module Blutility (484)
[2018.10.20-09.04.30:878][843]LogModuleManager: Shutting down and abandoning module ProjectSettingsViewer (482)
[2018.10.20-09.04.30:878][843]LogModuleManager: Shutting down and abandoning module ProjectTargetPlatformEditor (481)
[2018.10.20-09.04.30:878][843]LogModuleManager: Shutting down and abandoning module EditorSettingsViewer (478)
[2018.10.20-09.04.30:878][843]LogModuleManager: Shutting down and abandoning module SettingsEditor (476)
[2018.10.20-09.04.30:878][843]LogModuleManager: Shutting down and abandoning module ProjectLauncher (474)
[2018.10.20-09.04.30:886][843]LogModuleManager: Shutting down and abandoning module SessionFrontend (472)
[2018.10.20-09.04.30:886][843]LogModuleManager: Shutting down and abandoning module ProfilerClient (470)
[2018.10.20-09.04.30:897][843]LogModuleManager: Shutting down and abandoning module DeviceManager (468)
[2018.10.20-09.04.30:897][843]LogModuleManager: Shutting down and abandoning module TargetDeviceServices (467)
[2018.10.20-09.04.30:937][843]LogModuleManager: Shutting down and abandoning module AutomationController (464)
[2018.10.20-09.04.30:937][843]LogModuleManager: Shutting down and abandoning module AutomationWindow (462)
[2018.10.20-09.04.30:960][843]LogModuleManager: Shutting down and abandoning module Layers (460)
[2018.10.20-09.04.31:019][843]LogModuleManager: Shutting down and abandoning module ComponentVisualizers (458)
[2018.10.20-09.04.31:019][843]LogModuleManager: Shutting down and abandoning module DetailCustomizations (456)
[2018.10.20-09.04.31:020][843]LogModuleManager: Shutting down and abandoning module PackagesDialog (454)
[2018.10.20-09.04.31:020][843]LogModuleManager: Shutting down and abandoning module Persona (452)
[2018.10.20-09.04.31:038][843]LogModuleManager: Shutting down and abandoning module AdvancedPreviewScene (451)
[2018.10.20-09.04.31:038][843]LogModuleManager: Shutting down and abandoning module AnimGraph (449)
[2018.10.20-09.04.31:038][843]LogModuleManager: Shutting down and abandoning module Kismet (446)
[2018.10.20-09.04.31:056][843]LogModuleManager: Shutting down and abandoning module GraphEditor (444)
[2018.10.20-09.04.31:056][843]LogModuleManager: Shutting down and abandoning module ClassViewer (442)
[2018.10.20-09.04.31:056][843]LogModuleManager: Shutting down and abandoning module Toolbox (440)
[2018.10.20-09.04.31:056][843]LogModuleManager: Shutting down and abandoning module DesktopPlatform (439)
[2018.10.20-09.04.31:068][843]LogModuleManager: Shutting down and abandoning module ModuleUI (436)
[2018.10.20-09.04.31:081][843]LogModuleManager: Shutting down and abandoning module MovieSceneTools (434)
[2018.10.20-09.04.31:081][843]LogModuleManager: Shutting down and abandoning module OutputLog (432)
[2018.10.20-09.04.31:081][843]LogModuleManager: Shutting down and abandoning module GammaUI (430)
[2018.10.20-09.04.31:093][843]LogModuleManager: Shutting down and abandoning module Documentation (428)
[2018.10.20-09.04.31:093][843]LogModuleManager: Shutting down and abandoning module MovieSceneTracks (426)
[2018.10.20-09.04.31:107][843]LogModuleManager: Shutting down and abandoning module MovieScene (424)
[2018.10.20-09.04.31:107][843]LogModuleManager: Shutting down and abandoning module StreamingPauseRendering (422)
[2018.10.20-09.04.31:107][843]LogModuleManager: Shutting down and abandoning module LauncherPlatform (420)
[2018.10.20-09.04.31:107][843]LogModuleManager: Shutting down and abandoning module AnalyticsET (418)
[2018.10.20-09.04.31:107][843]LogModuleManager: Shutting down and abandoning module PortalServices (416)
[2018.10.20-09.04.31:107][843]LogModuleManager: Shutting down and abandoning module PortalRpc (414)
[2018.10.20-09.04.31:107][843]LogModuleManager: Shutting down and abandoning module MessagingRpc (412)
[2018.10.20-09.04.31:107][843]LogModuleManager: Shutting down and abandoning module AIModule (410)
[2018.10.20-09.04.31:107][843]LogModuleManager: Shutting down and abandoning module GameplayDebugger (409)
[2018.10.20-09.04.31:108][843]LogModuleManager: Shutting down and abandoning module AITestSuite (407)
[2018.10.20-09.04.31:108][843]LogModuleManager: Shutting down and abandoning module NavigationSystem (405)
[2018.10.20-09.04.31:108][843]LogModuleManager: Shutting down and abandoning module ProfilerService (402)
[2018.10.20-09.04.31:325][843]LogModuleManager: Shutting down and abandoning module TaskGraph (400)
[2018.10.20-09.04.31:325][843]LogModuleManager: Shutting down and abandoning module SteamVRController (398)
[2018.10.20-09.04.31:325][843]LogModuleManager: Shutting down and abandoning module ProceduralMeshComponentEditor (396)
[2018.10.20-09.04.31:325][843]LogModuleManager: Shutting down and abandoning module ProceduralMeshComponent (394)
[2018.10.20-09.04.31:325][843]LogModuleManager: Shutting down and abandoning module OculusInput (392)
[2018.10.20-09.04.31:325][843]LogModuleManager: Shutting down and abandoning module MobilePatchingUtils (390)
[2018.10.20-09.04.31:325][843]LogModuleManager: Shutting down and abandoning module EditableMesh (388)
[2018.10.20-09.04.31:326][843]LogModuleManager: Shutting down and abandoning module CustomMeshComponent (386)
[2018.10.20-09.04.31:326][843]LogModuleManager: Shutting down and abandoning module CableComponent (384)
[2018.10.20-09.04.31:326][843]LogModuleManager: Shutting down and abandoning module AudioCapture (382)
[2018.10.20-09.04.31:326][843]LogModuleManager: Shutting down and abandoning module ArchVisCharacter (380)
[2018.10.20-09.04.31:326][843]LogModuleManager: Shutting down and abandoning module AndroidPermission (378)
[2018.10.20-09.04.31:326][843]LogModuleManager: Shutting down and abandoning module NUTUnrealEngine4 (376)
[2018.10.20-09.04.31:326][843]LogModuleManager: Shutting down and abandoning module NetcodeUnitTest (374)
[2018.10.20-09.04.31:353][843]LogModuleManager: Shutting down and abandoning module MediaCompositingEditor (372)
[2018.10.20-09.04.31:353][843]LogModuleManager: Shutting down and abandoning module MediaCompositing (370)
[2018.10.20-09.04.31:353][843]LogModuleManager: Shutting down and abandoning module LinearTimecode (368)
[2018.10.20-09.04.31:353][843]LogModuleManager: Shutting down and abandoning module ImgMedia (366)
[2018.10.20-09.04.31:370][843]LogModuleManager: Shutting down and abandoning module HTML5Networking (364)
[2018.10.20-09.04.31:370][843]LogModuleManager: Shutting down and abandoning module GeometryCacheTracks (362)
[2018.10.20-09.04.31:370][843]LogModuleManager: Shutting down and abandoning module GeometryCacheSequencer (360)
[2018.10.20-09.04.31:370][843]LogModuleManager: Shutting down and abandoning module BackChannel (358)
[2018.10.20-09.04.31:382][843]LogModuleManager: Shutting down and abandoning module AppleVision (356)
[2018.10.20-09.04.31:382][843]LogModuleManager: Shutting down and abandoning module AppleImageUtils (354)
[2018.10.20-09.04.31:382][843]LogModuleManager: Shutting down and abandoning module AlembicImporter (352)
[2018.10.20-09.04.31:382][843]LogModuleManager: Shutting down and abandoning module AlembicLibrary (351)
[2018.10.20-09.04.31:383][843]LogModuleManager: Shutting down and abandoning module GeometryCache (350)
[2018.10.20-09.04.31:383][843]LogModuleManager: Shutting down and abandoning module GeometryCacheEd (349)
[2018.10.20-09.04.31:383][843]LogModuleManager: Shutting down and abandoning module DatasmithContentEditor (344)
[2018.10.20-09.04.31:383][843]LogModuleManager: Shutting down and abandoning module DatasmithContent (342)
[2018.10.20-09.04.31:383][843]LogModuleManager: Shutting down and abandoning module SpeedTreeImporter (340)
[2018.10.20-09.04.31:383][843]LogModuleManager: Shutting down and abandoning module PluginBrowser (338)
[2018.10.20-09.04.31:390][843]LogModuleManager: Shutting down and abandoning module MobileLauncherProfileWizard (336)
[2018.10.20-09.04.31:396][843]LogModuleManager: Shutting down and abandoning module PolygonModeling (334)
[2018.10.20-09.04.31:396][843]LogModuleManager: Shutting down and abandoning module MeshEditor (332)
[2018.10.20-09.04.31:396][843]LogModuleManager: Shutting down and abandoning module CryptoKeysOpenSSL (330)
[2018.10.20-09.04.31:396][843]LogModuleManager: Shutting down and abandoning module CryptoKeys (328)
[2018.10.20-09.04.31:396][843]LogModuleManager: Shutting down and abandoning module VisualStudioSourceCodeAccess (326)
[2018.10.20-09.04.31:396][843]LogModuleManager: Shutting down and abandoning module VisualStudioCodeSourceCodeAccess (324)
[2018.10.20-09.04.31:396][843]LogModuleManager: Shutting down and abandoning module UObjectPlugin (322)
[2018.10.20-09.04.31:396][843]LogModuleManager: Shutting down and abandoning module SubversionSourceControl (320)
[2018.10.20-09.04.31:396][843]LogModuleManager: Shutting down and abandoning module PerforceSourceControl (318)
[2018.10.20-09.04.31:408][843]LogModuleManager: Shutting down and abandoning module GitSourceControl (316)
[2018.10.20-09.04.31:408][843]LogModuleManager: Shutting down and abandoning module SourceControl (315)
[2018.10.20-09.04.31:408][843]LogModuleManager: Shutting down and abandoning module CLionSourceCodeAccess (312)
[2018.10.20-09.04.31:408][843]LogModuleManager: Shutting down and abandoning module LightPropagationVolumeEditor (310)
[2018.10.20-09.04.31:409][843]LogModuleManager: Shutting down and abandoning module PaperTiledImporter (308)
[2018.10.20-09.04.31:409][843]LogModuleManager: Shutting down and abandoning module PaperSpriteSheetImporter (306)
[2018.10.20-09.04.31:409][843]LogModuleManager: Shutting down and abandoning module Paper2DEditor (304)
[2018.10.20-09.04.31:416][843]LogModuleManager: Shutting down and abandoning module MeshPaint (303)
[2018.10.20-09.04.31:417][843]LogModuleManager: Shutting down and abandoning module Game (300)
[2018.10.20-09.04.31:417][843]LogModuleManager: Shutting down and abandoning module RuntimePhysXCooking (298)
[2018.10.20-09.04.31:417][843]LogModuleManager: Shutting down and abandoning module PhysXVehiclesEditor (296)
[2018.10.20-09.04.31:417][843]LogModuleManager: Shutting down and abandoning module PhysXVehicles (294)
[2018.10.20-09.04.31:417][843]LogModuleManager: Shutting down and abandoning module OculusEditor (292)
[2018.10.20-09.04.31:417][843]LogModuleManager: Shutting down and abandoning module LocationServicesBPLibrary (290)
[2018.10.20-09.04.31:417][843]LogModuleManager: Shutting down and abandoning module ImmediatePhysicsEditor (288)
[2018.10.20-09.04.31:417][843]LogModuleManager: Shutting down and abandoning module ImmediatePhysics (286)
[2018.10.20-09.04.31:417][843]LogModuleManager: Shutting down and abandoning module ActorSequence (284)
[2018.10.20-09.04.31:417][843]LogModuleManager: Shutting down and abandoning module UdpMessaging (282)
[2018.10.20-09.04.31:517][843]LogModuleManager: Shutting down and abandoning module TcpMessaging (280)
[2018.10.20-09.04.31:617][843]LogModuleManager: Shutting down and abandoning module MagicLeapAudio (278)
[2018.10.20-09.04.31:617][843]LogModuleManager: Shutting down and abandoning module GameplayTagsEditor (276)
[2018.10.20-09.04.31:631][843]LogModuleManager: Shutting down and abandoning module FacialAnimationEditor (274)
[2018.10.20-09.04.31:631][843]LogModuleManager: Shutting down and abandoning module FacialAnimation (272)
[2018.10.20-09.04.31:631][843]LogModuleManager: Shutting down and abandoning module DataValidation (270)
[2018.10.20-09.04.31:631][843]LogModuleManager: Shutting down and abandoning module AssetManagerEditor (268)
[2018.10.20-09.04.31:646][843]LogModuleManager: Shutting down and abandoning module LevelEditor (267)
[2018.10.20-09.04.31:647][843]LogModuleManager: Shutting down and abandoning module PixelInspectorModule (266)
[2018.10.20-09.04.31:647][843]LogModuleManager: Shutting down and abandoning module CommonMenuExtensions (264)
[2018.10.20-09.04.31:648][843]LogModuleManager: Shutting down and abandoning module MainFrame (262)
[2018.10.20-09.04.31:648][843]LogModuleManager: Shutting down and abandoning module HotReload (261)
[2018.10.20-09.04.31:650][843]LogModuleManager: Shutting down and abandoning module ContentBrowser (257)
[2018.10.20-09.04.31:652][843]LogModuleManager: Shutting down and abandoning module TreeMap (255)
[2018.10.20-09.04.31:652][843]LogModuleManager: Shutting down and abandoning module LightPropagationVolumeRuntime (252)
[2018.10.20-09.04.31:652][843]LogModuleManager: Shutting down and abandoning module AISupportModule (250)
[2018.10.20-09.04.31:652][843]LogModuleManager: Shutting down and abandoning module Paper2D (248)
[2018.10.20-09.04.31:652][843]LogModuleManager: Shutting down and abandoning module WindowsMoviePlayer (246)
[2018.10.20-09.04.31:652][843]LogModuleManager: Shutting down and abandoning module WmfMedia (244)
[2018.10.20-09.04.31:679][843]LogModuleManager: Shutting down and abandoning module Media (243)
[2018.10.20-09.04.31:685][843]LogModuleManager: Shutting down and abandoning module PacketHandler (240)
[2018.10.20-09.04.31:685][843]LogModuleManager: Shutting down and abandoning module ClothingSystemEditor (238)
[2018.10.20-09.04.31:685][843]LogModuleManager: Shutting down and abandoning module ClothingSystemRuntime (236)
[2018.10.20-09.04.31:691][843]LogModuleManager: Shutting down and abandoning module MediaAssets (234)
[2018.10.20-09.04.31:691][843]LogModuleManager: Shutting down and abandoning module Overlay (232)
[2018.10.20-09.04.31:691][843]LogModuleManager: Shutting down and abandoning module OverlayEditor (231)
[2018.10.20-09.04.31:691][843]LogModuleManager: Shutting down and abandoning module VREditor (228)
[2018.10.20-09.04.31:699][843]LogModuleManager: Shutting down and abandoning module StringTableEditor (226)
[2018.10.20-09.04.31:714][843]LogModuleManager: Shutting down and abandoning module GameplayTasksEditor (224)
[2018.10.20-09.04.31:714][843]LogModuleManager: Shutting down and abandoning module BehaviorTreeEditor (222)
[2018.10.20-09.04.31:719][843]LogModuleManager: Shutting down and abandoning module FunctionalTesting (220)
[2018.10.20-09.04.31:719][843]LogModuleManager: Shutting down and abandoning module CollisionAnalyzer (218)
[2018.10.20-09.04.31:719][843]LogModuleManager: Shutting down and abandoning module WorkspaceMenuStructure (217)
[2018.10.20-09.04.31:719][843]LogModuleManager: Shutting down and abandoning module UMG (214)
[2018.10.20-09.04.31:719][843]LogModuleManager: Shutting down and abandoning module UMGEditor (213)
[2018.10.20-09.04.31:719][843]LogModuleManager: Shutting down and abandoning module Sequencer (212)
[2018.10.20-09.04.31:719][843]LogModuleManager: Shutting down and abandoning module MessageLog (209)
[2018.10.20-09.04.31:719][843]LogModuleManager: Shutting down and abandoning module SlateReflector (204)
[2018.10.20-09.04.31:757][843]LogModuleManager: Shutting down and abandoning module Slate (202)
[2018.10.20-09.04.31:757][843]LogModuleManager: Shutting down and abandoning module EditorStyle (200)
[2018.10.20-09.04.31:761][843]LogModuleManager: Shutting down and abandoning module MRMesh (198)
[2018.10.20-09.04.31:761][843]LogModuleManager: Shutting down and abandoning module SourceCodeAccess (196)
[2018.10.20-09.04.31:761][843]LogModuleManager: Shutting down and abandoning module HeadMountedDisplay (194)
[2018.10.20-09.04.31:761][843]LogModuleManager: Shutting down and abandoning module XAudio2 (192)
[2018.10.20-09.04.31:761][843]LogModuleManager: Shutting down and abandoning module Networking (190)
[2018.10.20-09.04.31:761][843]LogModuleManager: Shutting down and abandoning module Core (188)
[2018.10.20-09.04.31:761][843]LogModuleManager: Shutting down and abandoning module LevelSequence (186)
[2018.10.20-09.04.31:761][843]LogModuleManager: Shutting down and abandoning module KismetCompiler (184)
[2018.10.20-09.04.31:761][843]LogModuleManager: Shutting down and abandoning module MeshUtilities (182)
[2018.10.20-09.04.31:761][843]LogModuleManager: Shutting down and abandoning module MeshMergeUtilities (181)
[2018.10.20-09.04.31:762][843]LogModuleManager: Shutting down and abandoning module MeshReductionInterface (180)
[2018.10.20-09.04.31:762][843]LogModuleManager: Shutting down and abandoning module SimplygonSwarm (179)
[2018.10.20-09.04.31:802][843]LogModuleManager: Shutting down and abandoning module ProxyLODMeshReduction (177)
[2018.10.20-09.04.31:825][843]LogModuleManager: Shutting down and abandoning module SimplygonMeshReduction (175)
[2018.10.20-09.04.31:825][843]LogModuleManager: Shutting down and abandoning module QuadricMeshReduction (173)
[2018.10.20-09.04.31:832][843]LogModuleManager: Shutting down and abandoning module MaterialBaking (169)
[2018.10.20-09.04.31:832][843]LogModuleManager: Shutting down and abandoning module DirectoryWatcher (165)
[2018.10.20-09.04.31:832][843]LogModuleManager: Shutting down and abandoning module DerivedDataCache (162)
[2018.10.20-09.04.31:842][843]LogDerivedDataCache: Shutdown
[2018.10.20-09.04.31:842][843]LogModuleManager: Shutting down and abandoning module XGEController (160)
[2018.10.20-09.04.31:842][843]LogXGEController: Cleaning working directory: C:/Users/User/AppData/Local/Temp/UnrealXGEWorkingDir/
[2018.10.20-09.04.31:842][843]LogModuleManager: Shutting down and abandoning module TargetPlatform (158)
[2018.10.20-09.04.31:842][843]LogModuleManager: Shutting down and abandoning module VulkanShaderFormat (157)
[2018.10.20-09.04.31:842][843]LogModuleManager: Shutting down and abandoning module ShaderFormatVectorVM (155)
[2018.10.20-09.04.31:842][843]LogModuleManager: Shutting down and abandoning module ShaderFormatOpenGL (153)
[2018.10.20-09.04.31:854][843]LogModuleManager: Shutting down and abandoning module ShaderFormatD3D (151)
[2018.10.20-09.04.31:854][843]LogModuleManager: Shutting down and abandoning module MetalShaderFormat (149)
[2018.10.20-09.04.31:859][843]LogModuleManager: Shutting down and abandoning module TextureFormatUncompressed (147)
[2018.10.20-09.04.31:859][843]LogModuleManager: Shutting down and abandoning module TextureFormatPVR (145)
[2018.10.20-09.04.31:859][843]LogModuleManager: Shutting down and abandoning module TextureFormatDXT (143)
[2018.10.20-09.04.31:859][843]LogModuleManager: Shutting down and abandoning module TextureFormatIntelISPCTexComp (141)
[2018.10.20-09.04.31:859][843]LogModuleManager: Shutting down and abandoning module TextureFormatASTC (139)
[2018.10.20-09.04.31:859][843]LogModuleManager: Shutting down and abandoning module ImageWrapper (138)
[2018.10.20-09.04.31:859][843]LogModuleManager: Shutting down and abandoning module TextureFormatAndroid (135)
[2018.10.20-09.04.31:859][843]LogModuleManager: Shutting down and abandoning module AudioFormatOpus (133)
[2018.10.20-09.04.31:859][843]LogModuleManager: Shutting down and abandoning module AudioFormatOgg (131)
[2018.10.20-09.04.31:860][843]LogModuleManager: Shutting down and abandoning module AudioFormatADPCM (129)
[2018.10.20-09.04.31:860][843]LogModuleManager: Shutting down and abandoning module LuminTargetPlatform (127)
[2018.10.20-09.04.31:860][843]LogModuleManager: Shutting down and abandoning module LinuxTargetPlatform (125)
[2018.10.20-09.04.31:860][843]LogModuleManager: Shutting down and abandoning module LinuxServerTargetPlatform (123)
[2018.10.20-09.04.31:860][843]LogModuleManager: Shutting down and abandoning module LinuxNoEditorTargetPlatform (121)
[2018.10.20-09.04.31:860][843]LogModuleManager: Shutting down and abandoning module LinuxClientTargetPlatform (119)
[2018.10.20-09.04.31:860][843]LogModuleManager: Shutting down and abandoning module TVOSTargetPlatform (117)
[2018.10.20-09.04.31:861][843]LogModuleManager: Shutting down and abandoning module Messaging (115)
[2018.10.20-09.04.31:861][843]LogModuleManager: Shutting down and abandoning module IOSTargetPlatform (113)
[2018.10.20-09.04.31:863][843]LogModuleManager: Shutting down and abandoning module HTML5TargetPlatform (111)
[2018.10.20-09.04.31:863][843]LogModuleManager: Shutting down and abandoning module AndroidTargetPlatform (109)
[2018.10.20-09.04.31:878][843]LogModuleManager: Shutting down and abandoning module WindowsTargetPlatform (107)
[2018.10.20-09.04.31:878][843]LogModuleManager: Shutting down and abandoning module WindowsServerTargetPlatform (105)
[2018.10.20-09.04.31:878][843]LogModuleManager: Shutting down and abandoning module WindowsNoEditorTargetPlatform (103)
[2018.10.20-09.04.31:878][843]LogModuleManager: Shutting down and abandoning module WindowsClientTargetPlatform (101)
[2018.10.20-09.04.31:878][843]LogModuleManager: Shutting down and abandoning module MacTargetPlatform (99)
[2018.10.20-09.04.31:878][843]LogModuleManager: Shutting down and abandoning module MacServerTargetPlatform (97)
[2018.10.20-09.04.31:878][843]LogModuleManager: Shutting down and abandoning module MacNoEditorTargetPlatform (95)
[2018.10.20-09.04.31:878][843]LogModuleManager: Shutting down and abandoning module MacClientTargetPlatform (93)
[2018.10.20-09.04.31:878][843]LogModuleManager: Shutting down and abandoning module AllDesktopTargetPlatform (91)
[2018.10.20-09.04.31:878][843]LogModuleManager: Shutting down and abandoning module InputCore (88)
[2018.10.20-09.04.31:879][843]LogModuleManager: Shutting down and abandoning module Settings (86)
[2018.10.20-09.04.31:879][843]LogModuleManager: Shutting down and abandoning module PhysXCooking (84)
[2018.10.20-09.04.31:879][843]LogModuleManager: Shutting down and abandoning module SteamVR (82)
[2018.10.20-09.04.31:879][843]LogModuleManager: Shutting down and abandoning module OculusHMD (80)
[2018.10.20-09.04.31:879][843]LogModuleManager: Shutting down and abandoning module ExampleDeviceProfileSelector (78)
[2018.10.20-09.04.31:879][843]LogModuleManager: Shutting down and abandoning module LauncherChunkInstaller (76)
[2018.10.20-09.04.31:879][843]LogModuleManager: Shutting down and abandoning module OnlineBlueprintSupport (74)
[2018.10.20-09.04.31:879][843]LogModuleManager: Shutting down and abandoning module OnlineSubsystem (70)
[2018.10.20-09.04.31:880][843]LogModuleManager: Shutting down and abandoning module XMPP (65)
[2018.10.20-09.04.31:914][843]LogModuleManager: Shutting down and abandoning module WebSockets (64)
[2018.10.20-09.04.31:973][843]LogModuleManager: Shutting down and abandoning module HTTP (61)
[2018.10.20-09.04.31:974][843]LogHttp: Display: Http module shutting down, but needs to wait on 1 outstanding Http requests:
[2018.10.20-09.04.31:974][843]LogHttp: Display: 	verb=[POST] url=[https://datarouter.ol.epicgames.com/datarouter/api/v1/public/data?SessionID=%7B91C6E494-4C74-2901-37E1-1D97A49FEF51%7D&AppID=UEEditor.Rocket.Release&AppVersion=4.20.2-4302132%2B%2B%2BUE4%2BRelease-4.20&UserID=95aadfdc42b92a6d5e9a6098b8208db5%7C%7C341cefea-d3aa-4dbe-9462-dd277dc583bc&AppEnvironment=datacollector-binary&UploadType=eteventstream] status=Processing
[2018.10.20-09.04.32:006][843]LogModuleManager: Shutting down and abandoning module SSL (60)
[2018.10.20-09.04.32:008][843]LogModuleManager: Shutting down and abandoning module MagicLeapEmulator (56)
[2018.10.20-09.04.32:008][843]LogModuleManager: Shutting down and abandoning module MagicLeapPrivileges (54)
[2018.10.20-09.04.32:009][843]LogModuleManager: Shutting down and abandoning module MagicLeapIdentity (52)
[2018.10.20-09.04.32:009][843]LogModuleManager: Shutting down and abandoning module MagicLeapHelperVulkan (50)
[2018.10.20-09.04.32:009][843]LogModuleManager: Shutting down and abandoning module MagicLeapHelperOpenGL (48)
[2018.10.20-09.04.32:009][843]LogModuleManager: Shutting down and abandoning module MagicLeapSecureStorage (46)
[2018.10.20-09.04.32:009][843]LogModuleManager: Shutting down and abandoning module MagicLeapGestures (44)
[2018.10.20-09.04.32:009][843]LogModuleManager: Shutting down and abandoning module MagicLeapEyeTracker (42)
[2018.10.20-09.04.32:009][843]LogModuleManager: Shutting down and abandoning module MagicLeapController (40)
[2018.10.20-09.04.32:009][843]LogSlate: Slate User Destroyed.  User Index 0, Is Virtual User: 0
[2018.10.20-09.04.32:009][843]LogModuleManager: Shutting down and abandoning module MagicLeap (38)
[2018.10.20-09.04.32:009][843]LogModuleManager: Shutting down and abandoning module AnimationModifiers (36)
[2018.10.20-09.04.32:021][843]LogModuleManager: Shutting down and abandoning module PropertyEditor (35)
[2018.10.20-09.04.32:021][843]LogModuleManager: Shutting down and abandoning module AudioEditor (32)
[2018.10.20-09.04.32:030][843]LogModuleManager: Shutting down and abandoning module TextureCompressor (30)
[2018.10.20-09.04.32:030][843]LogModuleManager: Shutting down and abandoning module ShaderCore (28)
[2018.10.20-09.04.32:030][843]LogModuleManager: Shutting down and abandoning module Landscape (26)
[2018.10.20-09.04.32:030][843]LogModuleManager: Shutting down and abandoning module SlateRHIRenderer (24)
[2018.10.20-09.04.32:040][843]LogModuleManager: Shutting down and abandoning module OpenGLDrv (22)
[2018.10.20-09.04.32:050][843]LogModuleManager: Shutting down and abandoning module D3D11RHI (20)
[2018.10.20-09.04.32:050][843]LogModuleManager: Shutting down and abandoning module AnimGraphRuntime (18)
[2018.10.20-09.04.32:050][843]LogModuleManager: Shutting down and abandoning module Renderer (16)
[2018.10.20-09.04.32:050][843]LogModuleManager: Shutting down and abandoning module Engine (14)
[2018.10.20-09.04.32:050][843]LogModuleManager: Shutting down and abandoning module CoreUObject (12)
[2018.10.20-09.04.32:050][843]LogModuleManager: Shutting down and abandoning module NetworkFile (10)
[2018.10.20-09.04.32:050][843]LogModuleManager: Shutting down and abandoning module CookedIterativeFile (8)
[2018.10.20-09.04.32:050][843]LogModuleManager: Shutting down and abandoning module StreamingFile (6)
[2018.10.20-09.04.32:050][843]LogModuleManager: Shutting down and abandoning module SandboxFile (4)
[2018.10.20-09.04.32:050][843]LogModuleManager: Shutting down and abandoning module PakFile (2)
[2018.10.20-09.04.32:056][843]LogExit: Exiting.
[2018.10.20-09.04.32:065][843]Log file closed, 10/20/18 11:04:32
