Log file open, 10/18/18 11:21:13
LogWindows: Failed to load 'aqProf.dll' (GetLastError=126)
LogWindows: File 'aqProf.dll' does not exist
LogWindows: Failed to load 'VSPerf140.dll' (GetLastError=126)
LogWindows: File 'VSPerf140.dll' does not exist
LogWindows: Failed to load 'VtuneApi.dll' (GetLastError=126)
LogWindows: File 'VtuneApi.dll' does not exist
LogWindows: Failed to load 'VtuneApi32e.dll' (GetLastError=126)
LogWindows: File 'VtuneApi32e.dll' does not exist
LogInit: Display: Running engine for game: Game
LogPlatformFile: Not using cached read wrapper
LogTaskGraph: Started task graph with 5 named threads and 11 total threads with 3 sets of task threads.
LogStats: Stats thread started at 7.582675
LogD3D11RHI: Loaded GFSDK_Aftermath_Lib.x64.dll
LogICUInternationalization: Display: ICU TimeZone Detection - Raw Offset: +1:00, Platform Override: ''
LogPluginManager: Mounting plugin Paper2D
LogPluginManager: Mounting plugin AISupport
LogPluginManager: Mounting plugin LightPropagationVolume
LogPluginManager: Mounting plugin CLionSourceCodeAccess
LogPluginManager: Mounting plugin CodeLiteSourceCodeAccess
LogPluginManager: Mounting plugin GitSourceControl
LogPluginManager: Mounting plugin KDevelopSourceCodeAccess
LogPluginManager: Mounting plugin NullSourceCodeAccess
LogPluginManager: Mounting plugin PerforceSourceControl
LogPluginManager: Mounting plugin SubversionSourceControl
LogPluginManager: Mounting plugin UObjectPlugin
LogPluginManager: Mounting plugin VisualStudioCodeSourceCodeAccess
LogPluginManager: Mounting plugin VisualStudioSourceCodeAccess
LogPluginManager: Mounting plugin XCodeSourceCodeAccess
LogPluginManager: Mounting plugin AssetManagerEditor
LogPluginManager: Mounting plugin CryptoKeys
LogPluginManager: Mounting plugin DataValidation
LogPluginManager: Mounting plugin FacialAnimation
LogPluginManager: Mounting plugin GameplayTagsEditor
LogPluginManager: Mounting plugin MacGraphicsSwitching
LogPluginManager: Mounting plugin MeshEditor
LogPluginManager: Mounting plugin MobileLauncherProfileWizard
LogPluginManager: Mounting plugin PluginBrowser
LogPluginManager: Mounting plugin SpeedTreeImporter
LogPluginManager: Mounting plugin DatasmithContent
LogPluginManager: Mounting plugin AlembicImporter
LogPluginManager: Mounting plugin AppleImageUtils
LogPluginManager: Mounting plugin AppleVision
LogPluginManager: Mounting plugin BackChannel
LogPluginManager: Mounting plugin CharacterAI
LogPluginManager: Mounting plugin GeometryCache
LogPluginManager: Mounting plugin HTML5Networking
LogPluginManager: Mounting plugin ProxyLODPlugin
LogPluginManager: Mounting plugin MagicLeap
LogPluginManager: Mounting plugin MagicLeapEmulator
LogPluginManager: Mounting plugin MagicLeapMedia
LogPluginManager: Mounting plugin AndroidMedia
LogPluginManager: Mounting plugin AvfMedia
LogPluginManager: Mounting plugin ImgMedia
LogPluginManager: Mounting plugin LinearTimecode
LogPluginManager: Mounting plugin MediaCompositing
LogPluginManager: Mounting plugin MediaPlayerEditor
LogPluginManager: Mounting plugin WmfMedia
LogPluginManager: Mounting plugin TcpMessaging
LogPluginManager: Mounting plugin UdpMessaging
LogPluginManager: Mounting plugin ActorSequence
LogPluginManager: Mounting plugin LevelSequenceEditor
LogPluginManager: Mounting plugin MatineeToLevelSequence
LogPluginManager: Mounting plugin NetcodeUnitTest
LogPluginManager: Mounting plugin NUTUnrealEngine4
LogPluginManager: Mounting plugin OnlineSubsystemGooglePlay
LogPluginManager: Mounting plugin OnlineSubsystemIOS
LogPluginManager: Mounting plugin OnlineSubsystem
LogPluginManager: Mounting plugin OnlineSubsystemNull
LogPluginManager: Mounting plugin OnlineSubsystemUtils
LogPluginManager: Mounting plugin LauncherChunkInstaller
LogPluginManager: Mounting plugin AndroidDeviceProfileSelector
LogPluginManager: Mounting plugin AndroidMoviePlayer
LogPluginManager: Mounting plugin AndroidPermission
LogPluginManager: Mounting plugin AppleMoviePlayer
LogPluginManager: Mounting plugin ArchVisCharacter
LogPluginManager: Mounting plugin AudioCapture
LogPluginManager: Mounting plugin CableComponent
LogPluginManager: Mounting plugin CustomMeshComponent
LogPluginManager: Mounting plugin EditableMesh
LogPluginManager: Mounting plugin ExampleDeviceProfileSelector
LogPluginManager: Mounting plugin GoogleCloudMessaging
LogPluginManager: Mounting plugin ImmediatePhysics
LogPluginManager: Mounting plugin IOSDeviceProfileSelector
LogPluginManager: Mounting plugin LinuxDeviceProfileSelector
LogPluginManager: Mounting plugin LocationServicesBPLibrary
LogPluginManager: Mounting plugin MobilePatchingUtils
LogPluginManager: Mounting plugin OculusVR
LogPluginManager: Plugin shader directory ../../../Engine/Plugins/Runtime/Oculus/OculusVR/Shaders found
LogPluginManager: Mapping shader source directory ../../../Engine/Plugins/Runtime/Oculus/OculusVR/Shaders to virtual directory /Plugin/OculusVR
LogPluginManager: Mounting plugin PhysXVehicles
LogPluginManager: Mounting plugin ProceduralMeshComponent
LogPluginManager: Mounting plugin RuntimePhysXCooking
LogPluginManager: Mounting plugin SteamVR
LogPluginManager: Mounting plugin WindowsMoviePlayer
LogStreaming: Display: Took  1.823s to configure plugins.
LogInit: Using libcurl 7.55.1-DEV
LogInit:  - built for x86_64-pc-win32
LogInit:  - supports SSL with OpenSSL/1.0.2h
LogInit:  - supports HTTP deflate (compression) using libz 1.2.8
LogInit:  - other features:
LogInit:      CURL_VERSION_SSL
LogInit:      CURL_VERSION_LIBZ
LogInit:      CURL_VERSION_IPV6
LogInit:      CURL_VERSION_ASYNCHDNS
LogInit:      CURL_VERSION_LARGEFILE
LogInit:      CURL_VERSION_IDN
LogInit:  CurlRequestOptions (configurable via config and command line):
LogInit:  - bVerifyPeer = false  - Libcurl will NOT verify peer certificate
LogInit:  - bUseHttpProxy = false  - Libcurl will NOT use HTTP proxy
LogInit:  - bDontReuseConnections = false  - Libcurl will reuse connections
LogInit:  - CertBundlePath = nullptr  - Libcurl will use whatever was configured at build time.
LogInit:  - MaxHostConnections = 16  - Libcurl will limit the number of connections to a host
LogInit:  - LocalHostAddr = Default
LogInit:  - BufferSize = 65536
LogInit: WinSock: version 1.1 (2.2), MaxSocks=32767, MaxUdp=65467
LogInit: Build: ++UE4+Release-4.20-CL-4369336
LogInit: Engine Version: 4.20.3-4369336+++UE4+Release-4.20
LogInit: Compatible Engine Version: 4.20.0-4212847+++UE4+Release-4.20
LogInit: Net CL: 4212847
LogInit: OS: Windows 10 (), CPU: Intel(R) Core(TM) i5-5250U CPU @ 1.60GHz, GPU: Intel(R) HD Graphics 6000
LogInit: Compiled (64-bit): Sep 17 2018 12:26:19
LogInit: Compiled with Visual C++: 19.13.26129.00
LogInit: Build Configuration: Development
LogInit: Branch Name: ++UE4+Release-4.20
LogInit: Command Line: 
LogInit: Base Directory: F:/Epic Games Launcher/Unreal Engine/UE_4.20/Engine/Binaries/Win64/
LogInit: Installed Engine Build: 1
LogDevObjectVersion: Number of dev versions registered: 20
LogDevObjectVersion:   Dev-Blueprints (B0D832E4-1F89-4F0D-ACCF-7EB736FD4AA2): 10
LogDevObjectVersion:   Dev-Build (E1C64328-A22C-4D53-A36C-8E866417BD8C): 0
LogDevObjectVersion:   Dev-Core (375EC13C-06E4-48FB-B500-84F0262A717E): 2
LogDevObjectVersion:   Dev-Editor (E4B068ED-F494-42E9-A231-DA0B2E46BB41): 24
LogDevObjectVersion:   Dev-Framework (CFFC743F-43B0-4480-9391-14DF171D2073): 34
LogDevObjectVersion:   Dev-Mobile (B02B49B5-BB20-44E9-A304-32B752E40360): 2
LogDevObjectVersion:   Dev-Networking (A4E4105C-59A1-49B5-A7C5-40C4547EDFEE): 0
LogDevObjectVersion:   Dev-Online (39C831C9-5AE6-47DC-9A44-9C173E1C8E7C): 0
LogDevObjectVersion:   Dev-Physics (78F01B33-EBEA-4F98-B9B4-84EACCB95AA2): 0
LogDevObjectVersion:   Dev-Platform (6631380F-2D4D-43E0-8009-CF276956A95A): 0
LogDevObjectVersion:   Dev-Rendering (12F88B9F-8875-4AFC-A67C-D90C383ABD29): 26
LogDevObjectVersion:   Dev-Sequencer (7B5AE74C-D270-4C10-A958-57980B212A5A): 9
LogDevObjectVersion:   Dev-VR (D7296918-1DD6-4BDD-9DE2-64A83CC13884): 2
LogDevObjectVersion:   Dev-LoadTimes (C2A15278-BFE7-4AFE-6C17-90FF531DF755): 1
LogDevObjectVersion:   Private-Geometry (6EACA3D4-40EC-4CC1-B786-8BED09428FC5): 3
LogDevObjectVersion:   Dev-AnimPhys (29E575DD-E0A3-4627-9D10-D276232CDCEA): 17
LogDevObjectVersion:   Dev-ReflectionCapture (6B266CEC-1EC7-4B8F-A30B-E4D90942FC07): 1
LogDevObjectVersion:   Dev-Automation (0DF73D61-A23F-47EA-B727-89E90C41499A): 1
LogDevObjectVersion:   FortniteMain (601D1886-AC64-4F84-AA16-D3DE0DEAC7D6): 12
LogDevObjectVersion:   Dev-Enterprise (9DFFBCD6-494F-0158-E221-12823C92A888): 1
LogStreaming: Display: Took  0.010s to delete old logs.
LogInit: Presizing for max 8388607 objects, including 0 objects not considered by GC, pre-allocating 0 bytes for permanent pool.
LogInit: Object subsystem initialized
[2018.10.18-09.21.17:439][  0]LogInit: Selected Device Profile: [Windows]
[2018.10.18-09.21.17:439][  0]LogInit: Applying CVar settings loaded from the selected device profile: [Windows]
[2018.10.18-09.21.17:523][  0]LogHAL: Display: Platform has ~ 8 GB [8487600128 / 8589934592 / 8], which maps to Default [LargestMinGB=32, LargerMinGB=12, DefaultMinGB=8, SmallerMinGB=6, SmallestMinGB=0)
[2018.10.18-09.21.17:524][  0]LogInit: Setting Device Profile CVar: [[r.Vulkan.UseRealUBs:1]]
[2018.10.18-09.21.17:524][  0]LogInit: Going up to parent DeviceProfile []
[2018.10.18-09.21.17:556][  0]LogInit: Computer: DESKTOP-O9SGR6I
[2018.10.18-09.21.17:556][  0]LogInit: User: Fisio
[2018.10.18-09.21.17:556][  0]LogInit: CPU Page size=4096, Cores=2
[2018.10.18-09.21.17:556][  0]LogInit: High frequency timer resolution =1.562503 MHz
[2018.10.18-09.21.17:556][  0]LogMemory: Memory total: Physical=7.9GB (8GB approx)
[2018.10.18-09.21.17:557][  0]LogMemory: Platform Memory Stats for Windows
[2018.10.18-09.21.17:557][  0]LogMemory: Process Physical Memory: 100.75 MB used, 100.75 MB peak
[2018.10.18-09.21.17:557][  0]LogMemory: Process Virtual Memory: 84.12 MB used, 84.12 MB peak
[2018.10.18-09.21.17:557][  0]LogMemory: Physical Memory: 3027.16 MB used,  5067.25 MB free, 8094.41 MB total
[2018.10.18-09.21.17:557][  0]LogMemory: Virtual Memory: 523.52 MB used,  5067.25 MB free, 134217728.00 MB total
[2018.10.18-09.21.18:753][  0]LogInit: Using OS detected language (it-IT).
[2018.10.18-09.21.18:753][  0]LogInit: Using OS detected locale (it-IT).
[2018.10.18-09.21.18:903][  0]LogTextLocalizationManager: No specific localization for 'it-IT' exists, so the 'it' localization will be used.
[2018.10.18-09.21.19:078][  0]LogStreaming: Display: Took  0.324s to InitEngineTextLocalization.
[2018.10.18-09.21.19:078][  0]LogInit: Setting process to per monitor DPI aware
[2018.10.18-09.21.20:012][  0]LogSlate: New Slate User Created.  User Index 0, Is Virtual User: 0
[2018.10.18-09.21.20:012][  0]LogSlate: Slate User Registered.  User Index 0, Is Virtual User: 0
[2018.10.18-09.21.26:531][  0]LogHMD: Failed to initialize OpenVR with code 110
[2018.10.18-09.21.26:531][  0]LogD3D11RHI: D3D11 adapters:
[2018.10.18-09.21.26:543][  0]LogD3D11RHI:    0. 'Intel(R) HD Graphics 6000' (Feature Level 11_0)
[2018.10.18-09.21.26:543][  0]LogD3D11RHI:       128/0/4047 MB DedicatedVideo/DedicatedSystem/SharedSystem, Outputs:1, VendorId:0x8086
[2018.10.18-09.21.26:550][  0]LogD3D11RHI:    1. 'Microsoft Basic Render Driver' (Feature Level 11_0)
[2018.10.18-09.21.26:550][  0]LogD3D11RHI:       0/0/4047 MB DedicatedVideo/DedicatedSystem/SharedSystem, Outputs:0, VendorId:0x1414
[2018.10.18-09.21.26:550][  0]LogD3D11RHI: Chosen D3D11 Adapter: 0
[2018.10.18-09.21.26:564][  0]LogD3D11RHI: Creating new Direct3DDevice
[2018.10.18-09.21.26:564][  0]LogD3D11RHI:     GPU DeviceId: 0x1626 (for the marketing name, search the web for "GPU Device Id")
[2018.10.18-09.21.26:564][  0]LogWindows: EnumDisplayDevices:
[2018.10.18-09.21.26:565][  0]LogWindows:    0. 'Intel(R) HD Graphics 6000' (P:1 D:1)
[2018.10.18-09.21.26:565][  0]LogWindows:    1. 'Intel(R) HD Graphics 6000' (P:0 D:0)
[2018.10.18-09.21.26:566][  0]LogWindows:    2. 'Intel(R) HD Graphics 6000' (P:0 D:0)
[2018.10.18-09.21.26:567][  0]LogWindows: DebugString: FoundDriverCount:3 
[2018.10.18-09.21.26:567][  0]LogD3D11RHI:     Adapter Name: Intel(R) HD Graphics 6000
[2018.10.18-09.21.26:567][  0]LogD3D11RHI:   Driver Version: 20.19.15.4835 (internal:20.19.15.4835, unified:20.19.15.4835)
[2018.10.18-09.21.26:567][  0]LogD3D11RHI:      Driver Date: 10-16-2017
[2018.10.18-09.21.26:567][  0]LogRHI: Texture pool is 1506 MB (70% of 2151 MB)
[2018.10.18-09.21.26:575][  0]LogD3D11RHI: Async texture creation enabled
[2018.10.18-09.21.26:589][  0]LogD3D11RHI: GPU Timing Frequency: 12.500000 (Debug: 2 0)
[2018.10.18-09.21.26:591][  0]LogShaderCompilers: Guid format shader working directory is 15 characters bigger than the processId version (../../../../../../The game/Game/Intermediate/Shaders/WorkingDirectory/8180/).
[2018.10.18-09.21.26:591][  0]LogShaderCompilers: Cleaned the shader compiler working directory 'C:/Users/Fisio/AppData/Local/Temp/UnrealShaderWorkingDir/9DBCC9AA45C2B8959E52649D45B8913D/'.
[2018.10.18-09.21.28:703][  0]LogTemp: Display: Loaded TP AllDesktopTargetPlatform
[2018.10.18-09.21.28:778][  0]LogTemp: Display: Loaded TP MacClientTargetPlatform
[2018.10.18-09.21.28:839][  0]LogTemp: Display: Loaded TP MacNoEditorTargetPlatform
[2018.10.18-09.21.28:909][  0]LogTemp: Display: Loaded TP MacServerTargetPlatform
[2018.10.18-09.21.29:023][  0]LogTemp: Display: Loaded TP MacTargetPlatform
[2018.10.18-09.21.29:096][  0]LogTemp: Display: Loaded TP WindowsClientTargetPlatform
[2018.10.18-09.21.29:204][  0]LogTemp: Display: Loaded TP WindowsNoEditorTargetPlatform
[2018.10.18-09.21.29:271][  0]LogTemp: Display: Loaded TP WindowsServerTargetPlatform
[2018.10.18-09.21.29:316][  0]LogTemp: Display: Loaded TP WindowsTargetPlatform
[2018.10.18-09.21.29:748][  0]LogTemp: Display: Loaded TP AndroidTargetPlatform
[2018.10.18-09.21.29:749][  0]LogTemp: Display: Loaded TP AndroidTargetPlatform
[2018.10.18-09.21.29:749][  0]LogTemp: Display: Loaded TP AndroidTargetPlatform
[2018.10.18-09.21.29:749][  0]LogTemp: Display: Loaded TP AndroidTargetPlatform
[2018.10.18-09.21.29:749][  0]LogTemp: Display: Loaded TP AndroidTargetPlatform
[2018.10.18-09.21.29:749][  0]LogTemp: Display: Loaded TP AndroidTargetPlatform
[2018.10.18-09.21.29:749][  0]LogTemp: Display: Loaded TP AndroidTargetPlatform
[2018.10.18-09.21.29:749][  0]LogTemp: Display: Loaded TP AndroidTargetPlatform
[2018.10.18-09.21.29:749][  0]LogTemp: Display: Loaded TP AndroidTargetPlatform
[2018.10.18-09.21.29:749][  0]LogTemp: Display: Loaded TP AndroidTargetPlatform
[2018.10.18-09.21.29:749][  0]LogTemp: Display: Loaded TP AndroidTargetPlatform
[2018.10.18-09.21.29:749][  0]LogTemp: Display: Loaded TP AndroidTargetPlatform
[2018.10.18-09.21.29:749][  0]LogTemp: Display: Loaded TP AndroidTargetPlatform
[2018.10.18-09.21.29:749][  0]LogTemp: Display: Loaded TP AndroidTargetPlatform
[2018.10.18-09.21.29:749][  0]LogTemp: Display: Loaded TP AndroidTargetPlatform
[2018.10.18-09.21.29:749][  0]LogTemp: Display: Loaded TP AndroidTargetPlatform
[2018.10.18-09.21.29:749][  0]LogTemp: Display: Loaded TP AndroidTargetPlatform
[2018.10.18-09.21.29:749][  0]LogTemp: Display: Loaded TP AndroidTargetPlatform
[2018.10.18-09.21.29:805][  0]LogTemp: Display: Loaded TP HTML5TargetPlatform
[2018.10.18-09.21.30:136][  0]LogTemp: Display: Loaded TP IOSTargetPlatform
[2018.10.18-09.21.30:136][  0]LogTemp: Display: Loaded TP IOSTargetPlatform
[2018.10.18-09.21.30:256][  0]LogTemp: Display: Loaded TP TVOSTargetPlatform
[2018.10.18-09.21.30:256][  0]LogTemp: Display: Loaded TP TVOSTargetPlatform
[2018.10.18-09.21.30:345][  0]LogTemp: Display: Loaded TP LinuxClientTargetPlatform
[2018.10.18-09.21.30:424][  0]LogTemp: Display: Loaded TP LinuxNoEditorTargetPlatform
[2018.10.18-09.21.30:526][  0]LogTemp: Display: Loaded TP LinuxServerTargetPlatform
[2018.10.18-09.21.30:669][  0]LogTemp: Display: Loaded TP LinuxTargetPlatform
[2018.10.18-09.21.30:764][  0]LogTemp: Display: Loaded TP LuminTargetPlatform
[2018.10.18-09.21.30:764][  0]LogTargetPlatformManager: Display: Building Assets For Windows
[2018.10.18-09.21.32:907][  0]LogXGEController: Cleaning working directory: C:/Users/Fisio/AppData/Local/Temp/UnrealXGEWorkingDir/
[2018.10.18-09.21.32:908][  0]LogXGEController: Cannot use XGE Controller as Incredibuild is not installed on this machine.
[2018.10.18-09.21.32:908][  0]LogShaderCompilers: Cannot use XGE Shader Compiler as Incredibuild is not installed on this machine.
[2018.10.18-09.21.32:908][  0]LogShaderCompilers: Display: Using Local Shader Compiler.
[2018.10.18-09.21.40:756][  0]LogDerivedDataCache: Display: Max Cache Size: 512 MB
[2018.10.18-09.21.40:824][  0]LogDerivedDataCache: Warning: Could not read memory cache C:/Users/Fisio/AppData/Local/UnrealEngine/4.20/DerivedDataCache/Boot.ddc.
[2018.10.18-09.21.40:824][  0]LogDerivedDataCache: Warning: Could not load Boot cache: C:/Users/Fisio/AppData/Local/UnrealEngine/4.20/DerivedDataCache/Boot.ddc
[2018.10.18-09.21.40:824][  0]LogDerivedDataCache: FDerivedDataBackendGraph:  Pak pak cache file ../../../../../../The game/Game/DerivedDataCache/DDC.ddp not found, will not use a pak cache.
[2018.10.18-09.21.40:824][  0]LogDerivedDataCache: Unable to find inner node Pak for hierarchical cache Hierarchy.
[2018.10.18-09.21.40:824][  0]LogDerivedDataCache: FDerivedDataBackendGraph:  CompressedPak pak cache file ../../../../../../The game/Game/DerivedDataCache/Compressed.ddp not found, will not use a pak cache.
[2018.10.18-09.21.40:824][  0]LogDerivedDataCache: Unable to find inner node CompressedPak for hierarchical cache Hierarchy.
[2018.10.18-09.21.40:952][  0]LogDerivedDataCache: Display: Pak cache opened for reading ../../../Engine/DerivedDataCache/Compressed.ddp.
[2018.10.18-09.21.40:966][  0]LogDerivedDataCache: Using Local data cache path C:/Users/Fisio/AppData/Local/UnrealEngine/Common/DerivedDataCache: Writable
[2018.10.18-09.21.40:966][  0]LogDerivedDataCache: Shared data cache path not found in *engine.ini, will not use an Shared cache.
[2018.10.18-09.21.40:966][  0]LogDerivedDataCache: Unable to find inner node Shared for hierarchical cache Hierarchy.
[2018.10.18-09.21.41:132][  0]LogMaterial: Verifying Global Shaders for PCD3D_SM5
[2018.10.18-09.21.41:136][  0]LogSlate: Using FreeType 2.6.0
[2018.10.18-09.21.41:241][  0]LogSlate: SlateFontServices - WITH_FREETYPE: 1, WITH_HARFBUZZ: 1
[2018.10.18-09.21.42:817][  0]LogAssetRegistry: FAssetRegistry took 0.0342 seconds to start up
[2018.10.18-09.21.44:075][  0]LogInit: Selected Device Profile: [Windows]
[2018.10.18-09.21.49:490][  0]LogSimplygon: Simplygon DLL not present - disabling.
[2018.10.18-09.21.51:481][  0]LogMeshReduction: Using SimplygonSwarm for distributed automatic mesh merging
[2018.10.18-09.21.51:543][  0]LogMeshReduction: Using ProxyLODMeshReduction for automatic mesh merging
[2018.10.18-09.21.51:627][  0]LogMeshReduction: Using QuadricMeshReduction for automatic static mesh reduction
[2018.10.18-09.21.51:627][  0]LogMeshReduction: No automatic skeletal mesh reduction module available
[2018.10.18-09.21.52:824][  0]LogNetVersion: Game 1.0.0, NetCL: 4212847, EngineNetVer: 5, GameNetVer: 0 (Checksum: 4261265131)
[2018.10.18-09.22.06:004][  0]LogPackageLocalizationCache: Processed 11 localized package path(s) for 2 prioritized culture(s) in 0.720232 seconds
[2018.10.18-09.22.06:029][  0]LogUObjectArray: 38425 objects as part of root set at end of initial load.
[2018.10.18-09.22.06:030][  0]LogUObjectAllocator: 6690864 out of 0 bytes used by permanent object pool.
[2018.10.18-09.22.06:030][  0]LogUObjectArray: CloseDisregardForGC: 0/0 objects in disregard for GC pool
[2018.10.18-09.22.59:479][  0]LogTcpMessaging: Initializing TcpMessaging bridge
[2018.10.18-09.22.59:640][  0]LogUdpMessaging: Initializing bridge on interface 0.0.0.0:0 to multicast group 230.0.0.1:6666.
[2018.10.18-09.23.05:592][  0]SourceControl: Source control is disabled
[2018.10.18-09.23.05:593][  0]SourceControl: Source control is disabled
[2018.10.18-09.23.06:115][  0]SourceControl: Source control is disabled
[2018.10.18-09.23.06:328][  0]SourceControl: Source control is disabled
[2018.10.18-09.23.15:313][  0]LogAndroidPermission: UAndroidPermissionCallbackProxy::GetInstance
[2018.10.18-09.23.16:332][  0]LogOcInput: OculusInput pre-init called
[2018.10.18-09.23.17:197][  0]LogEngine: Initializing Engine...
[2018.10.18-09.23.17:200][  0]LogHMD: Failed to initialize OpenVR with code 110
[2018.10.18-09.23.17:204][  0]LogStats: UGameplayTagsManager::ConstructGameplayTagTree: ImportINI prefixes -  0.000 s
[2018.10.18-09.23.17:204][  0]LogStats: UGameplayTagsManager::ConstructGameplayTagTree: Construct from data asset -  0.000 s
[2018.10.18-09.23.17:204][  0]LogStats: UGameplayTagsManager::ConstructGameplayTagTree: ImportINI -  0.000 s
[2018.10.18-09.23.17:204][  0]LogStats: UGameplayTagsManager::ConstructGameplayTagTree: GameplayTagTreeChangedEvent.Broadcast -  0.000 s
[2018.10.18-09.23.20:203][  0]LogInit: Initializing FReadOnlyCVARCache
[2018.10.18-09.23.20:399][  0]LogAIModule: Creating AISystem for world Untitled
[2018.10.18-09.23.20:420][  0]LogInit: XAudio2 using 'Altoparlanti (Cirrus Logic CS4208 (AB 126))' : 2 channels at 48 kHz using 32 bits per sample (channel mask 0x3)
[2018.10.18-09.23.20:547][  0]LogInit: FAudioDevice initialized.
[2018.10.18-09.23.20:548][  0]LogNetVersion: Set ProjectVersion to 1.0.0.0. Version Checksum will be recalculated on next use.
[2018.10.18-09.23.21:370][  0]LogDerivedDataCache: Saved boot cache 0.82s 71MB C:/Users/Fisio/AppData/Local/UnrealEngine/4.20/DerivedDataCache/Boot.ddc.
[2018.10.18-09.23.21:402][  0]LogInit: Texture streaming: Enabled
[2018.10.18-09.23.21:685][  0]LogEngineSessionManager: EngineSessionManager initialized
[2018.10.18-09.23.21:891][  0]LogInit: Transaction tracking system initialized
[2018.10.18-09.23.22:617][  0]BlueprintLog: New page: Editor Load
[2018.10.18-09.23.25:494][  0]LocalizationService: Localization service is disabled
[2018.10.18-09.23.29:490][  0]LogCook: Display: Max memory allowance for cook 16384mb min free memory 0mb
[2018.10.18-09.23.29:490][  0]LogCook: Display: Mobile HDR setting 1
[2018.10.18-09.23.29:490][  0]LogGameplayTags: Display: UGameplayTagsManager::DoneAddingNativeTags. DelegateIsBound: 0
[2018.10.18-09.23.29:490][  0]LogStats: UGameplayTagsManager::ConstructGameplayTagTree: ImportINI prefixes -  0.000 s
[2018.10.18-09.23.29:491][  0]LogStats: UGameplayTagsManager::ConstructGameplayTagTree: Construct from data asset -  0.000 s
[2018.10.18-09.23.29:491][  0]LogStats: UGameplayTagsManager::ConstructGameplayTagTree: ImportINI -  0.000 s
[2018.10.18-09.23.29:491][  0]LogStats: UGameplayTagsManager::ConstructGameplayTagTree: GameplayTagTreeChangedEvent.Broadcast -  0.000 s
[2018.10.18-09.23.31:115][  0]LogFileCache: Scanning file cache for directory 'F:/The game/Game/Content/' took 0.02s
[2018.10.18-09.23.33:239][  0]SourceControl: Source control is disabled
[2018.10.18-09.23.33:239][  0]Cmd: MAP LOAD FILE="../../../../../../The game/Game/Content/Mappa/Castello.umap" TEMPLATE=0 SHOWPROGRESS=1 FEATURELEVEL=3
[2018.10.18-09.23.33:240][  0]LightingResults: New page: Lighting Build
[2018.10.18-09.23.33:247][  0]MapCheck: New page: Map Check
[2018.10.18-09.23.33:247][  0]LightingResults: New page: Lighting Build
[2018.10.18-09.23.36:511][  0]LogAIModule: Creating AISystem for world Castello
[2018.10.18-09.23.36:537][  0]LogEditorServer: Finished looking for orphan Actors (0.000 secs)
[2018.10.18-09.23.36:630][  0]Cmd: MAP CHECKDEP NOCLEARLOG
[2018.10.18-09.23.36:811][  0]MapCheck: Map check complete: 0 Error(s), 0 Warning(s), took 181,051ms to complete.
[2018.10.18-09.23.36:812][  0]LogFileHelpers: Loading map 'Castello' took 3.572
[2018.10.18-09.23.37:290][  0]LogSlate: Updating window title bar state: overlay mode, drag disabled, window buttons hidden, title bar hidden
[2018.10.18-09.23.37:314][  0]LogSlate: Updating window title bar state: overlay mode, drag disabled, window buttons hidden, title bar hidden
[2018.10.18-09.23.37:336][  0]LogSlate: Updating window title bar state: overlay mode, drag disabled, window buttons hidden, title bar hidden
[2018.10.18-09.23.37:363][  0]LogSlate: Updating window title bar state: overlay mode, drag disabled, window buttons hidden, title bar hidden
[2018.10.18-09.23.37:451][  0]LogCollectionManager: Loaded 0 collections in 0.002658 seconds
[2018.10.18-09.23.37:504][  0]LogFileCache: Scanning file cache for directory 'F:/The game/Game/Saved/Collections/' took 0.01s
[2018.10.18-09.23.37:504][  0]LogFileCache: Scanning file cache for directory 'F:/The game/Game/Content/Developers/Fisio/Collections/' took 0.01s
[2018.10.18-09.23.37:504][  0]LogFileCache: Scanning file cache for directory 'F:/The game/Game/Content/Collections/' took 0.01s
[2018.10.18-09.23.37:504][  0]LogCollectionManager: Rebuilt the GUID cache for 0 collections in 0.000000 seconds
[2018.10.18-09.23.37:559][  0]LogContentBrowser: Native class hierarchy populated in 0.0537 seconds. Added 2574 classes and 605 folders.
[2018.10.18-09.23.37:583][  0]LogContentBrowser: Native class hierarchy updated for 'WidgetCarousel' in 0.0010 seconds. Added 0 classes and 0 folders.
[2018.10.18-09.23.39:454][  0]LogContentBrowser: Native class hierarchy updated for 'AddContentDialog' in 0.0007 seconds. Added 0 classes and 0 folders.
[2018.10.18-09.23.39:540][  0]LogContentBrowser: Native class hierarchy updated for 'SceneOutliner' in 0.0013 seconds. Added 1 classes and 2 folders.
[2018.10.18-09.23.39:653][  0]LogSlate: Took 0.037701 seconds to synchronously load lazily loaded font '../../../Engine/Content/Slate/Fonts/Roboto-Regular.ttf' (155K)
[2018.10.18-09.23.39:710][  0]LogSlate: Took 0.054338 seconds to synchronously load lazily loaded font '../../../Engine/Content/Slate/Fonts/Roboto-Bold.ttf' (160K)
[2018.10.18-09.23.39:768][  0]LogSlate: Took 0.047416 seconds to synchronously load lazily loaded font '../../../Engine/Content/Editor/Slate/Fonts/FontAwesome.ttf' (139K)
[2018.10.18-09.23.40:072][  0]LogRenderer: Reallocating scene render targets to support 904x456 Format 10 NumSamples 1 (Frame:1).
[2018.10.18-09.23.41:704][  0]LogContentBrowser: Native class hierarchy updated for 'HierarchicalLODOutliner' in 0.0008 seconds. Added 0 classes and 0 folders.
[2018.10.18-09.23.41:705][  0]LogLoad: (Engine Initialization) Total time: 178.94 seconds
[2018.10.18-09.23.41:705][  0]LogLoad: (Engine Initialization) Total Blueprint compile time: 0.00 seconds
[2018.10.18-09.23.41:766][  0]LogContentStreaming: Texture pool size now 1000 MB
[2018.10.18-09.23.41:866][  0]LogSlate: Took 0.022763 seconds to synchronously load lazily loaded font '../../../Engine/Content/Slate/Fonts/Roboto-Light.ttf' (167K)
[2018.10.18-09.23.42:407][  4]LogAssetRegistry: Asset discovery search completed in 119.6134 seconds
[2018.10.18-09.23.42:410][  4]LogCollectionManager: Rebuilt the object cache for 0 collections in 0.000001 seconds (found 0 objects)
[2018.10.18-09.23.42:410][  4]LogCollectionManager: Fixed up redirectors for 0 collections in 0.000141 seconds (updated 0 objects)
[2018.10.18-09.23.43:400][  7]LogSlate: Took 0.000419 seconds to synchronously load lazily loaded font '../../../Engine/Content/Slate/Fonts/Roboto-Light.ttf' (167K)
[2018.10.18-09.24.03:379][ 67]LogSlate: FSceneViewport::OnFocusLost() reason 0
[2018.10.18-09.24.03:590][ 67]LogAssetEditorManager: Opening Asset editor for WidgetBlueprint /Game/Interfacce/Inventario.Inventario
[2018.10.18-09.24.05:816][ 67]LogContentBrowser: Native class hierarchy updated for 'BlueprintGraph' in 0.0035 seconds. Added 116 classes and 0 folders.
[2018.10.18-09.24.08:696][ 67]LogAssetEditorManager: Opening Asset editor for WidgetBlueprint /Game/Interfacce/Orto.Orto
[2018.10.18-09.24.09:706][ 67]LogAssetEditorManager: Opening Asset editor for WidgetBlueprint /Game/Interfacce/Classe.Classe
[2018.10.18-09.24.10:708][ 67]LogLinker: Warning: Can't resolve asset name
[2018.10.18-09.24.10:852][ 67]LogSlate: Took 0.038182 seconds to synchronously load lazily loaded font '../../../Engine/Content/Slate/Fonts/Roboto-BoldCondensed.ttf' (158K)
[2018.10.18-09.24.13:886][172]LogSlate: Window 'Classe' being destroyed
[2018.10.18-09.24.16:838][291]LogTemp: Repeating last play command: Selected Viewport
[2018.10.18-09.24.16:978][291]LogBlueprintUserMessages: Early PlayInEditor Detection: Level '/Game/Mappa/Castello.Castello:PersistentLevel' has LevelScriptBlueprint '/Game/Mappa/Castello.Castello:PersistentLevel.Castello' with GeneratedClass '/Game/Mappa/Castello.Castello_C' with ClassGeneratedBy '/Game/Mappa/Castello.Castello:PersistentLevel.Castello'
[2018.10.18-09.24.17:017][291]LogPlayLevel: PlayLevel: No blueprints needed recompiling
[2018.10.18-09.24.17:031][291]PIE: New page: PIE session: Castello (18/ott/2018 13:24:17)
[2018.10.18-09.24.17:032][291]LogPlayLevel: Creating play world package: /Game/Mappa/UEDPIE_0_Castello
[2018.10.18-09.24.17:119][291]LogPlayLevel: PIE: StaticDuplicateObject took: (0.087670s)
[2018.10.18-09.24.17:120][291]LogAIModule: Creating AISystem for world Castello
[2018.10.18-09.24.17:121][291]LogPlayLevel: PIE: World Init took: (0.001412s)
[2018.10.18-09.24.17:121][291]LogPlayLevel: PIE: Created PIE world by copying editor world from /Game/Mappa/Castello.Castello to /Game/Mappa/UEDPIE_0_Castello.Castello (0.089536s)
[2018.10.18-09.24.17:266][291]LogInit: XAudio2 using 'Altoparlanti (Cirrus Logic CS4208 (AB 126))' : 2 channels at 48 kHz using 32 bits per sample (channel mask 0x3)
[2018.10.18-09.24.17:295][291]LogInit: FAudioDevice initialized.
[2018.10.18-09.24.17:508][291]LogLoad: Game class is 'ProtagonistaGameMode_C'
[2018.10.18-09.24.17:524][291]LogWorld: Bringing World /Game/Mappa/UEDPIE_0_Castello.Castello up for play (max tick rate 0) at 2018.10.18-11.24.17
[2018.10.18-09.24.17:634][291]LogWorld: Bringing up level for play took: 0.113065
[2018.10.18-09.24.17:939][291]LogContentBrowser: Native class hierarchy updated for 'MovieSceneCapture' in 0.0009 seconds. Added 10 classes and 0 folders.
[2018.10.18-09.24.17:953][291]LogGameMode: Display: Match State Changed from EnteringMap to WaitingToStart
[2018.10.18-09.24.17:953][291]LogGameState: Match State Changed from EnteringMap to WaitingToStart
[2018.10.18-09.24.17:953][291]LogGameMode: Display: Match State Changed from WaitingToStart to InProgress
[2018.10.18-09.24.18:358][291]LogGameState: Match State Changed from WaitingToStart to InProgress
[2018.10.18-09.24.18:358][291]PIE: Play in editor start time for /Game/Mappa/UEDPIE_0_Castello 1,372
[2018.10.18-09.24.18:358][291]LogBlueprintUserMessages: Late PlayInEditor Detection: Level '/Game/Mappa/Castello.Castello:PersistentLevel' has LevelScriptBlueprint '/Game/Mappa/Castello.Castello:PersistentLevel.Castello' with GeneratedClass '/Game/Mappa/Castello.Castello_C' with ClassGeneratedBy '/Game/Mappa/Castello.Castello:PersistentLevel.Castello'
[2018.10.18-09.24.25:629][515]LogSlate: Updating window title bar state: overlay mode, drag disabled, window buttons hidden, title bar hidden
[2018.10.18-09.24.27:299][571]LogBlueprintUserMessages: Early EndPlayMap Detection: Level '/Game/Mappa/Castello.Castello:PersistentLevel' has LevelScriptBlueprint '/Game/Mappa/Castello.Castello:PersistentLevel.Castello' with GeneratedClass '/Game/Mappa/Castello.Castello_C' with ClassGeneratedBy '/Game/Mappa/Castello.Castello:PersistentLevel.Castello'
[2018.10.18-09.24.27:301][571]LogSlate: Updating window title bar state: overlay mode, drag disabled, window buttons hidden, title bar hidden
[2018.10.18-09.24.27:413][571]LogPlayLevel: Display: Shutting down PIE online subsystems
[2018.10.18-09.24.27:415][571]LogBlueprintUserMessages: Late EndPlayMap Detection: Level '/Game/Mappa/Castello.Castello:PersistentLevel' has LevelScriptBlueprint '/Game/Mappa/Castello.Castello:PersistentLevel.Castello' with GeneratedClass '/Game/Mappa/Castello.Castello_C' with ClassGeneratedBy '/Game/Mappa/Castello.Castello:PersistentLevel.Castello'
[2018.10.18-09.24.27:663][571]LogSlate: Updating window title bar state: overlay mode, drag disabled, window buttons hidden, title bar hidden
[2018.10.18-09.24.27:818][572]LogPlayLevel: Display: Destroying online subsystem :Context_7
[2018.10.18-09.26.13:930][ 92]LogEditorViewport: Clicking on Actor (LMB): StaticMeshActor (StanzaGenerica4)
[2018.10.18-09.26.27:939][442]LogSlate: FSceneViewport::OnFocusLost() reason 0
[2018.10.18-09.26.37:160][703]LogAssetEditorManager: Opening Asset editor for DataTable /Game/DataTable/OrtaggiDati.OrtaggiDati
[2018.10.18-09.27.31:866][280]LogAssetEditorManager: Opening Asset editor for UserDefinedStruct /Game/DataTable/Struttura/Cloni.Cloni
[2018.10.18-09.27.34:679][564]LogSlate: Took 0.021261 seconds to synchronously load lazily loaded font '../../../Engine/Content/Slate/Fonts/Roboto-BoldCondensedItalic.ttf' (160K)
[2018.10.18-09.27.57:284][231]Cmd: OBJ SAVEPACKAGE PACKAGE="/Game/DataTable/Struttura/Cloni" FILE="../../../../../../The game/Game/Content/DataTable/Struttura/Cloni.uasset" SILENT=true
[2018.10.18-09.27.57:450][231]LogSavePackage: Moving '../../../../../../The game/Game/Saved/CloniE4E732124C988B7F311A7DA966578D32.tmp' to '../../../../../../The game/Game/Content/DataTable/Struttura/Cloni.uasset'
[2018.10.18-09.28.50:892][440]LogSlate: Window 'Pick Parent Class' being destroyed
[2018.10.18-09.28.57:201][639]Cmd: OBJ SAVEPACKAGE PACKAGE="/Game/DatiSalvati/Cloni" FILE="../../../../../../The game/Game/Content/DatiSalvati/Cloni.uasset" SILENT=true
[2018.10.18-09.28.57:262][639]LogSavePackage: Moving '../../../../../../The game/Game/Saved/Cloni836000444AA472330D00F4A315A28427.tmp' to '../../../../../../The game/Game/Content/DatiSalvati/Cloni.uasset'
[2018.10.18-09.28.58:186][664]LogAssetEditorManager: Opening Asset editor for Blueprint /Game/DatiSalvati/Cloni.Cloni
[2018.10.18-09.29.16:204][ 25]Cmd: OBJ SAVEPACKAGE PACKAGE="/Game/DatiSalvati/Cloni" FILE="../../../../../../The game/Game/Content/DatiSalvati/Cloni.uasset" SILENT=true
[2018.10.18-09.29.16:276][ 25]LogSavePackage: Moving '../../../../../../The game/Game/Saved/Cloni3EFBF8364C585AE62BDDBDA700C16ED5.tmp' to '../../../../../../The game/Game/Content/DatiSalvati/Cloni.uasset'
[2018.10.18-09.29.17:303][147]BlueprintLog: New page: Compile Cloni
[2018.10.18-09.29.45:332][374]BlueprintLog: New page: Compile Cloni
[2018.10.18-09.31.05:298][797]BlueprintLog: New page: Compile Cloni
[2018.10.18-09.31.06:912][969]Cmd: OBJ SAVEPACKAGE PACKAGE="/Game/DataTable/Struttura/Cloni" FILE="../../../../../../The game/Game/Content/DataTable/Struttura/Cloni.uasset" SILENT=true
[2018.10.18-09.31.06:958][969]LogSavePackage: Moving '../../../../../../The game/Game/Saved/Cloni76EB433E40127C52F19A0FAE75495835.tmp' to '../../../../../../The game/Game/Content/DataTable/Struttura/Cloni.uasset'
[2018.10.18-09.31.06:970][969]Cmd: OBJ SAVEPACKAGE PACKAGE="/Game/DatiSalvati/Cloni" FILE="../../../../../../The game/Game/Content/DatiSalvati/Cloni.uasset" SILENT=true
[2018.10.18-09.31.07:015][969]LogSavePackage: Moving '../../../../../../The game/Game/Saved/Cloni4ADCD034484B75553F9EADB81406A24A.tmp' to '../../../../../../The game/Game/Content/DatiSalvati/Cloni.uasset'
[2018.10.18-09.31.47:775][997]LogSlate: Window 'Delete Assets' being destroyed
[2018.10.18-09.32.19:009][878]LogAssetEditorManager: Opening Asset editor for WidgetBlueprint /Game/Interfacce/Inventario.Inventario
[2018.10.18-09.32.27:382][289]LogAssetEditorManager: Opening Asset editor for WidgetBlueprint /Game/Interfacce/Orto.Orto
[2018.10.18-09.32.30:464][421]LogSlate: Took 0.010890 seconds to synchronously load lazily loaded font '../../../Engine/Content/Slate/Fonts/Roboto-Italic.ttf' (157K)
[2018.10.18-09.33.10:291][ 19]BlueprintLog: New page: Compile Orto
[2018.10.18-09.33.11:126][ 48]BlueprintLog: New page: Compile Orto
[2018.10.18-09.33.12:628][144]Cmd: OBJ SAVEPACKAGE PACKAGE="/Game/Interfacce/Orto" FILE="../../../../../../The game/Game/Content/Interfacce/Orto.uasset" SILENT=true
[2018.10.18-09.33.13:296][144]LogSavePackage: Moving '../../../../../../The game/Game/Saved/OrtoE4FC2D5143E07CB9E242D290525F7C31.tmp' to '../../../../../../The game/Game/Content/Interfacce/Orto.uasset'
[2018.10.18-09.35.20:449][804]LogEditorViewport: Clicking on Actor (LMB): StaticMeshActor (Floor)
[2018.10.18-09.35.23:521][898]LogSlate: FSceneViewport::OnFocusLost() reason 0
[2018.10.18-09.35.23:522][898]LogTemp: Repeating last play command: Selected Viewport
[2018.10.18-09.35.23:571][898]LogBlueprintUserMessages: Early PlayInEditor Detection: Level '/Game/Mappa/Castello.Castello:PersistentLevel' has LevelScriptBlueprint '/Game/Mappa/Castello.Castello:PersistentLevel.Castello' with GeneratedClass '/Game/Mappa/Castello.Castello_C' with ClassGeneratedBy '/Game/Mappa/Castello.Castello:PersistentLevel.Castello'
[2018.10.18-09.35.23:571][898]LogPlayLevel: PlayLevel: No blueprints needed recompiling
[2018.10.18-09.35.23:572][898]PIE: New page: PIE session: Castello (18/ott/2018 13:35:23)
[2018.10.18-09.35.23:572][898]LogPlayLevel: Creating play world package: /Game/Mappa/UEDPIE_0_Castello
[2018.10.18-09.35.23:585][898]LogPlayLevel: PIE: StaticDuplicateObject took: (0.013774s)
[2018.10.18-09.35.23:586][898]LogAIModule: Creating AISystem for world Castello
[2018.10.18-09.35.23:587][898]LogPlayLevel: PIE: World Init took: (0.001105s)
[2018.10.18-09.35.23:587][898]LogPlayLevel: PIE: Created PIE world by copying editor world from /Game/Mappa/Castello.Castello to /Game/Mappa/UEDPIE_0_Castello.Castello (0.015094s)
[2018.10.18-09.35.23:632][898]LogInit: XAudio2 using 'Altoparlanti (Cirrus Logic CS4208 (AB 126))' : 2 channels at 48 kHz using 32 bits per sample (channel mask 0x3)
[2018.10.18-09.35.23:645][898]LogInit: FAudioDevice initialized.
[2018.10.18-09.35.23:675][898]LogLoad: Game class is 'ProtagonistaGameMode_C'
[2018.10.18-09.35.23:678][898]LogWorld: Bringing World /Game/Mappa/UEDPIE_0_Castello.Castello up for play (max tick rate 0) at 2018.10.18-11.35.23
[2018.10.18-09.35.23:679][898]LogWorld: Bringing up level for play took: 0.002997
[2018.10.18-09.35.23:691][898]LogGameMode: Display: Match State Changed from EnteringMap to WaitingToStart
[2018.10.18-09.35.23:691][898]LogGameState: Match State Changed from EnteringMap to WaitingToStart
[2018.10.18-09.35.23:691][898]LogGameMode: Display: Match State Changed from WaitingToStart to InProgress
[2018.10.18-09.35.23:706][898]LogGameState: Match State Changed from WaitingToStart to InProgress
[2018.10.18-09.35.23:707][898]PIE: Play in editor start time for /Game/Mappa/UEDPIE_0_Castello 0,721
[2018.10.18-09.35.23:707][898]LogBlueprintUserMessages: Late PlayInEditor Detection: Level '/Game/Mappa/Castello.Castello:PersistentLevel' has LevelScriptBlueprint '/Game/Mappa/Castello.Castello:PersistentLevel.Castello' with GeneratedClass '/Game/Mappa/Castello.Castello_C' with ClassGeneratedBy '/Game/Mappa/Castello.Castello:PersistentLevel.Castello'
[2018.10.18-09.35.26:859][ 18]LogSlate: Updating window title bar state: overlay mode, drag disabled, window buttons hidden, title bar hidden
[2018.10.18-09.35.32:882][234]LogBlueprintUserMessages: Early EndPlayMap Detection: Level '/Game/Mappa/Castello.Castello:PersistentLevel' has LevelScriptBlueprint '/Game/Mappa/Castello.Castello:PersistentLevel.Castello' with GeneratedClass '/Game/Mappa/Castello.Castello_C' with ClassGeneratedBy '/Game/Mappa/Castello.Castello:PersistentLevel.Castello'
[2018.10.18-09.35.32:885][234]LogSlate: Updating window title bar state: overlay mode, drag disabled, window buttons hidden, title bar hidden
[2018.10.18-09.35.32:956][234]LogPlayLevel: Display: Shutting down PIE online subsystems
[2018.10.18-09.35.32:957][234]LogBlueprintUserMessages: Late EndPlayMap Detection: Level '/Game/Mappa/Castello.Castello:PersistentLevel' has LevelScriptBlueprint '/Game/Mappa/Castello.Castello:PersistentLevel.Castello' with GeneratedClass '/Game/Mappa/Castello.Castello_C' with ClassGeneratedBy '/Game/Mappa/Castello.Castello:PersistentLevel.Castello'
[2018.10.18-09.35.33:040][234]LogSlate: Updating window title bar state: overlay mode, drag disabled, window buttons hidden, title bar hidden
[2018.10.18-09.35.33:086][235]LogPlayLevel: Display: Destroying online subsystem :Context_15
[2018.10.18-09.35.35:201][304]LogSlate: FSceneViewport::OnFocusLost() reason 0
[2018.10.18-09.35.35:317][308]LogTemp: Repeating last play command: Selected Viewport
[2018.10.18-09.35.35:384][308]LogBlueprintUserMessages: Early PlayInEditor Detection: Level '/Game/Mappa/Castello.Castello:PersistentLevel' has LevelScriptBlueprint '/Game/Mappa/Castello.Castello:PersistentLevel.Castello' with GeneratedClass '/Game/Mappa/Castello.Castello_C' with ClassGeneratedBy '/Game/Mappa/Castello.Castello:PersistentLevel.Castello'
[2018.10.18-09.35.35:384][308]LogPlayLevel: PlayLevel: No blueprints needed recompiling
[2018.10.18-09.35.35:385][308]PIE: New page: PIE session: Castello (18/ott/2018 13:35:35)
[2018.10.18-09.35.35:385][308]LogPlayLevel: Creating play world package: /Game/Mappa/UEDPIE_0_Castello
[2018.10.18-09.35.35:405][308]LogPlayLevel: PIE: StaticDuplicateObject took: (0.019905s)
[2018.10.18-09.35.35:406][308]LogAIModule: Creating AISystem for world Castello
[2018.10.18-09.35.35:406][308]LogPlayLevel: PIE: World Init took: (0.001531s)
[2018.10.18-09.35.35:407][308]LogPlayLevel: PIE: Created PIE world by copying editor world from /Game/Mappa/Castello.Castello to /Game/Mappa/UEDPIE_0_Castello.Castello (0.021795s)
[2018.10.18-09.35.35:466][308]LogInit: XAudio2 using 'Altoparlanti (Cirrus Logic CS4208 (AB 126))' : 2 channels at 48 kHz using 32 bits per sample (channel mask 0x3)
[2018.10.18-09.35.35:486][308]LogInit: FAudioDevice initialized.
[2018.10.18-09.35.35:524][308]LogLoad: Game class is 'ProtagonistaGameMode_C'
[2018.10.18-09.35.35:529][308]LogWorld: Bringing World /Game/Mappa/UEDPIE_0_Castello.Castello up for play (max tick rate 0) at 2018.10.18-11.35.35
[2018.10.18-09.35.35:529][308]LogWorld: Bringing up level for play took: 0.004327
[2018.10.18-09.35.35:543][308]LogGameMode: Display: Match State Changed from EnteringMap to WaitingToStart
[2018.10.18-09.35.35:543][308]LogGameState: Match State Changed from EnteringMap to WaitingToStart
[2018.10.18-09.35.35:543][308]LogGameMode: Display: Match State Changed from WaitingToStart to InProgress
[2018.10.18-09.35.35:562][308]LogGameState: Match State Changed from WaitingToStart to InProgress
[2018.10.18-09.35.35:562][308]PIE: Play in editor start time for /Game/Mappa/UEDPIE_0_Castello 0,576
[2018.10.18-09.35.35:563][308]LogBlueprintUserMessages: Late PlayInEditor Detection: Level '/Game/Mappa/Castello.Castello:PersistentLevel' has LevelScriptBlueprint '/Game/Mappa/Castello.Castello:PersistentLevel.Castello' with GeneratedClass '/Game/Mappa/Castello.Castello_C' with ClassGeneratedBy '/Game/Mappa/Castello.Castello:PersistentLevel.Castello'
[2018.10.18-09.35.42:024][544]LogSlate: Updating window title bar state: overlay mode, drag disabled, window buttons hidden, title bar hidden
[2018.10.18-09.35.53:133][926]LogSlate: FSceneViewport::OnFocusLost() reason 0
[2018.10.18-09.35.53:784][950]LogBlueprintUserMessages: Early EndPlayMap Detection: Level '/Game/Mappa/Castello.Castello:PersistentLevel' has LevelScriptBlueprint '/Game/Mappa/Castello.Castello:PersistentLevel.Castello' with GeneratedClass '/Game/Mappa/Castello.Castello_C' with ClassGeneratedBy '/Game/Mappa/Castello.Castello:PersistentLevel.Castello'
[2018.10.18-09.35.53:787][950]LogSlate: Updating window title bar state: overlay mode, drag disabled, window buttons hidden, title bar hidden
[2018.10.18-09.35.53:860][950]LogPlayLevel: Display: Shutting down PIE online subsystems
[2018.10.18-09.35.53:860][950]LogBlueprintUserMessages: Late EndPlayMap Detection: Level '/Game/Mappa/Castello.Castello:PersistentLevel' has LevelScriptBlueprint '/Game/Mappa/Castello.Castello:PersistentLevel.Castello' with GeneratedClass '/Game/Mappa/Castello.Castello_C' with ClassGeneratedBy '/Game/Mappa/Castello.Castello:PersistentLevel.Castello'
[2018.10.18-09.35.53:930][950]LogSlate: Updating window title bar state: overlay mode, drag disabled, window buttons hidden, title bar hidden
[2018.10.18-09.35.53:953][951]LogPlayLevel: Display: Destroying online subsystem :Context_16
[2018.10.18-09.35.57:680][ 68]LogAssetEditorManager: Opening Asset editor for WidgetBlueprint /Game/Interfacce/Inventario.Inventario
[2018.10.18-09.36.58:735][859]LogTemp: Repeating last play command: Selected Viewport
[2018.10.18-09.36.58:777][859]LogBlueprintUserMessages: Early PlayInEditor Detection: Level '/Game/Mappa/Castello.Castello:PersistentLevel' has LevelScriptBlueprint '/Game/Mappa/Castello.Castello:PersistentLevel.Castello' with GeneratedClass '/Game/Mappa/Castello.Castello_C' with ClassGeneratedBy '/Game/Mappa/Castello.Castello:PersistentLevel.Castello'
[2018.10.18-09.36.58:777][859]LogPlayLevel: PlayLevel: No blueprints needed recompiling
[2018.10.18-09.36.58:777][859]PIE: New page: PIE session: Castello (18/ott/2018 13:36:58)
[2018.10.18-09.36.58:777][859]LogPlayLevel: Creating play world package: /Game/Mappa/UEDPIE_0_Castello
[2018.10.18-09.36.58:790][859]LogPlayLevel: PIE: StaticDuplicateObject took: (0.012509s)
[2018.10.18-09.36.58:791][859]LogAIModule: Creating AISystem for world Castello
[2018.10.18-09.36.58:791][859]LogPlayLevel: PIE: World Init took: (0.001217s)
[2018.10.18-09.36.58:791][859]LogPlayLevel: PIE: Created PIE world by copying editor world from /Game/Mappa/Castello.Castello to /Game/Mappa/UEDPIE_0_Castello.Castello (0.013969s)
[2018.10.18-09.36.58:837][859]LogInit: XAudio2 using 'Altoparlanti (Cirrus Logic CS4208 (AB 126))' : 2 channels at 48 kHz using 32 bits per sample (channel mask 0x3)
[2018.10.18-09.36.58:850][859]LogInit: FAudioDevice initialized.
[2018.10.18-09.36.58:860][859]LogSlate: Updating window title bar state: overlay mode, drag disabled, window buttons hidden, title bar hidden
[2018.10.18-09.36.58:897][859]LogLoad: Game class is 'ProtagonistaGameMode_C'
[2018.10.18-09.36.58:901][859]LogWorld: Bringing World /Game/Mappa/UEDPIE_0_Castello.Castello up for play (max tick rate 0) at 2018.10.18-11.36.58
[2018.10.18-09.36.58:902][859]LogWorld: Bringing up level for play took: 0.003905
[2018.10.18-09.36.58:915][859]LogGameMode: Display: Match State Changed from EnteringMap to WaitingToStart
[2018.10.18-09.36.58:915][859]LogGameState: Match State Changed from EnteringMap to WaitingToStart
[2018.10.18-09.36.58:915][859]LogGameMode: Display: Match State Changed from WaitingToStart to InProgress
[2018.10.18-09.36.58:929][859]LogGameState: Match State Changed from WaitingToStart to InProgress
[2018.10.18-09.36.58:933][859]PIE: Play in editor start time for /Game/Mappa/UEDPIE_0_Castello -0,053
[2018.10.18-09.36.58:933][859]LogBlueprintUserMessages: Late PlayInEditor Detection: Level '/Game/Mappa/Castello.Castello:PersistentLevel' has LevelScriptBlueprint '/Game/Mappa/Castello.Castello:PersistentLevel.Castello' with GeneratedClass '/Game/Mappa/Castello.Castello_C' with ClassGeneratedBy '/Game/Mappa/Castello.Castello:PersistentLevel.Castello'
[2018.10.18-09.36.59:053][859]LogRenderer: Reallocating scene render targets to support 1292x756 Format 10 NumSamples 1 (Frame:1).
[2018.10.18-09.37.04:855][985]LogSlate: FSceneViewport::OnFocusLost() reason 0
[2018.10.18-09.37.05:064][988]LogSlate: Window 'Game Game Preview Standalone (64-bit/PCD3D_SM5)' being destroyed
[2018.10.18-09.37.05:080][988]LogBlueprintUserMessages: Early EndPlayMap Detection: Level '/Game/Mappa/Castello.Castello:PersistentLevel' has LevelScriptBlueprint '/Game/Mappa/Castello.Castello:PersistentLevel.Castello' with GeneratedClass '/Game/Mappa/Castello.Castello_C' with ClassGeneratedBy '/Game/Mappa/Castello.Castello:PersistentLevel.Castello'
[2018.10.18-09.37.05:121][988]LogPlayLevel: Display: Shutting down PIE online subsystems
[2018.10.18-09.37.05:122][988]LogBlueprintUserMessages: Late EndPlayMap Detection: Level '/Game/Mappa/Castello.Castello:PersistentLevel' has LevelScriptBlueprint '/Game/Mappa/Castello.Castello:PersistentLevel.Castello' with GeneratedClass '/Game/Mappa/Castello.Castello_C' with ClassGeneratedBy '/Game/Mappa/Castello.Castello:PersistentLevel.Castello'
[2018.10.18-09.37.05:276][989]LogPlayLevel: Display: Destroying online subsystem :Context_19
[2018.10.18-09.37.41:064][179]LogTemp: Repeating last play command: Selected Viewport
[2018.10.18-09.37.41:125][179]LogBlueprintUserMessages: Early PlayInEditor Detection: Level '/Game/Mappa/Castello.Castello:PersistentLevel' has LevelScriptBlueprint '/Game/Mappa/Castello.Castello:PersistentLevel.Castello' with GeneratedClass '/Game/Mappa/Castello.Castello_C' with ClassGeneratedBy '/Game/Mappa/Castello.Castello:PersistentLevel.Castello'
[2018.10.18-09.37.41:125][179]LogPlayLevel: PlayLevel: No blueprints needed recompiling
[2018.10.18-09.37.41:126][179]PIE: New page: PIE session: Castello (18/ott/2018 13:37:41)
[2018.10.18-09.37.41:126][179]LogPlayLevel: Creating play world package: /Game/Mappa/UEDPIE_0_Castello
[2018.10.18-09.37.41:138][179]LogPlayLevel: PIE: StaticDuplicateObject took: (0.012278s)
[2018.10.18-09.37.41:139][179]LogAIModule: Creating AISystem for world Castello
[2018.10.18-09.37.41:139][179]LogPlayLevel: PIE: World Init took: (0.001229s)
[2018.10.18-09.37.41:139][179]LogPlayLevel: PIE: Created PIE world by copying editor world from /Game/Mappa/Castello.Castello to /Game/Mappa/UEDPIE_0_Castello.Castello (0.013722s)
[2018.10.18-09.37.41:181][179]LogInit: XAudio2 using 'Altoparlanti (Cirrus Logic CS4208 (AB 126))' : 2 channels at 48 kHz using 32 bits per sample (channel mask 0x3)
[2018.10.18-09.37.41:194][179]LogInit: FAudioDevice initialized.
[2018.10.18-09.37.41:204][179]LogSlate: Updating window title bar state: overlay mode, drag disabled, window buttons hidden, title bar hidden
[2018.10.18-09.37.41:241][179]LogLoad: Game class is 'ProtagonistaGameMode_C'
[2018.10.18-09.37.41:245][179]LogWorld: Bringing World /Game/Mappa/UEDPIE_0_Castello.Castello up for play (max tick rate 0) at 2018.10.18-11.37.41
[2018.10.18-09.37.41:246][179]LogWorld: Bringing up level for play took: 0.004572
[2018.10.18-09.37.41:260][179]LogGameMode: Display: Match State Changed from EnteringMap to WaitingToStart
[2018.10.18-09.37.41:260][179]LogGameState: Match State Changed from EnteringMap to WaitingToStart
[2018.10.18-09.37.41:260][179]LogGameMode: Display: Match State Changed from WaitingToStart to InProgress
[2018.10.18-09.37.41:273][179]LogGameState: Match State Changed from WaitingToStart to InProgress
[2018.10.18-09.37.41:276][179]PIE: Play in editor start time for /Game/Mappa/UEDPIE_0_Castello 0,29
[2018.10.18-09.37.41:276][179]LogBlueprintUserMessages: Late PlayInEditor Detection: Level '/Game/Mappa/Castello.Castello:PersistentLevel' has LevelScriptBlueprint '/Game/Mappa/Castello.Castello:PersistentLevel.Castello' with GeneratedClass '/Game/Mappa/Castello.Castello_C' with ClassGeneratedBy '/Game/Mappa/Castello.Castello:PersistentLevel.Castello'
[2018.10.18-09.37.42:596][204]LogBlueprintDebug: Warning: Hit breakpoint on node 'CallFunc_DoesSaveGameExist', from offset 2
[2018.10.18-09.37.42:597][204]LogBlueprintDebug: 
Script call stack:
	Function /Game/Interfacce/Inventario.Inventario_C:PreConstruct
	Function /Game/Interfacce/Inventario.Inventario_C:ExecuteUbergraph_Inventario
	Function /Game/Interfacce/Inventario.Inventario_C:AggiornaDati
	Function /Game/Interfacce/Inventario.Inventario_C:CaricaDati

[2018.10.18-09.37.42:614][204]LogSlate: FSceneViewport::OnFocusLost() reason 2
[2018.10.18-09.37.52:347][204]LogSlate: Window 'Debug' being destroyed
[2018.10.18-09.38.02:490][204]LogAssetEditorManager: Opening Asset editor for Blueprint /Engine/EditorBlueprintResources/StandardMacros.StandardMacros
[2018.10.18-09.38.21:060][204]LogSlate: Window 'StandardMacros' being destroyed
[2018.10.18-09.38.23:034][204]LogBlueprintDebug: Warning: Hit breakpoint on node 'CallFunc_DoesSaveGameExist', from offset 2
[2018.10.18-09.38.23:035][204]LogBlueprintDebug: 
Script call stack:
	Function /Game/Interfacce/Inventario.Inventario_C:PreConstruct
	Function /Game/Interfacce/Inventario.Inventario_C:ExecuteUbergraph_Inventario
	Function /Game/Interfacce/Inventario.Inventario_C:AggiornaDati
	Function /Game/Interfacce/Inventario.Inventario_C:CaricaDati

[2018.10.18-09.38.48:267][204]LogBlueprintUserMessages: Early EndPlayMap Detection: Level '/Game/Mappa/Castello.Castello:PersistentLevel' has LevelScriptBlueprint '/Game/Mappa/Castello.Castello:PersistentLevel.Castello' with GeneratedClass '/Game/Mappa/Castello.Castello_C' with ClassGeneratedBy '/Game/Mappa/Castello.Castello:PersistentLevel.Castello'
[2018.10.18-09.38.48:268][204]LogSlate: Updating window title bar state: overlay mode, drag disabled, window buttons hidden, title bar hidden
[2018.10.18-09.38.48:327][204]LogSlate: Window 'Game Game Preview Standalone (64-bit/PCD3D_SM5)' being destroyed
[2018.10.18-09.38.48:358][204]LogPlayLevel: Display: Shutting down PIE online subsystems
[2018.10.18-09.38.48:358][204]LogBlueprintUserMessages: Late EndPlayMap Detection: Level '/Game/Mappa/Castello.Castello:PersistentLevel' has LevelScriptBlueprint '/Game/Mappa/Castello.Castello:PersistentLevel.Castello' with GeneratedClass '/Game/Mappa/Castello.Castello_C' with ClassGeneratedBy '/Game/Mappa/Castello.Castello:PersistentLevel.Castello'
[2018.10.18-09.38.48:425][205]LogPlayLevel: Display: Destroying online subsystem :Context_20
[2018.10.18-09.38.51:512][518]LogFileHelpers: Editor autosave (incl. sublevels) for '/Game/Mappa/Castello' took 0.043
[2018.10.18-09.38.51:514][518]OBJ SavePackage: Generating thumbnails for [0] asset(s) in package [/Game/Interfacce/Inventario] ([1] browsable assets)...
[2018.10.18-09.38.51:514][518]OBJ SavePackage: Finished generating thumbnails for package [/Game/Interfacce/Inventario]
[2018.10.18-09.38.51:514][518]Cmd: OBJ SAVEPACKAGE PACKAGE="/Game/Interfacce/Inventario" FILE="../../../../../../The game/Game/Saved/Autosaves/Game/Interfacce/Inventario_Auto1.uasset" SILENT=false AUTOSAVING=true
[2018.10.18-09.38.51:750][518]LogSavePackage: Moving '../../../../../../The game/Game/Saved/Inventario_Auto1ACF6C1C94930BB7AE997F38A78C93E23.tmp' to '../../../../../../The game/Game/Saved/Autosaves/Game/Interfacce/Inventario_Auto1.uasset'
[2018.10.18-09.38.51:752][518]LogFileHelpers: Auto-saving content packages took 0.238
[2018.10.18-09.38.54:715][847]BlueprintLog: New page: Compile Inventario
[2018.10.18-09.38.55:786][945]LogTemp: Repeating last play command: Selected Viewport
[2018.10.18-09.38.55:829][945]LogBlueprintUserMessages: Early PlayInEditor Detection: Level '/Game/Mappa/Castello.Castello:PersistentLevel' has LevelScriptBlueprint '/Game/Mappa/Castello.Castello:PersistentLevel.Castello' with GeneratedClass '/Game/Mappa/Castello.Castello_C' with ClassGeneratedBy '/Game/Mappa/Castello.Castello:PersistentLevel.Castello'
[2018.10.18-09.38.55:830][945]LogPlayLevel: PlayLevel: No blueprints needed recompiling
[2018.10.18-09.38.55:830][945]PIE: New page: PIE session: Castello (18/ott/2018 13:38:55)
[2018.10.18-09.38.55:830][945]LogPlayLevel: Creating play world package: /Game/Mappa/UEDPIE_0_Castello
[2018.10.18-09.38.55:849][945]LogPlayLevel: PIE: StaticDuplicateObject took: (0.018586s)
[2018.10.18-09.38.55:850][945]LogAIModule: Creating AISystem for world Castello
[2018.10.18-09.38.55:850][945]LogPlayLevel: PIE: World Init took: (0.001234s)
[2018.10.18-09.38.55:850][945]LogPlayLevel: PIE: Created PIE world by copying editor world from /Game/Mappa/Castello.Castello to /Game/Mappa/UEDPIE_0_Castello.Castello (0.020108s)
[2018.10.18-09.38.55:899][945]LogInit: XAudio2 using 'Altoparlanti (Cirrus Logic CS4208 (AB 126))' : 2 channels at 48 kHz using 32 bits per sample (channel mask 0x3)
[2018.10.18-09.38.55:911][945]LogInit: FAudioDevice initialized.
[2018.10.18-09.38.55:920][945]LogSlate: Updating window title bar state: overlay mode, drag disabled, window buttons hidden, title bar hidden
[2018.10.18-09.38.55:960][945]LogLoad: Game class is 'ProtagonistaGameMode_C'
[2018.10.18-09.38.55:966][945]LogWorld: Bringing World /Game/Mappa/UEDPIE_0_Castello.Castello up for play (max tick rate 0) at 2018.10.18-11.38.55
[2018.10.18-09.38.55:968][945]LogWorld: Bringing up level for play took: 0.006008
[2018.10.18-09.38.55:980][945]LogGameMode: Display: Match State Changed from EnteringMap to WaitingToStart
[2018.10.18-09.38.55:981][945]LogGameState: Match State Changed from EnteringMap to WaitingToStart
[2018.10.18-09.38.55:981][945]LogGameMode: Display: Match State Changed from WaitingToStart to InProgress
[2018.10.18-09.38.55:998][945]LogGameState: Match State Changed from WaitingToStart to InProgress
[2018.10.18-09.38.56:000][945]PIE: Play in editor start time for /Game/Mappa/UEDPIE_0_Castello 1,014
[2018.10.18-09.38.56:001][945]LogBlueprintUserMessages: Late PlayInEditor Detection: Level '/Game/Mappa/Castello.Castello:PersistentLevel' has LevelScriptBlueprint '/Game/Mappa/Castello.Castello:PersistentLevel.Castello' with GeneratedClass '/Game/Mappa/Castello.Castello_C' with ClassGeneratedBy '/Game/Mappa/Castello.Castello:PersistentLevel.Castello'
[2018.10.18-09.38.57:449][969]LogBlueprintDebug: Warning: Hit breakpoint on node 'CallFunc_DoesSaveGameExist', from offset 2
[2018.10.18-09.38.57:450][969]LogBlueprintDebug: 
Script call stack:
	Function /Game/Interfacce/Inventario.Inventario_C:PreConstruct
	Function /Game/Interfacce/Inventario.Inventario_C:ExecuteUbergraph_Inventario
	Function /Game/Interfacce/Inventario.Inventario_C:AggiornaDati
	Function /Game/Interfacce/Inventario.Inventario_C:CaricaDati

[2018.10.18-09.38.57:468][969]LogSlate: FSceneViewport::OnFocusLost() reason 2
[2018.10.18-09.38.59:009][969]LogBlueprintUserMessages: Early EndPlayMap Detection: Level '/Game/Mappa/Castello.Castello:PersistentLevel' has LevelScriptBlueprint '/Game/Mappa/Castello.Castello:PersistentLevel.Castello' with GeneratedClass '/Game/Mappa/Castello.Castello_C' with ClassGeneratedBy '/Game/Mappa/Castello.Castello:PersistentLevel.Castello'
[2018.10.18-09.38.59:011][969]LogSlate: Updating window title bar state: overlay mode, drag disabled, window buttons hidden, title bar hidden
[2018.10.18-09.38.59:061][969]LogSlate: Window 'Game Game Preview Standalone (64-bit/PCD3D_SM5)' being destroyed
[2018.10.18-09.38.59:095][969]LogPlayLevel: Display: Shutting down PIE online subsystems
[2018.10.18-09.38.59:095][969]LogBlueprintUserMessages: Late EndPlayMap Detection: Level '/Game/Mappa/Castello.Castello:PersistentLevel' has LevelScriptBlueprint '/Game/Mappa/Castello.Castello:PersistentLevel.Castello' with GeneratedClass '/Game/Mappa/Castello.Castello_C' with ClassGeneratedBy '/Game/Mappa/Castello.Castello:PersistentLevel.Castello'
[2018.10.18-09.38.59:166][970]LogPlayLevel: Display: Destroying online subsystem :Context_22
[2018.10.18-09.39.05:649][633]LogTemp: Repeating last play command: Selected Viewport
[2018.10.18-09.39.05:698][633]LogBlueprintUserMessages: Early PlayInEditor Detection: Level '/Game/Mappa/Castello.Castello:PersistentLevel' has LevelScriptBlueprint '/Game/Mappa/Castello.Castello:PersistentLevel.Castello' with GeneratedClass '/Game/Mappa/Castello.Castello_C' with ClassGeneratedBy '/Game/Mappa/Castello.Castello:PersistentLevel.Castello'
[2018.10.18-09.39.05:698][633]LogPlayLevel: PlayLevel: No blueprints needed recompiling
[2018.10.18-09.39.05:699][633]PIE: New page: PIE session: Castello (18/ott/2018 13:39:05)
[2018.10.18-09.39.05:699][633]LogPlayLevel: Creating play world package: /Game/Mappa/UEDPIE_0_Castello
[2018.10.18-09.39.05:719][633]LogPlayLevel: PIE: StaticDuplicateObject took: (0.020757s)
[2018.10.18-09.39.05:720][633]LogAIModule: Creating AISystem for world Castello
[2018.10.18-09.39.05:721][633]LogPlayLevel: PIE: World Init took: (0.001418s)
[2018.10.18-09.39.05:721][633]LogPlayLevel: PIE: Created PIE world by copying editor world from /Game/Mappa/Castello.Castello to /Game/Mappa/UEDPIE_0_Castello.Castello (0.022466s)
[2018.10.18-09.39.05:782][633]LogInit: XAudio2 using 'Altoparlanti (Cirrus Logic CS4208 (AB 126))' : 2 channels at 48 kHz using 32 bits per sample (channel mask 0x3)
[2018.10.18-09.39.05:795][633]LogInit: FAudioDevice initialized.
[2018.10.18-09.39.05:806][633]LogSlate: Updating window title bar state: overlay mode, drag disabled, window buttons hidden, title bar hidden
[2018.10.18-09.39.05:850][633]LogLoad: Game class is 'ProtagonistaGameMode_C'
[2018.10.18-09.39.05:855][633]LogWorld: Bringing World /Game/Mappa/UEDPIE_0_Castello.Castello up for play (max tick rate 0) at 2018.10.18-11.39.05
[2018.10.18-09.39.05:856][633]LogWorld: Bringing up level for play took: 0.005114
[2018.10.18-09.39.05:869][633]LogGameMode: Display: Match State Changed from EnteringMap to WaitingToStart
[2018.10.18-09.39.05:869][633]LogGameState: Match State Changed from EnteringMap to WaitingToStart
[2018.10.18-09.39.05:869][633]LogGameMode: Display: Match State Changed from WaitingToStart to InProgress
[2018.10.18-09.39.05:896][633]LogGameState: Match State Changed from WaitingToStart to InProgress
[2018.10.18-09.39.05:901][633]PIE: Play in editor start time for /Game/Mappa/UEDPIE_0_Castello 0,915
[2018.10.18-09.39.05:901][633]LogBlueprintUserMessages: Late PlayInEditor Detection: Level '/Game/Mappa/Castello.Castello:PersistentLevel' has LevelScriptBlueprint '/Game/Mappa/Castello.Castello:PersistentLevel.Castello' with GeneratedClass '/Game/Mappa/Castello.Castello_C' with ClassGeneratedBy '/Game/Mappa/Castello.Castello:PersistentLevel.Castello'
[2018.10.18-09.39.51:670][594]LogSlate: FSceneViewport::OnFocusLost() reason 0
[2018.10.18-09.40.06:809][913]LogSlate: Window 'Game Game Preview Standalone (64-bit/PCD3D_SM5)' being destroyed
[2018.10.18-09.40.06:821][913]LogBlueprintUserMessages: Early EndPlayMap Detection: Level '/Game/Mappa/Castello.Castello:PersistentLevel' has LevelScriptBlueprint '/Game/Mappa/Castello.Castello:PersistentLevel.Castello' with GeneratedClass '/Game/Mappa/Castello.Castello_C' with ClassGeneratedBy '/Game/Mappa/Castello.Castello:PersistentLevel.Castello'
[2018.10.18-09.40.06:871][913]LogPlayLevel: Display: Shutting down PIE online subsystems
[2018.10.18-09.40.06:871][913]LogBlueprintUserMessages: Late EndPlayMap Detection: Level '/Game/Mappa/Castello.Castello:PersistentLevel' has LevelScriptBlueprint '/Game/Mappa/Castello.Castello:PersistentLevel.Castello' with GeneratedClass '/Game/Mappa/Castello.Castello_C' with ClassGeneratedBy '/Game/Mappa/Castello.Castello:PersistentLevel.Castello'
[2018.10.18-09.40.06:995][914]LogPlayLevel: Display: Destroying online subsystem :Context_23
[2018.10.18-09.40.11:013][305]Cmd: OBJ SAVEPACKAGE PACKAGE="/Game/Interfacce/Inventario" FILE="../../../../../../The game/Game/Content/Interfacce/Inventario.uasset" SILENT=true
[2018.10.18-09.40.11:211][305]LogSavePackage: Moving '../../../../../../The game/Game/Saved/Inventario31C2B6A44B5795668D289095F8CB1808.tmp' to '../../../../../../The game/Game/Content/Interfacce/Inventario.uasset'
[2018.10.18-09.41.33:624][727]Cmd: TRANSACTION UNDO
[2018.10.18-09.41.33:677][727]LogEditorTransaction: Undo Variable Toggle
[2018.10.18-09.41.38:311][987]LogSlate: Took 0.106731 seconds to synchronously load lazily loaded font '../../../Engine/Content/Slate/Fonts/DroidSansFallback.ttf' (3848K)
[2018.10.18-09.41.55:203][127]LogEditorTransaction: Undo Rename Widget
[2018.10.18-09.41.56:002][178]LogEditorTransaction: Undo Rename Widget
[2018.10.18-09.41.56:938][250]LogEditorTransaction: Undo Create Pin Link
[2018.10.18-09.41.57:436][287]LogEditorTransaction: Undo Move Node
[2018.10.18-09.41.57:869][319]LogEditorTransaction: Undo Clicking on Actors
[2018.10.18-09.41.58:375][357]LogEditorTransaction: Undo Delete current selection
[2018.10.18-09.41.59:322][429]LogEditorTransaction: Undo Delete current selection
[2018.10.18-09.41.59:741][459]LogEditorTransaction: Undo Move Node
[2018.10.18-09.42.00:084][482]LogEditorTransaction: Undo Add Node
[2018.10.18-09.42.00:374][501]LogEditorTransaction: Undo Add Node
[2018.10.18-09.42.16:097][576]LogBlueprint: Warning: [Compiler ] Leak Detected!  TextBlock_790 ( Text ) still has living Slate widgets, it or the parent Button_435 ( Button ) is keeping them in memory.  Release all Slate resources in ReleaseSlateResources().
[2018.10.18-09.42.28:847][388]Cmd: OBJ SAVEPACKAGE PACKAGE="/Game/Interfacce/Inventario" FILE="../../../../../../The game/Game/Content/Interfacce/Inventario.uasset" SILENT=true
[2018.10.18-09.42.29:039][388]LogSavePackage: Moving '../../../../../../The game/Game/Saved/Inventario529A4B274E57BE2AC1B00D8EB439D307.tmp' to '../../../../../../The game/Game/Content/Interfacce/Inventario.uasset'
[2018.10.18-09.42.29:052][388]Cmd: OBJ SAVEPACKAGE PACKAGE="/Game/Interfacce/Orto" FILE="../../../../../../The game/Game/Content/Interfacce/Orto.uasset" SILENT=true
[2018.10.18-09.42.29:645][388]LogSavePackage: Moving '../../../../../../The game/Game/Saved/Orto4B5235BF47D9E41629C3E8AA158EBA26.tmp' to '../../../../../../The game/Game/Content/Interfacce/Orto.uasset'
[2018.10.18-09.42.30:489][443]BlueprintLog: New page: Compile Inventario
[2018.10.18-09.42.33:689][533]LogSlate: Window 'Game - Unreal Editor' being destroyed
[2018.10.18-09.42.34:284][534]Cmd: QUIT_EDITOR
[2018.10.18-09.42.35:110][534]LogWindowsTextInputMethodSystem: Display: IME system now deactivated.
[2018.10.18-09.42.35:202][534]LogExit: Preparing to exit.
