Log file open, 09/28/18 11:03:58
LogWindows: Failed to load 'aqProf.dll' (GetLastError=126)
LogWindows: File 'aqProf.dll' does not exist
LogWindows: Failed to load 'VSPerf140.dll' (GetLastError=126)
LogWindows: File 'VSPerf140.dll' does not exist
LogWindows: Failed to load 'VtuneApi.dll' (GetLastError=126)
LogWindows: File 'VtuneApi.dll' does not exist
LogWindows: Failed to load 'VtuneApi32e.dll' (GetLastError=126)
LogWindows: File 'VtuneApi32e.dll' does not exist
LogInit: Display: Running engine for game: Game
LogPlatformFile: Not using cached read wrapper
LogTaskGraph: Started task graph with 5 named threads and 11 total threads with 3 sets of task threads.
LogStats: Stats thread started at 4.834660
LogD3D11RHI: Loaded GFSDK_Aftermath_Lib.x64.dll
LogICUInternationalization: Display: ICU TimeZone Detection - Raw Offset: +1:00, Platform Override: ''
LogPluginManager: Mounting plugin Paper2D
LogPluginManager: Mounting plugin AISupport
LogPluginManager: Mounting plugin LightPropagationVolume
LogPluginManager: Mounting plugin CLionSourceCodeAccess
LogPluginManager: Mounting plugin CodeLiteSourceCodeAccess
LogPluginManager: Mounting plugin GitSourceControl
LogPluginManager: Mounting plugin KDevelopSourceCodeAccess
LogPluginManager: Mounting plugin NullSourceCodeAccess
LogPluginManager: Mounting plugin PerforceSourceControl
LogPluginManager: Mounting plugin SubversionSourceControl
LogPluginManager: Mounting plugin UObjectPlugin
LogPluginManager: Mounting plugin VisualStudioCodeSourceCodeAccess
LogPluginManager: Mounting plugin VisualStudioSourceCodeAccess
LogPluginManager: Mounting plugin XCodeSourceCodeAccess
LogPluginManager: Mounting plugin AssetManagerEditor
LogPluginManager: Mounting plugin CryptoKeys
LogPluginManager: Mounting plugin DataValidation
LogPluginManager: Mounting plugin FacialAnimation
LogPluginManager: Mounting plugin GameplayTagsEditor
LogPluginManager: Mounting plugin MacGraphicsSwitching
LogPluginManager: Mounting plugin MeshEditor
LogPluginManager: Mounting plugin MobileLauncherProfileWizard
LogPluginManager: Mounting plugin PluginBrowser
LogPluginManager: Mounting plugin SpeedTreeImporter
LogPluginManager: Mounting plugin DatasmithContent
LogPluginManager: Mounting plugin AlembicImporter
LogPluginManager: Mounting plugin AppleImageUtils
LogPluginManager: Mounting plugin AppleVision
LogPluginManager: Mounting plugin BackChannel
LogPluginManager: Mounting plugin CharacterAI
LogPluginManager: Mounting plugin GeometryCache
LogPluginManager: Mounting plugin HTML5Networking
LogPluginManager: Mounting plugin ProxyLODPlugin
LogPluginManager: Mounting plugin MagicLeap
LogPluginManager: Mounting plugin MagicLeapEmulator
LogPluginManager: Mounting plugin MagicLeapMedia
LogPluginManager: Mounting plugin AndroidMedia
LogPluginManager: Mounting plugin AvfMedia
LogPluginManager: Mounting plugin ImgMedia
LogPluginManager: Mounting plugin LinearTimecode
LogPluginManager: Mounting plugin MediaCompositing
LogPluginManager: Mounting plugin MediaPlayerEditor
LogPluginManager: Mounting plugin WmfMedia
LogPluginManager: Mounting plugin TcpMessaging
LogPluginManager: Mounting plugin UdpMessaging
LogPluginManager: Mounting plugin ActorSequence
LogPluginManager: Mounting plugin LevelSequenceEditor
LogPluginManager: Mounting plugin MatineeToLevelSequence
LogPluginManager: Mounting plugin NetcodeUnitTest
LogPluginManager: Mounting plugin NUTUnrealEngine4
LogPluginManager: Mounting plugin OnlineSubsystemGooglePlay
LogPluginManager: Mounting plugin OnlineSubsystemIOS
LogPluginManager: Mounting plugin OnlineSubsystem
LogPluginManager: Mounting plugin OnlineSubsystemNull
LogPluginManager: Mounting plugin OnlineSubsystemUtils
LogPluginManager: Mounting plugin LauncherChunkInstaller
LogPluginManager: Mounting plugin AndroidDeviceProfileSelector
LogPluginManager: Mounting plugin AndroidMoviePlayer
LogPluginManager: Mounting plugin AndroidPermission
LogPluginManager: Mounting plugin AppleMoviePlayer
LogPluginManager: Mounting plugin ArchVisCharacter
LogPluginManager: Mounting plugin AudioCapture
LogPluginManager: Mounting plugin CableComponent
LogPluginManager: Mounting plugin CustomMeshComponent
LogPluginManager: Mounting plugin EditableMesh
LogPluginManager: Mounting plugin ExampleDeviceProfileSelector
LogPluginManager: Mounting plugin GoogleCloudMessaging
LogPluginManager: Mounting plugin ImmediatePhysics
LogPluginManager: Mounting plugin IOSDeviceProfileSelector
LogPluginManager: Mounting plugin LinuxDeviceProfileSelector
LogPluginManager: Mounting plugin LocationServicesBPLibrary
LogPluginManager: Mounting plugin MobilePatchingUtils
LogPluginManager: Mounting plugin OculusVR
LogPluginManager: Plugin shader directory ../../../Engine/Plugins/Runtime/Oculus/OculusVR/Shaders found
LogPluginManager: Mapping shader source directory ../../../Engine/Plugins/Runtime/Oculus/OculusVR/Shaders to virtual directory /Plugin/OculusVR
LogPluginManager: Mounting plugin PhysXVehicles
LogPluginManager: Mounting plugin ProceduralMeshComponent
LogPluginManager: Mounting plugin RuntimePhysXCooking
LogPluginManager: Mounting plugin SteamVR
LogPluginManager: Mounting plugin WindowsMoviePlayer
LogStreaming: Display: Took  0.573s to configure plugins.
LogInit: Using libcurl 7.55.1-DEV
LogInit:  - built for x86_64-pc-win32
LogInit:  - supports SSL with OpenSSL/1.0.2h
LogInit:  - supports HTTP deflate (compression) using libz 1.2.8
LogInit:  - other features:
LogInit:      CURL_VERSION_SSL
LogInit:      CURL_VERSION_LIBZ
LogInit:      CURL_VERSION_IPV6
LogInit:      CURL_VERSION_ASYNCHDNS
LogInit:      CURL_VERSION_LARGEFILE
LogInit:      CURL_VERSION_IDN
LogInit:  CurlRequestOptions (configurable via config and command line):
LogInit:  - bVerifyPeer = false  - Libcurl will NOT verify peer certificate
LogInit:  - bUseHttpProxy = false  - Libcurl will NOT use HTTP proxy
LogInit:  - bDontReuseConnections = false  - Libcurl will reuse connections
LogInit:  - CertBundlePath = nullptr  - Libcurl will use whatever was configured at build time.
LogInit:  - MaxHostConnections = 16  - Libcurl will limit the number of connections to a host
LogInit:  - LocalHostAddr = Default
LogInit:  - BufferSize = 65536
LogInit: WinSock: version 1.1 (2.2), MaxSocks=32767, MaxUdp=65467
LogInit: Build: ++UE4+Release-4.20-CL-4369336
LogInit: Engine Version: 4.20.3-4369336+++UE4+Release-4.20
LogInit: Compatible Engine Version: 4.20.0-4212847+++UE4+Release-4.20
LogInit: Net CL: 4212847
LogInit: OS: Windows 10 (), CPU: Intel(R) Core(TM) i5-5250U CPU @ 1.60GHz, GPU: Intel(R) HD Graphics 6000
LogInit: Compiled (64-bit): Sep 17 2018 12:26:19
LogInit: Compiled with Visual C++: 19.13.26129.00
LogInit: Build Configuration: Development
LogInit: Branch Name: ++UE4+Release-4.20
LogInit: Command Line: 
LogInit: Base Directory: D:/Epic Games Launcher/Unreal Engine/UE_4.20/Engine/Binaries/Win64/
LogInit: Installed Engine Build: 1
LogDevObjectVersion: Number of dev versions registered: 20
LogDevObjectVersion:   Dev-Blueprints (B0D832E4-1F89-4F0D-ACCF-7EB736FD4AA2): 10
LogDevObjectVersion:   Dev-Build (E1C64328-A22C-4D53-A36C-8E866417BD8C): 0
LogDevObjectVersion:   Dev-Core (375EC13C-06E4-48FB-B500-84F0262A717E): 2
LogDevObjectVersion:   Dev-Editor (E4B068ED-F494-42E9-A231-DA0B2E46BB41): 24
LogDevObjectVersion:   Dev-Framework (CFFC743F-43B0-4480-9391-14DF171D2073): 34
LogDevObjectVersion:   Dev-Mobile (B02B49B5-BB20-44E9-A304-32B752E40360): 2
LogDevObjectVersion:   Dev-Networking (A4E4105C-59A1-49B5-A7C5-40C4547EDFEE): 0
LogDevObjectVersion:   Dev-Online (39C831C9-5AE6-47DC-9A44-9C173E1C8E7C): 0
LogDevObjectVersion:   Dev-Physics (78F01B33-EBEA-4F98-B9B4-84EACCB95AA2): 0
LogDevObjectVersion:   Dev-Platform (6631380F-2D4D-43E0-8009-CF276956A95A): 0
LogDevObjectVersion:   Dev-Rendering (12F88B9F-8875-4AFC-A67C-D90C383ABD29): 26
LogDevObjectVersion:   Dev-Sequencer (7B5AE74C-D270-4C10-A958-57980B212A5A): 9
LogDevObjectVersion:   Dev-VR (D7296918-1DD6-4BDD-9DE2-64A83CC13884): 2
LogDevObjectVersion:   Dev-LoadTimes (C2A15278-BFE7-4AFE-6C17-90FF531DF755): 1
LogDevObjectVersion:   Private-Geometry (6EACA3D4-40EC-4CC1-B786-8BED09428FC5): 3
LogDevObjectVersion:   Dev-AnimPhys (29E575DD-E0A3-4627-9D10-D276232CDCEA): 17
LogDevObjectVersion:   Dev-ReflectionCapture (6B266CEC-1EC7-4B8F-A30B-E4D90942FC07): 1
LogDevObjectVersion:   Dev-Automation (0DF73D61-A23F-47EA-B727-89E90C41499A): 1
LogDevObjectVersion:   FortniteMain (601D1886-AC64-4F84-AA16-D3DE0DEAC7D6): 12
LogDevObjectVersion:   Dev-Enterprise (9DFFBCD6-494F-0158-E221-12823C92A888): 1
LogStreaming: Display: Took  0.039s to delete old logs.
LogInit: Presizing for max 8388607 objects, including 0 objects not considered by GC, pre-allocating 0 bytes for permanent pool.
LogInit: Object subsystem initialized
[2018.09.28-09.04.02:011][  0]LogInit: Selected Device Profile: [Windows]
[2018.09.28-09.04.02:011][  0]LogInit: Applying CVar settings loaded from the selected device profile: [Windows]
[2018.09.28-09.04.02:073][  0]LogHAL: Display: Platform has ~ 8 GB [8487600128 / 8589934592 / 8], which maps to Default [LargestMinGB=32, LargerMinGB=12, DefaultMinGB=8, SmallerMinGB=6, SmallestMinGB=0)
[2018.09.28-09.04.02:073][  0]LogInit: Setting Device Profile CVar: [[r.Vulkan.UseRealUBs:1]]
[2018.09.28-09.04.02:073][  0]LogInit: Going up to parent DeviceProfile []
[2018.09.28-09.04.02:102][  0]LogInit: Computer: DESKTOP-O9SGR6I
[2018.09.28-09.04.02:102][  0]LogInit: User: Fisio
[2018.09.28-09.04.02:102][  0]LogInit: CPU Page size=4096, Cores=2
[2018.09.28-09.04.02:102][  0]LogInit: High frequency timer resolution =1.562498 MHz
[2018.09.28-09.04.02:102][  0]LogMemory: Memory total: Physical=7.9GB (8GB approx)
[2018.09.28-09.04.02:102][  0]LogMemory: Platform Memory Stats for Windows
[2018.09.28-09.04.02:102][  0]LogMemory: Process Physical Memory: 100.23 MB used, 100.23 MB peak
[2018.09.28-09.04.02:102][  0]LogMemory: Process Virtual Memory: 83.94 MB used, 83.94 MB peak
[2018.09.28-09.04.02:102][  0]LogMemory: Physical Memory: 1636.67 MB used,  6457.74 MB free, 8094.41 MB total
[2018.09.28-09.04.02:102][  0]LogMemory: Virtual Memory: 523.52 MB used,  6457.74 MB free, 134217728.00 MB total
[2018.09.28-09.04.03:537][  0]LogInit: Using OS detected language (it-IT).
[2018.09.28-09.04.03:538][  0]LogInit: Using OS detected locale (it-IT).
[2018.09.28-09.04.03:632][  0]LogTextLocalizationManager: No specific localization for 'it-IT' exists, so the 'it' localization will be used.
[2018.09.28-09.04.03:808][  0]LogStreaming: Display: Took  0.271s to InitEngineTextLocalization.
[2018.09.28-09.04.03:808][  0]LogInit: Setting process to per monitor DPI aware
[2018.09.28-09.04.04:753][  0]LogSlate: New Slate User Created.  User Index 0, Is Virtual User: 0
[2018.09.28-09.04.04:753][  0]LogSlate: Slate User Registered.  User Index 0, Is Virtual User: 0
[2018.09.28-09.04.08:994][  0]LogHMD: Failed to initialize OpenVR with code 110
[2018.09.28-09.04.08:994][  0]LogD3D11RHI: D3D11 adapters:
[2018.09.28-09.04.09:005][  0]LogD3D11RHI:    0. 'Intel(R) HD Graphics 6000' (Feature Level 11_0)
[2018.09.28-09.04.09:005][  0]LogD3D11RHI:       128/0/4047 MB DedicatedVideo/DedicatedSystem/SharedSystem, Outputs:1, VendorId:0x8086
[2018.09.28-09.04.09:010][  0]LogD3D11RHI:    1. 'Microsoft Basic Render Driver' (Feature Level 11_0)
[2018.09.28-09.04.09:010][  0]LogD3D11RHI:       0/0/4047 MB DedicatedVideo/DedicatedSystem/SharedSystem, Outputs:0, VendorId:0x1414
[2018.09.28-09.04.09:010][  0]LogD3D11RHI: Chosen D3D11 Adapter: 0
[2018.09.28-09.04.09:019][  0]LogD3D11RHI: Creating new Direct3DDevice
[2018.09.28-09.04.09:019][  0]LogD3D11RHI:     GPU DeviceId: 0x1626 (for the marketing name, search the web for "GPU Device Id")
[2018.09.28-09.04.09:020][  0]LogWindows: EnumDisplayDevices:
[2018.09.28-09.04.09:020][  0]LogWindows:    0. 'Intel(R) HD Graphics 6000' (P:1 D:1)
[2018.09.28-09.04.09:020][  0]LogWindows:    1. 'Intel(R) HD Graphics 6000' (P:0 D:0)
[2018.09.28-09.04.09:021][  0]LogWindows:    2. 'Intel(R) HD Graphics 6000' (P:0 D:0)
[2018.09.28-09.04.09:021][  0]LogWindows: DebugString: FoundDriverCount:3 
[2018.09.28-09.04.09:021][  0]LogD3D11RHI:     Adapter Name: Intel(R) HD Graphics 6000
[2018.09.28-09.04.09:021][  0]LogD3D11RHI:   Driver Version: 20.19.15.4835 (internal:20.19.15.4835, unified:20.19.15.4835)
[2018.09.28-09.04.09:021][  0]LogD3D11RHI:      Driver Date: 10-16-2017
[2018.09.28-09.04.09:021][  0]LogRHI: Texture pool is 1506 MB (70% of 2151 MB)
[2018.09.28-09.04.09:031][  0]LogD3D11RHI: Async texture creation enabled
[2018.09.28-09.04.09:050][  0]LogD3D11RHI: GPU Timing Frequency: 12.500000 (Debug: 2 0)
[2018.09.28-09.04.09:051][  0]LogShaderCompilers: Guid format shader working directory is 15 characters bigger than the processId version (../../../../../../The game/Game/Intermediate/Shaders/WorkingDirectory/6912/).
[2018.09.28-09.04.09:052][  0]LogShaderCompilers: Cleaned the shader compiler working directory 'C:/Users/Fisio/AppData/Local/Temp/UnrealShaderWorkingDir/222C29484151171C3187D480CB01243D/'.
[2018.09.28-09.04.11:391][  0]LogTemp: Display: Loaded TP AllDesktopTargetPlatform
[2018.09.28-09.04.11:446][  0]LogTemp: Display: Loaded TP MacClientTargetPlatform
[2018.09.28-09.04.11:481][  0]LogTemp: Display: Loaded TP MacNoEditorTargetPlatform
[2018.09.28-09.04.11:525][  0]LogTemp: Display: Loaded TP MacServerTargetPlatform
[2018.09.28-09.04.11:586][  0]LogTemp: Display: Loaded TP MacTargetPlatform
[2018.09.28-09.04.11:631][  0]LogTemp: Display: Loaded TP WindowsClientTargetPlatform
[2018.09.28-09.04.11:710][  0]LogTemp: Display: Loaded TP WindowsNoEditorTargetPlatform
[2018.09.28-09.04.11:764][  0]LogTemp: Display: Loaded TP WindowsServerTargetPlatform
[2018.09.28-09.04.11:788][  0]LogTemp: Display: Loaded TP WindowsTargetPlatform
[2018.09.28-09.04.11:964][  0]LogTemp: Display: Loaded TP AndroidTargetPlatform
[2018.09.28-09.04.11:964][  0]LogTemp: Display: Loaded TP AndroidTargetPlatform
[2018.09.28-09.04.11:964][  0]LogTemp: Display: Loaded TP AndroidTargetPlatform
[2018.09.28-09.04.11:964][  0]LogTemp: Display: Loaded TP AndroidTargetPlatform
[2018.09.28-09.04.11:964][  0]LogTemp: Display: Loaded TP AndroidTargetPlatform
[2018.09.28-09.04.11:964][  0]LogTemp: Display: Loaded TP AndroidTargetPlatform
[2018.09.28-09.04.11:964][  0]LogTemp: Display: Loaded TP AndroidTargetPlatform
[2018.09.28-09.04.11:964][  0]LogTemp: Display: Loaded TP AndroidTargetPlatform
[2018.09.28-09.04.11:964][  0]LogTemp: Display: Loaded TP AndroidTargetPlatform
[2018.09.28-09.04.11:964][  0]LogTemp: Display: Loaded TP AndroidTargetPlatform
[2018.09.28-09.04.11:964][  0]LogTemp: Display: Loaded TP AndroidTargetPlatform
[2018.09.28-09.04.11:964][  0]LogTemp: Display: Loaded TP AndroidTargetPlatform
[2018.09.28-09.04.11:964][  0]LogTemp: Display: Loaded TP AndroidTargetPlatform
[2018.09.28-09.04.11:964][  0]LogTemp: Display: Loaded TP AndroidTargetPlatform
[2018.09.28-09.04.11:964][  0]LogTemp: Display: Loaded TP AndroidTargetPlatform
[2018.09.28-09.04.11:964][  0]LogTemp: Display: Loaded TP AndroidTargetPlatform
[2018.09.28-09.04.11:964][  0]LogTemp: Display: Loaded TP AndroidTargetPlatform
[2018.09.28-09.04.11:964][  0]LogTemp: Display: Loaded TP AndroidTargetPlatform
[2018.09.28-09.04.12:002][  0]LogTemp: Display: Loaded TP HTML5TargetPlatform
[2018.09.28-09.04.12:212][  0]LogTemp: Display: Loaded TP IOSTargetPlatform
[2018.09.28-09.04.12:212][  0]LogTemp: Display: Loaded TP IOSTargetPlatform
[2018.09.28-09.04.12:268][  0]LogTemp: Display: Loaded TP TVOSTargetPlatform
[2018.09.28-09.04.12:268][  0]LogTemp: Display: Loaded TP TVOSTargetPlatform
[2018.09.28-09.04.12:310][  0]LogTemp: Display: Loaded TP LinuxClientTargetPlatform
[2018.09.28-09.04.12:353][  0]LogTemp: Display: Loaded TP LinuxNoEditorTargetPlatform
[2018.09.28-09.04.12:412][  0]LogTemp: Display: Loaded TP LinuxServerTargetPlatform
[2018.09.28-09.04.12:489][  0]LogTemp: Display: Loaded TP LinuxTargetPlatform
[2018.09.28-09.04.12:554][  0]LogTemp: Display: Loaded TP LuminTargetPlatform
[2018.09.28-09.04.12:554][  0]LogTargetPlatformManager: Display: Building Assets For Windows
[2018.09.28-09.04.14:414][  0]LogXGEController: Cleaning working directory: C:/Users/Fisio/AppData/Local/Temp/UnrealXGEWorkingDir/
[2018.09.28-09.04.14:414][  0]LogXGEController: Cannot use XGE Controller as Incredibuild is not installed on this machine.
[2018.09.28-09.04.14:414][  0]LogShaderCompilers: Cannot use XGE Shader Compiler as Incredibuild is not installed on this machine.
[2018.09.28-09.04.14:415][  0]LogShaderCompilers: Display: Using Local Shader Compiler.
[2018.09.28-09.04.18:607][  0]LogDerivedDataCache: Display: Max Cache Size: 512 MB
[2018.09.28-09.04.19:501][  0]LogDerivedDataCache: Loaded boot cache 0.89s 71MB C:/Users/Fisio/AppData/Local/UnrealEngine/4.20/DerivedDataCache/Boot.ddc.
[2018.09.28-09.04.19:502][  0]LogDerivedDataCache: Display: Loaded Boot cache: C:/Users/Fisio/AppData/Local/UnrealEngine/4.20/DerivedDataCache/Boot.ddc
[2018.09.28-09.04.19:503][  0]LogDerivedDataCache: FDerivedDataBackendGraph:  Pak pak cache file ../../../../../../The game/Game/DerivedDataCache/DDC.ddp not found, will not use a pak cache.
[2018.09.28-09.04.19:503][  0]LogDerivedDataCache: Unable to find inner node Pak for hierarchical cache Hierarchy.
[2018.09.28-09.04.19:503][  0]LogDerivedDataCache: FDerivedDataBackendGraph:  CompressedPak pak cache file ../../../../../../The game/Game/DerivedDataCache/Compressed.ddp not found, will not use a pak cache.
[2018.09.28-09.04.19:503][  0]LogDerivedDataCache: Unable to find inner node CompressedPak for hierarchical cache Hierarchy.
[2018.09.28-09.04.19:659][  0]LogDerivedDataCache: Display: Pak cache opened for reading ../../../Engine/DerivedDataCache/Compressed.ddp.
[2018.09.28-09.04.19:678][  0]LogDerivedDataCache: Using Local data cache path C:/Users/Fisio/AppData/Local/UnrealEngine/Common/DerivedDataCache: Writable
[2018.09.28-09.04.19:678][  0]LogDerivedDataCache: Shared data cache path not found in *engine.ini, will not use an Shared cache.
[2018.09.28-09.04.19:678][  0]LogDerivedDataCache: Unable to find inner node Shared for hierarchical cache Hierarchy.
[2018.09.28-09.04.19:705][  0]LogMaterial: Verifying Global Shaders for PCD3D_SM5
[2018.09.28-09.04.19:707][  0]LogSlate: Using FreeType 2.6.0
[2018.09.28-09.04.19:790][  0]LogSlate: SlateFontServices - WITH_FREETYPE: 1, WITH_HARFBUZZ: 1
[2018.09.28-09.04.21:617][  0]LogAssetRegistry: FAssetRegistry took 0.0334 seconds to start up
[2018.09.28-09.04.22:185][  0]LogInit: Selected Device Profile: [Windows]
[2018.09.28-09.04.26:384][  0]LogSimplygon: Simplygon DLL not present - disabling.
[2018.09.28-09.04.27:636][  0]LogMeshReduction: Using SimplygonSwarm for distributed automatic mesh merging
[2018.09.28-09.04.27:637][  0]LogMeshReduction: Using ProxyLODMeshReduction for automatic mesh merging
[2018.09.28-09.04.27:637][  0]LogMeshReduction: Using QuadricMeshReduction for automatic static mesh reduction
[2018.09.28-09.04.27:637][  0]LogMeshReduction: No automatic skeletal mesh reduction module available
[2018.09.28-09.04.28:065][  0]LogNetVersion: Game 1.0.0, NetCL: 4212847, EngineNetVer: 5, GameNetVer: 0 (Checksum: 4261265131)
[2018.09.28-09.04.32:567][  0]LogPackageLocalizationCache: Processed 11 localized package path(s) for 2 prioritized culture(s) in 0.416727 seconds
[2018.09.28-09.04.32:576][  0]LogUObjectArray: 38425 objects as part of root set at end of initial load.
[2018.09.28-09.04.32:576][  0]LogUObjectAllocator: 6690872 out of 0 bytes used by permanent object pool.
[2018.09.28-09.04.32:576][  0]LogUObjectArray: CloseDisregardForGC: 0/0 objects in disregard for GC pool
[2018.09.28-09.05.00:208][  0]LogTcpMessaging: Initializing TcpMessaging bridge
[2018.09.28-09.05.00:288][  0]LogUdpMessaging: Initializing bridge on interface 0.0.0.0:0 to multicast group 230.0.0.1:6666.
[2018.09.28-09.05.02:007][  0]SourceControl: Source control is disabled
[2018.09.28-09.05.02:007][  0]SourceControl: Source control is disabled
[2018.09.28-09.05.02:165][  0]SourceControl: Source control is disabled
[2018.09.28-09.05.02:274][  0]SourceControl: Source control is disabled
[2018.09.28-09.05.04:452][  0]LogAndroidPermission: UAndroidPermissionCallbackProxy::GetInstance
[2018.09.28-09.05.04:712][  0]LogOcInput: OculusInput pre-init called
[2018.09.28-09.05.05:248][  0]LogEngine: Initializing Engine...
[2018.09.28-09.05.05:270][  0]LogHMD: Failed to initialize OpenVR with code 110
[2018.09.28-09.05.05:272][  0]LogStats: UGameplayTagsManager::ConstructGameplayTagTree: ImportINI prefixes -  0.000 s
[2018.09.28-09.05.05:272][  0]LogStats: UGameplayTagsManager::ConstructGameplayTagTree: Construct from data asset -  0.000 s
[2018.09.28-09.05.05:273][  0]LogStats: UGameplayTagsManager::ConstructGameplayTagTree: ImportINI -  0.000 s
[2018.09.28-09.05.05:273][  0]LogStats: UGameplayTagsManager::ConstructGameplayTagTree: GameplayTagTreeChangedEvent.Broadcast -  0.000 s
[2018.09.28-09.05.06:408][  0]LogInit: Initializing FReadOnlyCVARCache
[2018.09.28-09.05.06:655][  0]LogAIModule: Creating AISystem for world Untitled
[2018.09.28-09.05.06:673][  0]LogInit: XAudio2 using 'Altoparlanti (Cirrus Logic CS4208 (AB 126))' : 2 channels at 48 kHz using 32 bits per sample (channel mask 0x3)
[2018.09.28-09.05.06:807][  0]LogInit: FAudioDevice initialized.
[2018.09.28-09.05.06:808][  0]LogNetVersion: Set ProjectVersion to 1.0.0.0. Version Checksum will be recalculated on next use.
[2018.09.28-09.05.06:977][  0]LogDerivedDataCache: Saved boot cache 0.17s 71MB C:/Users/Fisio/AppData/Local/UnrealEngine/4.20/DerivedDataCache/Boot.ddc.
[2018.09.28-09.05.06:997][  0]LogInit: Texture streaming: Enabled
[2018.09.28-09.05.07:128][  0]LogEngineSessionManager: EngineSessionManager initialized
[2018.09.28-09.05.07:183][  0]LogInit: Transaction tracking system initialized
[2018.09.28-09.05.07:483][  0]BlueprintLog: New page: Editor Load
[2018.09.28-09.05.10:007][  0]LocalizationService: Localization service is disabled
[2018.09.28-09.05.15:356][  0]LogCook: Display: Max memory allowance for cook 16384mb min free memory 0mb
[2018.09.28-09.05.15:356][  0]LogCook: Display: Mobile HDR setting 1
[2018.09.28-09.05.15:356][  0]LogGameplayTags: Display: UGameplayTagsManager::DoneAddingNativeTags. DelegateIsBound: 0
[2018.09.28-09.05.15:356][  0]LogStats: UGameplayTagsManager::ConstructGameplayTagTree: ImportINI prefixes -  0.000 s
[2018.09.28-09.05.15:356][  0]LogStats: UGameplayTagsManager::ConstructGameplayTagTree: Construct from data asset -  0.000 s
[2018.09.28-09.05.15:357][  0]LogStats: UGameplayTagsManager::ConstructGameplayTagTree: ImportINI -  0.000 s
[2018.09.28-09.05.15:357][  0]LogStats: UGameplayTagsManager::ConstructGameplayTagTree: GameplayTagTreeChangedEvent.Broadcast -  0.000 s
[2018.09.28-09.05.16:500][  0]LogFileCache: Scanning file cache for directory 'D:/The game/Game/Content/' took 0.05s
[2018.09.28-09.05.18:261][  0]SourceControl: Source control is disabled
[2018.09.28-09.05.18:261][  0]Cmd: MAP LOAD FILE="../../../../../../The game/Game/Content/Mappa/Castello.umap" TEMPLATE=0 SHOWPROGRESS=1 FEATURELEVEL=3
[2018.09.28-09.05.18:330][  0]LightingResults: New page: Lighting Build
[2018.09.28-09.05.18:334][  0]MapCheck: New page: Map Check
[2018.09.28-09.05.18:334][  0]LightingResults: New page: Lighting Build
[2018.09.28-09.05.23:394][  0]LogAIModule: Creating AISystem for world Castello
[2018.09.28-09.05.23:589][  0]LogEditorServer: Finished looking for orphan Actors (0.000 secs)
[2018.09.28-09.05.23:636][  0]Cmd: MAP CHECKDEP NOCLEARLOG
[2018.09.28-09.05.23:794][  0]MapCheck: Map check complete: 0 Error(s), 0 Warning(s), took 158,131ms to complete.
[2018.09.28-09.05.23:794][  0]LogFileHelpers: Loading map 'Castello' took 5.533
[2018.09.28-09.05.24:357][  0]LogSlate: Updating window title bar state: overlay mode, drag disabled, window buttons hidden, title bar hidden
[2018.09.28-09.05.24:377][  0]LogSlate: Updating window title bar state: overlay mode, drag disabled, window buttons hidden, title bar hidden
[2018.09.28-09.05.24:396][  0]LogSlate: Updating window title bar state: overlay mode, drag disabled, window buttons hidden, title bar hidden
[2018.09.28-09.05.24:412][  0]LogSlate: Updating window title bar state: overlay mode, drag disabled, window buttons hidden, title bar hidden
[2018.09.28-09.05.24:503][  0]LogCollectionManager: Loaded 0 collections in 0.012708 seconds
[2018.09.28-09.05.24:581][  0]LogFileCache: Scanning file cache for directory 'D:/The game/Game/Saved/Collections/' took 0.01s
[2018.09.28-09.05.24:581][  0]LogFileCache: Scanning file cache for directory 'D:/The game/Game/Content/Developers/Fisio/Collections/' took 0.01s
[2018.09.28-09.05.24:581][  0]LogFileCache: Scanning file cache for directory 'D:/The game/Game/Content/Collections/' took 0.01s
[2018.09.28-09.05.24:582][  0]LogCollectionManager: Rebuilt the GUID cache for 0 collections in 0.000001 seconds
[2018.09.28-09.05.24:611][  0]LogContentBrowser: Native class hierarchy populated in 0.0293 seconds. Added 2574 classes and 605 folders.
[2018.09.28-09.05.24:624][  0]LogContentBrowser: Native class hierarchy updated for 'WidgetCarousel' in 0.0010 seconds. Added 0 classes and 0 folders.
[2018.09.28-09.05.26:344][  0]LogContentBrowser: Native class hierarchy updated for 'AddContentDialog' in 0.0005 seconds. Added 0 classes and 0 folders.
[2018.09.28-09.05.26:403][  0]LogContentBrowser: Native class hierarchy updated for 'SceneOutliner' in 0.0006 seconds. Added 1 classes and 2 folders.
[2018.09.28-09.05.26:511][  0]LogSlate: Took 0.040927 seconds to synchronously load lazily loaded font '../../../Engine/Content/Slate/Fonts/Roboto-Regular.ttf' (155K)
[2018.09.28-09.05.26:568][  0]LogSlate: Took 0.053490 seconds to synchronously load lazily loaded font '../../../Engine/Content/Slate/Fonts/Roboto-Bold.ttf' (160K)
[2018.09.28-09.05.26:628][  0]LogSlate: Took 0.046858 seconds to synchronously load lazily loaded font '../../../Engine/Content/Editor/Slate/Fonts/FontAwesome.ttf' (139K)
[2018.09.28-09.05.26:995][  0]LogRenderer: Reallocating scene render targets to support 904x456 Format 10 NumSamples 1 (Frame:1).
[2018.09.28-09.05.27:933][  0]LogContentBrowser: Native class hierarchy updated for 'HierarchicalLODOutliner' in 0.0007 seconds. Added 0 classes and 0 folders.
[2018.09.28-09.05.27:933][  0]LogLoad: (Engine Initialization) Total time: 114.04 seconds
[2018.09.28-09.05.27:933][  0]LogLoad: (Engine Initialization) Total Blueprint compile time: 0.00 seconds
[2018.09.28-09.05.27:952][  0]LogWindowsTextInputMethodSystem: Display: IME system now deactivated.
[2018.09.28-09.05.27:975][  0]LogContentStreaming: Texture pool size now 1000 MB
[2018.09.28-09.05.28:058][  0]LogSlate: Took 0.025865 seconds to synchronously load lazily loaded font '../../../Engine/Content/Slate/Fonts/Roboto-Light.ttf' (167K)
[2018.09.28-09.05.28:558][  3]LogAssetRegistry: Asset discovery search completed in 66.9638 seconds
[2018.09.28-09.05.28:562][  3]LogCollectionManager: Rebuilt the object cache for 0 collections in 0.000001 seconds (found 0 objects)
[2018.09.28-09.05.28:563][  3]LogCollectionManager: Fixed up redirectors for 0 collections in 0.000186 seconds (updated 0 objects)
[2018.09.28-09.06.28:972][991]LogEditorViewport: Clicking on Actor (LMB): TriggerBox (TriggerClasse)
[2018.09.28-09.06.36:409][207]LogSlate: FSceneViewport::OnFocusLost() reason 0
[2018.09.28-09.06.37:064][226]LogEditorViewport: Clicking on Actor (LMB): StaticMeshActor (StanzaGenerica4)
[2018.09.28-09.06.38:482][262]LogEditorViewport: Clicking on Actor (LMB): TriggerBox (TriggerClasse)
[2018.09.28-09.06.41:573][361]LogSlate: FSceneViewport::OnFocusLost() reason 0
[2018.09.28-09.06.42:064][386]LogEditorViewport: Clicking on Actor (LMB): StaticMeshActor (StanzaGenerica4)
[2018.09.28-09.06.43:157][416]LogEditorViewport: Clicking on Actor (LMB): TriggerBox (TriggerClasse)
[2018.09.28-09.06.49:419][621]LogSlate: FSceneViewport::OnFocusLost() reason 0
[2018.09.28-09.06.49:526][626]LogTemp: Repeating last play command: Selected Viewport
[2018.09.28-09.06.49:576][626]LogBlueprintUserMessages: Early PlayInEditor Detection: Level '/Game/Mappa/Castello.Castello:PersistentLevel' has LevelScriptBlueprint '/Game/Mappa/Castello.Castello:PersistentLevel.Castello' with GeneratedClass '/Game/Mappa/Castello.Castello_C' with ClassGeneratedBy '/Game/Mappa/Castello.Castello:PersistentLevel.Castello'
[2018.09.28-09.06.49:576][626]LogPlayLevel: PlayLevel: No blueprints needed recompiling
[2018.09.28-09.06.49:684][626]PIE: New page: PIE session: Castello (28/set/2018 13:06:49)
[2018.09.28-09.06.49:684][626]LogPlayLevel: Creating play world package: /Game/Mappa/UEDPIE_0_Castello
[2018.09.28-09.06.49:709][626]LogPlayLevel: PIE: StaticDuplicateObject took: (0.024101s)
[2018.09.28-09.06.49:710][626]LogAIModule: Creating AISystem for world Castello
[2018.09.28-09.06.49:710][626]LogPlayLevel: PIE: World Init took: (0.001698s)
[2018.09.28-09.06.49:710][626]LogPlayLevel: PIE: Created PIE world by copying editor world from /Game/Mappa/Castello.Castello to /Game/Mappa/UEDPIE_0_Castello.Castello (0.026212s)
[2018.09.28-09.06.49:770][626]LogInit: XAudio2 using 'Altoparlanti (Cirrus Logic CS4208 (AB 126))' : 2 channels at 48 kHz using 32 bits per sample (channel mask 0x3)
[2018.09.28-09.06.49:793][626]LogInit: FAudioDevice initialized.
[2018.09.28-09.06.49:932][626]LogLoad: Game class is 'ProtagonistaGameMode_C'
[2018.09.28-09.06.49:961][626]LogWorld: Bringing World /Game/Mappa/UEDPIE_0_Castello.Castello up for play (max tick rate 60) at 2018.09.28-11.06.49
[2018.09.28-09.06.49:995][626]LogWorld: Bringing up level for play took: 0.036515
[2018.09.28-09.06.50:066][626]LogContentBrowser: Native class hierarchy updated for 'MovieSceneCapture' in 0.0009 seconds. Added 10 classes and 0 folders.
[2018.09.28-09.06.50:066][626]LogGameMode: Display: Match State Changed from EnteringMap to WaitingToStart
[2018.09.28-09.06.50:066][626]LogGameState: Match State Changed from EnteringMap to WaitingToStart
[2018.09.28-09.06.50:066][626]LogGameMode: Display: Match State Changed from WaitingToStart to InProgress
[2018.09.28-09.06.50:107][626]LogGameState: Match State Changed from WaitingToStart to InProgress
[2018.09.28-09.06.50:108][626]PIE: Play in editor start time for /Game/Mappa/UEDPIE_0_Castello 0,127
[2018.09.28-09.06.50:108][626]LogBlueprintUserMessages: Late PlayInEditor Detection: Level '/Game/Mappa/Castello.Castello:PersistentLevel' has LevelScriptBlueprint '/Game/Mappa/Castello.Castello:PersistentLevel.Castello' with GeneratedClass '/Game/Mappa/Castello.Castello_C' with ClassGeneratedBy '/Game/Mappa/Castello.Castello:PersistentLevel.Castello'
[2018.09.28-09.07.23:078][916]LogSlate: Updating window title bar state: overlay mode, drag disabled, window buttons hidden, title bar hidden
[2018.09.28-09.07.26:664][ 43]LogSlate: FSceneViewport::OnFocusLost() reason 0
[2018.09.28-09.07.35:683][400]LogSlate: Updating window title bar state: overlay mode, drag disabled, window buttons hidden, title bar hidden
[2018.09.28-09.07.40:318][581]LogSlate: FSceneViewport::OnFocusLost() reason 0
[2018.09.28-09.07.40:418][585]LogBlueprintUserMessages: Early EndPlayMap Detection: Level '/Game/Mappa/Castello.Castello:PersistentLevel' has LevelScriptBlueprint '/Game/Mappa/Castello.Castello:PersistentLevel.Castello' with GeneratedClass '/Game/Mappa/Castello.Castello_C' with ClassGeneratedBy '/Game/Mappa/Castello.Castello:PersistentLevel.Castello'
[2018.09.28-09.07.40:419][585]LogSlate: Updating window title bar state: overlay mode, drag disabled, window buttons hidden, title bar hidden
[2018.09.28-09.07.40:516][585]LogPlayLevel: Display: Shutting down PIE online subsystems
[2018.09.28-09.07.40:517][585]LogBlueprintUserMessages: Late EndPlayMap Detection: Level '/Game/Mappa/Castello.Castello:PersistentLevel' has LevelScriptBlueprint '/Game/Mappa/Castello.Castello:PersistentLevel.Castello' with GeneratedClass '/Game/Mappa/Castello.Castello_C' with ClassGeneratedBy '/Game/Mappa/Castello.Castello:PersistentLevel.Castello'
[2018.09.28-09.07.40:576][585]LogSlate: Updating window title bar state: overlay mode, drag disabled, window buttons hidden, title bar hidden
[2018.09.28-09.07.40:598][586]LogPlayLevel: Display: Destroying online subsystem :Context_3
[2018.09.28-09.08.24:470][124]LogSlate: Took 0.000778 seconds to synchronously load lazily loaded font '../../../Engine/Content/Slate/Fonts/Roboto-Light.ttf' (167K)
[2018.09.28-09.08.24:495][124]LogAssetEditorManager: Opening Asset editor for DataTable /Game/DataTable/OrtaggiDati.OrtaggiDati
[2018.09.28-09.08.53:310][228]LogAssetEditorManager: Opening Asset editor for Blueprint /Game/DatiSalvati/DatiOrto.DatiOrto
[2018.09.28-09.08.54:748][228]LogContentBrowser: Native class hierarchy updated for 'BlueprintGraph' in 0.0011 seconds. Added 116 classes and 0 folders.
[2018.09.28-09.08.56:072][228]LogSlate: Took 0.038315 seconds to synchronously load lazily loaded font '../../../Engine/Content/Slate/Fonts/Roboto-BoldCondensed.ttf' (158K)
[2018.09.28-09.09.01:917][532]LogAssetEditorManager: Opening Asset editor for Blueprint /Game/DatiSalvati/Inventario.Inventario
[2018.09.28-09.09.11:258][814]LogSlate: Window 'Inventario' being destroyed
[2018.09.28-09.09.11:297][814]LogSlate: Window 'Inventario' being destroyed
[2018.09.28-09.09.12:646][856]LogAssetEditorManager: Opening Asset editor for Blueprint /Game/DatiSalvati/Personaggio.Personaggio
[2018.09.28-09.09.39:602][615]LogSlate: Window 'Personaggio' being destroyed
[2018.09.28-09.09.39:618][615]LogSlate: Window 'Personaggio' being destroyed
[2018.09.28-09.13.59:976][447]LogEditorViewport: Clicking on Actor (LMB): StaticMeshActor (StanzaGenerica4)
[2018.09.28-09.14.07:540][691]LogEditorViewport: Clicking on Actor (LMB): StaticMeshActor (StanzaGenerica4)
[2018.09.28-09.14.08:795][732]Cmd: EDIT COPY
[2018.09.28-09.14.09:199][746]Cmd: EDIT PASTE
[2018.09.28-09.14.11:833][824]LogEditorViewport: Clicking on Actor (LMB): StaticMeshActor (StanzaGenerica5)
[2018.09.28-09.14.11:890][824]LogEditorViewport: Clicking on Actor (LMB): StaticMeshActor (StanzaGenerica5)
[2018.09.28-09.14.18:523][ 29]LogEditorViewport: Clicking on Actor (LMB): StaticMeshActor (StanzaGenerica4)
[2018.09.28-09.14.30:305][402]LogSlate: FSceneViewport::OnFocusLost() reason 0
[2018.09.28-09.14.30:306][402]MapCheck: New page: Map Check
[2018.09.28-09.14.30:366][402]Cmd: MAP REBUILD ALLVISIBLE
[2018.09.28-09.14.30:367][402]LogEditorServer: Rebuildmap Clear paths rebuilt
[2018.09.28-09.14.30:572][402]LogMaterial: Display: Missing cached shader map for material FDebugViewModeMaterialProxy Erba, compiling. 
[2018.09.28-09.14.30:588][402]LogMaterial: Display: Missing cached shader map for material FDebugViewModeMaterialProxy MaterialInstanceDynamic_0, compiling. 
[2018.09.28-09.14.30:602][402]LogShaderCompilers: Display: Shaders left to compile 1
[2018.09.28-09.14.30:602][402]LogMaterial: Display: Missing cached shader map for material FDebugViewModeMaterialProxy Strada, compiling. 
[2018.09.28-09.14.30:615][402]LogMaterial: Display: Missing cached shader map for material FDebugViewModeMaterialProxy Castello, compiling. 
[2018.09.28-09.14.30:627][402]LogMaterial: Display: Missing cached shader map for material FDebugViewModeMaterialProxy Legno, compiling. 
[2018.09.28-09.14.30:638][402]LogMaterial: Display: Missing cached shader map for material FDebugViewModeMaterialProxy Metallo, compiling. 
[2018.09.28-09.14.30:651][402]LogMaterial: Display: Missing cached shader map for material FDebugViewModeMaterialProxy Terra, compiling. 
[2018.09.28-09.14.30:659][402]LogMaterial: Display: Missing cached shader map for material FDebugViewModeMaterialProxy Nero, compiling. 
[2018.09.28-09.14.35:052][402]LogShaderCompilers: Display: Shaders left to compile 7
[2018.09.28-09.14.35:052][402]LogShaderCompilers: Display: Shaders left to compile 6
[2018.09.28-09.14.35:052][402]LogShaderCompilers: Display: Shaders left to compile 5
[2018.09.28-09.14.35:052][402]LogShaderCompilers: Display: Shaders left to compile 4
[2018.09.28-09.14.35:052][402]LogShaderCompilers: Display: Shaders left to compile 3
[2018.09.28-09.14.35:052][402]LogShaderCompilers: Display: Shaders left to compile 2
[2018.09.28-09.14.35:052][402]LogShaderCompilers: Display: Shaders left to compile 1
[2018.09.28-09.14.35:052][402]TextureStreamingBuild: Display: Compiling optional shaders took 4.492 seconds.
[2018.09.28-09.14.35:099][402]LogLevel: Display: Export Material TexCoord Scales took 0.047 seconds.
[2018.09.28-09.14.35:124][402]TextureStreamingBuild: Display: Build Texture Streaming took 0.023 seconds.
[2018.09.28-09.14.35:157][402]LightingResults: New page: Lighting Build - 28/set/2018 13:14:35
[2018.09.28-09.14.35:447][402]LogSwarmInterface: [OpenConnection] Registering TCP channel ...
[2018.09.28-09.14.35:847][402]LogSwarmInterface: [OpenConnection] Connecting to agent ...
[2018.09.28-09.14.35:901][402]LogSwarmInterface: [TryOpenConnection] Testing the Agent
[2018.09.28-09.14.37:972][402]LogSwarmInterface: Error: [TryOpenConnection] Waiting for the agent to start up ...
[2018.09.28-09.14.38:034][402]LogSwarmInterface: Error: System.Net.Sockets.SocketException (0x80004005): Impossibile stabilire la connessione. Rifiuto persistente del computer di destinazione 127.0.0.1:8008

Server stack trace: 
   in System.Net.Sockets.Socket.DoConnect(EndPoint endPointSnapshot, SocketAddress socketAddress)
   in System.Net.Sockets.Socket.Connect(EndPoint remoteEP)
   in System.Runtime.Remoting.Channels.RemoteConnection.CreateNewSocket(EndPoint ipEndPoint)
   in System.Runtime.Remoting.Channels.SocketCache.GetSocket(String machinePortAndSid, Boolean openNew)
   in System.Runtime.Remoting.Channels.Tcp.TcpClientTransportSink.SendRequestWithRetry(IMessage msg, ITransportHeaders requestHeaders, Stream requestStream)
   in System.Runtime.Remoting.Channels.Tcp.TcpClientTransportSink.AsyncProcessRequest(IClientChannelSinkStack sinkStack, IMessage msg, ITransportHeaders headers, Stream stream)
   in System.Runtime.Remoting.Channels.BinaryClientFormatterSink.AsyncProcessMessage(IMessage msg, IMessageSink replySink)

Exception rethrown at [0]: 
   in System.Runtime.Remoting.Proxies.RealProxy.HandleReturnMessage(IMessage reqMsg, IMessage retMsg)
   in System.Runtime.Remoting.Proxies.RealProxy.PrivateInvoke(MessageData& msgData, Int32 type)
   in NSwarm.IAgentInterfaceWrapper.MethodDelegate.EndInvoke(Hashtable& OutParameters, IAsyncResult result)
   in NSwarm.FSwarmInterface.TryOpenConnection(FConnectionCallback CallbackFunc, IntPtr CallbackData, ELogFlags LoggingFlags) in D:\Build\++UE4\Sync\Saved\CsTools\Engine\Source\Editor\SwarmInterface\DotNET\SwarmInterface.cs:riga 2811
[2018.09.28-09.14.43:044][402]LogSwarmInterface: [TryOpenConnection] Opening Connection to Agent
[2018.09.28-09.14.43:044][402]LogSwarmInterface: [TryOpenConnection] Local Process ID is 6912
[2018.09.28-09.14.47:705][402]LogStaticLightingSystem: Warning: No importance volume found, so the scene bounding box was used.  You can optimize your scene's quality and lighting build times by adding importance volumes.
[2018.09.28-09.14.47:705][402]LogStaticLightingSystem: Running Lightmass w/ ImmediateImport mode ENABLED
[2018.09.28-09.14.47:705][402]LogStaticLightingSystem: Running Lightmass w/ ImmediateProcess mode ENABLED
[2018.09.28-09.14.47:705][402]LogStaticLightingSystem: Running Lightmass w/ Sorting mode ENABLED
[2018.09.28-09.14.47:705][402]LogStaticLightingSystem: Running Lightmass w/ Mapping paddings ENABLED
[2018.09.28-09.14.47:705][402]LogStaticLightingSystem: Running Lightmass w/ Mapping debug paddings DISABLED
[2018.09.28-09.14.48:101][402]Cmd: MAP CHECK DONTDISPLAYDIALOG
[2018.09.28-09.14.48:101][402]MapCheck: New page: Castello - 28/set/2018 13:14:48
[2018.09.28-09.14.48:102][402]MapCheck: Error: WorldSettings_1 Maps need lighting rebuilt 
[2018.09.28-09.14.48:102][402]MapCheck: Warning: fontana_10 Static mesh actor has NULL StaticMesh property 
[2018.09.28-09.14.48:102][402]MapCheck: Warning: fontana_10 Static mesh actor fontana_10 has NULL StaticMesh property 
[2018.09.28-09.14.48:215][402]MapCheck: Map check complete: 1 Error(s), 2 Warning(s), took 113,653ms to complete.
[2018.09.28-09.14.48:238][402]LogEditorBuildUtils: Build time 0:17
[2018.09.28-09.14.54:595][885]LightingResults: Warning: StanzaGenerica Object has overlapping UVs.
[2018.09.28-09.14.54:596][885]LightingResults: StanzaGenerica Lightmap UV are overlapping by 3.9%. Please adjust content - Enable Error Coloring to visualize.
[2018.09.28-09.14.56:324][ 49]LightingResults: Warning: StanzaGenerica Object has overlapping UVs.
[2018.09.28-09.14.56:324][ 49]LightingResults: StanzaGenerica Lightmap UV are overlapping by 3.9%. Please adjust content - Enable Error Coloring to visualize.
[2018.09.28-09.14.56:744][ 89]LightingResults: Warning: Leva_Cylinder Object has overlapping UVs.
[2018.09.28-09.14.56:745][ 89]LightingResults: Leva_Cylinder Lightmap UV are overlapping by 3.6%. Please adjust content - Enable Error Coloring to visualize.
[2018.09.28-09.14.57:155][128]LightingResults: Warning: StanzaGenerica Object has overlapping UVs.
[2018.09.28-09.14.57:165][129]LightingResults: StanzaGenerica Lightmap UV are overlapping by 3.9%. Please adjust content - Enable Error Coloring to visualize.
[2018.09.28-09.14.58:210][228]LightingResults: Warning: StanzaGenerica Object has overlapping UVs.
[2018.09.28-09.14.58:210][228]LightingResults: StanzaGenerica Lightmap UV are overlapping by 3.9%. Please adjust content - Enable Error Coloring to visualize.
[2018.09.28-09.14.58:872][292]Job is a success!
[2018.09.28-09.14.58:988][293]LogVolumetricLightmapImport: Imported Volumetric Lightmap in 0.053s
[2018.09.28-09.14.58:988][293]LogVolumetricLightmapImport:      Indirection Texture 16x16x16 = 0.0Mb
[2018.09.28-09.14.58:988][293]LogVolumetricLightmapImport:      BrickData 250x5x5 = 0.2Mb
[2018.09.28-09.14.58:988][293]LogVolumetricLightmapImport:      Bricks at Level
[2018.09.28-09.14.58:988][293]LogVolumetricLightmapImport:          0: 2.0% covering 100.0% of volume
[2018.09.28-09.14.58:988][293]LogVolumetricLightmapImport:          1: 6.0% covering 4.7% of volume
[2018.09.28-09.14.58:988][293]LogVolumetricLightmapImport:          2: 92.0% covering 1.1% of volume
[2018.09.28-09.14.59:600][293]LogTexture: Display: Building textures: HQ_Lightmap0_1 (AutoDXT, 512X512)
[2018.09.28-09.14.59:601][293]LogTexture: Display: Building textures: LQ_Lightmap_0_1 (DXT1, 512X512)
[2018.09.28-09.14.59:601][293]LogTexture: Display: Building textures: HQ_Lightmap0_2 (AutoDXT, 64X64)
[2018.09.28-09.14.59:601][293]LogTexture: Display: Building textures: LQ_Lightmap_0_2 (DXT1, 64X64)
[2018.09.28-09.14.59:686][293]LogTexture: Display: Building textures: ShadowMapTexture2D_1 (G8, 32X32)
[2018.09.28-09.14.59:686][293]LogTexture: Display: Building textures: ShadowMapTexture2D_0 (G8, 1024X128)
[2018.09.28-09.14.59:783][293]Lightmass on DESKTOP-O9SGR6I: 10.0 sec total, 888 ms importing, 125 ms setup, 2.43 sec photons, 6.53 sec processing, 0 ms extra exporting [29/29 mappings]. Threads: 26.1 sec total, 14.2 sec processing.
[2018.09.28-09.14.59:830][293]LogStaticLightingSystem: Illumination: 24.6 sec (551 ms encoding lightmaps, 77 ms encoding shadowmaps)
[2018.09.28-09.14.59:830][293]LogStaticLightingSystem: Lightmap texture memory:  0.5 MB (0.5 MB streaming, 0.0 MB non-streaming), 4 textures
[2018.09.28-09.14.59:830][293]LogStaticLightingSystem: Shadowmap texture memory: 0.2 MB (0.2 MB streaming, 0.0 MB non-streaming), 2 textures
[2018.09.28-09.15.00:712][293]DumpUnbuiltLightIteractions
[2018.09.28-09.15.00:712][293]Lights with unbuilt interactions: 0
[2018.09.28-09.15.00:712][293]
[2018.09.28-09.15.00:712][293]Primitives with unbuilt interactions: 0
[2018.09.28-09.15.00:959][294]Cmd: MAP CHECK NOTIFYRESULTS
[2018.09.28-09.15.00:959][294]MapCheck: New page: Castello - 28/set/2018 13:15:00
[2018.09.28-09.15.00:960][294]MapCheck: Warning: fontana_10 Static mesh actor has NULL StaticMesh property 
[2018.09.28-09.15.00:960][294]MapCheck: Warning: fontana_10 Static mesh actor fontana_10 has NULL StaticMesh property 
[2018.09.28-09.15.03:512][294]MapCheck: Map check complete: 0 Error(s), 2 Warning(s), took 2.553,201ms to complete.
[2018.09.28-09.15.11:338][568]LogEditorViewport: Clicking on Actor (context menu): StaticMeshActor (StanzaGenerica5)
[2018.09.28-09.15.11:548][568]LogSlate: FSceneViewport::OnFocusLost() reason 2
[2018.09.28-09.15.11:561][568]LogEditorViewport: Clicking on Actor (context menu): StaticMeshActor (StanzaGenerica5)
[2018.09.28-09.15.11:663][568]LogSlate: FSceneViewport::OnFocusLost() reason 2
[2018.09.28-09.15.12:797][626]LogEditorViewport: Clicking on Actor (LMB): StaticMeshActor (Floor)
[2018.09.28-09.15.15:344][699]LogEditorViewport: Clicking on Actor (LMB): DirectionalLight (Light Source)
[2018.09.28-09.15.19:415][810]LogSlate: FSceneViewport::OnFocusLost() reason 0
[2018.09.28-09.15.29:664][100]Cmd: TRANSACTION UNDO
[2018.09.28-09.15.29:664][100]LogEditorTransaction: Undo Set Scale
[2018.09.28-09.15.29:978][112]Cmd: TRANSACTION UNDO
[2018.09.28-09.15.29:978][112]LogEditorTransaction: Undo Set Scale
[2018.09.28-09.15.30:294][126]Cmd: TRANSACTION UNDO
[2018.09.28-09.15.30:295][126]LogEditorTransaction: Undo Set Scale
[2018.09.28-09.15.37:295][325]LogEditorViewport: Clicking on Actor (LMB): BP_Sky_Sphere_C (Sky Sphere)
[2018.09.28-09.15.39:185][370]LogEditorViewport: Clicking on Actor (LMB): DirectionalLight (Light Source)
[2018.09.28-09.15.42:919][467]LogSlate: FSceneViewport::OnFocusLost() reason 0
[2018.09.28-09.15.49:904][825]MapCheck: New page: Map Check
[2018.09.28-09.15.49:935][825]Cmd: MAP REBUILD ALLVISIBLE
[2018.09.28-09.15.49:935][825]LogEditorServer: Rebuildmap Clear paths rebuilt
[2018.09.28-09.15.50:095][825]LogMaterial: Display: Missing cached shader map for material FDebugViewModeMaterialProxy Erba, compiling. 
[2018.09.28-09.15.50:111][825]LogShaderCompilers: Display: Shaders left to compile 1
[2018.09.28-09.15.50:111][825]LogMaterial: Display: Missing cached shader map for material FDebugViewModeMaterialProxy MaterialInstanceDynamic_0, compiling. 
[2018.09.28-09.15.50:130][825]LogMaterial: Display: Missing cached shader map for material FDebugViewModeMaterialProxy Strada, compiling. 
[2018.09.28-09.15.50:148][825]LogMaterial: Display: Missing cached shader map for material FDebugViewModeMaterialProxy Castello, compiling. 
[2018.09.28-09.15.50:169][825]LogMaterial: Display: Missing cached shader map for material FDebugViewModeMaterialProxy Legno, compiling. 
[2018.09.28-09.15.50:189][825]LogShaderCompilers: Display: Shaders left to compile 4
[2018.09.28-09.15.50:190][825]LogShaderCompilers: Display: Shaders left to compile 3
[2018.09.28-09.15.50:190][825]LogMaterial: Display: Missing cached shader map for material FDebugViewModeMaterialProxy Metallo, compiling. 
[2018.09.28-09.15.50:213][825]LogMaterial: Display: Missing cached shader map for material FDebugViewModeMaterialProxy Terra, compiling. 
[2018.09.28-09.15.50:236][825]LogMaterial: Display: Missing cached shader map for material FDebugViewModeMaterialProxy Nero, compiling. 
[2018.09.28-09.15.54:170][825]LogShaderCompilers: Display: Shaders left to compile 5
[2018.09.28-09.15.54:170][825]LogShaderCompilers: Display: Shaders left to compile 4
[2018.09.28-09.15.54:170][825]LogShaderCompilers: Display: Shaders left to compile 3
[2018.09.28-09.15.54:170][825]LogShaderCompilers: Display: Shaders left to compile 2
[2018.09.28-09.15.54:170][825]LogShaderCompilers: Display: Shaders left to compile 1
[2018.09.28-09.15.54:170][825]TextureStreamingBuild: Display: Compiling optional shaders took 4.083 seconds.
[2018.09.28-09.15.54:224][825]LogLevel: Display: Export Material TexCoord Scales took 0.054 seconds.
[2018.09.28-09.15.54:262][825]TextureStreamingBuild: Display: Build Texture Streaming took 0.038 seconds.
[2018.09.28-09.15.54:299][825]LightingResults: New page: Lighting Build - 28/set/2018 13:15:54
[2018.09.28-09.15.54:881][825]LogSwarmInterface: [OpenConnection] Registering TCP channel ...
[2018.09.28-09.15.54:884][825]LogSwarmInterface: [OpenConnection] Connecting to agent ...
[2018.09.28-09.15.54:884][825]LogSwarmInterface: [TryOpenConnection] Testing the Agent
[2018.09.28-09.15.54:885][825]LogSwarmInterface: [TryOpenConnection] Opening Connection to Agent
[2018.09.28-09.15.54:885][825]LogSwarmInterface: [TryOpenConnection] Local Process ID is 6912
[2018.09.28-09.15.59:401][825]LogStaticLightingSystem: Warning: No importance volume found, so the scene bounding box was used.  You can optimize your scene's quality and lighting build times by adding importance volumes.
[2018.09.28-09.15.59:402][825]LogStaticLightingSystem: Running Lightmass w/ ImmediateImport mode ENABLED
[2018.09.28-09.15.59:402][825]LogStaticLightingSystem: Running Lightmass w/ ImmediateProcess mode ENABLED
[2018.09.28-09.15.59:402][825]LogStaticLightingSystem: Running Lightmass w/ Sorting mode ENABLED
[2018.09.28-09.15.59:402][825]LogStaticLightingSystem: Running Lightmass w/ Mapping paddings ENABLED
[2018.09.28-09.15.59:402][825]LogStaticLightingSystem: Running Lightmass w/ Mapping debug paddings DISABLED
[2018.09.28-09.15.59:661][825]Cmd: MAP CHECK DONTDISPLAYDIALOG
[2018.09.28-09.15.59:662][825]MapCheck: New page: Castello - 28/set/2018 13:15:59
[2018.09.28-09.15.59:669][825]MapCheck: Error: WorldSettings_1 Maps need lighting rebuilt 
[2018.09.28-09.15.59:670][825]MapCheck: Warning: fontana_10 Static mesh actor has NULL StaticMesh property 
[2018.09.28-09.15.59:670][825]MapCheck: Warning: fontana_10 Static mesh actor fontana_10 has NULL StaticMesh property 
[2018.09.28-09.15.59:819][825]MapCheck: Map check complete: 1 Error(s), 2 Warning(s), took 157,597ms to complete.
[2018.09.28-09.15.59:842][825]LogEditorBuildUtils: Build time 0:09
[2018.09.28-09.16.07:651][438]LightingResults: Warning: StanzaGenerica Object has overlapping UVs.
[2018.09.28-09.16.07:651][438]LightingResults: StanzaGenerica Lightmap UV are overlapping by 3.9%. Please adjust content - Enable Error Coloring to visualize.
[2018.09.28-09.16.09:691][629]LightingResults: Warning: StanzaGenerica Object has overlapping UVs.
[2018.09.28-09.16.09:691][629]LightingResults: StanzaGenerica Lightmap UV are overlapping by 3.9%. Please adjust content - Enable Error Coloring to visualize.
[2018.09.28-09.16.10:347][691]LightingResults: Warning: Leva_Cylinder Object has overlapping UVs.
[2018.09.28-09.16.10:347][691]LightingResults: Leva_Cylinder Lightmap UV are overlapping by 3.6%. Please adjust content - Enable Error Coloring to visualize.
[2018.09.28-09.16.10:874][741]LightingResults: Warning: StanzaGenerica Object has overlapping UVs.
[2018.09.28-09.16.10:875][741]LightingResults: StanzaGenerica Lightmap UV are overlapping by 3.9%. Please adjust content - Enable Error Coloring to visualize.
[2018.09.28-09.16.12:295][875]LightingResults: Warning: StanzaGenerica Object has overlapping UVs.
[2018.09.28-09.16.12:295][875]LightingResults: StanzaGenerica Lightmap UV are overlapping by 3.9%. Please adjust content - Enable Error Coloring to visualize.
[2018.09.28-09.16.13:153][957]Job is a success!
[2018.09.28-09.16.13:179][958]LogSlate: FSceneViewport::OnFocusLost() reason 2
[2018.09.28-09.16.13:233][958]LogVolumetricLightmapImport: Imported Volumetric Lightmap in 0.025s
[2018.09.28-09.16.13:233][958]LogVolumetricLightmapImport:      Indirection Texture 16x16x16 = 0.0Mb
[2018.09.28-09.16.13:233][958]LogVolumetricLightmapImport:      BrickData 250x5x5 = 0.2Mb
[2018.09.28-09.16.13:233][958]LogVolumetricLightmapImport:      Bricks at Level
[2018.09.28-09.16.13:233][958]LogVolumetricLightmapImport:          0: 2.0% covering 100.0% of volume
[2018.09.28-09.16.13:234][958]LogVolumetricLightmapImport:          1: 6.0% covering 4.7% of volume
[2018.09.28-09.16.13:234][958]LogVolumetricLightmapImport:          2: 92.0% covering 1.1% of volume
[2018.09.28-09.16.13:929][958]LogTexture: Display: Building textures: HQ_Lightmap1_1 (AutoDXT, 512X512)
[2018.09.28-09.16.13:929][958]LogTexture: Display: Building textures: LQ_Lightmap_1_1 (DXT1, 512X512)
[2018.09.28-09.16.13:929][958]LogTexture: Display: Building textures: HQ_Lightmap1_2 (AutoDXT, 64X64)
[2018.09.28-09.16.13:929][958]LogTexture: Display: Building textures: LQ_Lightmap_1_2 (DXT1, 64X64)
[2018.09.28-09.16.14:033][958]LogTexture: Display: Building textures: ShadowMapTexture2D_3 (G8, 32X32)
[2018.09.28-09.16.14:033][958]LogTexture: Display: Building textures: ShadowMapTexture2D_2 (G8, 1024X128)
[2018.09.28-09.16.14:109][958]Lightmass on DESKTOP-O9SGR6I: 12.5 sec total, 1.67 sec importing, 267 ms setup, 2.47 sec photons, 8.03 sec processing, 0 ms extra exporting [29/29 mappings]. Threads: 32.1 sec total, 18.1 sec processing.
[2018.09.28-09.16.14:116][958]LogStaticLightingSystem: Illumination: 19.8 sec (644 ms encoding lightmaps, 98 ms encoding shadowmaps)
[2018.09.28-09.16.14:116][958]LogStaticLightingSystem: Lightmap texture memory:  0.5 MB (0.5 MB streaming, 0.0 MB non-streaming), 4 textures
[2018.09.28-09.16.14:116][958]LogStaticLightingSystem: Shadowmap texture memory: 0.2 MB (0.2 MB streaming, 0.0 MB non-streaming), 2 textures
[2018.09.28-09.16.14:407][958]DumpUnbuiltLightIteractions
[2018.09.28-09.16.14:407][958]Lights with unbuilt interactions: 0
[2018.09.28-09.16.14:407][958]
[2018.09.28-09.16.14:407][958]Primitives with unbuilt interactions: 0
[2018.09.28-09.16.14:639][959]Cmd: MAP CHECK NOTIFYRESULTS
[2018.09.28-09.16.14:639][959]MapCheck: New page: Castello - 28/set/2018 13:16:14
[2018.09.28-09.16.14:640][959]MapCheck: Warning: fontana_10 Static mesh actor has NULL StaticMesh property 
[2018.09.28-09.16.14:640][959]MapCheck: Warning: fontana_10 Static mesh actor fontana_10 has NULL StaticMesh property 
[2018.09.28-09.16.14:790][959]MapCheck: Map check complete: 0 Error(s), 2 Warning(s), took 150,542ms to complete.
[2018.09.28-09.16.21:227][185]LogSlate: Window 'Save Content' being destroyed
[2018.09.28-09.16.21:415][185]Cmd: OBJ SAVEPACKAGE PACKAGE="/Game/Mappa/Castello" FILE="../../../../../../The game/Game/Content/Mappa/Castello.umap" SILENT=true AUTOSAVING=false KEEPDIRTY=false
[2018.09.28-09.16.22:666][185]LogSavePackage: Moving '../../../../../../The game/Game/Saved/Castello244DFCFB43EF287BF6B8EB86FD66A41E.tmp' to '../../../../../../The game/Game/Content/Mappa/Castello.umap'
[2018.09.28-09.16.22:741][185]LogFileHelpers: Saving map 'Castello' took 1.482
[2018.09.28-09.16.22:754][185]Cmd: OBJ SAVEPACKAGE PACKAGE="/Game/Mappa/Castello_BuiltData" FILE="../../../../../../The game/Game/Content/Mappa/Castello_BuiltData.uasset" SILENT=true
[2018.09.28-09.16.23:080][185]LogSavePackage: Moving '../../../../../../The game/Game/Saved/Castello_BuiltDataBD94E27849FE27552348E2A249CB4668.tmp' to '../../../../../../The game/Game/Content/Mappa/Castello_BuiltData.uasset'
[2018.09.28-09.16.23:330][185]LogSlate: Window 'Game - Unreal Editor' being destroyed
[2018.09.28-09.16.23:330][185]LogWindowsTextInputMethodSystem: Display: IME system now deactivated.
[2018.09.28-09.16.23:610][186]Cmd: QUIT_EDITOR
[2018.09.28-09.16.24:093][186]LogExit: Preparing to exit.
[2018.09.28-09.16.24:776][186]LogDirectoryWatcher: A directory notification failed for 'D:/The game/Game/Content/', and we were unable to create a new request.
[2018.09.28-09.16.24:832][186]LogExit: Editor shut down
[2018.09.28-09.16.24:833][186]LogExit: Transaction tracking system shut down
[2018.09.28-09.16.25:399][186]LogExit: Object subsystem successfully closed.
[2018.09.28-09.16.25:472][186]LogShaderCompilers: Display: Shaders left to compile 0
[2018.09.28-09.16.25:477][186]LogD3D11RHI: Shutdown
[2018.09.28-09.16.25:477][186]LogD3D11RHI: CleanupD3DDevice
[2018.09.28-09.16.25:489][186]LogD3D11RHI: ~FD3D11DynamicRHI
[2018.09.28-09.16.25:548][186]LogModuleManager: Shutting down and abandoning module HierarchicalLODUtilities (622)
[2018.09.28-09.16.25:548][186]LogModuleManager: Shutting down and abandoning module BlueprintGraph (620)
[2018.09.28-09.16.25:548][186]LogModuleManager: Shutting down and abandoning module DataTableEditor (618)
[2018.09.28-09.16.25:548][186]LogModuleManager: Shutting down and abandoning module MovieSceneCapture (616)
[2018.09.28-09.16.25:548][186]LogModuleManager: Shutting down and abandoning module Voice (614)
[2018.09.28-09.16.25:548][186]LogModuleManager: Shutting down and abandoning module HierarchicalLODOutliner (612)
[2018.09.28-09.16.25:548][186]LogModuleManager: Shutting down and abandoning module SceneOutliner (610)
[2018.09.28-09.16.25:548][186]LogModuleManager: Shutting down and abandoning module AddContentDialog (608)
[2018.09.28-09.16.25:550][186]LogModuleManager: Shutting down and abandoning module WidgetCarousel (607)
[2018.09.28-09.16.25:550][186]LogModuleManager: Shutting down and abandoning module EditorWidgets (604)
[2018.09.28-09.16.25:550][186]LogModuleManager: Shutting down and abandoning module CollectionManager (602)
[2018.09.28-09.16.25:550][186]LogModuleManager: Shutting down and abandoning module StatsViewer (600)
[2018.09.28-09.16.25:550][186]LogModuleManager: Shutting down and abandoning module FoliageEdit (598)
[2018.09.28-09.16.25:550][186]LogModuleManager: Shutting down and abandoning module LandscapeEditor (596)
[2018.09.28-09.16.25:550][186]LogModuleManager: Shutting down and abandoning module MeshPaintMode (594)
[2018.09.28-09.16.25:550][186]LogModuleManager: Shutting down and abandoning module SceneDepthPickerMode (592)
[2018.09.28-09.16.25:550][186]LogModuleManager: Shutting down and abandoning module ActorPickerMode (590)
[2018.09.28-09.16.25:550][186]LogModuleManager: Shutting down and abandoning module GeometryMode (588)
[2018.09.28-09.16.25:550][186]LogModuleManager: Shutting down and abandoning module TextureAlignMode (586)
[2018.09.28-09.16.25:550][186]LogModuleManager: Shutting down and abandoning module BspMode (584)
[2018.09.28-09.16.25:550][186]LogModuleManager: Shutting down and abandoning module PIEPreviewDeviceProfileSelector (582)
[2018.09.28-09.16.25:550][186]LogModuleManager: Shutting down and abandoning module SequenceRecorderSections (580)
[2018.09.28-09.16.25:550][186]LogModuleManager: Shutting down and abandoning module AutomationWorker (578)
[2018.09.28-09.16.25:550][186]LogModuleManager: Shutting down and abandoning module AudioCaptureEditor (576)
[2018.09.28-09.16.25:550][186]LogModuleManager: Shutting down and abandoning module SequenceRecorder (575)
[2018.09.28-09.16.25:550][186]LogModuleManager: Shutting down and abandoning module MatineeToLevelSequence (572)
[2018.09.28-09.16.25:551][186]LogModuleManager: Shutting down and abandoning module LevelSequenceEditor (570)
[2018.09.28-09.16.25:564][186]LogModuleManager: Shutting down and abandoning module PlacementMode (569)
[2018.09.28-09.16.25:564][186]LogModuleManager: Shutting down and abandoning module MaterialEditor (568)
[2018.09.28-09.16.25:564][186]LogModuleManager: Shutting down and abandoning module WmfMediaFactory (564)
[2018.09.28-09.16.25:564][186]LogModuleManager: Shutting down and abandoning module WmfMediaEditor (562)
[2018.09.28-09.16.25:564][186]LogModuleManager: Shutting down and abandoning module MediaPlayerEditor (560)
[2018.09.28-09.16.25:565][186]LogModuleManager: Shutting down and abandoning module OpenExrWrapper (558)
[2018.09.28-09.16.25:565][186]LogModuleManager: Shutting down and abandoning module ImgMediaFactory (556)
[2018.09.28-09.16.25:565][186]LogModuleManager: Shutting down and abandoning module ImgMediaEditor (554)
[2018.09.28-09.16.25:565][186]LogModuleManager: Shutting down and abandoning module AvfMediaFactory (552)
[2018.09.28-09.16.25:565][186]LogModuleManager: Shutting down and abandoning module AvfMediaEditor (550)
[2018.09.28-09.16.25:565][186]LogModuleManager: Shutting down and abandoning module AndroidMediaFactory (548)
[2018.09.28-09.16.25:565][186]LogModuleManager: Shutting down and abandoning module AndroidMediaEditor (546)
[2018.09.28-09.16.25:565][186]LogModuleManager: Shutting down and abandoning module MagicLeapCameraPreviewFactory (544)
[2018.09.28-09.16.25:565][186]LogModuleManager: Shutting down and abandoning module MagicLeapMediaFactory (542)
[2018.09.28-09.16.25:565][186]LogModuleManager: Shutting down and abandoning module MagicLeapMediaEditor (540)
[2018.09.28-09.16.25:565][186]LogModuleManager: Shutting down and abandoning module CharacterAI (538)
[2018.09.28-09.16.25:565][186]LogModuleManager: Shutting down and abandoning module SmartSnapping (536)
[2018.09.28-09.16.25:565][186]LogModuleManager: Shutting down and abandoning module SessionServices (534)
[2018.09.28-09.16.25:565][186]LogModuleManager: Shutting down and abandoning module ViewportSnapping (532)
[2018.09.28-09.16.25:565][186]LogModuleManager: Shutting down and abandoning module ViewportInteraction (530)
[2018.09.28-09.16.25:565][186]LogModuleManager: Shutting down and abandoning module ClothPainter (528)
[2018.09.28-09.16.25:565][186]LogModuleManager: Shutting down and abandoning module SkeletalMeshEditor (527)
[2018.09.28-09.16.25:565][186]LogModuleManager: Shutting down and abandoning module LogVisualizer (524)
[2018.09.28-09.16.25:565][186]LogModuleManager: Shutting down and abandoning module IntroTutorials (522)
[2018.09.28-09.16.25:565][186]LogModuleManager: Shutting down and abandoning module GameProjectGeneration (521)
[2018.09.28-09.16.25:565][186]LogModuleManager: Shutting down and abandoning module LuminPlatformEditor (518)
[2018.09.28-09.16.25:565][186]LogModuleManager: Shutting down and abandoning module IOSPlatformEditor (516)
[2018.09.28-09.16.25:565][186]LogModuleManager: Shutting down and abandoning module HTML5PlatformEditor (514)
[2018.09.28-09.16.25:565][186]LogModuleManager: Shutting down and abandoning module AndroidPlatformEditor (512)
[2018.09.28-09.16.25:566][186]LogModuleManager: Shutting down and abandoning module AndroidDeviceDetection (511)
[2018.09.28-09.16.26:564][186]LogModuleManager: Shutting down and abandoning module WindowsPlatformEditor (508)
[2018.09.28-09.16.26:565][186]LogModuleManager: Shutting down and abandoning module LuminRuntimeSettings (506)
[2018.09.28-09.16.26:565][186]LogModuleManager: Shutting down and abandoning module IOSRuntimeSettings (504)
[2018.09.28-09.16.26:565][186]LogModuleManager: Shutting down and abandoning module AndroidRuntimeSettings (502)
[2018.09.28-09.16.26:565][186]LogModuleManager: Shutting down and abandoning module InputBindingEditor (500)
[2018.09.28-09.16.26:565][186]LogModuleManager: Shutting down and abandoning module MergeActors (498)
[2018.09.28-09.16.26:565][186]LogModuleManager: Shutting down and abandoning module LocalizationDashboard (496)
[2018.09.28-09.16.26:565][186]LogModuleManager: Shutting down and abandoning module LocalizationService (495)
[2018.09.28-09.16.26:565][186]LogModuleManager: Shutting down and abandoning module HardwareTargeting (492)
[2018.09.28-09.16.26:565][186]LogModuleManager: Shutting down and abandoning module DeviceProfileEditor (490)
[2018.09.28-09.16.26:565][186]LogModuleManager: Shutting down and abandoning module UndoHistory (488)
[2018.09.28-09.16.26:565][186]LogModuleManager: Shutting down and abandoning module XmlParser (486)
[2018.09.28-09.16.26:565][186]LogModuleManager: Shutting down and abandoning module Blutility (484)
[2018.09.28-09.16.26:565][186]LogModuleManager: Shutting down and abandoning module ProjectSettingsViewer (482)
[2018.09.28-09.16.26:565][186]LogModuleManager: Shutting down and abandoning module ProjectTargetPlatformEditor (481)
[2018.09.28-09.16.26:565][186]LogModuleManager: Shutting down and abandoning module EditorSettingsViewer (478)
[2018.09.28-09.16.26:566][186]LogModuleManager: Shutting down and abandoning module SettingsEditor (476)
[2018.09.28-09.16.26:566][186]LogModuleManager: Shutting down and abandoning module ProjectLauncher (474)
[2018.09.28-09.16.26:566][186]LogModuleManager: Shutting down and abandoning module SessionFrontend (472)
[2018.09.28-09.16.26:566][186]LogModuleManager: Shutting down and abandoning module ProfilerClient (470)
[2018.09.28-09.16.26:566][186]LogModuleManager: Shutting down and abandoning module DeviceManager (468)
[2018.09.28-09.16.26:566][186]LogModuleManager: Shutting down and abandoning module TargetDeviceServices (467)
[2018.09.28-09.16.26:618][186]LogModuleManager: Shutting down and abandoning module AutomationController (464)
[2018.09.28-09.16.26:618][186]LogModuleManager: Shutting down and abandoning module AutomationWindow (462)
[2018.09.28-09.16.26:618][186]LogModuleManager: Shutting down and abandoning module Layers (460)
[2018.09.28-09.16.26:618][186]LogModuleManager: Shutting down and abandoning module ComponentVisualizers (458)
[2018.09.28-09.16.26:618][186]LogModuleManager: Shutting down and abandoning module DetailCustomizations (456)
[2018.09.28-09.16.26:618][186]LogModuleManager: Shutting down and abandoning module PackagesDialog (454)
[2018.09.28-09.16.26:618][186]LogModuleManager: Shutting down and abandoning module Persona (452)
[2018.09.28-09.16.26:619][186]LogModuleManager: Shutting down and abandoning module AdvancedPreviewScene (451)
[2018.09.28-09.16.26:619][186]LogModuleManager: Shutting down and abandoning module AnimGraph (449)
[2018.09.28-09.16.26:619][186]LogModuleManager: Shutting down and abandoning module Kismet (446)
[2018.09.28-09.16.26:624][186]LogModuleManager: Shutting down and abandoning module GraphEditor (444)
[2018.09.28-09.16.26:624][186]LogModuleManager: Shutting down and abandoning module ClassViewer (442)
[2018.09.28-09.16.26:624][186]LogModuleManager: Shutting down and abandoning module Toolbox (440)
[2018.09.28-09.16.26:624][186]LogModuleManager: Shutting down and abandoning module DesktopPlatform (439)
[2018.09.28-09.16.26:624][186]LogModuleManager: Shutting down and abandoning module ModuleUI (436)
[2018.09.28-09.16.26:624][186]LogModuleManager: Shutting down and abandoning module MovieSceneTools (434)
[2018.09.28-09.16.26:625][186]LogModuleManager: Shutting down and abandoning module OutputLog (432)
[2018.09.28-09.16.26:625][186]LogModuleManager: Shutting down and abandoning module GammaUI (430)
[2018.09.28-09.16.26:625][186]LogModuleManager: Shutting down and abandoning module Documentation (428)
[2018.09.28-09.16.26:625][186]LogModuleManager: Shutting down and abandoning module MovieSceneTracks (426)
[2018.09.28-09.16.26:625][186]LogModuleManager: Shutting down and abandoning module MovieScene (424)
[2018.09.28-09.16.26:625][186]LogModuleManager: Shutting down and abandoning module StreamingPauseRendering (422)
[2018.09.28-09.16.26:625][186]LogModuleManager: Shutting down and abandoning module LauncherPlatform (420)
[2018.09.28-09.16.26:625][186]LogModuleManager: Shutting down and abandoning module AnalyticsET (418)
[2018.09.28-09.16.26:625][186]LogModuleManager: Shutting down and abandoning module PortalServices (416)
[2018.09.28-09.16.26:625][186]LogModuleManager: Shutting down and abandoning module PortalRpc (414)
[2018.09.28-09.16.26:625][186]LogModuleManager: Shutting down and abandoning module MessagingRpc (412)
[2018.09.28-09.16.26:625][186]LogModuleManager: Shutting down and abandoning module AIModule (410)
[2018.09.28-09.16.26:625][186]LogModuleManager: Shutting down and abandoning module GameplayDebugger (409)
[2018.09.28-09.16.26:625][186]LogModuleManager: Shutting down and abandoning module AITestSuite (407)
[2018.09.28-09.16.26:625][186]LogModuleManager: Shutting down and abandoning module NavigationSystem (405)
[2018.09.28-09.16.26:625][186]LogModuleManager: Shutting down and abandoning module ProfilerService (402)
[2018.09.28-09.16.26:816][186]LogModuleManager: Shutting down and abandoning module TaskGraph (400)
[2018.09.28-09.16.26:817][186]LogModuleManager: Shutting down and abandoning module SteamVRController (398)
[2018.09.28-09.16.26:817][186]LogModuleManager: Shutting down and abandoning module ProceduralMeshComponentEditor (396)
[2018.09.28-09.16.26:817][186]LogModuleManager: Shutting down and abandoning module ProceduralMeshComponent (394)
[2018.09.28-09.16.26:817][186]LogModuleManager: Shutting down and abandoning module OculusInput (392)
[2018.09.28-09.16.26:817][186]LogModuleManager: Shutting down and abandoning module MobilePatchingUtils (390)
[2018.09.28-09.16.26:817][186]LogModuleManager: Shutting down and abandoning module EditableMesh (388)
[2018.09.28-09.16.26:817][186]LogModuleManager: Shutting down and abandoning module CustomMeshComponent (386)
[2018.09.28-09.16.26:817][186]LogModuleManager: Shutting down and abandoning module CableComponent (384)
[2018.09.28-09.16.26:817][186]LogModuleManager: Shutting down and abandoning module AudioCapture (382)
[2018.09.28-09.16.26:817][186]LogModuleManager: Shutting down and abandoning module ArchVisCharacter (380)
[2018.09.28-09.16.26:817][186]LogModuleManager: Shutting down and abandoning module AndroidPermission (378)
[2018.09.28-09.16.26:817][186]LogModuleManager: Shutting down and abandoning module NUTUnrealEngine4 (376)
[2018.09.28-09.16.26:817][186]LogModuleManager: Shutting down and abandoning module NetcodeUnitTest (374)
[2018.09.28-09.16.26:868][186]LogModuleManager: Shutting down and abandoning module MediaCompositingEditor (372)
[2018.09.28-09.16.26:868][186]LogModuleManager: Shutting down and abandoning module MediaCompositing (370)
[2018.09.28-09.16.26:868][186]LogModuleManager: Shutting down and abandoning module LinearTimecode (368)
[2018.09.28-09.16.26:868][186]LogModuleManager: Shutting down and abandoning module ImgMedia (366)
[2018.09.28-09.16.26:885][186]LogModuleManager: Shutting down and abandoning module HTML5Networking (364)
[2018.09.28-09.16.26:885][186]LogModuleManager: Shutting down and abandoning module GeometryCacheTracks (362)
[2018.09.28-09.16.26:885][186]LogModuleManager: Shutting down and abandoning module GeometryCacheSequencer (360)
[2018.09.28-09.16.26:885][186]LogModuleManager: Shutting down and abandoning module BackChannel (358)
[2018.09.28-09.16.26:908][186]LogModuleManager: Shutting down and abandoning module AppleVision (356)
[2018.09.28-09.16.26:908][186]LogModuleManager: Shutting down and abandoning module AppleImageUtils (354)
[2018.09.28-09.16.26:908][186]LogModuleManager: Shutting down and abandoning module AlembicImporter (352)
[2018.09.28-09.16.26:908][186]LogModuleManager: Shutting down and abandoning module AlembicLibrary (351)
[2018.09.28-09.16.26:908][186]LogModuleManager: Shutting down and abandoning module GeometryCache (350)
[2018.09.28-09.16.26:908][186]LogModuleManager: Shutting down and abandoning module GeometryCacheEd (349)
[2018.09.28-09.16.26:908][186]LogModuleManager: Shutting down and abandoning module DatasmithContentEditor (344)
[2018.09.28-09.16.26:908][186]LogModuleManager: Shutting down and abandoning module DatasmithContent (342)
[2018.09.28-09.16.26:909][186]LogModuleManager: Shutting down and abandoning module SpeedTreeImporter (340)
[2018.09.28-09.16.26:909][186]LogModuleManager: Shutting down and abandoning module PluginBrowser (338)
[2018.09.28-09.16.26:917][186]LogModuleManager: Shutting down and abandoning module MobileLauncherProfileWizard (336)
[2018.09.28-09.16.26:921][186]LogModuleManager: Shutting down and abandoning module PolygonModeling (334)
[2018.09.28-09.16.26:921][186]LogModuleManager: Shutting down and abandoning module MeshEditor (332)
[2018.09.28-09.16.26:921][186]LogModuleManager: Shutting down and abandoning module CryptoKeysOpenSSL (330)
[2018.09.28-09.16.26:921][186]LogModuleManager: Shutting down and abandoning module CryptoKeys (328)
[2018.09.28-09.16.26:921][186]LogModuleManager: Shutting down and abandoning module VisualStudioSourceCodeAccess (326)
[2018.09.28-09.16.26:921][186]LogModuleManager: Shutting down and abandoning module VisualStudioCodeSourceCodeAccess (324)
[2018.09.28-09.16.26:921][186]LogModuleManager: Shutting down and abandoning module UObjectPlugin (322)
[2018.09.28-09.16.26:921][186]LogModuleManager: Shutting down and abandoning module SubversionSourceControl (320)
[2018.09.28-09.16.26:921][186]LogModuleManager: Shutting down and abandoning module PerforceSourceControl (318)
[2018.09.28-09.16.26:928][186]LogModuleManager: Shutting down and abandoning module GitSourceControl (316)
[2018.09.28-09.16.26:928][186]LogModuleManager: Shutting down and abandoning module SourceControl (315)
[2018.09.28-09.16.26:928][186]LogModuleManager: Shutting down and abandoning module CLionSourceCodeAccess (312)
[2018.09.28-09.16.26:928][186]LogModuleManager: Shutting down and abandoning module LightPropagationVolumeEditor (310)
[2018.09.28-09.16.26:928][186]LogModuleManager: Shutting down and abandoning module PaperTiledImporter (308)
[2018.09.28-09.16.26:928][186]LogModuleManager: Shutting down and abandoning module PaperSpriteSheetImporter (306)
[2018.09.28-09.16.26:928][186]LogModuleManager: Shutting down and abandoning module Paper2DEditor (304)
[2018.09.28-09.16.26:937][186]LogModuleManager: Shutting down and abandoning module MeshPaint (303)
[2018.09.28-09.16.26:938][186]LogModuleManager: Shutting down and abandoning module Game (300)
[2018.09.28-09.16.26:938][186]LogModuleManager: Shutting down and abandoning module RuntimePhysXCooking (298)
[2018.09.28-09.16.26:938][186]LogModuleManager: Shutting down and abandoning module PhysXVehiclesEditor (296)
[2018.09.28-09.16.26:938][186]LogModuleManager: Shutting down and abandoning module PhysXVehicles (294)
[2018.09.28-09.16.26:938][186]LogModuleManager: Shutting down and abandoning module OculusEditor (292)
[2018.09.28-09.16.26:938][186]LogModuleManager: Shutting down and abandoning module LocationServicesBPLibrary (290)
[2018.09.28-09.16.26:938][186]LogModuleManager: Shutting down and abandoning module ImmediatePhysicsEditor (288)
[2018.09.28-09.16.26:938][186]LogModuleManager: Shutting down and abandoning module ImmediatePhysics (286)
[2018.09.28-09.16.26:938][186]LogModuleManager: Shutting down and abandoning module ActorSequence (284)
[2018.09.28-09.16.26:938][186]LogModuleManager: Shutting down and abandoning module UdpMessaging (282)
[2018.09.28-09.16.27:039][186]LogModuleManager: Shutting down and abandoning module TcpMessaging (280)
[2018.09.28-09.16.27:140][186]LogModuleManager: Shutting down and abandoning module MagicLeapAudio (278)
[2018.09.28-09.16.27:140][186]LogModuleManager: Shutting down and abandoning module GameplayTagsEditor (276)
[2018.09.28-09.16.27:160][186]LogModuleManager: Shutting down and abandoning module FacialAnimationEditor (274)
[2018.09.28-09.16.27:160][186]LogModuleManager: Shutting down and abandoning module FacialAnimation (272)
[2018.09.28-09.16.27:160][186]LogModuleManager: Shutting down and abandoning module DataValidation (270)
[2018.09.28-09.16.27:160][186]LogModuleManager: Shutting down and abandoning module AssetManagerEditor (268)
[2018.09.28-09.16.27:170][186]LogModuleManager: Shutting down and abandoning module LevelEditor (267)
[2018.09.28-09.16.27:171][186]LogModuleManager: Shutting down and abandoning module PixelInspectorModule (266)
[2018.09.28-09.16.27:171][186]LogModuleManager: Shutting down and abandoning module CommonMenuExtensions (264)
[2018.09.28-09.16.27:171][186]LogModuleManager: Shutting down and abandoning module MainFrame (262)
[2018.09.28-09.16.27:171][186]LogModuleManager: Shutting down and abandoning module HotReload (261)
[2018.09.28-09.16.27:172][186]LogModuleManager: Shutting down and abandoning module ContentBrowser (257)
[2018.09.28-09.16.27:173][186]LogModuleManager: Shutting down and abandoning module TreeMap (255)
[2018.09.28-09.16.27:173][186]LogModuleManager: Shutting down and abandoning module LightPropagationVolumeRuntime (252)
[2018.09.28-09.16.27:173][186]LogModuleManager: Shutting down and abandoning module AISupportModule (250)
[2018.09.28-09.16.27:173][186]LogModuleManager: Shutting down and abandoning module Paper2D (248)
[2018.09.28-09.16.27:173][186]LogModuleManager: Shutting down and abandoning module WindowsMoviePlayer (246)
[2018.09.28-09.16.27:173][186]LogModuleManager: Shutting down and abandoning module WmfMedia (244)
[2018.09.28-09.16.27:194][186]LogModuleManager: Shutting down and abandoning module Media (243)
[2018.09.28-09.16.27:199][186]LogModuleManager: Shutting down and abandoning module PacketHandler (240)
[2018.09.28-09.16.27:200][186]LogModuleManager: Shutting down and abandoning module ClothingSystemEditor (238)
[2018.09.28-09.16.27:200][186]LogModuleManager: Shutting down and abandoning module ClothingSystemRuntime (236)
[2018.09.28-09.16.27:217][186]LogModuleManager: Shutting down and abandoning module MediaAssets (234)
[2018.09.28-09.16.27:217][186]LogModuleManager: Shutting down and abandoning module Overlay (232)
[2018.09.28-09.16.27:217][186]LogModuleManager: Shutting down and abandoning module OverlayEditor (231)
[2018.09.28-09.16.27:217][186]LogModuleManager: Shutting down and abandoning module VREditor (228)
[2018.09.28-09.16.27:217][186]LogModuleManager: Shutting down and abandoning module StringTableEditor (226)
[2018.09.28-09.16.27:217][186]LogModuleManager: Shutting down and abandoning module GameplayTasksEditor (224)
[2018.09.28-09.16.27:217][186]LogModuleManager: Shutting down and abandoning module BehaviorTreeEditor (222)
[2018.09.28-09.16.27:217][186]LogModuleManager: Shutting down and abandoning module FunctionalTesting (220)
[2018.09.28-09.16.27:217][186]LogModuleManager: Shutting down and abandoning module CollisionAnalyzer (218)
[2018.09.28-09.16.27:217][186]LogModuleManager: Shutting down and abandoning module WorkspaceMenuStructure (217)
[2018.09.28-09.16.27:218][186]LogModuleManager: Shutting down and abandoning module UMG (214)
[2018.09.28-09.16.27:218][186]LogModuleManager: Shutting down and abandoning module UMGEditor (213)
[2018.09.28-09.16.27:218][186]LogModuleManager: Shutting down and abandoning module Sequencer (212)
[2018.09.28-09.16.27:218][186]LogModuleManager: Shutting down and abandoning module MessageLog (209)
[2018.09.28-09.16.27:218][186]LogModuleManager: Shutting down and abandoning module SlateReflector (204)
[2018.09.28-09.16.27:218][186]LogModuleManager: Shutting down and abandoning module Slate (202)
[2018.09.28-09.16.27:218][186]LogModuleManager: Shutting down and abandoning module EditorStyle (200)
[2018.09.28-09.16.27:220][186]LogModuleManager: Shutting down and abandoning module MRMesh (198)
[2018.09.28-09.16.27:220][186]LogModuleManager: Shutting down and abandoning module SourceCodeAccess (196)
[2018.09.28-09.16.27:220][186]LogModuleManager: Shutting down and abandoning module HeadMountedDisplay (194)
[2018.09.28-09.16.27:220][186]LogModuleManager: Shutting down and abandoning module XAudio2 (192)
[2018.09.28-09.16.27:220][186]LogModuleManager: Shutting down and abandoning module Networking (190)
[2018.09.28-09.16.27:220][186]LogModuleManager: Shutting down and abandoning module Core (188)
[2018.09.28-09.16.27:220][186]LogModuleManager: Shutting down and abandoning module LevelSequence (186)
[2018.09.28-09.16.27:220][186]LogModuleManager: Shutting down and abandoning module KismetCompiler (184)
[2018.09.28-09.16.27:220][186]LogModuleManager: Shutting down and abandoning module MeshUtilities (182)
[2018.09.28-09.16.27:220][186]LogModuleManager: Shutting down and abandoning module MeshMergeUtilities (181)
[2018.09.28-09.16.27:220][186]LogModuleManager: Shutting down and abandoning module MeshReductionInterface (180)
[2018.09.28-09.16.27:220][186]LogModuleManager: Shutting down and abandoning module SimplygonSwarm (179)
[2018.09.28-09.16.27:220][186]LogModuleManager: Shutting down and abandoning module ProxyLODMeshReduction (177)
[2018.09.28-09.16.27:248][186]LogModuleManager: Shutting down and abandoning module SimplygonMeshReduction (175)
[2018.09.28-09.16.27:249][186]LogModuleManager: Shutting down and abandoning module QuadricMeshReduction (173)
[2018.09.28-09.16.27:249][186]LogModuleManager: Shutting down and abandoning module MaterialBaking (169)
[2018.09.28-09.16.27:249][186]LogModuleManager: Shutting down and abandoning module DirectoryWatcher (165)
[2018.09.28-09.16.27:249][186]LogModuleManager: Shutting down and abandoning module DerivedDataCache (162)
[2018.09.28-09.16.27:333][186]LogDerivedDataCache: Shutdown
[2018.09.28-09.16.27:333][186]LogModuleManager: Shutting down and abandoning module XGEController (160)
[2018.09.28-09.16.27:333][186]LogXGEController: Cleaning working directory: C:/Users/Fisio/AppData/Local/Temp/UnrealXGEWorkingDir/
[2018.09.28-09.16.27:333][186]LogModuleManager: Shutting down and abandoning module TargetPlatform (158)
[2018.09.28-09.16.27:333][186]LogModuleManager: Shutting down and abandoning module VulkanShaderFormat (157)
[2018.09.28-09.16.27:333][186]LogModuleManager: Shutting down and abandoning module ShaderFormatVectorVM (155)
[2018.09.28-09.16.27:333][186]LogModuleManager: Shutting down and abandoning module ShaderFormatOpenGL (153)
[2018.09.28-09.16.27:333][186]LogModuleManager: Shutting down and abandoning module ShaderFormatD3D (151)
[2018.09.28-09.16.27:333][186]LogModuleManager: Shutting down and abandoning module MetalShaderFormat (149)
[2018.09.28-09.16.27:333][186]LogModuleManager: Shutting down and abandoning module TextureFormatUncompressed (147)
[2018.09.28-09.16.27:333][186]LogModuleManager: Shutting down and abandoning module TextureFormatPVR (145)
[2018.09.28-09.16.27:333][186]LogModuleManager: Shutting down and abandoning module TextureFormatDXT (143)
[2018.09.28-09.16.27:333][186]LogModuleManager: Shutting down and abandoning module TextureFormatIntelISPCTexComp (141)
[2018.09.28-09.16.27:333][186]LogModuleManager: Shutting down and abandoning module TextureFormatASTC (139)
[2018.09.28-09.16.27:333][186]LogModuleManager: Shutting down and abandoning module ImageWrapper (138)
[2018.09.28-09.16.27:333][186]LogModuleManager: Shutting down and abandoning module TextureFormatAndroid (135)
[2018.09.28-09.16.27:333][186]LogModuleManager: Shutting down and abandoning module AudioFormatOpus (133)
[2018.09.28-09.16.27:333][186]LogModuleManager: Shutting down and abandoning module AudioFormatOgg (131)
[2018.09.28-09.16.27:333][186]LogModuleManager: Shutting down and abandoning module AudioFormatADPCM (129)
[2018.09.28-09.16.27:333][186]LogModuleManager: Shutting down and abandoning module LuminTargetPlatform (127)
[2018.09.28-09.16.27:334][186]LogModuleManager: Shutting down and abandoning module LinuxTargetPlatform (125)
[2018.09.28-09.16.27:334][186]LogModuleManager: Shutting down and abandoning module LinuxServerTargetPlatform (123)
[2018.09.28-09.16.27:334][186]LogModuleManager: Shutting down and abandoning module LinuxNoEditorTargetPlatform (121)
[2018.09.28-09.16.27:334][186]LogModuleManager: Shutting down and abandoning module LinuxClientTargetPlatform (119)
[2018.09.28-09.16.27:334][186]LogModuleManager: Shutting down and abandoning module TVOSTargetPlatform (117)
[2018.09.28-09.16.27:334][186]LogModuleManager: Shutting down and abandoning module Messaging (115)
[2018.09.28-09.16.27:334][186]LogModuleManager: Shutting down and abandoning module IOSTargetPlatform (113)
[2018.09.28-09.16.27:335][186]LogModuleManager: Shutting down and abandoning module HTML5TargetPlatform (111)
[2018.09.28-09.16.27:335][186]LogModuleManager: Shutting down and abandoning module AndroidTargetPlatform (109)
[2018.09.28-09.16.27:341][186]LogModuleManager: Shutting down and abandoning module WindowsTargetPlatform (107)
[2018.09.28-09.16.27:341][186]LogModuleManager: Shutting down and abandoning module WindowsServerTargetPlatform (105)
[2018.09.28-09.16.27:341][186]LogModuleManager: Shutting down and abandoning module WindowsNoEditorTargetPlatform (103)
[2018.09.28-09.16.27:341][186]LogModuleManager: Shutting down and abandoning module WindowsClientTargetPlatform (101)
[2018.09.28-09.16.27:341][186]LogModuleManager: Shutting down and abandoning module MacTargetPlatform (99)
[2018.09.28-09.16.27:341][186]LogModuleManager: Shutting down and abandoning module MacServerTargetPlatform (97)
[2018.09.28-09.16.27:341][186]LogModuleManager: Shutting down and abandoning module MacNoEditorTargetPlatform (95)
[2018.09.28-09.16.27:341][186]LogModuleManager: Shutting down and abandoning module MacClientTargetPlatform (93)
[2018.09.28-09.16.27:341][186]LogModuleManager: Shutting down and abandoning module AllDesktopTargetPlatform (91)
[2018.09.28-09.16.27:341][186]LogModuleManager: Shutting down and abandoning module InputCore (88)
[2018.09.28-09.16.27:341][186]LogModuleManager: Shutting down and abandoning module Settings (86)
[2018.09.28-09.16.27:342][186]LogModuleManager: Shutting down and abandoning module PhysXCooking (84)
[2018.09.28-09.16.27:342][186]LogModuleManager: Shutting down and abandoning module SteamVR (82)
[2018.09.28-09.16.27:342][186]LogModuleManager: Shutting down and abandoning module OculusHMD (80)
[2018.09.28-09.16.27:342][186]LogModuleManager: Shutting down and abandoning module ExampleDeviceProfileSelector (78)
[2018.09.28-09.16.27:342][186]LogModuleManager: Shutting down and abandoning module LauncherChunkInstaller (76)
[2018.09.28-09.16.27:342][186]LogModuleManager: Shutting down and abandoning module OnlineBlueprintSupport (74)
[2018.09.28-09.16.27:342][186]LogModuleManager: Shutting down and abandoning module OnlineSubsystem (70)
[2018.09.28-09.16.27:343][186]LogModuleManager: Shutting down and abandoning module XMPP (65)
[2018.09.28-09.16.27:343][186]LogModuleManager: Shutting down and abandoning module WebSockets (64)
[2018.09.28-09.16.27:376][186]LogModuleManager: Shutting down and abandoning module HTTP (61)
[2018.09.28-09.16.27:376][186]LogHttp: Display: Http module shutting down, but needs to wait on 1 outstanding Http requests:
[2018.09.28-09.16.27:376][186]LogHttp: Display: 	verb=[POST] url=[https://datarouter.ol.epicgames.com/datarouter/api/v1/public/data?SessionID=%7B4EF19300-44A3-0A70-EACA-EAA60343454D%7D&AppID=UEEditor.Rocket.Release&AppVersion=4.20.3-4369336%2B%2B%2BUE4%2BRelease-4.20&UserID=7667e739476eb46df766c4b58fdaf609%7C%7C9ed4e4b1-3c85-4601-877a-b38d425ed915&AppEnvironment=datacollector-binary&UploadType=eteventstream] status=Processing
[2018.09.28-09.16.27:381][186]LogModuleManager: Shutting down and abandoning module SSL (60)
[2018.09.28-09.16.27:383][186]LogModuleManager: Shutting down and abandoning module MagicLeapEmulator (56)
[2018.09.28-09.16.27:383][186]LogModuleManager: Shutting down and abandoning module MagicLeapPrivileges (54)
[2018.09.28-09.16.27:383][186]LogModuleManager: Shutting down and abandoning module MagicLeapIdentity (52)
[2018.09.28-09.16.27:383][186]LogModuleManager: Shutting down and abandoning module MagicLeapHelperVulkan (50)
[2018.09.28-09.16.27:383][186]LogModuleManager: Shutting down and abandoning module MagicLeapHelperOpenGL (48)
[2018.09.28-09.16.27:383][186]LogModuleManager: Shutting down and abandoning module MagicLeapSecureStorage (46)
[2018.09.28-09.16.27:383][186]LogModuleManager: Shutting down and abandoning module MagicLeapGestures (44)
[2018.09.28-09.16.27:383][186]LogModuleManager: Shutting down and abandoning module MagicLeapEyeTracker (42)
[2018.09.28-09.16.27:383][186]LogModuleManager: Shutting down and abandoning module MagicLeapController (40)
[2018.09.28-09.16.27:383][186]LogSlate: Slate User Destroyed.  User Index 0, Is Virtual User: 0
[2018.09.28-09.16.27:383][186]LogModuleManager: Shutting down and abandoning module MagicLeap (38)
[2018.09.28-09.16.27:383][186]LogModuleManager: Shutting down and abandoning module AnimationModifiers (36)
[2018.09.28-09.16.27:383][186]LogModuleManager: Shutting down and abandoning module PropertyEditor (35)
[2018.09.28-09.16.27:383][186]LogModuleManager: Shutting down and abandoning module AudioEditor (32)
[2018.09.28-09.16.27:383][186]LogModuleManager: Shutting down and abandoning module TextureCompressor (30)
[2018.09.28-09.16.27:383][186]LogModuleManager: Shutting down and abandoning module ShaderCore (28)
[2018.09.28-09.16.27:383][186]LogModuleManager: Shutting down and abandoning module Landscape (26)
[2018.09.28-09.16.27:383][186]LogModuleManager: Shutting down and abandoning module SlateRHIRenderer (24)
[2018.09.28-09.16.27:384][186]LogModuleManager: Shutting down and abandoning module OpenGLDrv (22)
[2018.09.28-09.16.27:384][186]LogModuleManager: Shutting down and abandoning module D3D11RHI (20)
[2018.09.28-09.16.27:384][186]LogModuleManager: Shutting down and abandoning module AnimGraphRuntime (18)
[2018.09.28-09.16.27:384][186]LogModuleManager: Shutting down and abandoning module Renderer (16)
[2018.09.28-09.16.27:384][186]LogModuleManager: Shutting down and abandoning module Engine (14)
[2018.09.28-09.16.27:384][186]LogModuleManager: Shutting down and abandoning module CoreUObject (12)
[2018.09.28-09.16.27:384][186]LogModuleManager: Shutting down and abandoning module NetworkFile (10)
[2018.09.28-09.16.27:384][186]LogModuleManager: Shutting down and abandoning module CookedIterativeFile (8)
[2018.09.28-09.16.27:384][186]LogModuleManager: Shutting down and abandoning module StreamingFile (6)
[2018.09.28-09.16.27:384][186]LogModuleManager: Shutting down and abandoning module SandboxFile (4)
[2018.09.28-09.16.27:384][186]LogModuleManager: Shutting down and abandoning module PakFile (2)
[2018.09.28-09.16.27:388][186]LogExit: Exiting.
[2018.09.28-09.16.27:415][186]Log file closed, 09/28/18 11:16:27
